<?xml version="1.0" encoding="UTF-8"?>
<testsuites name="14.04 Dreyers Support Action (Ongoing _ Completed ref) - PART 4" time="2868.597" tests="6" failures="0" errors="0">
   <testsuite name="14.04 Dreyers Support Action (Ongoing _ Completed ref) - PART 4" tests="6" failures="0" errors="0" time="2868.597" skipped="0" timestamp="2022-06-09 20:15:25" hostname="lamhe - DPF-MBI-VERIF.ad.sgsco.int" id="Test Suites/03. Parallel Testing (Testing)/TS -PT PART 3/14.04 Dreyers Support Action (Ongoing _ Completed ref) - PART 4">
      <properties>
         <property name="deviceName" value=""/>
         <property name="devicePlatform" value=""/>
         <property name="logFolder" value="D:\\Projet Test Auto\\Mediabox Test Automation\\Reports\\20220609_181011\\03. Parallel Testing (Testing)\\TS -PT PART 3\\14.04 Dreyers Support Action (Ongoing _ Completed ref) - PART 4\\20220609_181106"/>
         <property name="logFiles" value="D:\\Projet Test Auto\\Mediabox Test Automation\\Reports\\20220609_181011\\03. Parallel Testing (Testing)\\TS -PT PART 3\\14.04 Dreyers Support Action (Ongoing _ Completed ref) - PART 4\\20220609_181106\\execution0.log"/>
         <property name="attachments" value="D:\\Projet Test Auto\\Mediabox Test Automation\\Reports\\20220609_181011\\03. Parallel Testing (Testing)\\TS -PT PART 3\\14.04 Dreyers Support Action (Ongoing _ Completed ref) - PART 4\\20220609_181106\\1654798571696.png, D:\\Projet Test Auto\\Mediabox Test Automation\\Reports\\20220609_181011\\03. Parallel Testing (Testing)\\TS -PT PART 3\\14.04 Dreyers Support Action (Ongoing _ Completed ref) - PART 4\\20220609_181106\\1654798580271.png, D:\\Projet Test Auto\\Mediabox Test Automation\\Reports\\20220609_181011\\03. Parallel Testing (Testing)\\TS -PT PART 3\\14.04 Dreyers Support Action (Ongoing _ Completed ref) - PART 4\\20220609_181106\\1654798585337.png, D:\\Projet Test Auto\\Mediabox Test Automation\\Reports\\20220609_181011\\03. Parallel Testing (Testing)\\TS -PT PART 3\\14.04 Dreyers Support Action (Ongoing _ Completed ref) - PART 4\\20220609_181106\\1654798595944.png, D:\\Projet Test Auto\\Mediabox Test Automation\\Reports\\20220609_181011\\03. Parallel Testing (Testing)\\TS -PT PART 3\\14.04 Dreyers Support Action (Ongoing _ Completed ref) - PART 4\\20220609_181106\\1654798616267.png, D:\\Projet Test Auto\\Mediabox Test Automation\\Reports\\20220609_181011\\03. Parallel Testing (Testing)\\TS -PT PART 3\\14.04 Dreyers Support Action (Ongoing _ Completed ref) - PART 4\\20220609_181106\\1654798627065.png, D:\\Projet Test Auto\\Mediabox Test Automation\\Reports\\20220609_181011\\03. Parallel Testing (Testing)\\TS -PT PART 3\\14.04 Dreyers Support Action (Ongoing _ Completed ref) - PART 4\\20220609_181106\\1654798650779.png, D:\\Projet Test Auto\\Mediabox Test Automation\\Reports\\20220609_181011\\03. Parallel Testing (Testing)\\TS -PT PART 3\\14.04 Dreyers Support Action (Ongoing _ Completed ref) - PART 4\\20220609_181106\\1654798669529.png, D:\\Projet Test Auto\\Mediabox Test Automation\\Reports\\20220609_181011\\03. Parallel Testing (Testing)\\TS -PT PART 3\\14.04 Dreyers Support Action (Ongoing _ Completed ref) - PART 4\\20220609_181106\\1654798673355.png, D:\\Projet Test Auto\\Mediabox Test Automation\\Reports\\20220609_181011\\03. Parallel Testing (Testing)\\TS -PT PART 3\\14.04 Dreyers Support Action (Ongoing _ Completed ref) - PART 4\\20220609_181106\\1654798699975.png, D:\\Projet Test Auto\\Mediabox Test Automation\\Reports\\20220609_181011\\03. Parallel Testing (Testing)\\TS -PT PART 3\\14.04 Dreyers Support Action (Ongoing _ Completed ref) - PART 4\\20220609_181106\\1654798709409.png, D:\\Projet Test Auto\\Mediabox Test Automation\\Reports\\20220609_181011\\03. Parallel Testing (Testing)\\TS -PT PART 3\\14.04 Dreyers Support Action (Ongoing _ Completed ref) - PART 4\\20220609_181106\\1654798717793.png, D:\\Projet Test Auto\\Mediabox Test Automation\\Reports\\20220609_181011\\03. Parallel Testing (Testing)\\TS -PT PART 3\\14.04 Dreyers Support Action (Ongoing _ Completed ref) - PART 4\\20220609_181106\\1654798721399.png, D:\\Projet Test Auto\\Mediabox Test Automation\\Reports\\20220609_181011\\03. Parallel Testing (Testing)\\TS -PT PART 3\\14.04 Dreyers Support Action (Ongoing _ Completed ref) - PART 4\\20220609_181106\\1654798724866.png, D:\\Projet Test Auto\\Mediabox Test Automation\\Reports\\20220609_181011\\03. Parallel Testing (Testing)\\TS -PT PART 3\\14.04 Dreyers Support Action (Ongoing _ Completed ref) - PART 4\\20220609_181106\\1654798728622.png, D:\\Projet Test Auto\\Mediabox Test Automation\\Reports\\20220609_181011\\03. Parallel Testing (Testing)\\TS -PT PART 3\\14.04 Dreyers Support Action (Ongoing _ Completed ref) - PART 4\\20220609_181106\\1654798788507.png, D:\\Projet Test Auto\\Mediabox Test Automation\\Reports\\20220609_181011\\03. Parallel Testing (Testing)\\TS -PT PART 3\\14.04 Dreyers Support Action (Ongoing _ Completed ref) - PART 4\\20220609_181106\\1654798797269.png, D:\\Projet Test Auto\\Mediabox Test Automation\\Reports\\20220609_181011\\03. Parallel Testing (Testing)\\TS -PT PART 3\\14.04 Dreyers Support Action (Ongoing _ Completed ref) - PART 4\\20220609_181106\\1654798848550.png, D:\\Projet Test Auto\\Mediabox Test Automation\\Reports\\20220609_181011\\03. Parallel Testing (Testing)\\TS -PT PART 3\\14.04 Dreyers Support Action (Ongoing _ Completed ref) - PART 4\\20220609_181106\\1654798859952.png, D:\\Projet Test Auto\\Mediabox Test Automation\\Reports\\20220609_181011\\03. Parallel Testing (Testing)\\TS -PT PART 3\\14.04 Dreyers Support Action (Ongoing _ Completed ref) - PART 4\\20220609_181106\\1654798908497.png, D:\\Projet Test Auto\\Mediabox Test Automation\\Reports\\20220609_181011\\03. Parallel Testing (Testing)\\TS -PT PART 3\\14.04 Dreyers Support Action (Ongoing _ Completed ref) - PART 4\\20220609_181106\\1654798915366.png, D:\\Projet Test Auto\\Mediabox Test Automation\\Reports\\20220609_181011\\03. Parallel Testing (Testing)\\TS -PT PART 3\\14.04 Dreyers Support Action (Ongoing _ Completed ref) - PART 4\\20220609_181106\\1654798957934.png, D:\\Projet Test Auto\\Mediabox Test Automation\\Reports\\20220609_181011\\03. Parallel Testing (Testing)\\TS -PT PART 3\\14.04 Dreyers Support Action (Ongoing _ Completed ref) - PART 4\\20220609_181106\\1654798963162.png, D:\\Projet Test Auto\\Mediabox Test Automation\\Reports\\20220609_181011\\03. Parallel Testing (Testing)\\TS -PT PART 3\\14.04 Dreyers Support Action (Ongoing _ Completed ref) - PART 4\\20220609_181106\\1654799007415.png, D:\\Projet Test Auto\\Mediabox Test Automation\\Reports\\20220609_181011\\03. Parallel Testing (Testing)\\TS -PT PART 3\\14.04 Dreyers Support Action (Ongoing _ Completed ref) - PART 4\\20220609_181106\\1654799030325.png, D:\\Projet Test Auto\\Mediabox Test Automation\\Reports\\20220609_181011\\03. Parallel Testing (Testing)\\TS -PT PART 3\\14.04 Dreyers Support Action (Ongoing _ Completed ref) - PART 4\\20220609_181106\\1654799170060.png, D:\\Projet Test Auto\\Mediabox Test Automation\\Reports\\20220609_181011\\03. Parallel Testing (Testing)\\TS -PT PART 3\\14.04 Dreyers Support Action (Ongoing _ Completed ref) - PART 4\\20220609_181106\\1654799193107.png, D:\\Projet Test Auto\\Mediabox Test Automation\\Reports\\20220609_181011\\03. Parallel Testing (Testing)\\TS -PT PART 3\\14.04 Dreyers Support Action (Ongoing _ Completed ref) - PART 4\\20220609_181106\\1654799256208.png, D:\\Projet Test Auto\\Mediabox Test Automation\\Reports\\20220609_181011\\03. Parallel Testing (Testing)\\TS -PT PART 3\\14.04 Dreyers Support Action (Ongoing _ Completed ref) - PART 4\\20220609_181106\\1654799327937.png, D:\\Projet Test Auto\\Mediabox Test Automation\\Reports\\20220609_181011\\03. Parallel Testing (Testing)\\TS -PT PART 3\\14.04 Dreyers Support Action (Ongoing _ Completed ref) - PART 4\\20220609_181106\\1654799333343.png, D:\\Projet Test Auto\\Mediabox Test Automation\\Reports\\20220609_181011\\03. Parallel Testing (Testing)\\TS -PT PART 3\\14.04 Dreyers Support Action (Ongoing _ Completed ref) - PART 4\\20220609_181106\\1654799337327.png, D:\\Projet Test Auto\\Mediabox Test Automation\\Reports\\20220609_181011\\03. Parallel Testing (Testing)\\TS -PT PART 3\\14.04 Dreyers Support Action (Ongoing _ Completed ref) - PART 4\\20220609_181106\\1654799346572.png, D:\\Projet Test Auto\\Mediabox Test Automation\\Reports\\20220609_181011\\03. Parallel Testing (Testing)\\TS -PT PART 3\\14.04 Dreyers Support Action (Ongoing _ Completed ref) - PART 4\\20220609_181106\\1654799371218.png, D:\\Projet Test Auto\\Mediabox Test Automation\\Reports\\20220609_181011\\03. Parallel Testing (Testing)\\TS -PT PART 3\\14.04 Dreyers Support Action (Ongoing _ Completed ref) - PART 4\\20220609_181106\\1654799378758.png, D:\\Projet Test Auto\\Mediabox Test Automation\\Reports\\20220609_181011\\03. Parallel Testing (Testing)\\TS -PT PART 3\\14.04 Dreyers Support Action (Ongoing _ Completed ref) - PART 4\\20220609_181106\\1654799406313.png, D:\\Projet Test Auto\\Mediabox Test Automation\\Reports\\20220609_181011\\03. Parallel Testing (Testing)\\TS -PT PART 3\\14.04 Dreyers Support Action (Ongoing _ Completed ref) - PART 4\\20220609_181106\\1654799427387.png, D:\\Projet Test Auto\\Mediabox Test Automation\\Reports\\20220609_181011\\03. Parallel Testing (Testing)\\TS -PT PART 3\\14.04 Dreyers Support Action (Ongoing _ Completed ref) - PART 4\\20220609_181106\\1654799433484.png, D:\\Projet Test Auto\\Mediabox Test Automation\\Reports\\20220609_181011\\03. Parallel Testing (Testing)\\TS -PT PART 3\\14.04 Dreyers Support Action (Ongoing _ Completed ref) - PART 4\\20220609_181106\\1654799460147.png, D:\\Projet Test Auto\\Mediabox Test Automation\\Reports\\20220609_181011\\03. Parallel Testing (Testing)\\TS -PT PART 3\\14.04 Dreyers Support Action (Ongoing _ Completed ref) - PART 4\\20220609_181106\\1654799469579.png, D:\\Projet Test Auto\\Mediabox Test Automation\\Reports\\20220609_181011\\03. Parallel Testing (Testing)\\TS -PT PART 3\\14.04 Dreyers Support Action (Ongoing _ Completed ref) - PART 4\\20220609_181106\\1654799478376.png, D:\\Projet Test Auto\\Mediabox Test Automation\\Reports\\20220609_181011\\03. Parallel Testing (Testing)\\TS -PT PART 3\\14.04 Dreyers Support Action (Ongoing _ Completed ref) - PART 4\\20220609_181106\\1654799480775.png, D:\\Projet Test Auto\\Mediabox Test Automation\\Reports\\20220609_181011\\03. Parallel Testing (Testing)\\TS -PT PART 3\\14.04 Dreyers Support Action (Ongoing _ Completed ref) - PART 4\\20220609_181106\\1654799484759.png, D:\\Projet Test Auto\\Mediabox Test Automation\\Reports\\20220609_181011\\03. Parallel Testing (Testing)\\TS -PT PART 3\\14.04 Dreyers Support Action (Ongoing _ Completed ref) - PART 4\\20220609_181106\\1654799488219.png, D:\\Projet Test Auto\\Mediabox Test Automation\\Reports\\20220609_181011\\03. Parallel Testing (Testing)\\TS -PT PART 3\\14.04 Dreyers Support Action (Ongoing _ Completed ref) - PART 4\\20220609_181106\\1654799489139.png, D:\\Projet Test Auto\\Mediabox Test Automation\\Reports\\20220609_181011\\03. Parallel Testing (Testing)\\TS -PT PART 3\\14.04 Dreyers Support Action (Ongoing _ Completed ref) - PART 4\\20220609_181106\\1654799541826.png, D:\\Projet Test Auto\\Mediabox Test Automation\\Reports\\20220609_181011\\03. Parallel Testing (Testing)\\TS -PT PART 3\\14.04 Dreyers Support Action (Ongoing _ Completed ref) - PART 4\\20220609_181106\\1654799549694.png, D:\\Projet Test Auto\\Mediabox Test Automation\\Reports\\20220609_181011\\03. Parallel Testing (Testing)\\TS -PT PART 3\\14.04 Dreyers Support Action (Ongoing _ Completed ref) - PART 4\\20220609_181106\\1654799583689.png, D:\\Projet Test Auto\\Mediabox Test Automation\\Reports\\20220609_181011\\03. Parallel Testing (Testing)\\TS -PT PART 3\\14.04 Dreyers Support Action (Ongoing _ Completed ref) - PART 4\\20220609_181106\\1654799604791.png, D:\\Projet Test Auto\\Mediabox Test Automation\\Reports\\20220609_181011\\03. Parallel Testing (Testing)\\TS -PT PART 3\\14.04 Dreyers Support Action (Ongoing _ Completed ref) - PART 4\\20220609_181106\\1654799641089.png, D:\\Projet Test Auto\\Mediabox Test Automation\\Reports\\20220609_181011\\03. Parallel Testing (Testing)\\TS -PT PART 3\\14.04 Dreyers Support Action (Ongoing _ Completed ref) - PART 4\\20220609_181106\\1654799653126.png, D:\\Projet Test Auto\\Mediabox Test Automation\\Reports\\20220609_181011\\03. Parallel Testing (Testing)\\TS -PT PART 3\\14.04 Dreyers Support Action (Ongoing _ Completed ref) - PART 4\\20220609_181106\\1654799663398.png, D:\\Projet Test Auto\\Mediabox Test Automation\\Reports\\20220609_181011\\03. Parallel Testing (Testing)\\TS -PT PART 3\\14.04 Dreyers Support Action (Ongoing _ Completed ref) - PART 4\\20220609_181106\\1654799722045.png, D:\\Projet Test Auto\\Mediabox Test Automation\\Reports\\20220609_181011\\03. Parallel Testing (Testing)\\TS -PT PART 3\\14.04 Dreyers Support Action (Ongoing _ Completed ref) - PART 4\\20220609_181106\\1654799739943.png, D:\\Projet Test Auto\\Mediabox Test Automation\\Reports\\20220609_181011\\03. Parallel Testing (Testing)\\TS -PT PART 3\\14.04 Dreyers Support Action (Ongoing _ Completed ref) - PART 4\\20220609_181106\\1654799785756.png, D:\\Projet Test Auto\\Mediabox Test Automation\\Reports\\20220609_181011\\03. Parallel Testing (Testing)\\TS -PT PART 3\\14.04 Dreyers Support Action (Ongoing _ Completed ref) - PART 4\\20220609_181106\\1654799798468.png, D:\\Projet Test Auto\\Mediabox Test Automation\\Reports\\20220609_181011\\03. Parallel Testing (Testing)\\TS -PT PART 3\\14.04 Dreyers Support Action (Ongoing _ Completed ref) - PART 4\\20220609_181106\\1654799822223.png, D:\\Projet Test Auto\\Mediabox Test Automation\\Reports\\20220609_181011\\03. Parallel Testing (Testing)\\TS -PT PART 3\\14.04 Dreyers Support Action (Ongoing _ Completed ref) - PART 4\\20220609_181106\\1654799873842.png, D:\\Projet Test Auto\\Mediabox Test Automation\\Reports\\20220609_181011\\03. Parallel Testing (Testing)\\TS -PT PART 3\\14.04 Dreyers Support Action (Ongoing _ Completed ref) - PART 4\\20220609_181106\\1654799949902.png, D:\\Projet Test Auto\\Mediabox Test Automation\\Reports\\20220609_181011\\03. Parallel Testing (Testing)\\TS -PT PART 3\\14.04 Dreyers Support Action (Ongoing _ Completed ref) - PART 4\\20220609_181106\\1654799957106.png, D:\\Projet Test Auto\\Mediabox Test Automation\\Reports\\20220609_181011\\03. Parallel Testing (Testing)\\TS -PT PART 3\\14.04 Dreyers Support Action (Ongoing _ Completed ref) - PART 4\\20220609_181106\\1654799961289.png, D:\\Projet Test Auto\\Mediabox Test Automation\\Reports\\20220609_181011\\03. Parallel Testing (Testing)\\TS -PT PART 3\\14.04 Dreyers Support Action (Ongoing _ Completed ref) - PART 4\\20220609_181106\\1654799971924.png, D:\\Projet Test Auto\\Mediabox Test Automation\\Reports\\20220609_181011\\03. Parallel Testing (Testing)\\TS -PT PART 3\\14.04 Dreyers Support Action (Ongoing _ Completed ref) - PART 4\\20220609_181106\\1654799990731.png, D:\\Projet Test Auto\\Mediabox Test Automation\\Reports\\20220609_181011\\03. Parallel Testing (Testing)\\TS -PT PART 3\\14.04 Dreyers Support Action (Ongoing _ Completed ref) - PART 4\\20220609_181106\\1654799998806.png, D:\\Projet Test Auto\\Mediabox Test Automation\\Reports\\20220609_181011\\03. Parallel Testing (Testing)\\TS -PT PART 3\\14.04 Dreyers Support Action (Ongoing _ Completed ref) - PART 4\\20220609_181106\\1654800023366.png, D:\\Projet Test Auto\\Mediabox Test Automation\\Reports\\20220609_181011\\03. Parallel Testing (Testing)\\TS -PT PART 3\\14.04 Dreyers Support Action (Ongoing _ Completed ref) - PART 4\\20220609_181106\\1654800042294.png, D:\\Projet Test Auto\\Mediabox Test Automation\\Reports\\20220609_181011\\03. Parallel Testing (Testing)\\TS -PT PART 3\\14.04 Dreyers Support Action (Ongoing _ Completed ref) - PART 4\\20220609_181106\\1654800047096.png, D:\\Projet Test Auto\\Mediabox Test Automation\\Reports\\20220609_181011\\03. Parallel Testing (Testing)\\TS -PT PART 3\\14.04 Dreyers Support Action (Ongoing _ Completed ref) - PART 4\\20220609_181106\\1654800075676.png, D:\\Projet Test Auto\\Mediabox Test Automation\\Reports\\20220609_181011\\03. Parallel Testing (Testing)\\TS -PT PART 3\\14.04 Dreyers Support Action (Ongoing _ Completed ref) - PART 4\\20220609_181106\\1654800085115.png, D:\\Projet Test Auto\\Mediabox Test Automation\\Reports\\20220609_181011\\03. Parallel Testing (Testing)\\TS -PT PART 3\\14.04 Dreyers Support Action (Ongoing _ Completed ref) - PART 4\\20220609_181106\\1654800091714.png, D:\\Projet Test Auto\\Mediabox Test Automation\\Reports\\20220609_181011\\03. Parallel Testing (Testing)\\TS -PT PART 3\\14.04 Dreyers Support Action (Ongoing _ Completed ref) - PART 4\\20220609_181106\\1654800104060.png, D:\\Projet Test Auto\\Mediabox Test Automation\\Reports\\20220609_181011\\03. Parallel Testing (Testing)\\TS -PT PART 3\\14.04 Dreyers Support Action (Ongoing _ Completed ref) - PART 4\\20220609_181106\\1654800105564.png, D:\\Projet Test Auto\\Mediabox Test Automation\\Reports\\20220609_181011\\03. Parallel Testing (Testing)\\TS -PT PART 3\\14.04 Dreyers Support Action (Ongoing _ Completed ref) - PART 4\\20220609_181106\\1654800106026.png, D:\\Projet Test Auto\\Mediabox Test Automation\\Reports\\20220609_181011\\03. Parallel Testing (Testing)\\TS -PT PART 3\\14.04 Dreyers Support Action (Ongoing _ Completed ref) - PART 4\\20220609_181106\\1654800107992.png, D:\\Projet Test Auto\\Mediabox Test Automation\\Reports\\20220609_181011\\03. Parallel Testing (Testing)\\TS -PT PART 3\\14.04 Dreyers Support Action (Ongoing _ Completed ref) - PART 4\\20220609_181106\\1654800110883.png, D:\\Projet Test Auto\\Mediabox Test Automation\\Reports\\20220609_181011\\03. Parallel Testing (Testing)\\TS -PT PART 3\\14.04 Dreyers Support Action (Ongoing _ Completed ref) - PART 4\\20220609_181106\\1654800113011.png, D:\\Projet Test Auto\\Mediabox Test Automation\\Reports\\20220609_181011\\03. Parallel Testing (Testing)\\TS -PT PART 3\\14.04 Dreyers Support Action (Ongoing _ Completed ref) - PART 4\\20220609_181106\\1654800168044.png, D:\\Projet Test Auto\\Mediabox Test Automation\\Reports\\20220609_181011\\03. Parallel Testing (Testing)\\TS -PT PART 3\\14.04 Dreyers Support Action (Ongoing _ Completed ref) - PART 4\\20220609_181106\\1654800176377.png, D:\\Projet Test Auto\\Mediabox Test Automation\\Reports\\20220609_181011\\03. Parallel Testing (Testing)\\TS -PT PART 3\\14.04 Dreyers Support Action (Ongoing _ Completed ref) - PART 4\\20220609_181106\\1654800223038.png, D:\\Projet Test Auto\\Mediabox Test Automation\\Reports\\20220609_181011\\03. Parallel Testing (Testing)\\TS -PT PART 3\\14.04 Dreyers Support Action (Ongoing _ Completed ref) - PART 4\\20220609_181106\\1654800234607.png, D:\\Projet Test Auto\\Mediabox Test Automation\\Reports\\20220609_181011\\03. Parallel Testing (Testing)\\TS -PT PART 3\\14.04 Dreyers Support Action (Ongoing _ Completed ref) - PART 4\\20220609_181106\\1654800285075.png, D:\\Projet Test Auto\\Mediabox Test Automation\\Reports\\20220609_181011\\03. Parallel Testing (Testing)\\TS -PT PART 3\\14.04 Dreyers Support Action (Ongoing _ Completed ref) - PART 4\\20220609_181106\\1654800291951.png, D:\\Projet Test Auto\\Mediabox Test Automation\\Reports\\20220609_181011\\03. Parallel Testing (Testing)\\TS -PT PART 3\\14.04 Dreyers Support Action (Ongoing _ Completed ref) - PART 4\\20220609_181106\\1654800343140.png, D:\\Projet Test Auto\\Mediabox Test Automation\\Reports\\20220609_181011\\03. Parallel Testing (Testing)\\TS -PT PART 3\\14.04 Dreyers Support Action (Ongoing _ Completed ref) - PART 4\\20220609_181106\\1654800347648.png, D:\\Projet Test Auto\\Mediabox Test Automation\\Reports\\20220609_181011\\03. Parallel Testing (Testing)\\TS -PT PART 3\\14.04 Dreyers Support Action (Ongoing _ Completed ref) - PART 4\\20220609_181106\\1654800393166.png, D:\\Projet Test Auto\\Mediabox Test Automation\\Reports\\20220609_181011\\03. Parallel Testing (Testing)\\TS -PT PART 3\\14.04 Dreyers Support Action (Ongoing _ Completed ref) - PART 4\\20220609_181106\\1654800417569.png, D:\\Projet Test Auto\\Mediabox Test Automation\\Reports\\20220609_181011\\03. Parallel Testing (Testing)\\TS -PT PART 3\\14.04 Dreyers Support Action (Ongoing _ Completed ref) - PART 4\\20220609_181106\\1654800484819.png, D:\\Projet Test Auto\\Mediabox Test Automation\\Reports\\20220609_181011\\03. Parallel Testing (Testing)\\TS -PT PART 3\\14.04 Dreyers Support Action (Ongoing _ Completed ref) - PART 4\\20220609_181106\\1654800525215.png, D:\\Projet Test Auto\\Mediabox Test Automation\\Reports\\20220609_181011\\03. Parallel Testing (Testing)\\TS -PT PART 3\\14.04 Dreyers Support Action (Ongoing _ Completed ref) - PART 4\\20220609_181106\\1654800618492.png, D:\\Projet Test Auto\\Mediabox Test Automation\\Reports\\20220609_181011\\03. Parallel Testing (Testing)\\TS -PT PART 3\\14.04 Dreyers Support Action (Ongoing _ Completed ref) - PART 4\\20220609_181106\\1654800625542.png, D:\\Projet Test Auto\\Mediabox Test Automation\\Reports\\20220609_181011\\03. Parallel Testing (Testing)\\TS -PT PART 3\\14.04 Dreyers Support Action (Ongoing _ Completed ref) - PART 4\\20220609_181106\\1654800630542.png, D:\\Projet Test Auto\\Mediabox Test Automation\\Reports\\20220609_181011\\03. Parallel Testing (Testing)\\TS -PT PART 3\\14.04 Dreyers Support Action (Ongoing _ Completed ref) - PART 4\\20220609_181106\\1654800644841.png, D:\\Projet Test Auto\\Mediabox Test Automation\\Reports\\20220609_181011\\03. Parallel Testing (Testing)\\TS -PT PART 3\\14.04 Dreyers Support Action (Ongoing _ Completed ref) - PART 4\\20220609_181106\\1654800668708.png, D:\\Projet Test Auto\\Mediabox Test Automation\\Reports\\20220609_181011\\03. Parallel Testing (Testing)\\TS -PT PART 3\\14.04 Dreyers Support Action (Ongoing _ Completed ref) - PART 4\\20220609_181106\\1654800680078.png, D:\\Projet Test Auto\\Mediabox Test Automation\\Reports\\20220609_181011\\03. Parallel Testing (Testing)\\TS -PT PART 3\\14.04 Dreyers Support Action (Ongoing _ Completed ref) - PART 4\\20220609_181106\\1654800704168.png, D:\\Projet Test Auto\\Mediabox Test Automation\\Reports\\20220609_181011\\03. Parallel Testing (Testing)\\TS -PT PART 3\\14.04 Dreyers Support Action (Ongoing _ Completed ref) - PART 4\\20220609_181106\\1654800721392.png, D:\\Projet Test Auto\\Mediabox Test Automation\\Reports\\20220609_181011\\03. Parallel Testing (Testing)\\TS -PT PART 3\\14.04 Dreyers Support Action (Ongoing _ Completed ref) - PART 4\\20220609_181106\\1654800725897.png, D:\\Projet Test Auto\\Mediabox Test Automation\\Reports\\20220609_181011\\03. Parallel Testing (Testing)\\TS -PT PART 3\\14.04 Dreyers Support Action (Ongoing _ Completed ref) - PART 4\\20220609_181106\\1654800753867.png, D:\\Projet Test Auto\\Mediabox Test Automation\\Reports\\20220609_181011\\03. Parallel Testing (Testing)\\TS -PT PART 3\\14.04 Dreyers Support Action (Ongoing _ Completed ref) - PART 4\\20220609_181106\\1654800763118.png, D:\\Projet Test Auto\\Mediabox Test Automation\\Reports\\20220609_181011\\03. Parallel Testing (Testing)\\TS -PT PART 3\\14.04 Dreyers Support Action (Ongoing _ Completed ref) - PART 4\\20220609_181106\\1654800768841.png, D:\\Projet Test Auto\\Mediabox Test Automation\\Reports\\20220609_181011\\03. Parallel Testing (Testing)\\TS -PT PART 3\\14.04 Dreyers Support Action (Ongoing _ Completed ref) - PART 4\\20220609_181106\\1654800780531.png, D:\\Projet Test Auto\\Mediabox Test Automation\\Reports\\20220609_181011\\03. Parallel Testing (Testing)\\TS -PT PART 3\\14.04 Dreyers Support Action (Ongoing _ Completed ref) - PART 4\\20220609_181106\\1654800781873.png, D:\\Projet Test Auto\\Mediabox Test Automation\\Reports\\20220609_181011\\03. Parallel Testing (Testing)\\TS -PT PART 3\\14.04 Dreyers Support Action (Ongoing _ Completed ref) - PART 4\\20220609_181106\\1654800784711.png, D:\\Projet Test Auto\\Mediabox Test Automation\\Reports\\20220609_181011\\03. Parallel Testing (Testing)\\TS -PT PART 3\\14.04 Dreyers Support Action (Ongoing _ Completed ref) - PART 4\\20220609_181106\\1654800786902.png, D:\\Projet Test Auto\\Mediabox Test Automation\\Reports\\20220609_181011\\03. Parallel Testing (Testing)\\TS -PT PART 3\\14.04 Dreyers Support Action (Ongoing _ Completed ref) - PART 4\\20220609_181106\\1654800849475.png, D:\\Projet Test Auto\\Mediabox Test Automation\\Reports\\20220609_181011\\03. Parallel Testing (Testing)\\TS -PT PART 3\\14.04 Dreyers Support Action (Ongoing _ Completed ref) - PART 4\\20220609_181106\\1654800891098.png, D:\\Projet Test Auto\\Mediabox Test Automation\\Reports\\20220609_181011\\03. Parallel Testing (Testing)\\TS -PT PART 3\\14.04 Dreyers Support Action (Ongoing _ Completed ref) - PART 4\\20220609_181106\\1654800904687.png, D:\\Projet Test Auto\\Mediabox Test Automation\\Reports\\20220609_181011\\03. Parallel Testing (Testing)\\TS -PT PART 3\\14.04 Dreyers Support Action (Ongoing _ Completed ref) - PART 4\\20220609_181106\\1654800946376.png, D:\\Projet Test Auto\\Mediabox Test Automation\\Reports\\20220609_181011\\03. Parallel Testing (Testing)\\TS -PT PART 3\\14.04 Dreyers Support Action (Ongoing _ Completed ref) - PART 4\\20220609_181106\\1654800954790.png, D:\\Projet Test Auto\\Mediabox Test Automation\\Reports\\20220609_181011\\03. Parallel Testing (Testing)\\TS -PT PART 3\\14.04 Dreyers Support Action (Ongoing _ Completed ref) - PART 4\\20220609_181106\\1654800959277.png, D:\\Projet Test Auto\\Mediabox Test Automation\\Reports\\20220609_181011\\03. Parallel Testing (Testing)\\TS -PT PART 3\\14.04 Dreyers Support Action (Ongoing _ Completed ref) - PART 4\\20220609_181106\\1654800969414.png, D:\\Projet Test Auto\\Mediabox Test Automation\\Reports\\20220609_181011\\03. Parallel Testing (Testing)\\TS -PT PART 3\\14.04 Dreyers Support Action (Ongoing _ Completed ref) - PART 4\\20220609_181106\\1654800993845.png, D:\\Projet Test Auto\\Mediabox Test Automation\\Reports\\20220609_181011\\03. Parallel Testing (Testing)\\TS -PT PART 3\\14.04 Dreyers Support Action (Ongoing _ Completed ref) - PART 4\\20220609_181106\\1654801002822.png, D:\\Projet Test Auto\\Mediabox Test Automation\\Reports\\20220609_181011\\03. Parallel Testing (Testing)\\TS -PT PART 3\\14.04 Dreyers Support Action (Ongoing _ Completed ref) - PART 4\\20220609_181106\\1654801027468.png, D:\\Projet Test Auto\\Mediabox Test Automation\\Reports\\20220609_181011\\03. Parallel Testing (Testing)\\TS -PT PART 3\\14.04 Dreyers Support Action (Ongoing _ Completed ref) - PART 4\\20220609_181106\\1654801048422.png, D:\\Projet Test Auto\\Mediabox Test Automation\\Reports\\20220609_181011\\03. Parallel Testing (Testing)\\TS -PT PART 3\\14.04 Dreyers Support Action (Ongoing _ Completed ref) - PART 4\\20220609_181106\\1654801053289.png, D:\\Projet Test Auto\\Mediabox Test Automation\\Reports\\20220609_181011\\03. Parallel Testing (Testing)\\TS -PT PART 3\\14.04 Dreyers Support Action (Ongoing _ Completed ref) - PART 4\\20220609_181106\\1654801077391.png, D:\\Projet Test Auto\\Mediabox Test Automation\\Reports\\20220609_181011\\03. Parallel Testing (Testing)\\TS -PT PART 3\\14.04 Dreyers Support Action (Ongoing _ Completed ref) - PART 4\\20220609_181106\\1654801087358.png, D:\\Projet Test Auto\\Mediabox Test Automation\\Reports\\20220609_181011\\03. Parallel Testing (Testing)\\TS -PT PART 3\\14.04 Dreyers Support Action (Ongoing _ Completed ref) - PART 4\\20220609_181106\\1654801092437.png, D:\\Projet Test Auto\\Mediabox Test Automation\\Reports\\20220609_181011\\03. Parallel Testing (Testing)\\TS -PT PART 3\\14.04 Dreyers Support Action (Ongoing _ Completed ref) - PART 4\\20220609_181106\\1654801096354.png, D:\\Projet Test Auto\\Mediabox Test Automation\\Reports\\20220609_181011\\03. Parallel Testing (Testing)\\TS -PT PART 3\\14.04 Dreyers Support Action (Ongoing _ Completed ref) - PART 4\\20220609_181106\\1654801098206.png, D:\\Projet Test Auto\\Mediabox Test Automation\\Reports\\20220609_181011\\03. Parallel Testing (Testing)\\TS -PT PART 3\\14.04 Dreyers Support Action (Ongoing _ Completed ref) - PART 4\\20220609_181106\\1654801103149.png, D:\\Projet Test Auto\\Mediabox Test Automation\\Reports\\20220609_181011\\03. Parallel Testing (Testing)\\TS -PT PART 3\\14.04 Dreyers Support Action (Ongoing _ Completed ref) - PART 4\\20220609_181106\\1654801105923.png, D:\\Projet Test Auto\\Mediabox Test Automation\\Reports\\20220609_181011\\03. Parallel Testing (Testing)\\TS -PT PART 3\\14.04 Dreyers Support Action (Ongoing _ Completed ref) - PART 4\\20220609_181106\\1654801132845.png, D:\\Projet Test Auto\\Mediabox Test Automation\\Reports\\20220609_181011\\03. Parallel Testing (Testing)\\TS -PT PART 3\\14.04 Dreyers Support Action (Ongoing _ Completed ref) - PART 4\\20220609_181106\\1654801149594.png, D:\\Projet Test Auto\\Mediabox Test Automation\\Reports\\20220609_181011\\03. Parallel Testing (Testing)\\TS -PT PART 3\\14.04 Dreyers Support Action (Ongoing _ Completed ref) - PART 4\\20220609_181106\\1654801162097.png, D:\\Projet Test Auto\\Mediabox Test Automation\\Reports\\20220609_181011\\03. Parallel Testing (Testing)\\TS -PT PART 3\\14.04 Dreyers Support Action (Ongoing _ Completed ref) - PART 4\\20220609_181106\\1654801201930.png, D:\\Projet Test Auto\\Mediabox Test Automation\\Reports\\20220609_181011\\03. Parallel Testing (Testing)\\TS -PT PART 3\\14.04 Dreyers Support Action (Ongoing _ Completed ref) - PART 4\\20220609_181106\\1654801215329.png, D:\\Projet Test Auto\\Mediabox Test Automation\\Reports\\20220609_181011\\03. Parallel Testing (Testing)\\TS -PT PART 3\\14.04 Dreyers Support Action (Ongoing _ Completed ref) - PART 4\\20220609_181106\\1654801264079.png, D:\\Projet Test Auto\\Mediabox Test Automation\\Reports\\20220609_181011\\03. Parallel Testing (Testing)\\TS -PT PART 3\\14.04 Dreyers Support Action (Ongoing _ Completed ref) - PART 4\\20220609_181106\\1654801274482.png, D:\\Projet Test Auto\\Mediabox Test Automation\\Reports\\20220609_181011\\03. Parallel Testing (Testing)\\TS -PT PART 3\\14.04 Dreyers Support Action (Ongoing _ Completed ref) - PART 4\\20220609_181106\\1654801278304.png, D:\\Projet Test Auto\\Mediabox Test Automation\\Reports\\20220609_181011\\03. Parallel Testing (Testing)\\TS -PT PART 3\\14.04 Dreyers Support Action (Ongoing _ Completed ref) - PART 4\\20220609_181106\\1654801289527.png, D:\\Projet Test Auto\\Mediabox Test Automation\\Reports\\20220609_181011\\03. Parallel Testing (Testing)\\TS -PT PART 3\\14.04 Dreyers Support Action (Ongoing _ Completed ref) - PART 4\\20220609_181106\\1654801310392.png, D:\\Projet Test Auto\\Mediabox Test Automation\\Reports\\20220609_181011\\03. Parallel Testing (Testing)\\TS -PT PART 3\\14.04 Dreyers Support Action (Ongoing _ Completed ref) - PART 4\\20220609_181106\\1654801313498.png, D:\\Projet Test Auto\\Mediabox Test Automation\\Reports\\20220609_181011\\03. Parallel Testing (Testing)\\TS -PT PART 3\\14.04 Dreyers Support Action (Ongoing _ Completed ref) - PART 4\\20220609_181106\\1654801321125.png, D:\\Projet Test Auto\\Mediabox Test Automation\\Reports\\20220609_181011\\03. Parallel Testing (Testing)\\TS -PT PART 3\\14.04 Dreyers Support Action (Ongoing _ Completed ref) - PART 4\\20220609_181106\\1654801380277.png"/>
         <property name="hostName" value="lamhe - DPF-MBI-VERIF.ad.sgsco.int"/>
         <property name="os" value="Windows 10 64bit"/>
         <property name="katalonVersion" value="8.3.0.208"/>
         <property name="browser" value="Chrome 102.0.5005.63"/>
         <property name="hostAddress" value="10.15.10.53"/>
         <property name="sessionId" value="3bfa988b50fb4b2d46306c89cf7ff594"/>
         <property name="seleniumVersion" value="3.141.59"/>
         <property name="proxyInformation" value="ProxyInformation { proxyOption=NO_PROXY, proxyServerType=HTTP, username=, password=********, proxyServerAddress=, proxyServerPort=0, executionList=&quot;&quot;, isApplyToDesiredCapabilities=true }"/>
         <property name="platform" value="Windows 10"/>
      </properties>
      <testcase name="Test Cases/19. Dreyers Support Action (Ongoing ref_completed)/19.21 Dreyers SAS Add Phase group (Ongoing ref) S27 - P21" time="763.53" classname="Test Cases/19. Dreyers Support Action (Ongoing ref_completed)/19.21 Dreyers SAS Add Phase group (Ongoing ref) S27 - P21" status="PASSED">
         <system-out><![CDATA[2022-06-09 20:15:25 - [TEST_CASE][PASSED] - Test Cases/19. Dreyers Support Action (Ongoing ref_completed)/19.21 Dreyers SAS Add Phase group (Ongoing ref) S27 - P21: Test Cases/19. Dreyers Support Action (Ongoing ref_completed)/19.21 Dreyers SAS Add Phase group (Ongoing ref) S27 - P21

2022-06-09 20:15:27 - [TEST_STEP][PASSED] - data_Dreyers = findTestData("Data Files/Username_Password/Dreyer"): null

2022-06-09 20:15:27 - [TEST_STEP][PASSED] - password_suser = data_Dreyers.getValue(2, 1): null

2022-06-09 20:15:27 - [TEST_STEP][PASSED] - password_blemco = data_Dreyers.getValue(2, 2): null

2022-06-09 20:15:27 - [TEST_STEP][PASSED] - password_nturner = data_Dreyers.getValue(2, 6): null

2022-06-09 20:15:27 - [TEST_STEP][PASSED] - password_talexeeva = data_Dreyers.getValue(2, 7): null

2022-06-09 20:15:27 - [TEST_STEP][PASSED] - password_jryan = data_Dreyers.getValue(2, 12): null

2022-06-09 20:15:27 - [TEST_STEP][PASSED] - password_lmary = data_Dreyers.getValue(2, 13): null

2022-06-09 20:15:27 - [TEST_STEP][PASSED] - data_urlRELAUTO = findTestData("Data Files/URL/URL_relauto"): null

2022-06-09 20:15:27 - [TEST_STEP][PASSED] - Url_Dreyer = data_urlRELAUTO.getValue(2, 4): null

2022-06-09 20:15:27 - [TEST_STEP][PASSED] - Project_No = I.readnotepad("D:\Upoad_File\Projet_ Login\Dreyers\19.1\19.1_Dreyers_ProjectNo.txt"): null

2022-06-09 20:15:27 - [TEST_STEP][PASSED] - refID = I.readnotepad("D:\Upoad_File\Projet_ Login\Dreyers\19.1\19.1_Dreyers_refID.txt"): null

2022-06-09 20:15:27 - [TEST_STEP][PASSED] - openBrowser(Url_Dreyer): Browser is opened with url: 'http://mdb-release.diadeis.lan/MediaboxIndependence/?MBI_datasource=RELTESTAUTO_DREYERS'

2022-06-09 20:15:28 - [MESSAGE][INFO] - Starting 'Chrome (headless)' driver

2022-06-09 20:15:28 - [MESSAGE][INFO] - User set preference: ['args', '[--window-size=1920,1080, --headless]']

2022-06-09 20:15:28 - [MESSAGE][INFO] - Action delay is set to 0 milliseconds

2022-06-09 20:15:41 - [MESSAGE][PASSED] - Browser is opened with url: 'http://mdb-release.diadeis.lan/MediaboxIndependence/?MBI_datasource=RELTESTAUTO_DREYERS'

2022-06-09 20:15:41 - [TEST_STEP][PASSED] - maximizeWindow(): Current window maximized

2022-06-09 20:15:41 - [MESSAGE][PASSED] - Current window maximized

2022-06-09 20:15:41 - [TEST_STEP][PASSED] - I.Login_password("suser", password_suser): Object: 'Object Repository/1. Constant/xpath' is clicked on

2022-06-09 20:15:42 - [MESSAGE][PASSED] - Text 'suser' is set on object 'Object Repository/1. Constant/xpath'

2022-06-09 20:15:43 - [MESSAGE][PASSED] - Delayed 1 second(s)

2022-06-09 20:15:43 - [MESSAGE][PASSED] - Text 'diadeis' is set on object 'Object Repository/1. Constant/xpath'

2022-06-09 20:15:44 - [MESSAGE][PASSED] - Delayed 1 second(s)

2022-06-09 20:15:52 - [MESSAGE][PASSED] - Object: 'Object Repository/1. Constant/xpath' is clicked on

2022-06-09 20:15:52 - [TEST_STEP][PASSED] - click(findTestObject("1. Constant/02_LHSMenu_Projects")): Object: 'Object Repository/1. Constant/02_LHSMenu_Projects' is clicked on

2022-06-09 20:15:56 - [MESSAGE][PASSED] - Object: 'Object Repository/1. Constant/02_LHSMenu_Projects' is clicked on

2022-06-09 20:15:56 - [TEST_STEP][PASSED] - I.SearchProjectNo_xpath(Project_No, "//*[@id="keynum_project"]", "//*[@id="form_filters"]/div[4]/button"): Delayed 5 second(s)

2022-06-09 20:15:57 - [MESSAGE][PASSED] - Delayed 1 second(s)

2022-06-09 20:15:58 - [MESSAGE][PASSED] - Text 'MI000876' is set on object 'Object Repository/1. Constant/xpath'

2022-06-09 20:16:01 - [MESSAGE][PASSED] - Delayed 3 second(s)

2022-06-09 20:16:02 - [MESSAGE][PASSED] - Scroll to object 'Object Repository/1. Constant/xpath' successfully

2022-06-09 20:16:06 - [MESSAGE][PASSED] - Object: 'Object Repository/1. Constant/xpath' is clicked on

2022-06-09 20:16:11 - [MESSAGE][PASSED] - Delayed 5 second(s)

2022-06-09 20:16:11 - [TEST_STEP][PASSED] - takeScreenshot(): Taking screenshot successfully

2022-06-09 20:16:12 - [MESSAGE][PASSED] - Taking screenshot successfully
[[ATTACHMENT|D:\\Projet Test Auto\\Mediabox Test Automation\\Reports\\20220609_181011\\03. Parallel Testing (Testing)\\TS -PT PART 3\\14.04 Dreyers Support Action (Ongoing _ Completed ref) - PART 4\\20220609_181106\\1654798571696.png]]

2022-06-09 20:16:12 - [TEST_STEP][PASSED] - click(findTestObject("1. Constant/xpath", ["xpath":"//*[@id="create_ref_btn"]/button"])): Object: 'Object Repository/1. Constant/xpath' is clicked on

2022-06-09 20:16:12 - [MESSAGE][PASSED] - Object: 'Object Repository/1. Constant/xpath' is clicked on

2022-06-09 20:16:12 - [TEST_STEP][PASSED] - click(findTestObject("1. Constant/xpath", ["xpath":"//*[@id="create_ref_btn"]/div/a"])): Object: 'Object Repository/1. Constant/xpath' is clicked on

2022-06-09 20:16:14 - [MESSAGE][PASSED] - Object: 'Object Repository/1. Constant/xpath' is clicked on

2022-06-09 20:16:14 - [TEST_STEP][PASSED] - delay(1): Delayed 1 second(s)

2022-06-09 20:16:15 - [MESSAGE][PASSED] - Delayed 1 second(s)

2022-06-09 20:16:15 - [TEST_STEP][PASSED] - selectOptionByValue(findTestObject("1. Constant/xpath", ["xpath":"//*[@id="lfc_tpl"]"]), "36", false): All options with value '36' are selected in object 'Object Repository/1. Constant/xpath' 

2022-06-09 20:16:18 - [MESSAGE][PASSED] - All options with value '36' are selected in object 'Object Repository/1. Constant/xpath' 

2022-06-09 20:16:18 - [TEST_STEP][PASSED] - ref_name = "P21_Auto_SAS_S27_" + RandomStringUtils.randomAlphanumeric(5) + I.gettimedate(): null

2022-06-09 20:16:18 - [TEST_STEP][PASSED] - delay(1): Delayed 1 second(s)

2022-06-09 20:16:19 - [MESSAGE][PASSED] - Delayed 1 second(s)

2022-06-09 20:16:19 - [TEST_STEP][PASSED] - setText(findTestObject("1. Constant/xpath", ["xpath":"//*[@id="var_name"]"]), ref_name): Text 'P21_Auto_SAS_S27_4Cnfwjuin092022_201618' is set on object 'Object Repository/1. Constant/xpath'

2022-06-09 20:16:20 - [MESSAGE][PASSED] - Text 'P21_Auto_SAS_S27_4Cnfwjuin092022_201618' is set on object 'Object Repository/1. Constant/xpath'

2022-06-09 20:16:20 - [TEST_STEP][PASSED] - takeScreenshot(): Taking screenshot successfully

2022-06-09 20:16:20 - [MESSAGE][PASSED] - Taking screenshot successfully
[[ATTACHMENT|D:\\Projet Test Auto\\Mediabox Test Automation\\Reports\\20220609_181011\\03. Parallel Testing (Testing)\\TS -PT PART 3\\14.04 Dreyers Support Action (Ongoing _ Completed ref) - PART 4\\20220609_181106\\1654798580271.png]]

2022-06-09 20:16:20 - [TEST_STEP][PASSED] - click(findTestObject("1. Constant/xpath", ["xpath":"//*[@id="createRefBottom"]"])): Object: 'Object Repository/1. Constant/xpath' is clicked on

2022-06-09 20:16:24 - [MESSAGE][PASSED] - Object: 'Object Repository/1. Constant/xpath' is clicked on

2022-06-09 20:16:24 - [TEST_STEP][PASSED] - delay(1): Delayed 1 second(s)

2022-06-09 20:16:25 - [MESSAGE][PASSED] - Delayed 1 second(s)

2022-06-09 20:16:25 - [TEST_STEP][PASSED] - takeScreenshot(): Taking screenshot successfully

2022-06-09 20:16:25 - [MESSAGE][PASSED] - Taking screenshot successfully
[[ATTACHMENT|D:\\Projet Test Auto\\Mediabox Test Automation\\Reports\\20220609_181011\\03. Parallel Testing (Testing)\\TS -PT PART 3\\14.04 Dreyers Support Action (Ongoing _ Completed ref) - PART 4\\20220609_181106\\1654798585337.png]]

2022-06-09 20:16:25 - [TEST_STEP][PASSED] - refID21 = I.RefID(): Current window's url is: 'http://mdb-release.diadeis.lan/MediaboxIndependence/Base/ExecAction?IDSession=MBI%21RELTESTAUTO_DREYERS%21PTXSPMD0CHY51BDXBL6I6ETL5312XW8MO2VHD5BD&default_action=ModifierRef&id_project=MI000876&id_ref=5275&action_from=create_ref'

2022-06-09 20:16:30 - [MESSAGE][PASSED] - Delayed 5 second(s)

2022-06-09 20:16:30 - [MESSAGE][PASSED] - Current window's url is: 'http://mdb-release.diadeis.lan/MediaboxIndependence/Base/ExecAction?IDSession=MBI%21RELTESTAUTO_DREYERS%21PTXSPMD0CHY51BDXBL6I6ETL5312XW8MO2VHD5BD&default_action=ModifierRef&id_project=MI000876&id_ref=5275&action_from=create_ref'

2022-06-09 20:16:30 - [TEST_STEP][PASSED] - click(findTestObject("1. Constant/xpath", ["xpath":"//*[@id="type_save"]"])): Object: 'Object Repository/1. Constant/xpath' is clicked on

2022-06-09 20:16:35 - [MESSAGE][PASSED] - Object: 'Object Repository/1. Constant/xpath' is clicked on

2022-06-09 20:16:35 - [TEST_STEP][PASSED] - takeScreenshot(): Taking screenshot successfully

2022-06-09 20:16:36 - [MESSAGE][PASSED] - Taking screenshot successfully
[[ATTACHMENT|D:\\Projet Test Auto\\Mediabox Test Automation\\Reports\\20220609_181011\\03. Parallel Testing (Testing)\\TS -PT PART 3\\14.04 Dreyers Support Action (Ongoing _ Completed ref) - PART 4\\20220609_181106\\1654798595944.png]]

2022-06-09 20:16:36 - [TEST_STEP][PASSED] - delay(1): Delayed 1 second(s)

2022-06-09 20:16:37 - [MESSAGE][PASSED] - Delayed 1 second(s)

2022-06-09 20:16:37 - [TEST_STEP][PASSED] - I.SearchRefNo_xpath("P21_Auto", "//*[@id="fiche_filter_keywords11"]", "//*[@id="form_filters"]/div[3]/button"): Delayed 5 second(s)

2022-06-09 20:16:38 - [MESSAGE][PASSED] - Delayed 1 second(s)

2022-06-09 20:16:38 - [MESSAGE][PASSED] - Text 'P21_Auto' is set on object 'Object Repository/1. Constant/xpath'

2022-06-09 20:16:41 - [MESSAGE][PASSED] - Delayed 3 second(s)

2022-06-09 20:16:41 - [MESSAGE][PASSED] - Scroll to object 'Object Repository/1. Constant/xpath' successfully

2022-06-09 20:16:45 - [MESSAGE][PASSED] - Object: 'Object Repository/1. Constant/xpath' is clicked on

2022-06-09 20:16:50 - [MESSAGE][PASSED] - Delayed 5 second(s)

2022-06-09 20:16:50 - [TEST_STEP][PASSED] - click(findTestObject("1. Constant/xpath", ["xpath":"//*[@id="source_" + refID21 + ""]/td[14]/a[3]"])): Object: 'Object Repository/1. Constant/xpath' is clicked on

2022-06-09 20:16:52 - [MESSAGE][PASSED] - Object: 'Object Repository/1. Constant/xpath' is clicked on

2022-06-09 20:16:52 - [TEST_STEP][PASSED] - click(findTestObject("1. Constant/xpath", ["xpath":"//*[@id="ModifFiche"]/div[1]/div/button[2]"])): Object: 'Object Repository/1. Constant/xpath' is clicked on

2022-06-09 20:16:56 - [MESSAGE][PASSED] - Object: 'Object Repository/1. Constant/xpath' is clicked on

2022-06-09 20:16:56 - [TEST_STEP][PASSED] - takeScreenshot(): Taking screenshot successfully

2022-06-09 20:16:56 - [MESSAGE][PASSED] - Taking screenshot successfully
[[ATTACHMENT|D:\\Projet Test Auto\\Mediabox Test Automation\\Reports\\20220609_181011\\03. Parallel Testing (Testing)\\TS -PT PART 3\\14.04 Dreyers Support Action (Ongoing _ Completed ref) - PART 4\\20220609_181106\\1654798616267.png]]

2022-06-09 20:16:56 - [TEST_STEP][PASSED] - delay(1): Delayed 1 second(s)

2022-06-09 20:16:57 - [MESSAGE][PASSED] - Delayed 1 second(s)

2022-06-09 20:16:57 - [TEST_STEP][PASSED] - click(findTestObject("1. Constant/xpath", ["xpath":"//*[@id="source_" + refID21 + ""]/td[14]/a[3]"])): Object: 'Object Repository/1. Constant/xpath' is clicked on

2022-06-09 20:17:02 - [MESSAGE][PASSED] - Object: 'Object Repository/1. Constant/xpath' is clicked on

2022-06-09 20:17:02 - [TEST_STEP][PASSED] - click(findTestObject("1. Constant/xpath", ["xpath":"//*[@id="ModifFiche"]/div[1]/div/button[2]"])): Object: 'Object Repository/1. Constant/xpath' is clicked on

2022-06-09 20:17:06 - [MESSAGE][PASSED] - Object: 'Object Repository/1. Constant/xpath' is clicked on

2022-06-09 20:17:06 - [TEST_STEP][PASSED] - takeScreenshot(): Taking screenshot successfully

2022-06-09 20:17:07 - [MESSAGE][PASSED] - Taking screenshot successfully
[[ATTACHMENT|D:\\Projet Test Auto\\Mediabox Test Automation\\Reports\\20220609_181011\\03. Parallel Testing (Testing)\\TS -PT PART 3\\14.04 Dreyers Support Action (Ongoing _ Completed ref) - PART 4\\20220609_181106\\1654798627065.png]]

2022-06-09 20:17:07 - [TEST_STEP][PASSED] - delay(1): Delayed 1 second(s)

2022-06-09 20:17:08 - [MESSAGE][PASSED] - Delayed 1 second(s)

2022-06-09 20:17:08 - [TEST_STEP][PASSED] - color1 = getCSSValue(findTestObject("1. Constant/xpath", ["xpath":"//*[@id="source_" + refID21 + ""]/td[14]/a[2]"]), "color", OPTIONAL): Get CSS 'color' value on 'Object Repository/1. Constant/xpath' successfully: 'rgba(255, 255, 255, 1)'.

2022-06-09 20:17:08 - [MESSAGE][PASSED] - Get CSS 'color' value on 'Object Repository/1. Constant/xpath' successfully: 'rgba(255, 255, 255, 1)'.

2022-06-09 20:17:08 - [TEST_STEP][PASSED] - while (color1 == "rgba(255, 255, 255, 1)"): Get CSS 'color' value on 'Object Repository/1. Constant/xpath' successfully: 'rgba(54, 153, 255, 1)'.

2022-06-09 20:17:08 - [TEST_STEP][PASSED] - click(findTestObject("1. Constant/xpath", ["xpath":"//*[@id="source_" + refID21 + ""]/td[14]/a[2]"])): Object: 'Object Repository/1. Constant/xpath' is clicked on

2022-06-09 20:17:10 - [MESSAGE][PASSED] - Object: 'Object Repository/1. Constant/xpath' is clicked on

2022-06-09 20:17:10 - [TEST_STEP][PASSED] - I.UploadDoc_sendkey_Prod(findTestObject("1. Constant/xpath", ["xpath":"//*[@id="kt_body"]/input[2]"]), "D:\Upoad_File\Upload doc\testdata1.pdf", "testdata1"): Delayed 5 second(s)

2022-06-09 20:17:10 - [MESSAGE][PASSED] - Scroll to object 'Object Repository/1. Constant/xpath' successfully

2022-06-09 20:17:15 - [MESSAGE][PASSED] - Delayed 5 second(s)

2022-06-09 20:17:15 - [MESSAGE][PASSED] - File 'D:\Upoad_File\Upload doc\testdata1.pdf' sent to object: 'Object Repository/1. Constant/xpath'

2022-06-09 20:17:20 - [MESSAGE][PASSED] - Delayed 5 second(s)

2022-06-09 20:17:20 - [MESSAGE][PASSED] - Text 'testdata1' is present on page 

2022-06-09 20:17:25 - [MESSAGE][PASSED] - Delayed 5 second(s)

2022-06-09 20:17:30 - [MESSAGE][PASSED] - Delayed 5 second(s)

2022-06-09 20:17:30 - [TEST_STEP][PASSED] - takeScreenshot(): Taking screenshot successfully

2022-06-09 20:17:30 - [MESSAGE][PASSED] - Taking screenshot successfully
[[ATTACHMENT|D:\\Projet Test Auto\\Mediabox Test Automation\\Reports\\20220609_181011\\03. Parallel Testing (Testing)\\TS -PT PART 3\\14.04 Dreyers Support Action (Ongoing _ Completed ref) - PART 4\\20220609_181106\\1654798650779.png]]

2022-06-09 20:17:31 - [TEST_STEP][PASSED] - delay(8): Delayed 8 second(s)

2022-06-09 20:17:39 - [MESSAGE][PASSED] - Delayed 8 second(s)

2022-06-09 20:17:39 - [TEST_STEP][PASSED] - click(findTestObject("HL Full Lifecycle/12 ReferncePage_Button_Updatensenddoc")): Object: 'Object Repository/HL Full Lifecycle/12 ReferncePage_Button_Updatensenddoc' is clicked on

2022-06-09 20:17:45 - [MESSAGE][PASSED] - Object: 'Object Repository/HL Full Lifecycle/12 ReferncePage_Button_Updatensenddoc' is clicked on

2022-06-09 20:17:45 - [TEST_STEP][PASSED] - delay(4): Delayed 4 second(s)

2022-06-09 20:17:49 - [MESSAGE][PASSED] - Delayed 4 second(s)

2022-06-09 20:17:49 - [TEST_STEP][PASSED] - color1 = getCSSValue(findTestObject("1. Constant/xpath", ["xpath":"//*[@id="source_" + refID21 + ""]/td[14]/a[2]"]), "color", OPTIONAL): Get CSS 'color' value on 'Object Repository/1. Constant/xpath' successfully: 'rgba(54, 153, 255, 1)'.

2022-06-09 20:17:49 - [MESSAGE][PASSED] - Get CSS 'color' value on 'Object Repository/1. Constant/xpath' successfully: 'rgba(54, 153, 255, 1)'.

2022-06-09 20:17:49 - [TEST_STEP][PASSED] - takeScreenshot(): Taking screenshot successfully

2022-06-09 20:17:49 - [MESSAGE][PASSED] - Taking screenshot successfully
[[ATTACHMENT|D:\\Projet Test Auto\\Mediabox Test Automation\\Reports\\20220609_181011\\03. Parallel Testing (Testing)\\TS -PT PART 3\\14.04 Dreyers Support Action (Ongoing _ Completed ref) - PART 4\\20220609_181106\\1654798669529.png]]

2022-06-09 20:17:49 - [TEST_STEP][PASSED] - click(findTestObject("1. Constant/xpath", ["xpath":"//*[@id="source_" + refID21 + ""]/td[6]/a"])): Object: 'Object Repository/1. Constant/xpath' is clicked on

2022-06-09 20:17:53 - [MESSAGE][PASSED] - Object: 'Object Repository/1. Constant/xpath' is clicked on

2022-06-09 20:17:53 - [TEST_STEP][PASSED] - takeScreenshot(): Taking screenshot successfully

2022-06-09 20:17:53 - [MESSAGE][PASSED] - Taking screenshot successfully
[[ATTACHMENT|D:\\Projet Test Auto\\Mediabox Test Automation\\Reports\\20220609_181011\\03. Parallel Testing (Testing)\\TS -PT PART 3\\14.04 Dreyers Support Action (Ongoing _ Completed ref) - PART 4\\20220609_181106\\1654798673355.png]]

2022-06-09 20:17:53 - [TEST_STEP][PASSED] - delay(1): Delayed 1 second(s)

2022-06-09 20:17:54 - [MESSAGE][PASSED] - Delayed 1 second(s)

2022-06-09 20:17:54 - [TEST_STEP][PASSED] - I.Approveforothers("/html/body/div[1]/div[2]/div[8]/div[3]/div/div[3]/div[2]/div/div[3]/div/div[2]/div[1]/div/div[2]/div/div[2]/div[2]/div/div/div[1]/img", "/html/body/div[1]/div[2]/div[8]/div[3]/div/div[3]/div[2]/div/div[3]/div/div[2]/div[1]/div/div[2]/div/div[2]/div[2]/div/div/div[6]/a[2]/span"): Object: 'Object Repository/1. Constant/xpath' is clicked on

2022-06-09 20:17:56 - [MESSAGE][PASSED] - Object: 'Object Repository/1. Constant/xpath' is clicked on

2022-06-09 20:17:57 - [MESSAGE][PASSED] - Delayed 1 second(s)

2022-06-09 20:17:58 - [MESSAGE][PASSED] - Object: 'Object Repository/1. Constant/xpath' is clicked on

2022-06-09 20:17:59 - [MESSAGE][PASSED] - Delayed 1 second(s)

2022-06-09 20:18:00 - [MESSAGE][PASSED] - Object: 'Object Repository/1. Constant/xpath' is hovered

2022-06-09 20:18:00 - [MESSAGE][PASSED] - Object: 'Object Repository/1. Constant/xpath' is clicked on

2022-06-09 20:18:01 - [MESSAGE][PASSED] - Delayed 1 second(s)

2022-06-09 20:18:06 - [MESSAGE][PASSED] - Object: 'Object Repository/1. Constant/xpath' is clicked on

2022-06-09 20:18:06 - [TEST_STEP][PASSED] - delay(1): Delayed 1 second(s)

2022-06-09 20:18:07 - [MESSAGE][PASSED] - Delayed 1 second(s)

2022-06-09 20:18:07 - [TEST_STEP][PASSED] - click(findTestObject("1. Constant/xpath", ["xpath":"//*[@id="kt_subheader"]/div/nav/ol/li[2]/a"])): Object: 'Object Repository/1. Constant/xpath' is clicked on

2022-06-09 20:18:09 - [MESSAGE][PASSED] - Object: 'Object Repository/1. Constant/xpath' is clicked on

2022-06-09 20:18:09 - [TEST_STEP][PASSED] - delay(1): Delayed 1 second(s)

2022-06-09 20:18:10 - [MESSAGE][PASSED] - Delayed 1 second(s)

2022-06-09 20:18:10 - [TEST_STEP][PASSED] - I.submitquesiton_ref(findTestObject("1. Constant/xpath", ["xpath":"//*[@id="source_" + refID21 + ""]/td[14]/div[1]/button"]), findTestObject("1. Constant/xpath", ["xpath":"//*[@id="source_" + refID21 + ""]/td[14]/div[1]/div/a[1]"])): Object: 'Object Repository/1. Constant/xpath' is clicked on

2022-06-09 20:18:11 - [MESSAGE][PASSED] - Object: 'Object Repository/1. Constant/xpath' is clicked on

2022-06-09 20:18:14 - [MESSAGE][PASSED] - Delayed 3 second(s)

2022-06-09 20:18:15 - [MESSAGE][PASSED] - Object: 'Object Repository/1. Constant/xpath' is clicked on

2022-06-09 20:18:15 - [TEST_STEP][PASSED] - click(findTestObject("1. Constant/xpath", ["xpath":"//*[@id="ModifFiche"]/div[1]/div/button[2]"])): Object: 'Object Repository/1. Constant/xpath' is clicked on

2022-06-09 20:18:19 - [MESSAGE][PASSED] - Object: 'Object Repository/1. Constant/xpath' is clicked on

2022-06-09 20:18:19 - [TEST_STEP][PASSED] - takeScreenshot(): Taking screenshot successfully

2022-06-09 20:18:20 - [MESSAGE][PASSED] - Taking screenshot successfully
[[ATTACHMENT|D:\\Projet Test Auto\\Mediabox Test Automation\\Reports\\20220609_181011\\03. Parallel Testing (Testing)\\TS -PT PART 3\\14.04 Dreyers Support Action (Ongoing _ Completed ref) - PART 4\\20220609_181106\\1654798699975.png]]

2022-06-09 20:18:20 - [TEST_STEP][PASSED] - I.submitquesiton_ref(findTestObject("1. Constant/xpath", ["xpath":"//*[@id="source_" + refID21 + ""]/td[14]/div[1]/button"]), findTestObject("1. Constant/xpath", ["xpath":"//*[@id="source_" + refID21 + ""]/td[14]/div[1]/div/a[1]"])): Object: 'Object Repository/1. Constant/xpath' is clicked on

2022-06-09 20:18:20 - [MESSAGE][PASSED] - Object: 'Object Repository/1. Constant/xpath' is clicked on

2022-06-09 20:18:24 - [MESSAGE][PASSED] - Delayed 3 second(s)

2022-06-09 20:18:25 - [MESSAGE][PASSED] - Object: 'Object Repository/1. Constant/xpath' is clicked on

2022-06-09 20:18:25 - [TEST_STEP][PASSED] - click(findTestObject("1. Constant/xpath", ["xpath":"//*[@id="ModifFiche"]/div[1]/div/button[2]"])): Object: 'Object Repository/1. Constant/xpath' is clicked on

2022-06-09 20:18:29 - [MESSAGE][PASSED] - Object: 'Object Repository/1. Constant/xpath' is clicked on

2022-06-09 20:18:29 - [TEST_STEP][PASSED] - takeScreenshot(): Taking screenshot successfully

2022-06-09 20:18:29 - [MESSAGE][PASSED] - Taking screenshot successfully
[[ATTACHMENT|D:\\Projet Test Auto\\Mediabox Test Automation\\Reports\\20220609_181011\\03. Parallel Testing (Testing)\\TS -PT PART 3\\14.04 Dreyers Support Action (Ongoing _ Completed ref) - PART 4\\20220609_181106\\1654798709409.png]]

2022-06-09 20:18:29 - [TEST_STEP][PASSED] - click(findTestObject("1. Constant/xpath", ["xpath":"//*[@id="source_" + refID21 + ""]/td[14]/a[3]"])): Object: 'Object Repository/1. Constant/xpath' is clicked on

2022-06-09 20:18:31 - [MESSAGE][PASSED] - Object: 'Object Repository/1. Constant/xpath' is clicked on

2022-06-09 20:18:31 - [TEST_STEP][PASSED] - click(findTestObject("1. Constant/xpath", ["xpath":"//*[@id="ModifFiche"]/div[1]/div/button[2]"])): Object: 'Object Repository/1. Constant/xpath' is clicked on

2022-06-09 20:18:35 - [MESSAGE][PASSED] - Object: 'Object Repository/1. Constant/xpath' is clicked on

2022-06-09 20:18:35 - [TEST_STEP][PASSED] - click(findTestObject("1. Constant/xpath", ["xpath":"//*[@id="source_" + refID21 + ""]/td[14]/div[1]/button"])): Object: 'Object Repository/1. Constant/xpath' is clicked on

2022-06-09 20:18:36 - [MESSAGE][PASSED] - Object: 'Object Repository/1. Constant/xpath' is clicked on

2022-06-09 20:18:36 - [TEST_STEP][PASSED] - delay(1): Delayed 1 second(s)

2022-06-09 20:18:37 - [MESSAGE][PASSED] - Delayed 1 second(s)

2022-06-09 20:18:37 - [TEST_STEP][PASSED] - takeScreenshot(): Taking screenshot successfully

2022-06-09 20:18:38 - [MESSAGE][PASSED] - Taking screenshot successfully
[[ATTACHMENT|D:\\Projet Test Auto\\Mediabox Test Automation\\Reports\\20220609_181011\\03. Parallel Testing (Testing)\\TS -PT PART 3\\14.04 Dreyers Support Action (Ongoing _ Completed ref) - PART 4\\20220609_181106\\1654798717793.png]]

2022-06-09 20:18:38 - [TEST_STEP][PASSED] - delay(1): Delayed 1 second(s)

2022-06-09 20:18:39 - [MESSAGE][PASSED] - Delayed 1 second(s)

2022-06-09 20:18:39 - [TEST_STEP][PASSED] - x = 20: null

2022-06-09 20:18:39 - [TEST_STEP][PASSED] - i = 1: null

2022-06-09 20:18:39 - [TEST_STEP][PASSED] - while (i <= x): null

2022-06-09 20:18:39 - [TEST_STEP][PASSED] - Expected_SAS_Selected = "SAS S27: Add PG Step C/ Skip P3.1": null

2022-06-09 20:18:39 - [TEST_STEP][PASSED] - xpath_SAS = "//*[@id="source_" + refID21 + ""]/td[14]/div[1]/div/a[" + i + "]": null

2022-06-09 20:18:39 - [TEST_STEP][PASSED] - Actual_SAS = getText(findTestObject("1. Constant/xpath", ["xpath":xpath_SAS])): Text of object 'Object Repository/1. Constant/xpath' is: 'SAS: S6 - Add Steps C'

2022-06-09 20:18:40 - [MESSAGE][PASSED] - Text of object 'Object Repository/1. Constant/xpath' is: 'SAS: S6 - Add Steps C'

2022-06-09 20:18:40 - [TEST_STEP][PASSED] - I.print(i): null

2022-06-09 20:18:40 - [TEST_STEP][PASSED] - if (Actual_SAS.contains(Expected_SAS_Selected)): null

2022-06-09 20:18:40 - [TEST_STEP][PASSED] - i = i + 1: null

2022-06-09 20:18:40 - [TEST_STEP][PASSED] - Expected_SAS_Selected = "SAS S27: Add PG Step C/ Skip P3.1": null

2022-06-09 20:18:40 - [TEST_STEP][PASSED] - xpath_SAS = "//*[@id="source_" + refID21 + ""]/td[14]/div[1]/div/a[" + i + "]": null

2022-06-09 20:18:40 - [TEST_STEP][PASSED] - Actual_SAS = getText(findTestObject("1. Constant/xpath", ["xpath":xpath_SAS])): Text of object 'Object Repository/1. Constant/xpath' is: 'SAS S14 - Add Step group (SAS Lifecycle - SAS Step C)'

2022-06-09 20:18:40 - [MESSAGE][PASSED] - Text of object 'Object Repository/1. Constant/xpath' is: 'SAS S14 - Add Step group (SAS Lifecycle - SAS Step C)'

2022-06-09 20:18:40 - [TEST_STEP][PASSED] - I.print(i): null

2022-06-09 20:18:40 - [TEST_STEP][PASSED] - if (Actual_SAS.contains(Expected_SAS_Selected)): null

2022-06-09 20:18:40 - [TEST_STEP][PASSED] - i = i + 1: null

2022-06-09 20:18:40 - [TEST_STEP][PASSED] - Expected_SAS_Selected = "SAS S27: Add PG Step C/ Skip P3.1": null

2022-06-09 20:18:40 - [TEST_STEP][PASSED] - xpath_SAS = "//*[@id="source_" + refID21 + ""]/td[14]/div[1]/div/a[" + i + "]": null

2022-06-09 20:18:40 - [TEST_STEP][PASSED] - Actual_SAS = getText(findTestObject("1. Constant/xpath", ["xpath":xpath_SAS])): Text of object 'Object Repository/1. Constant/xpath' is: 'SAS: S15 - Add Step Group A & C'

2022-06-09 20:18:41 - [MESSAGE][PASSED] - Text of object 'Object Repository/1. Constant/xpath' is: 'SAS: S15 - Add Step Group A & C'

2022-06-09 20:18:41 - [TEST_STEP][PASSED] - I.print(i): null

2022-06-09 20:18:41 - [TEST_STEP][PASSED] - if (Actual_SAS.contains(Expected_SAS_Selected)): null

2022-06-09 20:18:41 - [TEST_STEP][PASSED] - i = i + 1: null

2022-06-09 20:18:41 - [TEST_STEP][PASSED] - Expected_SAS_Selected = "SAS S27: Add PG Step C/ Skip P3.1": null

2022-06-09 20:18:41 - [TEST_STEP][PASSED] - xpath_SAS = "//*[@id="source_" + refID21 + ""]/td[14]/div[1]/div/a[" + i + "]": null

2022-06-09 20:18:41 - [TEST_STEP][PASSED] - Actual_SAS = getText(findTestObject("1. Constant/xpath", ["xpath":xpath_SAS])): Text of object 'Object Repository/1. Constant/xpath' is: 'SAS S27: Add PG Step C/ Skip P3.1'

2022-06-09 20:18:41 - [MESSAGE][PASSED] - Text of object 'Object Repository/1. Constant/xpath' is: 'SAS S27: Add PG Step C/ Skip P3.1'

2022-06-09 20:18:41 - [TEST_STEP][PASSED] - I.print(i): null

2022-06-09 20:18:41 - [TEST_STEP][PASSED] - if (Actual_SAS.contains(Expected_SAS_Selected)): null

2022-06-09 20:18:41 - [TEST_STEP][PASSED] - click(findTestObject("1. Constant/xpath", ["xpath":xpath_SAS])): Object: 'Object Repository/1. Constant/xpath' is clicked on

2022-06-09 20:18:41 - [MESSAGE][PASSED] - Object: 'Object Repository/1. Constant/xpath' is clicked on

2022-06-09 20:18:41 - [TEST_STEP][PASSED] - break: null

2022-06-09 20:18:41 - [TEST_STEP][PASSED] - takeScreenshot(): Taking screenshot successfully

2022-06-09 20:18:41 - [MESSAGE][PASSED] - Taking screenshot successfully
[[ATTACHMENT|D:\\Projet Test Auto\\Mediabox Test Automation\\Reports\\20220609_181011\\03. Parallel Testing (Testing)\\TS -PT PART 3\\14.04 Dreyers Support Action (Ongoing _ Completed ref) - PART 4\\20220609_181106\\1654798721399.png]]

2022-06-09 20:18:41 - [TEST_STEP][PASSED] - click(findTestObject("1. Constant/xpath", ["xpath":"//*[@id="confirmSupportActionShortcut"]"])): Object: 'Object Repository/1. Constant/xpath' is clicked on

2022-06-09 20:18:44 - [MESSAGE][PASSED] - Object: 'Object Repository/1. Constant/xpath' is clicked on

2022-06-09 20:18:44 - [TEST_STEP][PASSED] - takeScreenshot(): Taking screenshot successfully

2022-06-09 20:18:45 - [MESSAGE][PASSED] - Taking screenshot successfully
[[ATTACHMENT|D:\\Projet Test Auto\\Mediabox Test Automation\\Reports\\20220609_181011\\03. Parallel Testing (Testing)\\TS -PT PART 3\\14.04 Dreyers Support Action (Ongoing _ Completed ref) - PART 4\\20220609_181106\\1654798724866.png]]

2022-06-09 20:18:45 - [TEST_STEP][PASSED] - click(findTestObject("1. Constant/xpath", ["xpath":"//*[@id="kt_content"]/div[3]/div/ul/li[3]/a"])): Object: 'Object Repository/1. Constant/xpath' is clicked on

2022-06-09 20:18:48 - [MESSAGE][PASSED] - Object: 'Object Repository/1. Constant/xpath' is clicked on

2022-06-09 20:18:48 - [TEST_STEP][PASSED] - takeScreenshot(): Taking screenshot successfully

2022-06-09 20:18:48 - [MESSAGE][PASSED] - Taking screenshot successfully
[[ATTACHMENT|D:\\Projet Test Auto\\Mediabox Test Automation\\Reports\\20220609_181011\\03. Parallel Testing (Testing)\\TS -PT PART 3\\14.04 Dreyers Support Action (Ongoing _ Completed ref) - PART 4\\20220609_181106\\1654798728622.png]]

2022-06-09 20:18:48 - [TEST_STEP][PASSED] - StepC_1 = getAttribute(findTestObject("1. Constant/xpath", ["xpath":"/html/body/div[1]/div[2]/div[8]/div[3]/div/div[3]/div[3]/div/ul/li[3]/a"]), "class"): Attribute 'class' of object 'Object Repository/1. Constant/xpath' is: 'nav-link timeline-badge badge-xl  bg-pending active'

2022-06-09 20:18:49 - [MESSAGE][PASSED] - Attribute 'class' of object 'Object Repository/1. Constant/xpath' is: 'nav-link timeline-badge badge-xl  bg-pending active'

2022-06-09 20:18:49 - [TEST_STEP][PASSED] - verifyMatch(StepC_1, "nav-link timeline-badge badge-xl  bg-pending active", false): Actual text 'nav-link timeline-badge badge-xl  bg-pending active' and expected text 'nav-link timeline-badge badge-xl  bg-pending active' are matched 

2022-06-09 20:18:49 - [MESSAGE][PASSED] - Actual text 'nav-link timeline-badge badge-xl  bg-pending active' and expected text 'nav-link timeline-badge badge-xl  bg-pending active' are matched 

2022-06-09 20:18:49 - [TEST_STEP][PASSED] - StepC_11 = I.Get_Stepname("/html/body/div[1]/div[2]/div[8]/div[3]/div/div[3]/div[3]/div/ul/li[3]/a"): Attribute 'href' of object 'Object Repository/1. Constant/xpath' is: 'http://mdb-release.diadeis.lan/MediaboxIndependence/Base/ExecAction?action=VoirRef&IDSession=MBI!RELTESTAUTO_DREYERS!PTXSPMD0CHY51BDXBL6I6ETL5312XW8MO2VHD5BD&num=ODDP2LFMZH&id_ref=5275#tab_lifecycle_SASStepC_12188'

2022-06-09 20:18:54 - [MESSAGE][PASSED] - Delayed 5 second(s)

2022-06-09 20:18:54 - [MESSAGE][PASSED] - Attribute 'href' of object 'Object Repository/1. Constant/xpath' is: 'http://mdb-release.diadeis.lan/MediaboxIndependence/Base/ExecAction?action=VoirRef&IDSession=MBI!RELTESTAUTO_DREYERS!PTXSPMD0CHY51BDXBL6I6ETL5312XW8MO2VHD5BD&num=ODDP2LFMZH&id_ref=5275#tab_lifecycle_SASStepC_12188'

2022-06-09 20:18:54 - [TEST_STEP][PASSED] - verifyMatch(StepC_11, "SASStepC", false): Actual text 'SASStepC' and expected text 'SASStepC' are matched 

2022-06-09 20:18:54 - [MESSAGE][PASSED] - Actual text 'SASStepC' and expected text 'SASStepC' are matched 

2022-06-09 20:18:54 - [TEST_STEP][PASSED] - StepCP4_1 = getText(findTestObject("1. Constant/xpath", ["xpath":"/html/body/div[1]/div[2]/div[8]/div[3]/div/div[3]/div[3]/div/div/div[3]/div/div[5]/div/div[1]/div[1]/h3"])): Text of object 'Object Repository/1. Constant/xpath' is: 'Phase 3.1 [Question]'

2022-06-09 20:18:55 - [MESSAGE][PASSED] - Text of object 'Object Repository/1. Constant/xpath' is: 'Phase 3.1 [Question]'

2022-06-09 20:18:55 - [TEST_STEP][PASSED] - verifyMatch(StepCP4_1, "Phase 3.1 [Question]", false): Actual text 'Phase 3.1 [Question]' and expected text 'Phase 3.1 [Question]' are matched 

2022-06-09 20:18:55 - [MESSAGE][PASSED] - Actual text 'Phase 3.1 [Question]' and expected text 'Phase 3.1 [Question]' are matched 

2022-06-09 20:18:55 - [TEST_STEP][PASSED] - Started_StepCP4_1 = getText(findTestObject("1. Constant/xpath", ["xpath":"/html/body/div[1]/div[2]/div[8]/div[3]/div/div[3]/div[3]/div/div/div[3]/div/div[5]/div/div[2]/div[1]"])): Text of object 'Object Repository/1. Constant/xpath' is: 'Started 06/09/22 02:18 PM'

2022-06-09 20:18:55 - [MESSAGE][PASSED] - Text of object 'Object Repository/1. Constant/xpath' is: 'Started 06/09/22 02:18 PM'

2022-06-09 20:18:55 - [TEST_STEP][PASSED] - if (Started_StepCP4_1.contains("Started")): Actual object '1' and expected object '1' are equal

2022-06-09 20:18:55 - [TEST_STEP][PASSED] - verifyEqual(1, 1): Actual object '1' and expected object '1' are equal

2022-06-09 20:18:55 - [MESSAGE][PASSED] - Actual object '1' and expected object '1' are equal

2022-06-09 20:18:55 - [TEST_STEP][PASSED] - StepCP4_2 = getText(findTestObject("1. Constant/xpath", ["xpath":"/html/body/div[1]/div[2]/div[8]/div[3]/div/div[3]/div[3]/div/div/div[3]/div/div[9]/div/div[1]/div[1]/h3"])): Text of object 'Object Repository/1. Constant/xpath' is: 'Phase 3.5[Prod]'

2022-06-09 20:18:55 - [MESSAGE][PASSED] - Text of object 'Object Repository/1. Constant/xpath' is: 'Phase 3.5[Prod]'

2022-06-09 20:18:55 - [TEST_STEP][PASSED] - verifyMatch(StepCP4_2, "Phase 3.5[Prod]", false): Actual text 'Phase 3.5[Prod]' and expected text 'Phase 3.5[Prod]' are matched 

2022-06-09 20:18:55 - [MESSAGE][PASSED] - Actual text 'Phase 3.5[Prod]' and expected text 'Phase 3.5[Prod]' are matched 

2022-06-09 20:18:55 - [TEST_STEP][PASSED] - StepCP4_3 = getText(findTestObject("1. Constant/xpath", ["xpath":"/html/body/div[1]/div[2]/div[8]/div[3]/div/div[3]/div[3]/div/div/div[3]/div/div[10]/div/div[1]/div[1]/h3"])): Text of object 'Object Repository/1. Constant/xpath' is: 'Phase 3.5[Prod]'

2022-06-09 20:18:55 - [MESSAGE][PASSED] - Text of object 'Object Repository/1. Constant/xpath' is: 'Phase 3.5[Prod]'

2022-06-09 20:18:55 - [TEST_STEP][PASSED] - verifyMatch(StepCP4_3, "Phase 3.5[Prod]", false): Actual text 'Phase 3.5[Prod]' and expected text 'Phase 3.5[Prod]' are matched 

2022-06-09 20:18:55 - [MESSAGE][PASSED] - Actual text 'Phase 3.5[Prod]' and expected text 'Phase 3.5[Prod]' are matched 

2022-06-09 20:18:55 - [TEST_STEP][PASSED] - verifyElementNotPresent(findTestObject("1. Constant/xpath", ["xpath":"/html/body/div[1]/div[2]/div[8]/div[3]/div/div[3]/div[3]/div/div/div[3]/div/div[11]/div/div[1]/div[1]/h3"]), 10): Web element with id: 'Object Repository/1. Constant/xpath' located by 'By.xpath: /html/body/div[1]/div[2]/div[8]/div[3]/div/div[3]/div[3]/div/div/div[3]/div/div[11]/div/div[1]/div[1]/h3' is not present after '10' second(s)

2022-06-09 20:18:56 - [MESSAGE][PASSED] - Web element with id: 'Object Repository/1. Constant/xpath' located by 'By.xpath: /html/body/div[1]/div[2]/div[8]/div[3]/div/div[3]/div[3]/div/div/div[3]/div/div[11]/div/div[1]/div[1]/h3' is not present after '10' second(s)

2022-06-09 20:18:56 - [TEST_STEP][PASSED] - verifyElementNotPresent(findTestObject("1. Constant/xpath", ["xpath":"/html/body/div[1]/div[2]/div[8]/div[3]/div/div[3]/div[3]/div/ul/li[4]/a"]), 10): Web element with id: 'Object Repository/1. Constant/xpath' located by 'By.xpath: /html/body/div[1]/div[2]/div[8]/div[3]/div/div[3]/div[3]/div/ul/li[4]/a' is not present after '10' second(s)

2022-06-09 20:18:56 - [MESSAGE][PASSED] - Web element with id: 'Object Repository/1. Constant/xpath' located by 'By.xpath: /html/body/div[1]/div[2]/div[8]/div[3]/div/div[3]/div[3]/div/ul/li[4]/a' is not present after '10' second(s)

2022-06-09 20:18:56 - [TEST_STEP][PASSED] - I.Logout(): Delayed 3 second(s)

2022-06-09 20:18:59 - [MESSAGE][PASSED] - Delayed 3 second(s)

2022-06-09 20:18:59 - [MESSAGE][PASSED] - Object: 'Object Repository/1. Constant/xpath' is clicked on

2022-06-09 20:19:02 - [MESSAGE][PASSED] - Delayed 3 second(s)

2022-06-09 20:19:04 - [MESSAGE][PASSED] - Object: 'Object Repository/1. Constant/xpath' is clicked on

2022-06-09 20:19:07 - [MESSAGE][PASSED] - Delayed 3 second(s)

2022-06-09 20:19:07 - [TEST_STEP][PASSED] - I.Login_password("talexeeva", password_talexeeva): Object: 'Object Repository/1. Constant/xpath' is clicked on

2022-06-09 20:19:08 - [MESSAGE][PASSED] - Text 'talexeeva' is set on object 'Object Repository/1. Constant/xpath'

2022-06-09 20:19:09 - [MESSAGE][PASSED] - Delayed 1 second(s)

2022-06-09 20:19:10 - [MESSAGE][PASSED] - Text 'diadeis2' is set on object 'Object Repository/1. Constant/xpath'

2022-06-09 20:19:11 - [MESSAGE][PASSED] - Delayed 1 second(s)

2022-06-09 20:19:14 - [MESSAGE][PASSED] - Object: 'Object Repository/1. Constant/xpath' is clicked on

2022-06-09 20:19:14 - [TEST_STEP][PASSED] - click(findTestObject("1. Constant/02_LHSMenu_Projects")): Object: 'Object Repository/1. Constant/02_LHSMenu_Projects' is clicked on

2022-06-09 20:19:17 - [MESSAGE][PASSED] - Object: 'Object Repository/1. Constant/02_LHSMenu_Projects' is clicked on

2022-06-09 20:19:17 - [TEST_STEP][PASSED] - I.SearchProjectNo_xpath(Project_No, "//*[@id="keynum_project"]", "//*[@id="form_filters"]/div[4]/button"): Delayed 5 second(s)

2022-06-09 20:19:18 - [MESSAGE][PASSED] - Delayed 1 second(s)

2022-06-09 20:19:19 - [MESSAGE][PASSED] - Text 'MI000876' is set on object 'Object Repository/1. Constant/xpath'

2022-06-09 20:19:22 - [MESSAGE][PASSED] - Delayed 3 second(s)

2022-06-09 20:19:22 - [MESSAGE][PASSED] - Scroll to object 'Object Repository/1. Constant/xpath' successfully

2022-06-09 20:19:25 - [MESSAGE][PASSED] - Object: 'Object Repository/1. Constant/xpath' is clicked on

2022-06-09 20:19:30 - [MESSAGE][PASSED] - Delayed 5 second(s)

2022-06-09 20:19:30 - [TEST_STEP][PASSED] - I.SearchRefNo_xpath("P21_Auto", "//*[@id="fiche_filter_keywords11"]", "//*[@id="form_filters"]/div[3]/button"): Delayed 5 second(s)

2022-06-09 20:19:32 - [MESSAGE][PASSED] - Delayed 1 second(s)

2022-06-09 20:19:32 - [MESSAGE][PASSED] - Text 'P21_Auto' is set on object 'Object Repository/1. Constant/xpath'

2022-06-09 20:19:35 - [MESSAGE][PASSED] - Delayed 3 second(s)

2022-06-09 20:19:35 - [MESSAGE][PASSED] - Scroll to object 'Object Repository/1. Constant/xpath' successfully

2022-06-09 20:19:43 - [MESSAGE][PASSED] - Object: 'Object Repository/1. Constant/xpath' is clicked on

2022-06-09 20:19:48 - [MESSAGE][PASSED] - Delayed 5 second(s)

2022-06-09 20:19:48 - [TEST_STEP][PASSED] - takeScreenshot(): Taking screenshot successfully

2022-06-09 20:19:48 - [MESSAGE][PASSED] - Taking screenshot successfully
[[ATTACHMENT|D:\\Projet Test Auto\\Mediabox Test Automation\\Reports\\20220609_181011\\03. Parallel Testing (Testing)\\TS -PT PART 3\\14.04 Dreyers Support Action (Ongoing _ Completed ref) - PART 4\\20220609_181106\\1654798788507.png]]

2022-06-09 20:19:48 - [TEST_STEP][PASSED] - I.submitquesiton_ref(findTestObject("1. Constant/xpath", ["xpath":"//*[@id="source_" + refID21 + ""]/td[13]/div[1]/button"]), findTestObject("1. Constant/xpath", ["xpath":"//*[@id="source_" + refID21 + ""]/td[13]/div[1]/div/a[1]"])): Object: 'Object Repository/1. Constant/xpath' is clicked on

2022-06-09 20:19:49 - [MESSAGE][PASSED] - Object: 'Object Repository/1. Constant/xpath' is clicked on

2022-06-09 20:19:52 - [MESSAGE][PASSED] - Delayed 3 second(s)

2022-06-09 20:19:53 - [MESSAGE][PASSED] - Object: 'Object Repository/1. Constant/xpath' is clicked on

2022-06-09 20:19:53 - [TEST_STEP][PASSED] - click(findTestObject("1. Constant/xpath", ["xpath":"//*[@id="ModifFiche"]/div[1]/div/button[2]"])): Object: 'Object Repository/1. Constant/xpath' is clicked on

2022-06-09 20:19:57 - [MESSAGE][PASSED] - Object: 'Object Repository/1. Constant/xpath' is clicked on

2022-06-09 20:19:57 - [TEST_STEP][PASSED] - takeScreenshot(): Taking screenshot successfully

2022-06-09 20:19:57 - [MESSAGE][PASSED] - Taking screenshot successfully
[[ATTACHMENT|D:\\Projet Test Auto\\Mediabox Test Automation\\Reports\\20220609_181011\\03. Parallel Testing (Testing)\\TS -PT PART 3\\14.04 Dreyers Support Action (Ongoing _ Completed ref) - PART 4\\20220609_181106\\1654798797269.png]]

2022-06-09 20:19:57 - [TEST_STEP][PASSED] - Lifecycle_Status22 = getText(findTestObject("1. Constant/xpath", ["xpath":"//*[@id="source_" + refID21 + ""]/td[12]/span[1]"])): Text of object 'Object Repository/1. Constant/xpath' is: 'Phase 3.2 [Question]'

2022-06-09 20:19:57 - [MESSAGE][PASSED] - Text of object 'Object Repository/1. Constant/xpath' is: 'Phase 3.2 [Question]'

2022-06-09 20:19:57 - [TEST_STEP][PASSED] - verifyMatch(Lifecycle_Status22, "Phase 3.2 [Question]", false): Actual text 'Phase 3.2 [Question]' and expected text 'Phase 3.2 [Question]' are matched 

2022-06-09 20:19:57 - [MESSAGE][PASSED] - Actual text 'Phase 3.2 [Question]' and expected text 'Phase 3.2 [Question]' are matched 

2022-06-09 20:19:57 - [TEST_STEP][PASSED] - I.Logout(): Delayed 3 second(s)

2022-06-09 20:20:00 - [MESSAGE][PASSED] - Delayed 3 second(s)

2022-06-09 20:20:01 - [MESSAGE][PASSED] - Object: 'Object Repository/1. Constant/xpath' is clicked on

2022-06-09 20:20:04 - [MESSAGE][PASSED] - Delayed 3 second(s)

2022-06-09 20:20:06 - [MESSAGE][PASSED] - Object: 'Object Repository/1. Constant/xpath' is clicked on

2022-06-09 20:20:09 - [MESSAGE][PASSED] - Delayed 3 second(s)

2022-06-09 20:20:09 - [TEST_STEP][PASSED] - I.Login_password("nturner", password_nturner): Object: 'Object Repository/1. Constant/xpath' is clicked on

2022-06-09 20:20:09 - [MESSAGE][PASSED] - Text 'nturner' is set on object 'Object Repository/1. Constant/xpath'

2022-06-09 20:20:10 - [MESSAGE][PASSED] - Delayed 1 second(s)

2022-06-09 20:20:11 - [MESSAGE][PASSED] - Text 'diadeis1' is set on object 'Object Repository/1. Constant/xpath'

2022-06-09 20:20:12 - [MESSAGE][PASSED] - Delayed 1 second(s)

2022-06-09 20:20:16 - [MESSAGE][PASSED] - Object: 'Object Repository/1. Constant/xpath' is clicked on

2022-06-09 20:20:16 - [TEST_STEP][PASSED] - delay(1): Delayed 1 second(s)

2022-06-09 20:20:17 - [MESSAGE][PASSED] - Delayed 1 second(s)

2022-06-09 20:20:17 - [TEST_STEP][PASSED] - click(findTestObject("1. Constant/02_LHSMenu_Projects")): Object: 'Object Repository/1. Constant/02_LHSMenu_Projects' is clicked on

2022-06-09 20:20:22 - [MESSAGE][PASSED] - Object: 'Object Repository/1. Constant/02_LHSMenu_Projects' is clicked on

2022-06-09 20:20:22 - [TEST_STEP][PASSED] - I.SearchProjectNo_xpath(Project_No, "//*[@id="keynum_project"]", "//*[@id="form_filters"]/div[4]/button"): Delayed 5 second(s)

2022-06-09 20:20:23 - [MESSAGE][PASSED] - Delayed 1 second(s)

2022-06-09 20:20:24 - [MESSAGE][PASSED] - Text 'MI000876' is set on object 'Object Repository/1. Constant/xpath'

2022-06-09 20:20:27 - [MESSAGE][PASSED] - Delayed 3 second(s)

2022-06-09 20:20:27 - [MESSAGE][PASSED] - Scroll to object 'Object Repository/1. Constant/xpath' successfully

2022-06-09 20:20:31 - [MESSAGE][PASSED] - Object: 'Object Repository/1. Constant/xpath' is clicked on

2022-06-09 20:20:36 - [MESSAGE][PASSED] - Delayed 5 second(s)

2022-06-09 20:20:36 - [TEST_STEP][PASSED] - I.SearchRefNo_xpath("P21_Auto", "//*[@id="fiche_filter_keywords11"]", "//*[@id="form_filters"]/div[3]/button"): Delayed 5 second(s)

2022-06-09 20:20:37 - [MESSAGE][PASSED] - Delayed 1 second(s)

2022-06-09 20:20:37 - [MESSAGE][PASSED] - Text 'P21_Auto' is set on object 'Object Repository/1. Constant/xpath'

2022-06-09 20:20:40 - [MESSAGE][PASSED] - Delayed 3 second(s)

2022-06-09 20:20:40 - [MESSAGE][PASSED] - Scroll to object 'Object Repository/1. Constant/xpath' successfully

2022-06-09 20:20:42 - [MESSAGE][PASSED] - Object: 'Object Repository/1. Constant/xpath' is clicked on

2022-06-09 20:20:47 - [MESSAGE][PASSED] - Delayed 5 second(s)

2022-06-09 20:20:47 - [TEST_STEP][PASSED] - takeScreenshot(): Taking screenshot successfully

2022-06-09 20:20:48 - [MESSAGE][PASSED] - Taking screenshot successfully
[[ATTACHMENT|D:\\Projet Test Auto\\Mediabox Test Automation\\Reports\\20220609_181011\\03. Parallel Testing (Testing)\\TS -PT PART 3\\14.04 Dreyers Support Action (Ongoing _ Completed ref) - PART 4\\20220609_181106\\1654798848550.png]]

2022-06-09 20:20:48 - [TEST_STEP][PASSED] - I.submitquesiton_ref(findTestObject("1. Constant/xpath", ["xpath":"//*[@id="source_" + refID21 + ""]/td[13]/div/button"]), findTestObject("1. Constant/xpath", ["xpath":"//*[@id="source_" + refID21 + ""]/td[13]/div/div/a[1]"])): Object: 'Object Repository/1. Constant/xpath' is clicked on

2022-06-09 20:20:49 - [MESSAGE][PASSED] - Object: 'Object Repository/1. Constant/xpath' is clicked on

2022-06-09 20:20:52 - [MESSAGE][PASSED] - Delayed 3 second(s)

2022-06-09 20:20:53 - [MESSAGE][PASSED] - Object: 'Object Repository/1. Constant/xpath' is clicked on

2022-06-09 20:20:53 - [TEST_STEP][PASSED] - click(findTestObject("1. Constant/xpath", ["xpath":"//*[@id="ModifFiche"]/div[1]/div/button[2]"])): Object: 'Object Repository/1. Constant/xpath' is clicked on

2022-06-09 20:20:58 - [MESSAGE][PASSED] - Object: 'Object Repository/1. Constant/xpath' is clicked on

2022-06-09 20:20:58 - [TEST_STEP][PASSED] - Lifecycle_Status33 = getText(findTestObject("1. Constant/xpath", ["xpath":"//*[@id="source_" + refID21 + ""]/td[12]/span[1]"])): Text of object 'Object Repository/1. Constant/xpath' is: 'Phase 3.3 [Standard]'

2022-06-09 20:20:59 - [MESSAGE][PASSED] - Text of object 'Object Repository/1. Constant/xpath' is: 'Phase 3.3 [Standard]'

2022-06-09 20:20:59 - [TEST_STEP][PASSED] - verifyMatch(Lifecycle_Status33, "Phase 3.3 [Standard]", false): Actual text 'Phase 3.3 [Standard]' and expected text 'Phase 3.3 [Standard]' are matched 

2022-06-09 20:20:59 - [MESSAGE][PASSED] - Actual text 'Phase 3.3 [Standard]' and expected text 'Phase 3.3 [Standard]' are matched 

2022-06-09 20:20:59 - [TEST_STEP][PASSED] - takeScreenshot(): Taking screenshot successfully

2022-06-09 20:21:00 - [MESSAGE][PASSED] - Taking screenshot successfully
[[ATTACHMENT|D:\\Projet Test Auto\\Mediabox Test Automation\\Reports\\20220609_181011\\03. Parallel Testing (Testing)\\TS -PT PART 3\\14.04 Dreyers Support Action (Ongoing _ Completed ref) - PART 4\\20220609_181106\\1654798859952.png]]

2022-06-09 20:21:00 - [TEST_STEP][PASSED] - I.Logout(): Delayed 3 second(s)

2022-06-09 20:21:03 - [MESSAGE][PASSED] - Delayed 3 second(s)

2022-06-09 20:21:05 - [MESSAGE][PASSED] - Object: 'Object Repository/1. Constant/xpath' is clicked on

2022-06-09 20:21:08 - [MESSAGE][PASSED] - Delayed 3 second(s)

2022-06-09 20:21:09 - [MESSAGE][PASSED] - Object: 'Object Repository/1. Constant/xpath' is clicked on

2022-06-09 20:21:12 - [MESSAGE][PASSED] - Delayed 3 second(s)

2022-06-09 20:21:12 - [TEST_STEP][PASSED] - I.Login_password("jryan", password_jryan): Object: 'Object Repository/1. Constant/xpath' is clicked on

2022-06-09 20:21:14 - [MESSAGE][PASSED] - Text 'jryan' is set on object 'Object Repository/1. Constant/xpath'

2022-06-09 20:21:15 - [MESSAGE][PASSED] - Delayed 1 second(s)

2022-06-09 20:21:15 - [MESSAGE][PASSED] - Text 'diadeis' is set on object 'Object Repository/1. Constant/xpath'

2022-06-09 20:21:16 - [MESSAGE][PASSED] - Delayed 1 second(s)

2022-06-09 20:21:20 - [MESSAGE][PASSED] - Object: 'Object Repository/1. Constant/xpath' is clicked on

2022-06-09 20:21:20 - [TEST_STEP][PASSED] - click(findTestObject("1. Constant/02_LHSMenu_Projects")): Object: 'Object Repository/1. Constant/02_LHSMenu_Projects' is clicked on

2022-06-09 20:21:22 - [MESSAGE][PASSED] - Object: 'Object Repository/1. Constant/02_LHSMenu_Projects' is clicked on

2022-06-09 20:21:22 - [TEST_STEP][PASSED] - I.SearchProjectNo_xpath(Project_No, "//*[@id="keynum_project"]", "//*[@id="form_filters"]/div[4]/button"): Delayed 5 second(s)

2022-06-09 20:21:23 - [MESSAGE][PASSED] - Delayed 1 second(s)

2022-06-09 20:21:23 - [MESSAGE][PASSED] - Text 'MI000876' is set on object 'Object Repository/1. Constant/xpath'

2022-06-09 20:21:26 - [MESSAGE][PASSED] - Delayed 3 second(s)

2022-06-09 20:21:26 - [MESSAGE][PASSED] - Scroll to object 'Object Repository/1. Constant/xpath' successfully

2022-06-09 20:21:30 - [MESSAGE][PASSED] - Object: 'Object Repository/1. Constant/xpath' is clicked on

2022-06-09 20:21:35 - [MESSAGE][PASSED] - Delayed 5 second(s)

2022-06-09 20:21:35 - [TEST_STEP][PASSED] - I.SearchRefNo_xpath("P21_Auto", "//*[@id="fiche_filter_keywords11"]", "//*[@id="form_filters"]/div[3]/button"): Delayed 5 second(s)

2022-06-09 20:21:36 - [MESSAGE][PASSED] - Delayed 1 second(s)

2022-06-09 20:21:37 - [MESSAGE][PASSED] - Text 'P21_Auto' is set on object 'Object Repository/1. Constant/xpath'

2022-06-09 20:21:40 - [MESSAGE][PASSED] - Delayed 3 second(s)

2022-06-09 20:21:40 - [MESSAGE][PASSED] - Scroll to object 'Object Repository/1. Constant/xpath' successfully

2022-06-09 20:21:43 - [MESSAGE][PASSED] - Object: 'Object Repository/1. Constant/xpath' is clicked on

2022-06-09 20:21:48 - [MESSAGE][PASSED] - Delayed 5 second(s)

2022-06-09 20:21:48 - [TEST_STEP][PASSED] - takeScreenshot(): Taking screenshot successfully

2022-06-09 20:21:48 - [MESSAGE][PASSED] - Taking screenshot successfully
[[ATTACHMENT|D:\\Projet Test Auto\\Mediabox Test Automation\\Reports\\20220609_181011\\03. Parallel Testing (Testing)\\TS -PT PART 3\\14.04 Dreyers Support Action (Ongoing _ Completed ref) - PART 4\\20220609_181106\\1654798908497.png]]

2022-06-09 20:21:48 - [TEST_STEP][PASSED] - click(findTestObject("1. Constant/xpath", ["xpath":"//*[@id="source_" + refID21 + ""]/td[14]/a[2]"])): Object: 'Object Repository/1. Constant/xpath' is clicked on

2022-06-09 20:21:49 - [MESSAGE][PASSED] - Object: 'Object Repository/1. Constant/xpath' is clicked on

2022-06-09 20:21:49 - [TEST_STEP][PASSED] - click(findTestObject("1. Constant/xpath", ["xpath":"//*[@id="ModifFiche"]/div[1]/div/button[2]"])): Object: 'Object Repository/1. Constant/xpath' is clicked on

2022-06-09 20:21:55 - [MESSAGE][PASSED] - Object: 'Object Repository/1. Constant/xpath' is clicked on

2022-06-09 20:21:55 - [TEST_STEP][PASSED] - Lifecycle_Status44 = getText(findTestObject("1. Constant/xpath", ["xpath":"//*[@id="source_" + refID21 + ""]/td[12]/span[1]"])): Text of object 'Object Repository/1. Constant/xpath' is: 'Phase 3.4 [Standard]'

2022-06-09 20:21:55 - [MESSAGE][PASSED] - Text of object 'Object Repository/1. Constant/xpath' is: 'Phase 3.4 [Standard]'

2022-06-09 20:21:55 - [TEST_STEP][PASSED] - verifyMatch(Lifecycle_Status44, "Phase 3.4 [Standard]", false): Actual text 'Phase 3.4 [Standard]' and expected text 'Phase 3.4 [Standard]' are matched 

2022-06-09 20:21:55 - [MESSAGE][PASSED] - Actual text 'Phase 3.4 [Standard]' and expected text 'Phase 3.4 [Standard]' are matched 

2022-06-09 20:21:55 - [TEST_STEP][PASSED] - takeScreenshot(): Taking screenshot successfully

2022-06-09 20:21:55 - [MESSAGE][PASSED] - Taking screenshot successfully
[[ATTACHMENT|D:\\Projet Test Auto\\Mediabox Test Automation\\Reports\\20220609_181011\\03. Parallel Testing (Testing)\\TS -PT PART 3\\14.04 Dreyers Support Action (Ongoing _ Completed ref) - PART 4\\20220609_181106\\1654798915366.png]]

2022-06-09 20:21:55 - [TEST_STEP][PASSED] - I.Logout(): Delayed 3 second(s)

2022-06-09 20:21:58 - [MESSAGE][PASSED] - Delayed 3 second(s)

2022-06-09 20:21:58 - [MESSAGE][PASSED] - Object: 'Object Repository/1. Constant/xpath' is clicked on

2022-06-09 20:22:01 - [MESSAGE][PASSED] - Delayed 3 second(s)

2022-06-09 20:22:03 - [MESSAGE][PASSED] - Object: 'Object Repository/1. Constant/xpath' is clicked on

2022-06-09 20:22:06 - [MESSAGE][PASSED] - Delayed 3 second(s)

2022-06-09 20:22:06 - [TEST_STEP][PASSED] - I.Login_password("nturner", password_nturner): Object: 'Object Repository/1. Constant/xpath' is clicked on

2022-06-09 20:22:06 - [MESSAGE][PASSED] - Text 'nturner' is set on object 'Object Repository/1. Constant/xpath'

2022-06-09 20:22:07 - [MESSAGE][PASSED] - Delayed 1 second(s)

2022-06-09 20:22:07 - [MESSAGE][PASSED] - Text 'diadeis1' is set on object 'Object Repository/1. Constant/xpath'

2022-06-09 20:22:08 - [MESSAGE][PASSED] - Delayed 1 second(s)

2022-06-09 20:22:12 - [MESSAGE][PASSED] - Object: 'Object Repository/1. Constant/xpath' is clicked on

2022-06-09 20:22:12 - [TEST_STEP][PASSED] - click(findTestObject("1. Constant/02_LHSMenu_Projects")): Object: 'Object Repository/1. Constant/02_LHSMenu_Projects' is clicked on

2022-06-09 20:22:14 - [MESSAGE][PASSED] - Object: 'Object Repository/1. Constant/02_LHSMenu_Projects' is clicked on

2022-06-09 20:22:14 - [TEST_STEP][PASSED] - I.SearchProjectNo_xpath(Project_No, "//*[@id="keynum_project"]", "//*[@id="form_filters"]/div[4]/button"): Delayed 5 second(s)

2022-06-09 20:22:15 - [MESSAGE][PASSED] - Delayed 1 second(s)

2022-06-09 20:22:15 - [MESSAGE][PASSED] - Text 'MI000876' is set on object 'Object Repository/1. Constant/xpath'

2022-06-09 20:22:18 - [MESSAGE][PASSED] - Delayed 3 second(s)

2022-06-09 20:22:19 - [MESSAGE][PASSED] - Scroll to object 'Object Repository/1. Constant/xpath' successfully

2022-06-09 20:22:21 - [MESSAGE][PASSED] - Object: 'Object Repository/1. Constant/xpath' is clicked on

2022-06-09 20:22:26 - [MESSAGE][PASSED] - Delayed 5 second(s)

2022-06-09 20:22:26 - [TEST_STEP][PASSED] - I.SearchRefNo_xpath("P21_Auto", "//*[@id="fiche_filter_keywords11"]", "//*[@id="form_filters"]/div[3]/button"): Delayed 5 second(s)

2022-06-09 20:22:27 - [MESSAGE][PASSED] - Delayed 1 second(s)

2022-06-09 20:22:27 - [MESSAGE][PASSED] - Text 'P21_Auto' is set on object 'Object Repository/1. Constant/xpath'

2022-06-09 20:22:30 - [MESSAGE][PASSED] - Delayed 3 second(s)

2022-06-09 20:22:31 - [MESSAGE][PASSED] - Scroll to object 'Object Repository/1. Constant/xpath' successfully

2022-06-09 20:22:32 - [MESSAGE][PASSED] - Object: 'Object Repository/1. Constant/xpath' is clicked on

2022-06-09 20:22:37 - [MESSAGE][PASSED] - Delayed 5 second(s)

2022-06-09 20:22:37 - [TEST_STEP][PASSED] - takeScreenshot(): Taking screenshot successfully

2022-06-09 20:22:38 - [MESSAGE][PASSED] - Taking screenshot successfully
[[ATTACHMENT|D:\\Projet Test Auto\\Mediabox Test Automation\\Reports\\20220609_181011\\03. Parallel Testing (Testing)\\TS -PT PART 3\\14.04 Dreyers Support Action (Ongoing _ Completed ref) - PART 4\\20220609_181106\\1654798957934.png]]

2022-06-09 20:22:38 - [TEST_STEP][PASSED] - click(findTestObject("1. Constant/xpath", ["xpath":"//*[@id="source_" + refID21 + ""]/td[13]/a[2]"])): Object: 'Object Repository/1. Constant/xpath' is clicked on

2022-06-09 20:22:39 - [MESSAGE][PASSED] - Object: 'Object Repository/1. Constant/xpath' is clicked on

2022-06-09 20:22:39 - [TEST_STEP][PASSED] - click(findTestObject("1. Constant/xpath", ["xpath":"//*[@id="ModifFiche"]/div[1]/div/button[2]"])): Object: 'Object Repository/1. Constant/xpath' is clicked on

2022-06-09 20:22:43 - [MESSAGE][PASSED] - Object: 'Object Repository/1. Constant/xpath' is clicked on

2022-06-09 20:22:43 - [TEST_STEP][PASSED] - Lifecycle_Status55 = getText(findTestObject("1. Constant/xpath", ["xpath":"//*[@id="source_" + refID21 + ""]/td[12]/span[1]"])): Text of object 'Object Repository/1. Constant/xpath' is: 'Phase 3.5[Prod]'

2022-06-09 20:22:43 - [MESSAGE][PASSED] - Text of object 'Object Repository/1. Constant/xpath' is: 'Phase 3.5[Prod]'

2022-06-09 20:22:43 - [TEST_STEP][PASSED] - verifyMatch(Lifecycle_Status55, "Phase 3.5[Prod]", false): Actual text 'Phase 3.5[Prod]' and expected text 'Phase 3.5[Prod]' are matched 

2022-06-09 20:22:43 - [MESSAGE][PASSED] - Actual text 'Phase 3.5[Prod]' and expected text 'Phase 3.5[Prod]' are matched 

2022-06-09 20:22:43 - [TEST_STEP][PASSED] - takeScreenshot(): Taking screenshot successfully

2022-06-09 20:22:43 - [MESSAGE][PASSED] - Taking screenshot successfully
[[ATTACHMENT|D:\\Projet Test Auto\\Mediabox Test Automation\\Reports\\20220609_181011\\03. Parallel Testing (Testing)\\TS -PT PART 3\\14.04 Dreyers Support Action (Ongoing _ Completed ref) - PART 4\\20220609_181106\\1654798963162.png]]

2022-06-09 20:22:43 - [TEST_STEP][PASSED] - I.Logout(): Delayed 3 second(s)

2022-06-09 20:22:46 - [MESSAGE][PASSED] - Delayed 3 second(s)

2022-06-09 20:22:47 - [MESSAGE][PASSED] - Object: 'Object Repository/1. Constant/xpath' is clicked on

2022-06-09 20:22:50 - [MESSAGE][PASSED] - Delayed 3 second(s)

2022-06-09 20:22:51 - [MESSAGE][PASSED] - Object: 'Object Repository/1. Constant/xpath' is clicked on

2022-06-09 20:22:54 - [MESSAGE][PASSED] - Delayed 3 second(s)

2022-06-09 20:22:54 - [TEST_STEP][PASSED] - I.Login_password("lmary", password_lmary): Object: 'Object Repository/1. Constant/xpath' is clicked on

2022-06-09 20:22:55 - [MESSAGE][PASSED] - Text 'lmary' is set on object 'Object Repository/1. Constant/xpath'

2022-06-09 20:22:56 - [MESSAGE][PASSED] - Delayed 1 second(s)

2022-06-09 20:22:56 - [MESSAGE][PASSED] - Text 'diadeis' is set on object 'Object Repository/1. Constant/xpath'

2022-06-09 20:22:57 - [MESSAGE][PASSED] - Delayed 1 second(s)

2022-06-09 20:23:01 - [MESSAGE][PASSED] - Object: 'Object Repository/1. Constant/xpath' is clicked on

2022-06-09 20:23:01 - [TEST_STEP][PASSED] - click(findTestObject("1. Constant/02_LHSMenu_Projects")): Object: 'Object Repository/1. Constant/02_LHSMenu_Projects' is clicked on

2022-06-09 20:23:03 - [MESSAGE][PASSED] - Object: 'Object Repository/1. Constant/02_LHSMenu_Projects' is clicked on

2022-06-09 20:23:03 - [TEST_STEP][PASSED] - I.SearchProjectNo_xpath(Project_No, "//*[@id="keynum_project"]", "//*[@id="form_filters"]/div[4]/button"): Delayed 5 second(s)

2022-06-09 20:23:04 - [MESSAGE][PASSED] - Delayed 1 second(s)

2022-06-09 20:23:04 - [MESSAGE][PASSED] - Text 'MI000876' is set on object 'Object Repository/1. Constant/xpath'

2022-06-09 20:23:07 - [MESSAGE][PASSED] - Delayed 3 second(s)

2022-06-09 20:23:08 - [MESSAGE][PASSED] - Scroll to object 'Object Repository/1. Constant/xpath' successfully

2022-06-09 20:23:11 - [MESSAGE][PASSED] - Object: 'Object Repository/1. Constant/xpath' is clicked on

2022-06-09 20:23:16 - [MESSAGE][PASSED] - Delayed 5 second(s)

2022-06-09 20:23:16 - [TEST_STEP][PASSED] - I.SearchRefNo_xpath("P21_Auto", "//*[@id="fiche_filter_keywords11"]", "//*[@id="form_filters"]/div[3]/button"): Delayed 5 second(s)

2022-06-09 20:23:17 - [MESSAGE][PASSED] - Delayed 1 second(s)

2022-06-09 20:23:17 - [MESSAGE][PASSED] - Text 'P21_Auto' is set on object 'Object Repository/1. Constant/xpath'

2022-06-09 20:23:20 - [MESSAGE][PASSED] - Delayed 3 second(s)

2022-06-09 20:23:20 - [MESSAGE][PASSED] - Scroll to object 'Object Repository/1. Constant/xpath' successfully

2022-06-09 20:23:22 - [MESSAGE][PASSED] - Object: 'Object Repository/1. Constant/xpath' is clicked on

2022-06-09 20:23:27 - [MESSAGE][PASSED] - Delayed 5 second(s)

2022-06-09 20:23:27 - [TEST_STEP][PASSED] - takeScreenshot(): Taking screenshot successfully

2022-06-09 20:23:27 - [MESSAGE][PASSED] - Taking screenshot successfully
[[ATTACHMENT|D:\\Projet Test Auto\\Mediabox Test Automation\\Reports\\20220609_181011\\03. Parallel Testing (Testing)\\TS -PT PART 3\\14.04 Dreyers Support Action (Ongoing _ Completed ref) - PART 4\\20220609_181106\\1654799007415.png]]

2022-06-09 20:23:27 - [TEST_STEP][PASSED] - color3 = getCSSValue(findTestObject("1. Constant/xpath", ["xpath":"//*[@id="source_" + refID21 + ""]/td[13]/a"]), "color", OPTIONAL): Get CSS 'color' value on 'Object Repository/1. Constant/xpath' successfully: 'rgba(255, 255, 255, 1)'.

2022-06-09 20:23:27 - [MESSAGE][PASSED] - Get CSS 'color' value on 'Object Repository/1. Constant/xpath' successfully: 'rgba(255, 255, 255, 1)'.

2022-06-09 20:23:27 - [TEST_STEP][PASSED] - while (color3 == "rgba(255, 255, 255, 1)"): Get CSS 'color' value on 'Object Repository/1. Constant/xpath' successfully: 'rgba(54, 153, 255, 1)'.

2022-06-09 20:23:27 - [TEST_STEP][PASSED] - click(findTestObject("1. Constant/xpath", ["xpath":"//*[@id="source_" + refID21 + ""]/td[13]/a"])): Object: 'Object Repository/1. Constant/xpath' is clicked on

2022-06-09 20:23:28 - [MESSAGE][PASSED] - Object: 'Object Repository/1. Constant/xpath' is clicked on

2022-06-09 20:23:28 - [TEST_STEP][PASSED] - selectOptionByValue(findTestObject("1. Constant/xpath", ["xpath":"//*[@id="id_approval_flow_tpl"]"]), "80", false): All options with value '80' are selected in object 'Object Repository/1. Constant/xpath' 

2022-06-09 20:23:29 - [MESSAGE][PASSED] - All options with value '80' are selected in object 'Object Repository/1. Constant/xpath' 

2022-06-09 20:23:29 - [TEST_STEP][PASSED] - I.UploadDoc_sendkey_Prod(findTestObject("1. Constant/xpath", ["xpath":"//*[@id="kt_body"]/input[2]"]), "D:\Upoad_File\Upload doc\testdata1.jpg", "testdata1"): Delayed 5 second(s)

2022-06-09 20:23:29 - [MESSAGE][PASSED] - Scroll to object 'Object Repository/1. Constant/xpath' successfully

2022-06-09 20:23:34 - [MESSAGE][PASSED] - Delayed 5 second(s)

2022-06-09 20:23:35 - [MESSAGE][PASSED] - File 'D:\Upoad_File\Upload doc\testdata1.jpg' sent to object: 'Object Repository/1. Constant/xpath'

2022-06-09 20:23:40 - [MESSAGE][PASSED] - Delayed 5 second(s)

2022-06-09 20:23:40 - [MESSAGE][PASSED] - Text 'testdata1' is present on page 

2022-06-09 20:23:45 - [MESSAGE][PASSED] - Delayed 5 second(s)

2022-06-09 20:23:50 - [MESSAGE][PASSED] - Delayed 5 second(s)

2022-06-09 20:23:50 - [TEST_STEP][PASSED] - takeScreenshot(): Taking screenshot successfully

2022-06-09 20:23:50 - [MESSAGE][PASSED] - Taking screenshot successfully
[[ATTACHMENT|D:\\Projet Test Auto\\Mediabox Test Automation\\Reports\\20220609_181011\\03. Parallel Testing (Testing)\\TS -PT PART 3\\14.04 Dreyers Support Action (Ongoing _ Completed ref) - PART 4\\20220609_181106\\1654799030325.png]]

2022-06-09 20:23:50 - [TEST_STEP][PASSED] - delay(8): Delayed 8 second(s)

2022-06-09 20:23:58 - [MESSAGE][PASSED] - Delayed 8 second(s)

2022-06-09 20:23:58 - [TEST_STEP][PASSED] - click(findTestObject("HL Full Lifecycle/12 ReferncePage_Button_Updatensenddoc")): Object: 'Object Repository/HL Full Lifecycle/12 ReferncePage_Button_Updatensenddoc' is clicked on

2022-06-09 20:24:02 - [MESSAGE][PASSED] - Object: 'Object Repository/HL Full Lifecycle/12 ReferncePage_Button_Updatensenddoc' is clicked on

2022-06-09 20:24:02 - [TEST_STEP][PASSED] - delay(3): Delayed 3 second(s)

2022-06-09 20:24:05 - [MESSAGE][PASSED] - Delayed 3 second(s)

2022-06-09 20:24:05 - [TEST_STEP][PASSED] - color3 = getCSSValue(findTestObject("1. Constant/xpath", ["xpath":"//*[@id="source_" + refID21 + ""]/td[13]/a"]), "color", OPTIONAL): Get CSS 'color' value on 'Object Repository/1. Constant/xpath' successfully: 'rgba(54, 153, 255, 1)'.

2022-06-09 20:24:07 - [MESSAGE][PASSED] - Get CSS 'color' value on 'Object Repository/1. Constant/xpath' successfully: 'rgba(54, 153, 255, 1)'.

2022-06-09 20:24:07 - [TEST_STEP][PASSED] - I.Logout(): Delayed 3 second(s)

2022-06-09 20:24:10 - [MESSAGE][PASSED] - Delayed 3 second(s)

2022-06-09 20:24:11 - [MESSAGE][PASSED] - Object: 'Object Repository/1. Constant/xpath' is clicked on

2022-06-09 20:24:14 - [MESSAGE][PASSED] - Delayed 3 second(s)

2022-06-09 20:24:15 - [MESSAGE][PASSED] - Object: 'Object Repository/1. Constant/xpath' is clicked on

2022-06-09 20:24:18 - [MESSAGE][PASSED] - Delayed 3 second(s)

2022-06-09 20:24:18 - [TEST_STEP][PASSED] - I.Login_password("blemco", password_blemco): Object: 'Object Repository/1. Constant/xpath' is clicked on

2022-06-09 20:24:18 - [MESSAGE][PASSED] - Text 'blemco' is set on object 'Object Repository/1. Constant/xpath'

2022-06-09 20:24:19 - [MESSAGE][PASSED] - Delayed 1 second(s)

2022-06-09 20:24:21 - [MESSAGE][PASSED] - Text 'diadeis1' is set on object 'Object Repository/1. Constant/xpath'

2022-06-09 20:24:22 - [MESSAGE][PASSED] - Delayed 1 second(s)

2022-06-09 20:24:25 - [MESSAGE][PASSED] - Object: 'Object Repository/1. Constant/xpath' is clicked on

2022-06-09 20:24:25 - [TEST_STEP][PASSED] - click(findTestObject("1. Constant/02_LHSMenu_Projects")): Object: 'Object Repository/1. Constant/02_LHSMenu_Projects' is clicked on

2022-06-09 20:24:29 - [MESSAGE][PASSED] - Object: 'Object Repository/1. Constant/02_LHSMenu_Projects' is clicked on

2022-06-09 20:24:29 - [TEST_STEP][PASSED] - I.SearchProjectNo_xpath(Project_No, "//*[@id="keynum_project"]", "//*[@id="form_filters"]/div[4]/button"): Delayed 5 second(s)

2022-06-09 20:24:30 - [MESSAGE][PASSED] - Delayed 1 second(s)

2022-06-09 20:24:30 - [MESSAGE][PASSED] - Text 'MI000876' is set on object 'Object Repository/1. Constant/xpath'

2022-06-09 20:24:33 - [MESSAGE][PASSED] - Delayed 3 second(s)

2022-06-09 20:24:33 - [MESSAGE][PASSED] - Scroll to object 'Object Repository/1. Constant/xpath' successfully

2022-06-09 20:24:37 - [MESSAGE][PASSED] - Object: 'Object Repository/1. Constant/xpath' is clicked on

2022-06-09 20:24:42 - [MESSAGE][PASSED] - Delayed 5 second(s)

2022-06-09 20:24:42 - [TEST_STEP][PASSED] - I.SearchRefNo_xpath("P21_Auto", "//*[@id="fiche_filter_keywords11"]", "//*[@id="form_filters"]/div[3]/button"): Delayed 5 second(s)

2022-06-09 20:24:43 - [MESSAGE][PASSED] - Delayed 1 second(s)

2022-06-09 20:24:43 - [MESSAGE][PASSED] - Text 'P21_Auto' is set on object 'Object Repository/1. Constant/xpath'

2022-06-09 20:24:47 - [MESSAGE][PASSED] - Delayed 3 second(s)

2022-06-09 20:24:47 - [MESSAGE][PASSED] - Scroll to object 'Object Repository/1. Constant/xpath' successfully

2022-06-09 20:24:49 - [MESSAGE][PASSED] - Object: 'Object Repository/1. Constant/xpath' is clicked on

2022-06-09 20:24:54 - [MESSAGE][PASSED] - Delayed 5 second(s)

2022-06-09 20:24:54 - [TEST_STEP][PASSED] - I.AWF_approve_byaction(findTestObject("1. Constant/xpath", ["xpath":"//*[@id="source_" + refID21 + ""]/td[13]/a[2]"])): Object: 'Object Repository/HL Full Lifecycle/Function_Appbutton2' is clicked on

2022-06-09 20:24:59 - [MESSAGE][PASSED] - Delayed 5 second(s)

2022-06-09 20:25:01 - [MESSAGE][PASSED] - Object: 'Object Repository/1. Constant/xpath' is clicked on

2022-06-09 20:25:02 - [MESSAGE][PASSED] - Object: 'Object Repository/HL Full Lifecycle/Function_access Viewer2' is hovered

2022-06-09 20:25:05 - [MESSAGE][PASSED] - Delayed 3 second(s)

2022-06-09 20:25:07 - [MESSAGE][PASSED] - Object: 'Object Repository/HL Full Lifecycle/Function_access Viewer2' is clicked on

2022-06-09 20:25:12 - [MESSAGE][PASSED] - Delayed 5 second(s)

2022-06-09 20:25:12 - [MESSAGE][PASSED] - Object: 'Object Repository/HL Full Lifecycle/Function_AppButton' is clicked on

2022-06-09 20:25:17 - [MESSAGE][PASSED] - Delayed 5 second(s)

2022-06-09 20:25:22 - [MESSAGE][PASSED] - Object: 'Object Repository/HL Full Lifecycle/Function_Appbutton2' is clicked on

2022-06-09 20:25:22 - [TEST_STEP][PASSED] - Lifecycle_Status66 = getText(findTestObject("1. Constant/xpath", ["xpath":"//*[@id="source_" + refID21 + ""]/td[12]/span[1]"])): Text of object 'Object Repository/1. Constant/xpath' is: 'Phase 3.5[Prod]'

2022-06-09 20:25:23 - [MESSAGE][PASSED] - Text of object 'Object Repository/1. Constant/xpath' is: 'Phase 3.5[Prod]'

2022-06-09 20:25:23 - [TEST_STEP][PASSED] - verifyMatch(Lifecycle_Status66, "Phase 3.5[Prod]", false): Actual text 'Phase 3.5[Prod]' and expected text 'Phase 3.5[Prod]' are matched 

2022-06-09 20:25:23 - [MESSAGE][PASSED] - Actual text 'Phase 3.5[Prod]' and expected text 'Phase 3.5[Prod]' are matched 

2022-06-09 20:25:23 - [TEST_STEP][PASSED] - I.Logout(): Delayed 3 second(s)

2022-06-09 20:25:26 - [MESSAGE][PASSED] - Delayed 3 second(s)

2022-06-09 20:25:26 - [MESSAGE][PASSED] - Object: 'Object Repository/1. Constant/xpath' is clicked on

2022-06-09 20:25:29 - [MESSAGE][PASSED] - Delayed 3 second(s)

2022-06-09 20:25:31 - [MESSAGE][PASSED] - Object: 'Object Repository/1. Constant/xpath' is clicked on

2022-06-09 20:25:34 - [MESSAGE][PASSED] - Delayed 3 second(s)

2022-06-09 20:25:34 - [TEST_STEP][PASSED] - I.Login_password("lmary", password_lmary): Object: 'Object Repository/1. Constant/xpath' is clicked on

2022-06-09 20:25:34 - [MESSAGE][PASSED] - Text 'lmary' is set on object 'Object Repository/1. Constant/xpath'

2022-06-09 20:25:35 - [MESSAGE][PASSED] - Delayed 1 second(s)

2022-06-09 20:25:37 - [MESSAGE][PASSED] - Text 'diadeis' is set on object 'Object Repository/1. Constant/xpath'

2022-06-09 20:25:38 - [MESSAGE][PASSED] - Delayed 1 second(s)

2022-06-09 20:25:42 - [MESSAGE][PASSED] - Object: 'Object Repository/1. Constant/xpath' is clicked on

2022-06-09 20:25:42 - [TEST_STEP][PASSED] - click(findTestObject("1. Constant/02_LHSMenu_Projects")): Object: 'Object Repository/1. Constant/02_LHSMenu_Projects' is clicked on

2022-06-09 20:25:45 - [MESSAGE][PASSED] - Object: 'Object Repository/1. Constant/02_LHSMenu_Projects' is clicked on

2022-06-09 20:25:45 - [TEST_STEP][PASSED] - I.SearchProjectNo_xpath(Project_No, "//*[@id="keynum_project"]", "//*[@id="form_filters"]/div[4]/button"): Delayed 5 second(s)

2022-06-09 20:25:46 - [MESSAGE][PASSED] - Delayed 1 second(s)

2022-06-09 20:25:47 - [MESSAGE][PASSED] - Text 'MI000876' is set on object 'Object Repository/1. Constant/xpath'

2022-06-09 20:25:50 - [MESSAGE][PASSED] - Delayed 3 second(s)

2022-06-09 20:25:50 - [MESSAGE][PASSED] - Scroll to object 'Object Repository/1. Constant/xpath' successfully

2022-06-09 20:25:53 - [MESSAGE][PASSED] - Object: 'Object Repository/1. Constant/xpath' is clicked on

2022-06-09 20:25:58 - [MESSAGE][PASSED] - Delayed 5 second(s)

2022-06-09 20:25:58 - [TEST_STEP][PASSED] - I.SearchRefNo_xpath("P21_Auto", "//*[@id="fiche_filter_keywords11"]", "//*[@id="form_filters"]/div[3]/button"): Delayed 5 second(s)

2022-06-09 20:25:59 - [MESSAGE][PASSED] - Delayed 1 second(s)

2022-06-09 20:26:00 - [MESSAGE][PASSED] - Text 'P21_Auto' is set on object 'Object Repository/1. Constant/xpath'

2022-06-09 20:26:03 - [MESSAGE][PASSED] - Delayed 3 second(s)

2022-06-09 20:26:03 - [MESSAGE][PASSED] - Scroll to object 'Object Repository/1. Constant/xpath' successfully

2022-06-09 20:26:05 - [MESSAGE][PASSED] - Object: 'Object Repository/1. Constant/xpath' is clicked on

2022-06-09 20:26:10 - [MESSAGE][PASSED] - Delayed 5 second(s)

2022-06-09 20:26:10 - [TEST_STEP][PASSED] - takeScreenshot(): Taking screenshot successfully

2022-06-09 20:26:10 - [MESSAGE][PASSED] - Taking screenshot successfully
[[ATTACHMENT|D:\\Projet Test Auto\\Mediabox Test Automation\\Reports\\20220609_181011\\03. Parallel Testing (Testing)\\TS -PT PART 3\\14.04 Dreyers Support Action (Ongoing _ Completed ref) - PART 4\\20220609_181106\\1654799170060.png]]

2022-06-09 20:26:10 - [TEST_STEP][PASSED] - color4 = getCSSValue(findTestObject("1. Constant/xpath", ["xpath":"//*[@id="source_" + refID21 + ""]/td[13]/a"]), "color", OPTIONAL): Get CSS 'color' value on 'Object Repository/1. Constant/xpath' successfully: 'rgba(255, 255, 255, 1)'.

2022-06-09 20:26:10 - [MESSAGE][PASSED] - Get CSS 'color' value on 'Object Repository/1. Constant/xpath' successfully: 'rgba(255, 255, 255, 1)'.

2022-06-09 20:26:10 - [TEST_STEP][PASSED] - while (color4 == "rgba(255, 255, 255, 1)"): Get CSS 'color' value on 'Object Repository/1. Constant/xpath' successfully: 'rgba(54, 153, 255, 1)'.

2022-06-09 20:26:10 - [TEST_STEP][PASSED] - click(findTestObject("1. Constant/xpath", ["xpath":"//*[@id="source_" + refID21 + ""]/td[13]/a"])): Object: 'Object Repository/1. Constant/xpath' is clicked on

2022-06-09 20:26:11 - [MESSAGE][PASSED] - Object: 'Object Repository/1. Constant/xpath' is clicked on

2022-06-09 20:26:11 - [TEST_STEP][PASSED] - selectOptionByValue(findTestObject("1. Constant/xpath", ["xpath":"//*[@id="id_approval_flow_tpl"]"]), "80", false): All options with value '80' are selected in object 'Object Repository/1. Constant/xpath' 

2022-06-09 20:26:12 - [MESSAGE][PASSED] - All options with value '80' are selected in object 'Object Repository/1. Constant/xpath' 

2022-06-09 20:26:12 - [TEST_STEP][PASSED] - I.UploadDoc_sendkey_Prod(findTestObject("1. Constant/xpath", ["xpath":"//*[@id="kt_body"]/input[2]"]), "D:\Upoad_File\Upload doc\testdata1.jpg", "testdata1"): Delayed 5 second(s)

2022-06-09 20:26:12 - [MESSAGE][PASSED] - Scroll to object 'Object Repository/1. Constant/xpath' successfully

2022-06-09 20:26:17 - [MESSAGE][PASSED] - Delayed 5 second(s)

2022-06-09 20:26:17 - [MESSAGE][PASSED] - File 'D:\Upoad_File\Upload doc\testdata1.jpg' sent to object: 'Object Repository/1. Constant/xpath'

2022-06-09 20:26:22 - [MESSAGE][PASSED] - Delayed 5 second(s)

2022-06-09 20:26:23 - [MESSAGE][PASSED] - Text 'testdata1' is present on page 

2022-06-09 20:26:28 - [MESSAGE][PASSED] - Delayed 5 second(s)

2022-06-09 20:26:33 - [MESSAGE][PASSED] - Delayed 5 second(s)

2022-06-09 20:26:33 - [TEST_STEP][PASSED] - takeScreenshot(): Taking screenshot successfully

2022-06-09 20:26:33 - [MESSAGE][PASSED] - Taking screenshot successfully
[[ATTACHMENT|D:\\Projet Test Auto\\Mediabox Test Automation\\Reports\\20220609_181011\\03. Parallel Testing (Testing)\\TS -PT PART 3\\14.04 Dreyers Support Action (Ongoing _ Completed ref) - PART 4\\20220609_181106\\1654799193107.png]]

2022-06-09 20:26:33 - [TEST_STEP][PASSED] - delay(8): Delayed 8 second(s)

2022-06-09 20:26:41 - [MESSAGE][PASSED] - Delayed 8 second(s)

2022-06-09 20:26:41 - [TEST_STEP][PASSED] - click(findTestObject("HL Full Lifecycle/12 ReferncePage_Button_Updatensenddoc")): Object: 'Object Repository/HL Full Lifecycle/12 ReferncePage_Button_Updatensenddoc' is clicked on

2022-06-09 20:26:45 - [MESSAGE][PASSED] - Object: 'Object Repository/HL Full Lifecycle/12 ReferncePage_Button_Updatensenddoc' is clicked on

2022-06-09 20:26:45 - [TEST_STEP][PASSED] - delay(3): Delayed 3 second(s)

2022-06-09 20:26:48 - [MESSAGE][PASSED] - Delayed 3 second(s)

2022-06-09 20:26:48 - [TEST_STEP][PASSED] - color4 = getCSSValue(findTestObject("1. Constant/xpath", ["xpath":"//*[@id="source_" + refID21 + ""]/td[13]/a"]), "color", OPTIONAL): Get CSS 'color' value on 'Object Repository/1. Constant/xpath' successfully: 'rgba(54, 153, 255, 1)'.

2022-06-09 20:26:49 - [MESSAGE][PASSED] - Get CSS 'color' value on 'Object Repository/1. Constant/xpath' successfully: 'rgba(54, 153, 255, 1)'.

2022-06-09 20:26:49 - [TEST_STEP][PASSED] - I.Logout(): Delayed 3 second(s)

2022-06-09 20:26:52 - [MESSAGE][PASSED] - Delayed 3 second(s)

2022-06-09 20:26:53 - [MESSAGE][PASSED] - Object: 'Object Repository/1. Constant/xpath' is clicked on

2022-06-09 20:26:56 - [MESSAGE][PASSED] - Delayed 3 second(s)

2022-06-09 20:26:57 - [MESSAGE][PASSED] - Object: 'Object Repository/1. Constant/xpath' is clicked on

2022-06-09 20:27:00 - [MESSAGE][PASSED] - Delayed 3 second(s)

2022-06-09 20:27:00 - [TEST_STEP][PASSED] - I.Login_password("blemco", password_blemco): Object: 'Object Repository/1. Constant/xpath' is clicked on

2022-06-09 20:27:01 - [MESSAGE][PASSED] - Text 'blemco' is set on object 'Object Repository/1. Constant/xpath'

2022-06-09 20:27:02 - [MESSAGE][PASSED] - Delayed 1 second(s)

2022-06-09 20:27:03 - [MESSAGE][PASSED] - Text 'diadeis1' is set on object 'Object Repository/1. Constant/xpath'

2022-06-09 20:27:04 - [MESSAGE][PASSED] - Delayed 1 second(s)

2022-06-09 20:27:07 - [MESSAGE][PASSED] - Object: 'Object Repository/1. Constant/xpath' is clicked on

2022-06-09 20:27:07 - [TEST_STEP][PASSED] - click(findTestObject("1. Constant/02_LHSMenu_Projects")): Object: 'Object Repository/1. Constant/02_LHSMenu_Projects' is clicked on

2022-06-09 20:27:10 - [MESSAGE][PASSED] - Object: 'Object Repository/1. Constant/02_LHSMenu_Projects' is clicked on

2022-06-09 20:27:10 - [TEST_STEP][PASSED] - I.SearchProjectNo_xpath(Project_No, "//*[@id="keynum_project"]", "//*[@id="form_filters"]/div[4]/button"): Delayed 5 second(s)

2022-06-09 20:27:11 - [MESSAGE][PASSED] - Delayed 1 second(s)

2022-06-09 20:27:12 - [MESSAGE][PASSED] - Text 'MI000876' is set on object 'Object Repository/1. Constant/xpath'

2022-06-09 20:27:15 - [MESSAGE][PASSED] - Delayed 3 second(s)

2022-06-09 20:27:15 - [MESSAGE][PASSED] - Scroll to object 'Object Repository/1. Constant/xpath' successfully

2022-06-09 20:27:18 - [MESSAGE][PASSED] - Object: 'Object Repository/1. Constant/xpath' is clicked on

2022-06-09 20:27:23 - [MESSAGE][PASSED] - Delayed 5 second(s)

2022-06-09 20:27:23 - [TEST_STEP][PASSED] - I.SearchRefNo_xpath("P21_Auto", "//*[@id="fiche_filter_keywords11"]", "//*[@id="form_filters"]/div[3]/button"): Delayed 5 second(s)

2022-06-09 20:27:24 - [MESSAGE][PASSED] - Delayed 1 second(s)

2022-06-09 20:27:25 - [MESSAGE][PASSED] - Text 'P21_Auto' is set on object 'Object Repository/1. Constant/xpath'

2022-06-09 20:27:28 - [MESSAGE][PASSED] - Delayed 3 second(s)

2022-06-09 20:27:28 - [MESSAGE][PASSED] - Scroll to object 'Object Repository/1. Constant/xpath' successfully

2022-06-09 20:27:31 - [MESSAGE][PASSED] - Object: 'Object Repository/1. Constant/xpath' is clicked on

2022-06-09 20:27:36 - [MESSAGE][PASSED] - Delayed 5 second(s)

2022-06-09 20:27:36 - [TEST_STEP][PASSED] - takeScreenshot(): Taking screenshot successfully

2022-06-09 20:27:36 - [MESSAGE][PASSED] - Taking screenshot successfully
[[ATTACHMENT|D:\\Projet Test Auto\\Mediabox Test Automation\\Reports\\20220609_181011\\03. Parallel Testing (Testing)\\TS -PT PART 3\\14.04 Dreyers Support Action (Ongoing _ Completed ref) - PART 4\\20220609_181106\\1654799256208.png]]

2022-06-09 20:27:36 - [TEST_STEP][PASSED] - I.AWF_approve_byaction(findTestObject("1. Constant/xpath", ["xpath":"//*[@id="source_" + refID21 + ""]/td[13]/a[2]"])): Object: 'Object Repository/HL Full Lifecycle/Function_Appbutton2' is clicked on

2022-06-09 20:27:41 - [MESSAGE][PASSED] - Delayed 5 second(s)

2022-06-09 20:27:43 - [MESSAGE][PASSED] - Object: 'Object Repository/1. Constant/xpath' is clicked on

2022-06-09 20:27:46 - [MESSAGE][PASSED] - Object: 'Object Repository/HL Full Lifecycle/Function_access Viewer2' is hovered

2022-06-09 20:27:49 - [MESSAGE][PASSED] - Delayed 3 second(s)

2022-06-09 20:27:50 - [MESSAGE][PASSED] - Object: 'Object Repository/HL Full Lifecycle/Function_access Viewer2' is clicked on

2022-06-09 20:27:55 - [MESSAGE][PASSED] - Delayed 5 second(s)

2022-06-09 20:27:55 - [MESSAGE][PASSED] - Object: 'Object Repository/HL Full Lifecycle/Function_AppButton' is clicked on

2022-06-09 20:28:00 - [MESSAGE][PASSED] - Delayed 5 second(s)

2022-06-09 20:28:07 - [MESSAGE][PASSED] - Object: 'Object Repository/HL Full Lifecycle/Function_Appbutton2' is clicked on

2022-06-09 20:28:07 - [TEST_STEP][PASSED] - Lifecycle_Status77 = getText(findTestObject("1. Constant/xpath", ["xpath":"//*[@id="source_" + refID21 + ""]/td[12]/span[1]"])): Text of object 'Object Repository/1. Constant/xpath' is: 'Complete'

2022-06-09 20:28:08 - [MESSAGE][PASSED] - Text of object 'Object Repository/1. Constant/xpath' is: 'Complete'

2022-06-09 20:28:08 - [TEST_STEP][PASSED] - verifyMatch(Lifecycle_Status77, "Complete", false): Actual text 'Complete' and expected text 'Complete' are matched 

2022-06-09 20:28:08 - [MESSAGE][PASSED] - Actual text 'Complete' and expected text 'Complete' are matched 

2022-06-09 20:28:08 - [TEST_STEP][PASSED] - closeBrowser(): Browser is closed

2022-06-09 20:28:09 - [MESSAGE][PASSED] - Browser is closed

2022-06-09 20:28:09 - [TEST_STEP][PASSED] - Start listener action : sampleAfterTestCase: null]]></system-out>
         <system-err><![CDATA[]]></system-err>
      </testcase>
      <testcase name="Test Cases/19. Dreyers Support Action (Ongoing ref_completed)/19.20 Dreyers SAS Add Phase group (Ongoing ref) S28 - P20" time="624.237" classname="Test Cases/19. Dreyers Support Action (Ongoing ref_completed)/19.20 Dreyers SAS Add Phase group (Ongoing ref) S28 - P20" status="PASSED">
         <system-out><![CDATA[2022-06-09 20:28:09 - [TEST_CASE][PASSED] - Test Cases/19. Dreyers Support Action (Ongoing ref_completed)/19.20 Dreyers SAS Add Phase group (Ongoing ref) S28 - P20: Test Cases/19. Dreyers Support Action (Ongoing ref_completed)/19.20 Dreyers SAS Add Phase group (Ongoing ref) S28 - P20

2022-06-09 20:28:10 - [TEST_STEP][PASSED] - data_Dreyers = findTestData("Data Files/Username_Password/Dreyer"): null

2022-06-09 20:28:10 - [TEST_STEP][PASSED] - password_suser = data_Dreyers.getValue(2, 1): null

2022-06-09 20:28:10 - [TEST_STEP][PASSED] - password_blemco = data_Dreyers.getValue(2, 2): null

2022-06-09 20:28:10 - [TEST_STEP][PASSED] - password_nturner = data_Dreyers.getValue(2, 6): null

2022-06-09 20:28:10 - [TEST_STEP][PASSED] - password_talexeeva = data_Dreyers.getValue(2, 7): null

2022-06-09 20:28:10 - [TEST_STEP][PASSED] - password_jryan = data_Dreyers.getValue(2, 12): null

2022-06-09 20:28:10 - [TEST_STEP][PASSED] - password_lmary = data_Dreyers.getValue(2, 13): null

2022-06-09 20:28:10 - [TEST_STEP][PASSED] - data_urlRELAUTO = findTestData("Data Files/URL/URL_relauto"): null

2022-06-09 20:28:10 - [TEST_STEP][PASSED] - Url_Dreyer = data_urlRELAUTO.getValue(2, 4): null

2022-06-09 20:28:10 - [TEST_STEP][PASSED] - Project_No = I.readnotepad("D:\Upoad_File\Projet_ Login\Dreyers\19.1\19.1_Dreyers_ProjectNo.txt"): null

2022-06-09 20:28:10 - [TEST_STEP][PASSED] - refID = I.readnotepad("D:\Upoad_File\Projet_ Login\Dreyers\19.1\19.1_Dreyers_refID.txt"): null

2022-06-09 20:28:10 - [TEST_STEP][PASSED] - openBrowser(Url_Dreyer): Browser is opened with url: 'http://mdb-release.diadeis.lan/MediaboxIndependence/?MBI_datasource=RELTESTAUTO_DREYERS'

2022-06-09 20:28:10 - [MESSAGE][INFO] - Starting 'Chrome (headless)' driver

2022-06-09 20:28:10 - [MESSAGE][INFO] - User set preference: ['args', '[--window-size=1920,1080, --headless]']

2022-06-09 20:28:10 - [MESSAGE][INFO] - Action delay is set to 0 milliseconds

2022-06-09 20:28:22 - [MESSAGE][PASSED] - Browser is opened with url: 'http://mdb-release.diadeis.lan/MediaboxIndependence/?MBI_datasource=RELTESTAUTO_DREYERS'

2022-06-09 20:28:22 - [TEST_STEP][PASSED] - maximizeWindow(): Current window maximized

2022-06-09 20:28:22 - [MESSAGE][PASSED] - Current window maximized

2022-06-09 20:28:22 - [TEST_STEP][PASSED] - I.Login_password("suser", password_suser): Object: 'Object Repository/1. Constant/xpath' is clicked on

2022-06-09 20:28:22 - [MESSAGE][PASSED] - Text 'suser' is set on object 'Object Repository/1. Constant/xpath'

2022-06-09 20:28:23 - [MESSAGE][PASSED] - Delayed 1 second(s)

2022-06-09 20:28:24 - [MESSAGE][PASSED] - Text 'diadeis' is set on object 'Object Repository/1. Constant/xpath'

2022-06-09 20:28:25 - [MESSAGE][PASSED] - Delayed 1 second(s)

2022-06-09 20:28:31 - [MESSAGE][PASSED] - Object: 'Object Repository/1. Constant/xpath' is clicked on

2022-06-09 20:28:31 - [TEST_STEP][PASSED] - click(findTestObject("1. Constant/02_LHSMenu_Projects")): Object: 'Object Repository/1. Constant/02_LHSMenu_Projects' is clicked on

2022-06-09 20:28:33 - [MESSAGE][PASSED] - Object: 'Object Repository/1. Constant/02_LHSMenu_Projects' is clicked on

2022-06-09 20:28:33 - [TEST_STEP][PASSED] - I.SearchProjectNo_xpath(Project_No, "//*[@id="keynum_project"]", "//*[@id="form_filters"]/div[4]/button"): Delayed 5 second(s)

2022-06-09 20:28:34 - [MESSAGE][PASSED] - Delayed 1 second(s)

2022-06-09 20:28:35 - [MESSAGE][PASSED] - Text 'MI000876' is set on object 'Object Repository/1. Constant/xpath'

2022-06-09 20:28:38 - [MESSAGE][PASSED] - Delayed 3 second(s)

2022-06-09 20:28:38 - [MESSAGE][PASSED] - Scroll to object 'Object Repository/1. Constant/xpath' successfully

2022-06-09 20:28:42 - [MESSAGE][PASSED] - Object: 'Object Repository/1. Constant/xpath' is clicked on

2022-06-09 20:28:47 - [MESSAGE][PASSED] - Delayed 5 second(s)

2022-06-09 20:28:47 - [TEST_STEP][PASSED] - takeScreenshot(): Taking screenshot successfully

2022-06-09 20:28:48 - [MESSAGE][PASSED] - Taking screenshot successfully
[[ATTACHMENT|D:\\Projet Test Auto\\Mediabox Test Automation\\Reports\\20220609_181011\\03. Parallel Testing (Testing)\\TS -PT PART 3\\14.04 Dreyers Support Action (Ongoing _ Completed ref) - PART 4\\20220609_181106\\1654799327937.png]]

2022-06-09 20:28:48 - [TEST_STEP][PASSED] - click(findTestObject("1. Constant/xpath", ["xpath":"//*[@id="create_ref_btn"]/button"])): Object: 'Object Repository/1. Constant/xpath' is clicked on

2022-06-09 20:28:48 - [MESSAGE][PASSED] - Object: 'Object Repository/1. Constant/xpath' is clicked on

2022-06-09 20:28:48 - [TEST_STEP][PASSED] - click(findTestObject("1. Constant/xpath", ["xpath":"//*[@id="create_ref_btn"]/div/a"])): Object: 'Object Repository/1. Constant/xpath' is clicked on

2022-06-09 20:28:50 - [MESSAGE][PASSED] - Object: 'Object Repository/1. Constant/xpath' is clicked on

2022-06-09 20:28:50 - [TEST_STEP][PASSED] - selectOptionByValue(findTestObject("1. Constant/xpath", ["xpath":"//*[@id="lfc_tpl"]"]), "36", false): All options with value '36' are selected in object 'Object Repository/1. Constant/xpath' 

2022-06-09 20:28:51 - [MESSAGE][PASSED] - All options with value '36' are selected in object 'Object Repository/1. Constant/xpath' 

2022-06-09 20:28:51 - [TEST_STEP][PASSED] - ref_name = "P20_Auto_SAS_S28_" + RandomStringUtils.randomAlphanumeric(5) + I.gettimedate(): null

2022-06-09 20:28:51 - [TEST_STEP][PASSED] - delay(1): Delayed 1 second(s)

2022-06-09 20:28:52 - [MESSAGE][PASSED] - Delayed 1 second(s)

2022-06-09 20:28:52 - [TEST_STEP][PASSED] - setText(findTestObject("1. Constant/xpath", ["xpath":"//*[@id="var_name"]"]), ref_name): Text 'P20_Auto_SAS_S28_ygPNajuin092022_202851' is set on object 'Object Repository/1. Constant/xpath'

2022-06-09 20:28:53 - [MESSAGE][PASSED] - Text 'P20_Auto_SAS_S28_ygPNajuin092022_202851' is set on object 'Object Repository/1. Constant/xpath'

2022-06-09 20:28:53 - [TEST_STEP][PASSED] - takeScreenshot(): Taking screenshot successfully

2022-06-09 20:28:53 - [MESSAGE][PASSED] - Taking screenshot successfully
[[ATTACHMENT|D:\\Projet Test Auto\\Mediabox Test Automation\\Reports\\20220609_181011\\03. Parallel Testing (Testing)\\TS -PT PART 3\\14.04 Dreyers Support Action (Ongoing _ Completed ref) - PART 4\\20220609_181106\\1654799333343.png]]

2022-06-09 20:28:53 - [TEST_STEP][PASSED] - click(findTestObject("1. Constant/xpath", ["xpath":"//*[@id="createRefBottom"]"])): Object: 'Object Repository/1. Constant/xpath' is clicked on

2022-06-09 20:28:56 - [MESSAGE][PASSED] - Object: 'Object Repository/1. Constant/xpath' is clicked on

2022-06-09 20:28:56 - [TEST_STEP][PASSED] - delay(1): Delayed 1 second(s)

2022-06-09 20:28:57 - [MESSAGE][PASSED] - Delayed 1 second(s)

2022-06-09 20:28:57 - [TEST_STEP][PASSED] - takeScreenshot(): Taking screenshot successfully

2022-06-09 20:28:57 - [MESSAGE][PASSED] - Taking screenshot successfully
[[ATTACHMENT|D:\\Projet Test Auto\\Mediabox Test Automation\\Reports\\20220609_181011\\03. Parallel Testing (Testing)\\TS -PT PART 3\\14.04 Dreyers Support Action (Ongoing _ Completed ref) - PART 4\\20220609_181106\\1654799337327.png]]

2022-06-09 20:28:57 - [TEST_STEP][PASSED] - refID20 = I.RefID(): Current window's url is: 'http://mdb-release.diadeis.lan/MediaboxIndependence/Base/ExecAction?IDSession=MBI%21RELTESTAUTO_DREYERS%21QGEM25AAJ9FI2GF6GMS9KCTFFNY3RR7QGAGABDI8&default_action=ModifierRef&id_project=MI000876&id_ref=5278&action_from=create_ref'

2022-06-09 20:29:02 - [MESSAGE][PASSED] - Delayed 5 second(s)

2022-06-09 20:29:02 - [MESSAGE][PASSED] - Current window's url is: 'http://mdb-release.diadeis.lan/MediaboxIndependence/Base/ExecAction?IDSession=MBI%21RELTESTAUTO_DREYERS%21QGEM25AAJ9FI2GF6GMS9KCTFFNY3RR7QGAGABDI8&default_action=ModifierRef&id_project=MI000876&id_ref=5278&action_from=create_ref'

2022-06-09 20:29:02 - [TEST_STEP][PASSED] - click(findTestObject("1. Constant/xpath", ["xpath":"//*[@id="type_save"]"])): Object: 'Object Repository/1. Constant/xpath' is clicked on

2022-06-09 20:29:06 - [MESSAGE][PASSED] - Object: 'Object Repository/1. Constant/xpath' is clicked on

2022-06-09 20:29:06 - [TEST_STEP][PASSED] - takeScreenshot(): Taking screenshot successfully

2022-06-09 20:29:06 - [MESSAGE][PASSED] - Taking screenshot successfully
[[ATTACHMENT|D:\\Projet Test Auto\\Mediabox Test Automation\\Reports\\20220609_181011\\03. Parallel Testing (Testing)\\TS -PT PART 3\\14.04 Dreyers Support Action (Ongoing _ Completed ref) - PART 4\\20220609_181106\\1654799346572.png]]

2022-06-09 20:29:06 - [TEST_STEP][PASSED] - delay(1): Delayed 1 second(s)

2022-06-09 20:29:07 - [MESSAGE][PASSED] - Delayed 1 second(s)

2022-06-09 20:29:07 - [TEST_STEP][PASSED] - I.SearchRefNo_xpath("P20_Auto", "//*[@id="fiche_filter_keywords11"]", "//*[@id="form_filters"]/div[3]/button"): Delayed 5 second(s)

2022-06-09 20:29:08 - [MESSAGE][PASSED] - Delayed 1 second(s)

2022-06-09 20:29:10 - [MESSAGE][PASSED] - Text 'P20_Auto' is set on object 'Object Repository/1. Constant/xpath'

2022-06-09 20:29:13 - [MESSAGE][PASSED] - Delayed 3 second(s)

2022-06-09 20:29:14 - [MESSAGE][PASSED] - Scroll to object 'Object Repository/1. Constant/xpath' successfully

2022-06-09 20:29:17 - [MESSAGE][PASSED] - Object: 'Object Repository/1. Constant/xpath' is clicked on

2022-06-09 20:29:22 - [MESSAGE][PASSED] - Delayed 5 second(s)

2022-06-09 20:29:22 - [TEST_STEP][PASSED] - click(findTestObject("1. Constant/xpath", ["xpath":"//*[@id="source_" + refID20 + ""]/td[14]/a[3]"])): Object: 'Object Repository/1. Constant/xpath' is clicked on

2022-06-09 20:29:25 - [MESSAGE][PASSED] - Object: 'Object Repository/1. Constant/xpath' is clicked on

2022-06-09 20:29:25 - [TEST_STEP][PASSED] - click(findTestObject("1. Constant/xpath", ["xpath":"//*[@id="ModifFiche"]/div[1]/div/button[2]"])): Object: 'Object Repository/1. Constant/xpath' is clicked on

2022-06-09 20:29:30 - [MESSAGE][PASSED] - Object: 'Object Repository/1. Constant/xpath' is clicked on

2022-06-09 20:29:30 - [TEST_STEP][PASSED] - takeScreenshot(): Taking screenshot successfully

2022-06-09 20:29:31 - [MESSAGE][PASSED] - Taking screenshot successfully
[[ATTACHMENT|D:\\Projet Test Auto\\Mediabox Test Automation\\Reports\\20220609_181011\\03. Parallel Testing (Testing)\\TS -PT PART 3\\14.04 Dreyers Support Action (Ongoing _ Completed ref) - PART 4\\20220609_181106\\1654799371218.png]]

2022-06-09 20:29:31 - [TEST_STEP][PASSED] - delay(1): Delayed 1 second(s)

2022-06-09 20:29:32 - [MESSAGE][PASSED] - Delayed 1 second(s)

2022-06-09 20:29:32 - [TEST_STEP][PASSED] - click(findTestObject("1. Constant/xpath", ["xpath":"//*[@id="source_" + refID20 + ""]/td[14]/a[3]"])): Object: 'Object Repository/1. Constant/xpath' is clicked on

2022-06-09 20:29:34 - [MESSAGE][PASSED] - Object: 'Object Repository/1. Constant/xpath' is clicked on

2022-06-09 20:29:34 - [TEST_STEP][PASSED] - click(findTestObject("1. Constant/xpath", ["xpath":"//*[@id="ModifFiche"]/div[1]/div/button[2]"])): Object: 'Object Repository/1. Constant/xpath' is clicked on

2022-06-09 20:29:38 - [MESSAGE][PASSED] - Object: 'Object Repository/1. Constant/xpath' is clicked on

2022-06-09 20:29:38 - [TEST_STEP][PASSED] - takeScreenshot(): Taking screenshot successfully

2022-06-09 20:29:39 - [MESSAGE][PASSED] - Taking screenshot successfully
[[ATTACHMENT|D:\\Projet Test Auto\\Mediabox Test Automation\\Reports\\20220609_181011\\03. Parallel Testing (Testing)\\TS -PT PART 3\\14.04 Dreyers Support Action (Ongoing _ Completed ref) - PART 4\\20220609_181106\\1654799378758.png]]

2022-06-09 20:29:39 - [TEST_STEP][PASSED] - delay(1): Delayed 1 second(s)

2022-06-09 20:29:40 - [MESSAGE][PASSED] - Delayed 1 second(s)

2022-06-09 20:29:40 - [TEST_STEP][PASSED] - color1 = getCSSValue(findTestObject("1. Constant/xpath", ["xpath":"//*[@id="source_" + refID20 + ""]/td[14]/a[2]"]), "color", OPTIONAL): Get CSS 'color' value on 'Object Repository/1. Constant/xpath' successfully: 'rgba(255, 255, 255, 1)'.

2022-06-09 20:29:41 - [MESSAGE][PASSED] - Get CSS 'color' value on 'Object Repository/1. Constant/xpath' successfully: 'rgba(255, 255, 255, 1)'.

2022-06-09 20:29:41 - [TEST_STEP][PASSED] - while (color1 == "rgba(255, 255, 255, 1)"): Get CSS 'color' value on 'Object Repository/1. Constant/xpath' successfully: 'rgba(54, 153, 255, 1)'.

2022-06-09 20:29:41 - [TEST_STEP][PASSED] - click(findTestObject("1. Constant/xpath", ["xpath":"//*[@id="source_" + refID20 + ""]/td[14]/a[2]"])): Object: 'Object Repository/1. Constant/xpath' is clicked on

2022-06-09 20:29:45 - [MESSAGE][PASSED] - Object: 'Object Repository/1. Constant/xpath' is clicked on

2022-06-09 20:29:45 - [TEST_STEP][PASSED] - I.UploadDoc_sendkey_Prod(findTestObject("1. Constant/xpath", ["xpath":"//*[@id="kt_body"]/input[2]"]), "D:\Upoad_File\Upload doc\testdata1.pdf", "testdata1"): Delayed 5 second(s)

2022-06-09 20:29:45 - [MESSAGE][PASSED] - Scroll to object 'Object Repository/1. Constant/xpath' successfully

2022-06-09 20:29:50 - [MESSAGE][PASSED] - Delayed 5 second(s)

2022-06-09 20:29:50 - [MESSAGE][PASSED] - File 'D:\Upoad_File\Upload doc\testdata1.pdf' sent to object: 'Object Repository/1. Constant/xpath'

2022-06-09 20:29:55 - [MESSAGE][PASSED] - Delayed 5 second(s)

2022-06-09 20:29:56 - [MESSAGE][PASSED] - Text 'testdata1' is present on page 

2022-06-09 20:30:01 - [MESSAGE][PASSED] - Delayed 5 second(s)

2022-06-09 20:30:06 - [MESSAGE][PASSED] - Delayed 5 second(s)

2022-06-09 20:30:06 - [TEST_STEP][PASSED] - takeScreenshot(): Taking screenshot successfully

2022-06-09 20:30:06 - [MESSAGE][PASSED] - Taking screenshot successfully
[[ATTACHMENT|D:\\Projet Test Auto\\Mediabox Test Automation\\Reports\\20220609_181011\\03. Parallel Testing (Testing)\\TS -PT PART 3\\14.04 Dreyers Support Action (Ongoing _ Completed ref) - PART 4\\20220609_181106\\1654799406313.png]]

2022-06-09 20:30:06 - [TEST_STEP][PASSED] - delay(10): Delayed 10 second(s)

2022-06-09 20:30:16 - [MESSAGE][PASSED] - Delayed 10 second(s)

2022-06-09 20:30:16 - [TEST_STEP][PASSED] - click(findTestObject("HL Full Lifecycle/12 ReferncePage_Button_Updatensenddoc")): Object: 'Object Repository/HL Full Lifecycle/12 ReferncePage_Button_Updatensenddoc' is clicked on

2022-06-09 20:30:22 - [MESSAGE][PASSED] - Object: 'Object Repository/HL Full Lifecycle/12 ReferncePage_Button_Updatensenddoc' is clicked on

2022-06-09 20:30:22 - [TEST_STEP][PASSED] - delay(5): Delayed 5 second(s)

2022-06-09 20:30:27 - [MESSAGE][PASSED] - Delayed 5 second(s)

2022-06-09 20:30:27 - [TEST_STEP][PASSED] - color1 = getCSSValue(findTestObject("1. Constant/xpath", ["xpath":"//*[@id="source_" + refID20 + ""]/td[14]/a[2]"]), "color", OPTIONAL): Get CSS 'color' value on 'Object Repository/1. Constant/xpath' successfully: 'rgba(54, 153, 255, 1)'.

2022-06-09 20:30:27 - [MESSAGE][PASSED] - Get CSS 'color' value on 'Object Repository/1. Constant/xpath' successfully: 'rgba(54, 153, 255, 1)'.

2022-06-09 20:30:27 - [TEST_STEP][PASSED] - takeScreenshot(): Taking screenshot successfully

2022-06-09 20:30:27 - [MESSAGE][PASSED] - Taking screenshot successfully
[[ATTACHMENT|D:\\Projet Test Auto\\Mediabox Test Automation\\Reports\\20220609_181011\\03. Parallel Testing (Testing)\\TS -PT PART 3\\14.04 Dreyers Support Action (Ongoing _ Completed ref) - PART 4\\20220609_181106\\1654799427387.png]]

2022-06-09 20:30:27 - [TEST_STEP][PASSED] - click(findTestObject("1. Constant/xpath", ["xpath":"//*[@id="source_" + refID20 + ""]/td[6]/a"])): Object: 'Object Repository/1. Constant/xpath' is clicked on

2022-06-09 20:30:32 - [MESSAGE][PASSED] - Object: 'Object Repository/1. Constant/xpath' is clicked on

2022-06-09 20:30:32 - [TEST_STEP][PASSED] - takeScreenshot(): Taking screenshot successfully

2022-06-09 20:30:34 - [MESSAGE][PASSED] - Taking screenshot successfully
[[ATTACHMENT|D:\\Projet Test Auto\\Mediabox Test Automation\\Reports\\20220609_181011\\03. Parallel Testing (Testing)\\TS -PT PART 3\\14.04 Dreyers Support Action (Ongoing _ Completed ref) - PART 4\\20220609_181106\\1654799433484.png]]

2022-06-09 20:30:34 - [TEST_STEP][PASSED] - delay(1): Delayed 1 second(s)

2022-06-09 20:30:35 - [MESSAGE][PASSED] - Delayed 1 second(s)

2022-06-09 20:30:35 - [TEST_STEP][PASSED] - I.Approveforothers("/html/body/div[1]/div[2]/div[8]/div[3]/div/div[3]/div[2]/div/div[3]/div/div[2]/div[1]/div/div[2]/div/div[2]/div[2]/div/div/div[1]/img", "/html/body/div[1]/div[2]/div[8]/div[3]/div/div[3]/div[2]/div/div[3]/div/div[2]/div[1]/div/div[2]/div/div[2]/div[2]/div/div/div[6]/a[2]/span"): Object: 'Object Repository/1. Constant/xpath' is clicked on

2022-06-09 20:30:36 - [MESSAGE][PASSED] - Object: 'Object Repository/1. Constant/xpath' is clicked on

2022-06-09 20:30:37 - [MESSAGE][PASSED] - Delayed 1 second(s)

2022-06-09 20:30:37 - [MESSAGE][PASSED] - Object: 'Object Repository/1. Constant/xpath' is clicked on

2022-06-09 20:30:38 - [MESSAGE][PASSED] - Delayed 1 second(s)

2022-06-09 20:30:39 - [MESSAGE][PASSED] - Object: 'Object Repository/1. Constant/xpath' is hovered

2022-06-09 20:30:39 - [MESSAGE][PASSED] - Object: 'Object Repository/1. Constant/xpath' is clicked on

2022-06-09 20:30:40 - [MESSAGE][PASSED] - Delayed 1 second(s)

2022-06-09 20:30:44 - [MESSAGE][PASSED] - Object: 'Object Repository/1. Constant/xpath' is clicked on

2022-06-09 20:30:44 - [TEST_STEP][PASSED] - delay(1): Delayed 1 second(s)

2022-06-09 20:30:45 - [MESSAGE][PASSED] - Delayed 1 second(s)

2022-06-09 20:30:45 - [TEST_STEP][PASSED] - click(findTestObject("1. Constant/xpath", ["xpath":"//*[@id="kt_subheader"]/div/nav/ol/li[2]/a"])): Object: 'Object Repository/1. Constant/xpath' is clicked on

2022-06-09 20:30:49 - [MESSAGE][PASSED] - Object: 'Object Repository/1. Constant/xpath' is clicked on

2022-06-09 20:30:49 - [TEST_STEP][PASSED] - delay(1): Delayed 1 second(s)

2022-06-09 20:30:50 - [MESSAGE][PASSED] - Delayed 1 second(s)

2022-06-09 20:30:50 - [TEST_STEP][PASSED] - I.submitquesiton_ref(findTestObject("1. Constant/xpath", ["xpath":"//*[@id="source_" + refID20 + ""]/td[14]/div[1]/button"]), findTestObject("1. Constant/xpath", ["xpath":"//*[@id="source_" + refID20 + ""]/td[14]/div[1]/div/a[1]"])): Object: 'Object Repository/1. Constant/xpath' is clicked on

2022-06-09 20:30:50 - [MESSAGE][PASSED] - Object: 'Object Repository/1. Constant/xpath' is clicked on

2022-06-09 20:30:53 - [MESSAGE][PASSED] - Delayed 3 second(s)

2022-06-09 20:30:55 - [MESSAGE][PASSED] - Object: 'Object Repository/1. Constant/xpath' is clicked on

2022-06-09 20:30:55 - [TEST_STEP][PASSED] - click(findTestObject("1. Constant/xpath", ["xpath":"//*[@id="ModifFiche"]/div[1]/div/button[2]"])): Object: 'Object Repository/1. Constant/xpath' is clicked on

2022-06-09 20:31:00 - [MESSAGE][PASSED] - Object: 'Object Repository/1. Constant/xpath' is clicked on

2022-06-09 20:31:00 - [TEST_STEP][PASSED] - takeScreenshot(): Taking screenshot successfully

2022-06-09 20:31:00 - [MESSAGE][PASSED] - Taking screenshot successfully
[[ATTACHMENT|D:\\Projet Test Auto\\Mediabox Test Automation\\Reports\\20220609_181011\\03. Parallel Testing (Testing)\\TS -PT PART 3\\14.04 Dreyers Support Action (Ongoing _ Completed ref) - PART 4\\20220609_181106\\1654799460147.png]]

2022-06-09 20:31:00 - [TEST_STEP][PASSED] - I.submitquesiton_ref(findTestObject("1. Constant/xpath", ["xpath":"//*[@id="source_" + refID20 + ""]/td[14]/div[1]/button"]), findTestObject("1. Constant/xpath", ["xpath":"//*[@id="source_" + refID20 + ""]/td[14]/div[1]/div/a[1]"])): Object: 'Object Repository/1. Constant/xpath' is clicked on

2022-06-09 20:31:00 - [MESSAGE][PASSED] - Object: 'Object Repository/1. Constant/xpath' is clicked on

2022-06-09 20:31:03 - [MESSAGE][PASSED] - Delayed 3 second(s)

2022-06-09 20:31:05 - [MESSAGE][PASSED] - Object: 'Object Repository/1. Constant/xpath' is clicked on

2022-06-09 20:31:05 - [TEST_STEP][PASSED] - click(findTestObject("1. Constant/xpath", ["xpath":"//*[@id="ModifFiche"]/div[1]/div/button[2]"])): Object: 'Object Repository/1. Constant/xpath' is clicked on

2022-06-09 20:31:09 - [MESSAGE][PASSED] - Object: 'Object Repository/1. Constant/xpath' is clicked on

2022-06-09 20:31:09 - [TEST_STEP][PASSED] - takeScreenshot(): Taking screenshot successfully

2022-06-09 20:31:10 - [MESSAGE][PASSED] - Taking screenshot successfully
[[ATTACHMENT|D:\\Projet Test Auto\\Mediabox Test Automation\\Reports\\20220609_181011\\03. Parallel Testing (Testing)\\TS -PT PART 3\\14.04 Dreyers Support Action (Ongoing _ Completed ref) - PART 4\\20220609_181106\\1654799469579.png]]

2022-06-09 20:31:10 - [TEST_STEP][PASSED] - click(findTestObject("1. Constant/xpath", ["xpath":"//*[@id="source_" + refID20 + ""]/td[14]/a[3]"])): Object: 'Object Repository/1. Constant/xpath' is clicked on

2022-06-09 20:31:11 - [MESSAGE][PASSED] - Object: 'Object Repository/1. Constant/xpath' is clicked on

2022-06-09 20:31:11 - [TEST_STEP][PASSED] - click(findTestObject("1. Constant/xpath", ["xpath":"//*[@id="ModifFiche"]/div[1]/div/button[2]"])): Object: 'Object Repository/1. Constant/xpath' is clicked on

2022-06-09 20:31:17 - [MESSAGE][PASSED] - Object: 'Object Repository/1. Constant/xpath' is clicked on

2022-06-09 20:31:17 - [TEST_STEP][PASSED] - click(findTestObject("1. Constant/xpath", ["xpath":"//*[@id="source_" + refID20 + ""]/td[14]/div[1]/button"])): Object: 'Object Repository/1. Constant/xpath' is clicked on

2022-06-09 20:31:17 - [MESSAGE][PASSED] - Object: 'Object Repository/1. Constant/xpath' is clicked on

2022-06-09 20:31:17 - [TEST_STEP][PASSED] - delay(1): Delayed 1 second(s)

2022-06-09 20:31:18 - [MESSAGE][PASSED] - Delayed 1 second(s)

2022-06-09 20:31:18 - [TEST_STEP][PASSED] - takeScreenshot(): Taking screenshot successfully

2022-06-09 20:31:18 - [MESSAGE][PASSED] - Taking screenshot successfully
[[ATTACHMENT|D:\\Projet Test Auto\\Mediabox Test Automation\\Reports\\20220609_181011\\03. Parallel Testing (Testing)\\TS -PT PART 3\\14.04 Dreyers Support Action (Ongoing _ Completed ref) - PART 4\\20220609_181106\\1654799478376.png]]

2022-06-09 20:31:18 - [TEST_STEP][PASSED] - delay(1): Delayed 1 second(s)

2022-06-09 20:31:19 - [MESSAGE][PASSED] - Delayed 1 second(s)

2022-06-09 20:31:19 - [TEST_STEP][PASSED] - x = 20: null

2022-06-09 20:31:19 - [TEST_STEP][PASSED] - i = 1: null

2022-06-09 20:31:19 - [TEST_STEP][PASSED] - while (i <= x): null

2022-06-09 20:31:19 - [TEST_STEP][PASSED] - Expected_SAS_Selected = "SAS S28: Skip P3.4/Add PG Step C/ Skip P3.1": null

2022-06-09 20:31:19 - [TEST_STEP][PASSED] - xpath_SAS = "//*[@id="source_" + refID20 + ""]/td[14]/div[1]/div/a[" + i + "]": null

2022-06-09 20:31:19 - [TEST_STEP][PASSED] - Actual_SAS = getText(findTestObject("1. Constant/xpath", ["xpath":xpath_SAS])): Text of object 'Object Repository/1. Constant/xpath' is: 'SAS: S6 - Add Steps C'

2022-06-09 20:31:19 - [MESSAGE][PASSED] - Text of object 'Object Repository/1. Constant/xpath' is: 'SAS: S6 - Add Steps C'

2022-06-09 20:31:19 - [TEST_STEP][PASSED] - I.print(i): null

2022-06-09 20:31:19 - [TEST_STEP][PASSED] - if (Actual_SAS.contains(Expected_SAS_Selected)): null

2022-06-09 20:31:19 - [TEST_STEP][PASSED] - i = i + 1: null

2022-06-09 20:31:19 - [TEST_STEP][PASSED] - Expected_SAS_Selected = "SAS S28: Skip P3.4/Add PG Step C/ Skip P3.1": null

2022-06-09 20:31:19 - [TEST_STEP][PASSED] - xpath_SAS = "//*[@id="source_" + refID20 + ""]/td[14]/div[1]/div/a[" + i + "]": null

2022-06-09 20:31:19 - [TEST_STEP][PASSED] - Actual_SAS = getText(findTestObject("1. Constant/xpath", ["xpath":xpath_SAS])): Text of object 'Object Repository/1. Constant/xpath' is: 'SAS S14 - Add Step group (SAS Lifecycle - SAS Step C)'

2022-06-09 20:31:19 - [MESSAGE][PASSED] - Text of object 'Object Repository/1. Constant/xpath' is: 'SAS S14 - Add Step group (SAS Lifecycle - SAS Step C)'

2022-06-09 20:31:19 - [TEST_STEP][PASSED] - I.print(i): null

2022-06-09 20:31:19 - [TEST_STEP][PASSED] - if (Actual_SAS.contains(Expected_SAS_Selected)): null

2022-06-09 20:31:19 - [TEST_STEP][PASSED] - i = i + 1: null

2022-06-09 20:31:19 - [TEST_STEP][PASSED] - Expected_SAS_Selected = "SAS S28: Skip P3.4/Add PG Step C/ Skip P3.1": null

2022-06-09 20:31:19 - [TEST_STEP][PASSED] - xpath_SAS = "//*[@id="source_" + refID20 + ""]/td[14]/div[1]/div/a[" + i + "]": null

2022-06-09 20:31:19 - [TEST_STEP][PASSED] - Actual_SAS = getText(findTestObject("1. Constant/xpath", ["xpath":xpath_SAS])): Text of object 'Object Repository/1. Constant/xpath' is: 'SAS: S15 - Add Step Group A & C'

2022-06-09 20:31:20 - [MESSAGE][PASSED] - Text of object 'Object Repository/1. Constant/xpath' is: 'SAS: S15 - Add Step Group A & C'

2022-06-09 20:31:20 - [TEST_STEP][PASSED] - I.print(i): null

2022-06-09 20:31:20 - [TEST_STEP][PASSED] - if (Actual_SAS.contains(Expected_SAS_Selected)): null

2022-06-09 20:31:20 - [TEST_STEP][PASSED] - i = i + 1: null

2022-06-09 20:31:20 - [TEST_STEP][PASSED] - Expected_SAS_Selected = "SAS S28: Skip P3.4/Add PG Step C/ Skip P3.1": null

2022-06-09 20:31:20 - [TEST_STEP][PASSED] - xpath_SAS = "//*[@id="source_" + refID20 + ""]/td[14]/div[1]/div/a[" + i + "]": null

2022-06-09 20:31:20 - [TEST_STEP][PASSED] - Actual_SAS = getText(findTestObject("1. Constant/xpath", ["xpath":xpath_SAS])): Text of object 'Object Repository/1. Constant/xpath' is: 'SAS S27: Add PG Step C/ Skip P3.1'

2022-06-09 20:31:20 - [MESSAGE][PASSED] - Text of object 'Object Repository/1. Constant/xpath' is: 'SAS S27: Add PG Step C/ Skip P3.1'

2022-06-09 20:31:20 - [TEST_STEP][PASSED] - I.print(i): null

2022-06-09 20:31:20 - [TEST_STEP][PASSED] - if (Actual_SAS.contains(Expected_SAS_Selected)): null

2022-06-09 20:31:20 - [TEST_STEP][PASSED] - i = i + 1: null

2022-06-09 20:31:20 - [TEST_STEP][PASSED] - Expected_SAS_Selected = "SAS S28: Skip P3.4/Add PG Step C/ Skip P3.1": null

2022-06-09 20:31:20 - [TEST_STEP][PASSED] - xpath_SAS = "//*[@id="source_" + refID20 + ""]/td[14]/div[1]/div/a[" + i + "]": null

2022-06-09 20:31:20 - [TEST_STEP][PASSED] - Actual_SAS = getText(findTestObject("1. Constant/xpath", ["xpath":xpath_SAS])): Text of object 'Object Repository/1. Constant/xpath' is: 'SAS S28: Skip P3.4/Add PG Step C/ Skip P3.1'

2022-06-09 20:31:20 - [MESSAGE][PASSED] - Text of object 'Object Repository/1. Constant/xpath' is: 'SAS S28: Skip P3.4/Add PG Step C/ Skip P3.1'

2022-06-09 20:31:20 - [TEST_STEP][PASSED] - I.print(i): null

2022-06-09 20:31:20 - [TEST_STEP][PASSED] - if (Actual_SAS.contains(Expected_SAS_Selected)): null

2022-06-09 20:31:20 - [TEST_STEP][PASSED] - click(findTestObject("1. Constant/xpath", ["xpath":xpath_SAS])): Object: 'Object Repository/1. Constant/xpath' is clicked on

2022-06-09 20:31:20 - [MESSAGE][PASSED] - Object: 'Object Repository/1. Constant/xpath' is clicked on

2022-06-09 20:31:20 - [TEST_STEP][PASSED] - break: null

2022-06-09 20:31:20 - [TEST_STEP][PASSED] - takeScreenshot(): Taking screenshot successfully

2022-06-09 20:31:21 - [MESSAGE][PASSED] - Taking screenshot successfully
[[ATTACHMENT|D:\\Projet Test Auto\\Mediabox Test Automation\\Reports\\20220609_181011\\03. Parallel Testing (Testing)\\TS -PT PART 3\\14.04 Dreyers Support Action (Ongoing _ Completed ref) - PART 4\\20220609_181106\\1654799480775.png]]

2022-06-09 20:31:21 - [TEST_STEP][PASSED] - click(findTestObject("1. Constant/xpath", ["xpath":"//*[@id="confirmSupportActionShortcut"]"])): Object: 'Object Repository/1. Constant/xpath' is clicked on

2022-06-09 20:31:24 - [MESSAGE][PASSED] - Object: 'Object Repository/1. Constant/xpath' is clicked on

2022-06-09 20:31:24 - [TEST_STEP][PASSED] - takeScreenshot(): Taking screenshot successfully

2022-06-09 20:31:25 - [MESSAGE][PASSED] - Taking screenshot successfully
[[ATTACHMENT|D:\\Projet Test Auto\\Mediabox Test Automation\\Reports\\20220609_181011\\03. Parallel Testing (Testing)\\TS -PT PART 3\\14.04 Dreyers Support Action (Ongoing _ Completed ref) - PART 4\\20220609_181106\\1654799484759.png]]

2022-06-09 20:31:25 - [TEST_STEP][PASSED] - click(findTestObject("1. Constant/xpath", ["xpath":"//*[@id="kt_content"]/div[3]/div/ul/li[3]/a"])): Object: 'Object Repository/1. Constant/xpath' is clicked on

2022-06-09 20:31:28 - [MESSAGE][PASSED] - Object: 'Object Repository/1. Constant/xpath' is clicked on

2022-06-09 20:31:28 - [TEST_STEP][PASSED] - takeScreenshot(): Taking screenshot successfully

2022-06-09 20:31:28 - [MESSAGE][PASSED] - Taking screenshot successfully
[[ATTACHMENT|D:\\Projet Test Auto\\Mediabox Test Automation\\Reports\\20220609_181011\\03. Parallel Testing (Testing)\\TS -PT PART 3\\14.04 Dreyers Support Action (Ongoing _ Completed ref) - PART 4\\20220609_181106\\1654799488219.png]]

2022-06-09 20:31:28 - [TEST_STEP][PASSED] - takeScreenshot(): Taking screenshot successfully

2022-06-09 20:31:29 - [MESSAGE][PASSED] - Taking screenshot successfully
[[ATTACHMENT|D:\\Projet Test Auto\\Mediabox Test Automation\\Reports\\20220609_181011\\03. Parallel Testing (Testing)\\TS -PT PART 3\\14.04 Dreyers Support Action (Ongoing _ Completed ref) - PART 4\\20220609_181106\\1654799489139.png]]

2022-06-09 20:31:29 - [TEST_STEP][PASSED] - StepC_1 = getAttribute(findTestObject("1. Constant/xpath", ["xpath":"/html/body/div[1]/div[2]/div[8]/div[3]/div/div[3]/div[3]/div/ul/li[3]/a"]), "class"): Attribute 'class' of object 'Object Repository/1. Constant/xpath' is: 'nav-link timeline-badge badge-xl  bg-pending active'

2022-06-09 20:31:30 - [MESSAGE][PASSED] - Attribute 'class' of object 'Object Repository/1. Constant/xpath' is: 'nav-link timeline-badge badge-xl  bg-pending active'

2022-06-09 20:31:30 - [TEST_STEP][PASSED] - verifyMatch(StepC_1, "nav-link timeline-badge badge-xl  bg-pending active", false): Actual text 'nav-link timeline-badge badge-xl  bg-pending active' and expected text 'nav-link timeline-badge badge-xl  bg-pending active' are matched 

2022-06-09 20:31:30 - [MESSAGE][PASSED] - Actual text 'nav-link timeline-badge badge-xl  bg-pending active' and expected text 'nav-link timeline-badge badge-xl  bg-pending active' are matched 

2022-06-09 20:31:30 - [TEST_STEP][PASSED] - StepC_11 = I.Get_Stepname("/html/body/div[1]/div[2]/div[8]/div[3]/div/div[3]/div[3]/div/ul/li[3]/a"): Attribute 'href' of object 'Object Repository/1. Constant/xpath' is: 'http://mdb-release.diadeis.lan/MediaboxIndependence/Base/ExecAction?action=VoirRef&IDSession=MBI!RELTESTAUTO_DREYERS!QGEM25AAJ9FI2GF6GMS9KCTFFNY3RR7QGAGABDI8&num=HDJF9VE3WB&id_ref=5278#tab_lifecycle_SASStepC_12199'

2022-06-09 20:31:35 - [MESSAGE][PASSED] - Delayed 5 second(s)

2022-06-09 20:31:35 - [MESSAGE][PASSED] - Attribute 'href' of object 'Object Repository/1. Constant/xpath' is: 'http://mdb-release.diadeis.lan/MediaboxIndependence/Base/ExecAction?action=VoirRef&IDSession=MBI!RELTESTAUTO_DREYERS!QGEM25AAJ9FI2GF6GMS9KCTFFNY3RR7QGAGABDI8&num=HDJF9VE3WB&id_ref=5278#tab_lifecycle_SASStepC_12199'

2022-06-09 20:31:35 - [TEST_STEP][PASSED] - verifyMatch(StepC_11, "SASStepC", false): Actual text 'SASStepC' and expected text 'SASStepC' are matched 

2022-06-09 20:31:35 - [MESSAGE][PASSED] - Actual text 'SASStepC' and expected text 'SASStepC' are matched 

2022-06-09 20:31:35 - [TEST_STEP][PASSED] - StepCP4_1 = getText(findTestObject("1. Constant/xpath", ["xpath":"/html/body/div[1]/div[2]/div[8]/div[3]/div/div[3]/div[3]/div/div/div[3]/div/div[6]/div/div[1]/div[1]/h3"])): Text of object 'Object Repository/1. Constant/xpath' is: 'Phase 3.1 [Question]'

2022-06-09 20:31:35 - [MESSAGE][PASSED] - Text of object 'Object Repository/1. Constant/xpath' is: 'Phase 3.1 [Question]'

2022-06-09 20:31:35 - [TEST_STEP][PASSED] - verifyMatch(StepCP4_1, "Phase 3.1 [Question]", false): Actual text 'Phase 3.1 [Question]' and expected text 'Phase 3.1 [Question]' are matched 

2022-06-09 20:31:35 - [MESSAGE][PASSED] - Actual text 'Phase 3.1 [Question]' and expected text 'Phase 3.1 [Question]' are matched 

2022-06-09 20:31:35 - [TEST_STEP][PASSED] - Started_StepCP4_1 = getText(findTestObject("1. Constant/xpath", ["xpath":"/html/body/div[1]/div[2]/div[8]/div[3]/div/div[3]/div[3]/div/div/div[3]/div/div[6]/div/div[2]/div[1]"])): Text of object 'Object Repository/1. Constant/xpath' is: 'Started 06/09/22 02:31 PM'

2022-06-09 20:31:35 - [MESSAGE][PASSED] - Text of object 'Object Repository/1. Constant/xpath' is: 'Started 06/09/22 02:31 PM'

2022-06-09 20:31:35 - [TEST_STEP][PASSED] - if (Started_StepCP4_1.contains("Started")): Actual object '1' and expected object '1' are equal

2022-06-09 20:31:35 - [TEST_STEP][PASSED] - verifyEqual(1, 1): Actual object '1' and expected object '1' are equal

2022-06-09 20:31:35 - [MESSAGE][PASSED] - Actual object '1' and expected object '1' are equal

2022-06-09 20:31:35 - [TEST_STEP][PASSED] - verifyElementNotPresent(findTestObject("1. Constant/xpath", ["xpath":"/html/body/div[1]/div[2]/div[8]/div[3]/div/div[3]/div[3]/div/div/div[3]/div/div[11]/div"]), 10): Web element with id: 'Object Repository/1. Constant/xpath' located by 'By.xpath: /html/body/div[1]/div[2]/div[8]/div[3]/div/div[3]/div[3]/div/div/div[3]/div/div[11]/div' is not present after '10' second(s)

2022-06-09 20:31:35 - [MESSAGE][PASSED] - Web element with id: 'Object Repository/1. Constant/xpath' located by 'By.xpath: /html/body/div[1]/div[2]/div[8]/div[3]/div/div[3]/div[3]/div/div/div[3]/div/div[11]/div' is not present after '10' second(s)

2022-06-09 20:31:35 - [TEST_STEP][PASSED] - verifyElementNotPresent(findTestObject("1. Constant/xpath", ["xpath":"/html/body/div[1]/div[2]/div[8]/div[3]/div/div[3]/div[3]/div/ul/li[4]/a"]), 10): Web element with id: 'Object Repository/1. Constant/xpath' located by 'By.xpath: /html/body/div[1]/div[2]/div[8]/div[3]/div/div[3]/div[3]/div/ul/li[4]/a' is not present after '10' second(s)

2022-06-09 20:31:35 - [MESSAGE][PASSED] - Web element with id: 'Object Repository/1. Constant/xpath' located by 'By.xpath: /html/body/div[1]/div[2]/div[8]/div[3]/div/div[3]/div[3]/div/ul/li[4]/a' is not present after '10' second(s)

2022-06-09 20:31:35 - [TEST_STEP][PASSED] - I.Logout(): Delayed 3 second(s)

2022-06-09 20:31:38 - [MESSAGE][PASSED] - Delayed 3 second(s)

2022-06-09 20:31:39 - [MESSAGE][PASSED] - Object: 'Object Repository/1. Constant/xpath' is clicked on

2022-06-09 20:31:42 - [MESSAGE][PASSED] - Delayed 3 second(s)

2022-06-09 20:31:44 - [MESSAGE][PASSED] - Object: 'Object Repository/1. Constant/xpath' is clicked on

2022-06-09 20:31:47 - [MESSAGE][PASSED] - Delayed 3 second(s)

2022-06-09 20:31:47 - [TEST_STEP][PASSED] - I.Login_password("talexeeva", password_talexeeva): Object: 'Object Repository/1. Constant/xpath' is clicked on

2022-06-09 20:31:47 - [MESSAGE][PASSED] - Text 'talexeeva' is set on object 'Object Repository/1. Constant/xpath'

2022-06-09 20:31:48 - [MESSAGE][PASSED] - Delayed 1 second(s)

2022-06-09 20:31:49 - [MESSAGE][PASSED] - Text 'diadeis2' is set on object 'Object Repository/1. Constant/xpath'

2022-06-09 20:31:50 - [MESSAGE][PASSED] - Delayed 1 second(s)

2022-06-09 20:31:53 - [MESSAGE][PASSED] - Object: 'Object Repository/1. Constant/xpath' is clicked on

2022-06-09 20:31:53 - [TEST_STEP][PASSED] - click(findTestObject("1. Constant/02_LHSMenu_Projects")): Object: 'Object Repository/1. Constant/02_LHSMenu_Projects' is clicked on

2022-06-09 20:31:57 - [MESSAGE][PASSED] - Object: 'Object Repository/1. Constant/02_LHSMenu_Projects' is clicked on

2022-06-09 20:31:57 - [TEST_STEP][PASSED] - I.SearchProjectNo_xpath(Project_No, "//*[@id="keynum_project"]", "//*[@id="form_filters"]/div[4]/button"): Delayed 5 second(s)

2022-06-09 20:31:58 - [MESSAGE][PASSED] - Delayed 1 second(s)

2022-06-09 20:31:58 - [MESSAGE][PASSED] - Text 'MI000876' is set on object 'Object Repository/1. Constant/xpath'

2022-06-09 20:32:01 - [MESSAGE][PASSED] - Delayed 3 second(s)

2022-06-09 20:32:01 - [MESSAGE][PASSED] - Scroll to object 'Object Repository/1. Constant/xpath' successfully

2022-06-09 20:32:04 - [MESSAGE][PASSED] - Object: 'Object Repository/1. Constant/xpath' is clicked on

2022-06-09 20:32:09 - [MESSAGE][PASSED] - Delayed 5 second(s)

2022-06-09 20:32:09 - [TEST_STEP][PASSED] - I.SearchRefNo_xpath("P20_Auto", "//*[@id="fiche_filter_keywords11"]", "//*[@id="form_filters"]/div[3]/button"): Delayed 5 second(s)

2022-06-09 20:32:10 - [MESSAGE][PASSED] - Delayed 1 second(s)

2022-06-09 20:32:11 - [MESSAGE][PASSED] - Text 'P20_Auto' is set on object 'Object Repository/1. Constant/xpath'

2022-06-09 20:32:14 - [MESSAGE][PASSED] - Delayed 3 second(s)

2022-06-09 20:32:14 - [MESSAGE][PASSED] - Scroll to object 'Object Repository/1. Constant/xpath' successfully

2022-06-09 20:32:16 - [MESSAGE][PASSED] - Object: 'Object Repository/1. Constant/xpath' is clicked on

2022-06-09 20:32:21 - [MESSAGE][PASSED] - Delayed 5 second(s)

2022-06-09 20:32:21 - [TEST_STEP][PASSED] - takeScreenshot(): Taking screenshot successfully

2022-06-09 20:32:22 - [MESSAGE][PASSED] - Taking screenshot successfully
[[ATTACHMENT|D:\\Projet Test Auto\\Mediabox Test Automation\\Reports\\20220609_181011\\03. Parallel Testing (Testing)\\TS -PT PART 3\\14.04 Dreyers Support Action (Ongoing _ Completed ref) - PART 4\\20220609_181106\\1654799541826.png]]

2022-06-09 20:32:22 - [TEST_STEP][PASSED] - I.submitquesiton_ref(findTestObject("1. Constant/xpath", ["xpath":"//*[@id="source_" + refID20 + ""]/td[13]/div[1]/button"]), findTestObject("1. Constant/xpath", ["xpath":"//*[@id="source_" + refID20 + ""]/td[13]/div[1]/div/a[1]"])): Object: 'Object Repository/1. Constant/xpath' is clicked on

2022-06-09 20:32:22 - [MESSAGE][PASSED] - Object: 'Object Repository/1. Constant/xpath' is clicked on

2022-06-09 20:32:25 - [MESSAGE][PASSED] - Delayed 3 second(s)

2022-06-09 20:32:26 - [MESSAGE][PASSED] - Object: 'Object Repository/1. Constant/xpath' is clicked on

2022-06-09 20:32:26 - [TEST_STEP][PASSED] - click(findTestObject("1. Constant/xpath", ["xpath":"//*[@id="ModifFiche"]/div[1]/div/button[2]"])): Object: 'Object Repository/1. Constant/xpath' is clicked on

2022-06-09 20:32:29 - [MESSAGE][PASSED] - Object: 'Object Repository/1. Constant/xpath' is clicked on

2022-06-09 20:32:29 - [TEST_STEP][PASSED] - takeScreenshot(): Taking screenshot successfully

2022-06-09 20:32:30 - [MESSAGE][PASSED] - Taking screenshot successfully
[[ATTACHMENT|D:\\Projet Test Auto\\Mediabox Test Automation\\Reports\\20220609_181011\\03. Parallel Testing (Testing)\\TS -PT PART 3\\14.04 Dreyers Support Action (Ongoing _ Completed ref) - PART 4\\20220609_181106\\1654799549694.png]]

2022-06-09 20:32:30 - [TEST_STEP][PASSED] - Lifecycle_Status22 = getText(findTestObject("1. Constant/xpath", ["xpath":"//*[@id="source_" + refID20 + ""]/td[12]/span[1]"])): Text of object 'Object Repository/1. Constant/xpath' is: 'Phase 3.2 [Question]'

2022-06-09 20:32:30 - [MESSAGE][PASSED] - Text of object 'Object Repository/1. Constant/xpath' is: 'Phase 3.2 [Question]'

2022-06-09 20:32:30 - [TEST_STEP][PASSED] - verifyMatch(Lifecycle_Status22, "Phase 3.2 [Question]", false): Actual text 'Phase 3.2 [Question]' and expected text 'Phase 3.2 [Question]' are matched 

2022-06-09 20:32:30 - [MESSAGE][PASSED] - Actual text 'Phase 3.2 [Question]' and expected text 'Phase 3.2 [Question]' are matched 

2022-06-09 20:32:30 - [TEST_STEP][PASSED] - I.Logout(): Delayed 3 second(s)

2022-06-09 20:32:33 - [MESSAGE][PASSED] - Delayed 3 second(s)

2022-06-09 20:32:33 - [MESSAGE][PASSED] - Object: 'Object Repository/1. Constant/xpath' is clicked on

2022-06-09 20:32:36 - [MESSAGE][PASSED] - Delayed 3 second(s)

2022-06-09 20:32:38 - [MESSAGE][PASSED] - Object: 'Object Repository/1. Constant/xpath' is clicked on

2022-06-09 20:32:41 - [MESSAGE][PASSED] - Delayed 3 second(s)

2022-06-09 20:32:41 - [TEST_STEP][PASSED] - I.Login_password("nturner", password_nturner): Object: 'Object Repository/1. Constant/xpath' is clicked on

2022-06-09 20:32:41 - [MESSAGE][PASSED] - Text 'nturner' is set on object 'Object Repository/1. Constant/xpath'

2022-06-09 20:32:42 - [MESSAGE][PASSED] - Delayed 1 second(s)

2022-06-09 20:32:42 - [MESSAGE][PASSED] - Text 'diadeis1' is set on object 'Object Repository/1. Constant/xpath'

2022-06-09 20:32:43 - [MESSAGE][PASSED] - Delayed 1 second(s)

2022-06-09 20:32:46 - [MESSAGE][PASSED] - Object: 'Object Repository/1. Constant/xpath' is clicked on

2022-06-09 20:32:46 - [TEST_STEP][PASSED] - delay(1): Delayed 1 second(s)

2022-06-09 20:32:47 - [MESSAGE][PASSED] - Delayed 1 second(s)

2022-06-09 20:32:47 - [TEST_STEP][PASSED] - click(findTestObject("1. Constant/02_LHSMenu_Projects")): Object: 'Object Repository/1. Constant/02_LHSMenu_Projects' is clicked on

2022-06-09 20:32:50 - [MESSAGE][PASSED] - Object: 'Object Repository/1. Constant/02_LHSMenu_Projects' is clicked on

2022-06-09 20:32:50 - [TEST_STEP][PASSED] - I.SearchProjectNo_xpath(Project_No, "//*[@id="keynum_project"]", "//*[@id="form_filters"]/div[4]/button"): Delayed 5 second(s)

2022-06-09 20:32:51 - [MESSAGE][PASSED] - Delayed 1 second(s)

2022-06-09 20:32:52 - [MESSAGE][PASSED] - Text 'MI000876' is set on object 'Object Repository/1. Constant/xpath'

2022-06-09 20:32:55 - [MESSAGE][PASSED] - Delayed 3 second(s)

2022-06-09 20:32:55 - [MESSAGE][PASSED] - Scroll to object 'Object Repository/1. Constant/xpath' successfully

2022-06-09 20:32:58 - [MESSAGE][PASSED] - Object: 'Object Repository/1. Constant/xpath' is clicked on

2022-06-09 20:33:03 - [MESSAGE][PASSED] - Delayed 5 second(s)

2022-06-09 20:33:03 - [TEST_STEP][PASSED] - takeScreenshot(): Taking screenshot successfully

2022-06-09 20:33:04 - [MESSAGE][PASSED] - Taking screenshot successfully
[[ATTACHMENT|D:\\Projet Test Auto\\Mediabox Test Automation\\Reports\\20220609_181011\\03. Parallel Testing (Testing)\\TS -PT PART 3\\14.04 Dreyers Support Action (Ongoing _ Completed ref) - PART 4\\20220609_181106\\1654799583689.png]]

2022-06-09 20:33:04 - [TEST_STEP][PASSED] - I.SearchRefNo_xpath("P20_Auto", "//*[@id="fiche_filter_keywords11"]", "//*[@id="form_filters"]/div[3]/button"): Delayed 5 second(s)

2022-06-09 20:33:05 - [MESSAGE][PASSED] - Delayed 1 second(s)

2022-06-09 20:33:07 - [MESSAGE][PASSED] - Text 'P20_Auto' is set on object 'Object Repository/1. Constant/xpath'

2022-06-09 20:33:10 - [MESSAGE][PASSED] - Delayed 3 second(s)

2022-06-09 20:33:10 - [MESSAGE][PASSED] - Scroll to object 'Object Repository/1. Constant/xpath' successfully

2022-06-09 20:33:11 - [MESSAGE][PASSED] - Object: 'Object Repository/1. Constant/xpath' is clicked on

2022-06-09 20:33:16 - [MESSAGE][PASSED] - Delayed 5 second(s)

2022-06-09 20:33:16 - [TEST_STEP][PASSED] - I.submitquesiton_ref(findTestObject("1. Constant/xpath", ["xpath":"//*[@id="source_" + refID20 + ""]/td[13]/div/button"]), findTestObject("1. Constant/xpath", ["xpath":"//*[@id="source_" + refID20 + ""]/td[13]/div/div/a[1]"])): Object: 'Object Repository/1. Constant/xpath' is clicked on

2022-06-09 20:33:17 - [MESSAGE][PASSED] - Object: 'Object Repository/1. Constant/xpath' is clicked on

2022-06-09 20:33:20 - [MESSAGE][PASSED] - Delayed 3 second(s)

2022-06-09 20:33:21 - [MESSAGE][PASSED] - Object: 'Object Repository/1. Constant/xpath' is clicked on

2022-06-09 20:33:21 - [TEST_STEP][PASSED] - click(findTestObject("1. Constant/xpath", ["xpath":"//*[@id="ModifFiche"]/div[1]/div/button[2]"])): Object: 'Object Repository/1. Constant/xpath' is clicked on

2022-06-09 20:33:24 - [MESSAGE][PASSED] - Object: 'Object Repository/1. Constant/xpath' is clicked on

2022-06-09 20:33:24 - [TEST_STEP][PASSED] - Lifecycle_Status33 = getText(findTestObject("1. Constant/xpath", ["xpath":"//*[@id="source_" + refID20 + ""]/td[12]/span[1]"])): Text of object 'Object Repository/1. Constant/xpath' is: 'Phase 3.3 [Standard]'

2022-06-09 20:33:24 - [MESSAGE][PASSED] - Text of object 'Object Repository/1. Constant/xpath' is: 'Phase 3.3 [Standard]'

2022-06-09 20:33:24 - [TEST_STEP][PASSED] - verifyMatch(Lifecycle_Status33, "Phase 3.3 [Standard]", false): Actual text 'Phase 3.3 [Standard]' and expected text 'Phase 3.3 [Standard]' are matched 

2022-06-09 20:33:24 - [MESSAGE][PASSED] - Actual text 'Phase 3.3 [Standard]' and expected text 'Phase 3.3 [Standard]' are matched 

2022-06-09 20:33:24 - [TEST_STEP][PASSED] - takeScreenshot(): Taking screenshot successfully

2022-06-09 20:33:25 - [MESSAGE][PASSED] - Taking screenshot successfully
[[ATTACHMENT|D:\\Projet Test Auto\\Mediabox Test Automation\\Reports\\20220609_181011\\03. Parallel Testing (Testing)\\TS -PT PART 3\\14.04 Dreyers Support Action (Ongoing _ Completed ref) - PART 4\\20220609_181106\\1654799604791.png]]

2022-06-09 20:33:25 - [TEST_STEP][PASSED] - I.Logout(): Delayed 3 second(s)

2022-06-09 20:33:28 - [MESSAGE][PASSED] - Delayed 3 second(s)

2022-06-09 20:33:29 - [MESSAGE][PASSED] - Object: 'Object Repository/1. Constant/xpath' is clicked on

2022-06-09 20:33:32 - [MESSAGE][PASSED] - Delayed 3 second(s)

2022-06-09 20:33:33 - [MESSAGE][PASSED] - Object: 'Object Repository/1. Constant/xpath' is clicked on

2022-06-09 20:33:36 - [MESSAGE][PASSED] - Delayed 3 second(s)

2022-06-09 20:33:36 - [TEST_STEP][PASSED] - I.Login_password("jryan", password_jryan): Object: 'Object Repository/1. Constant/xpath' is clicked on

2022-06-09 20:33:36 - [MESSAGE][PASSED] - Text 'jryan' is set on object 'Object Repository/1. Constant/xpath'

2022-06-09 20:33:37 - [MESSAGE][PASSED] - Delayed 1 second(s)

2022-06-09 20:33:39 - [MESSAGE][PASSED] - Text 'diadeis' is set on object 'Object Repository/1. Constant/xpath'

2022-06-09 20:33:40 - [MESSAGE][PASSED] - Delayed 1 second(s)

2022-06-09 20:33:44 - [MESSAGE][PASSED] - Object: 'Object Repository/1. Constant/xpath' is clicked on

2022-06-09 20:33:44 - [TEST_STEP][PASSED] - click(findTestObject("1. Constant/02_LHSMenu_Projects")): Object: 'Object Repository/1. Constant/02_LHSMenu_Projects' is clicked on

2022-06-09 20:33:46 - [MESSAGE][PASSED] - Object: 'Object Repository/1. Constant/02_LHSMenu_Projects' is clicked on

2022-06-09 20:33:46 - [TEST_STEP][PASSED] - I.SearchProjectNo_xpath(Project_No, "//*[@id="keynum_project"]", "//*[@id="form_filters"]/div[4]/button"): Delayed 5 second(s)

2022-06-09 20:33:47 - [MESSAGE][PASSED] - Delayed 1 second(s)

2022-06-09 20:33:49 - [MESSAGE][PASSED] - Text 'MI000876' is set on object 'Object Repository/1. Constant/xpath'

2022-06-09 20:33:52 - [MESSAGE][PASSED] - Delayed 3 second(s)

2022-06-09 20:33:53 - [MESSAGE][PASSED] - Scroll to object 'Object Repository/1. Constant/xpath' successfully

2022-06-09 20:33:56 - [MESSAGE][PASSED] - Object: 'Object Repository/1. Constant/xpath' is clicked on

2022-06-09 20:34:01 - [MESSAGE][PASSED] - Delayed 5 second(s)

2022-06-09 20:34:01 - [TEST_STEP][PASSED] - takeScreenshot(): Taking screenshot successfully

2022-06-09 20:34:01 - [MESSAGE][PASSED] - Taking screenshot successfully
[[ATTACHMENT|D:\\Projet Test Auto\\Mediabox Test Automation\\Reports\\20220609_181011\\03. Parallel Testing (Testing)\\TS -PT PART 3\\14.04 Dreyers Support Action (Ongoing _ Completed ref) - PART 4\\20220609_181106\\1654799641089.png]]

2022-06-09 20:34:01 - [TEST_STEP][PASSED] - I.SearchRefNo_xpath("P20_Auto", "//*[@id="fiche_filter_keywords11"]", "//*[@id="form_filters"]/div[3]/button"): Delayed 5 second(s)

2022-06-09 20:34:02 - [MESSAGE][PASSED] - Delayed 1 second(s)

2022-06-09 20:34:02 - [MESSAGE][PASSED] - Text 'P20_Auto' is set on object 'Object Repository/1. Constant/xpath'

2022-06-09 20:34:05 - [MESSAGE][PASSED] - Delayed 3 second(s)

2022-06-09 20:34:06 - [MESSAGE][PASSED] - Scroll to object 'Object Repository/1. Constant/xpath' successfully

2022-06-09 20:34:08 - [MESSAGE][PASSED] - Object: 'Object Repository/1. Constant/xpath' is clicked on

2022-06-09 20:34:13 - [MESSAGE][PASSED] - Delayed 5 second(s)

2022-06-09 20:34:13 - [TEST_STEP][PASSED] - takeScreenshot(): Taking screenshot successfully

2022-06-09 20:34:13 - [MESSAGE][PASSED] - Taking screenshot successfully
[[ATTACHMENT|D:\\Projet Test Auto\\Mediabox Test Automation\\Reports\\20220609_181011\\03. Parallel Testing (Testing)\\TS -PT PART 3\\14.04 Dreyers Support Action (Ongoing _ Completed ref) - PART 4\\20220609_181106\\1654799653126.png]]

2022-06-09 20:34:13 - [TEST_STEP][PASSED] - click(findTestObject("1. Constant/xpath", ["xpath":"//*[@id="source_" + refID20 + ""]/td[14]/a[2]"])): Object: 'Object Repository/1. Constant/xpath' is clicked on

2022-06-09 20:34:14 - [MESSAGE][PASSED] - Object: 'Object Repository/1. Constant/xpath' is clicked on

2022-06-09 20:34:14 - [TEST_STEP][PASSED] - click(findTestObject("1. Constant/xpath", ["xpath":"//*[@id="ModifFiche"]/div[1]/div/button[2]"])): Object: 'Object Repository/1. Constant/xpath' is clicked on

2022-06-09 20:34:21 - [MESSAGE][PASSED] - Object: 'Object Repository/1. Constant/xpath' is clicked on

2022-06-09 20:34:21 - [TEST_STEP][PASSED] - Lifecycle_Status44 = getText(findTestObject("1. Constant/xpath", ["xpath":"//*[@id="source_" + refID20 + ""]/td[12]/span[1]"])): Text of object 'Object Repository/1. Constant/xpath' is: 'Phase 3.4 [Standard]'

2022-06-09 20:34:22 - [MESSAGE][PASSED] - Text of object 'Object Repository/1. Constant/xpath' is: 'Phase 3.4 [Standard]'

2022-06-09 20:34:22 - [TEST_STEP][PASSED] - verifyMatch(Lifecycle_Status44, "Phase 3.4 [Standard]", false): Actual text 'Phase 3.4 [Standard]' and expected text 'Phase 3.4 [Standard]' are matched 

2022-06-09 20:34:22 - [MESSAGE][PASSED] - Actual text 'Phase 3.4 [Standard]' and expected text 'Phase 3.4 [Standard]' are matched 

2022-06-09 20:34:22 - [TEST_STEP][PASSED] - takeScreenshot(): Taking screenshot successfully

2022-06-09 20:34:24 - [MESSAGE][PASSED] - Taking screenshot successfully
[[ATTACHMENT|D:\\Projet Test Auto\\Mediabox Test Automation\\Reports\\20220609_181011\\03. Parallel Testing (Testing)\\TS -PT PART 3\\14.04 Dreyers Support Action (Ongoing _ Completed ref) - PART 4\\20220609_181106\\1654799663398.png]]

2022-06-09 20:34:24 - [TEST_STEP][PASSED] - I.Logout(): Delayed 3 second(s)

2022-06-09 20:34:27 - [MESSAGE][PASSED] - Delayed 3 second(s)

2022-06-09 20:34:30 - [MESSAGE][PASSED] - Object: 'Object Repository/1. Constant/xpath' is clicked on

2022-06-09 20:34:33 - [MESSAGE][PASSED] - Delayed 3 second(s)

2022-06-09 20:34:40 - [MESSAGE][PASSED] - Object: 'Object Repository/1. Constant/xpath' is clicked on

2022-06-09 20:34:43 - [MESSAGE][PASSED] - Delayed 3 second(s)

2022-06-09 20:34:43 - [TEST_STEP][PASSED] - I.Login_password("nturner", password_nturner): Object: 'Object Repository/1. Constant/xpath' is clicked on

2022-06-09 20:34:44 - [MESSAGE][PASSED] - Text 'nturner' is set on object 'Object Repository/1. Constant/xpath'

2022-06-09 20:34:45 - [MESSAGE][PASSED] - Delayed 1 second(s)

2022-06-09 20:34:49 - [MESSAGE][PASSED] - Text 'diadeis1' is set on object 'Object Repository/1. Constant/xpath'

2022-06-09 20:34:50 - [MESSAGE][PASSED] - Delayed 1 second(s)

2022-06-09 20:34:56 - [MESSAGE][PASSED] - Object: 'Object Repository/1. Constant/xpath' is clicked on

2022-06-09 20:34:56 - [TEST_STEP][PASSED] - click(findTestObject("1. Constant/02_LHSMenu_Projects")): Object: 'Object Repository/1. Constant/02_LHSMenu_Projects' is clicked on

2022-06-09 20:35:01 - [MESSAGE][PASSED] - Object: 'Object Repository/1. Constant/02_LHSMenu_Projects' is clicked on

2022-06-09 20:35:01 - [TEST_STEP][PASSED] - I.SearchProjectNo_xpath(Project_No, "//*[@id="keynum_project"]", "//*[@id="form_filters"]/div[4]/button"): Delayed 5 second(s)

2022-06-09 20:35:02 - [MESSAGE][PASSED] - Delayed 1 second(s)

2022-06-09 20:35:06 - [MESSAGE][PASSED] - Text 'MI000876' is set on object 'Object Repository/1. Constant/xpath'

2022-06-09 20:35:09 - [MESSAGE][PASSED] - Delayed 3 second(s)

2022-06-09 20:35:10 - [MESSAGE][PASSED] - Scroll to object 'Object Repository/1. Constant/xpath' successfully

2022-06-09 20:35:16 - [MESSAGE][PASSED] - Object: 'Object Repository/1. Constant/xpath' is clicked on

2022-06-09 20:35:21 - [MESSAGE][PASSED] - Delayed 5 second(s)

2022-06-09 20:35:21 - [TEST_STEP][PASSED] - takeScreenshot(): Taking screenshot successfully

2022-06-09 20:35:22 - [MESSAGE][PASSED] - Taking screenshot successfully
[[ATTACHMENT|D:\\Projet Test Auto\\Mediabox Test Automation\\Reports\\20220609_181011\\03. Parallel Testing (Testing)\\TS -PT PART 3\\14.04 Dreyers Support Action (Ongoing _ Completed ref) - PART 4\\20220609_181106\\1654799722045.png]]

2022-06-09 20:35:22 - [TEST_STEP][PASSED] - I.SearchRefNo_xpath("P20_Auto", "//*[@id="fiche_filter_keywords11"]", "//*[@id="form_filters"]/div[3]/button"): Delayed 5 second(s)

2022-06-09 20:35:23 - [MESSAGE][PASSED] - Delayed 1 second(s)

2022-06-09 20:35:23 - [MESSAGE][PASSED] - Text 'P20_Auto' is set on object 'Object Repository/1. Constant/xpath'

2022-06-09 20:35:26 - [MESSAGE][PASSED] - Delayed 3 second(s)

2022-06-09 20:35:27 - [MESSAGE][PASSED] - Scroll to object 'Object Repository/1. Constant/xpath' successfully

2022-06-09 20:35:29 - [MESSAGE][PASSED] - Object: 'Object Repository/1. Constant/xpath' is clicked on

2022-06-09 20:35:34 - [MESSAGE][PASSED] - Delayed 5 second(s)

2022-06-09 20:35:34 - [TEST_STEP][PASSED] - click(findTestObject("1. Constant/xpath", ["xpath":"//*[@id="source_" + refID20 + ""]/td[13]/a[2]"])): Object: 'Object Repository/1. Constant/xpath' is clicked on

2022-06-09 20:35:36 - [MESSAGE][PASSED] - Object: 'Object Repository/1. Constant/xpath' is clicked on

2022-06-09 20:35:36 - [TEST_STEP][PASSED] - click(findTestObject("1. Constant/xpath", ["xpath":"//*[@id="ModifFiche"]/div[1]/div/button[2]"])): Object: 'Object Repository/1. Constant/xpath' is clicked on

2022-06-09 20:35:39 - [MESSAGE][PASSED] - Object: 'Object Repository/1. Constant/xpath' is clicked on

2022-06-09 20:35:39 - [TEST_STEP][PASSED] - Lifecycle_Status55 = getText(findTestObject("1. Constant/xpath", ["xpath":"//*[@id="source_" + refID20 + ""]/td[12]/span[1]"])): Text of object 'Object Repository/1. Constant/xpath' is: 'Phase 3.5[Prod]'

2022-06-09 20:35:39 - [MESSAGE][PASSED] - Text of object 'Object Repository/1. Constant/xpath' is: 'Phase 3.5[Prod]'

2022-06-09 20:35:39 - [TEST_STEP][PASSED] - verifyMatch(Lifecycle_Status55, "Phase 3.5[Prod]", false): Actual text 'Phase 3.5[Prod]' and expected text 'Phase 3.5[Prod]' are matched 

2022-06-09 20:35:39 - [MESSAGE][PASSED] - Actual text 'Phase 3.5[Prod]' and expected text 'Phase 3.5[Prod]' are matched 

2022-06-09 20:35:39 - [TEST_STEP][PASSED] - takeScreenshot(): Taking screenshot successfully

2022-06-09 20:35:40 - [MESSAGE][PASSED] - Taking screenshot successfully
[[ATTACHMENT|D:\\Projet Test Auto\\Mediabox Test Automation\\Reports\\20220609_181011\\03. Parallel Testing (Testing)\\TS -PT PART 3\\14.04 Dreyers Support Action (Ongoing _ Completed ref) - PART 4\\20220609_181106\\1654799739943.png]]

2022-06-09 20:35:40 - [TEST_STEP][PASSED] - I.Logout(): Delayed 3 second(s)

2022-06-09 20:35:43 - [MESSAGE][PASSED] - Delayed 3 second(s)

2022-06-09 20:35:43 - [MESSAGE][PASSED] - Object: 'Object Repository/1. Constant/xpath' is clicked on

2022-06-09 20:35:46 - [MESSAGE][PASSED] - Delayed 3 second(s)

2022-06-09 20:35:48 - [MESSAGE][PASSED] - Object: 'Object Repository/1. Constant/xpath' is clicked on

2022-06-09 20:35:51 - [MESSAGE][PASSED] - Delayed 3 second(s)

2022-06-09 20:35:51 - [TEST_STEP][PASSED] - I.Login_password("lmary", password_lmary): Object: 'Object Repository/1. Constant/xpath' is clicked on

2022-06-09 20:35:56 - [MESSAGE][PASSED] - Text 'lmary' is set on object 'Object Repository/1. Constant/xpath'

2022-06-09 20:35:57 - [MESSAGE][PASSED] - Delayed 1 second(s)

2022-06-09 20:36:01 - [MESSAGE][PASSED] - Text 'diadeis' is set on object 'Object Repository/1. Constant/xpath'

2022-06-09 20:36:02 - [MESSAGE][PASSED] - Delayed 1 second(s)

2022-06-09 20:36:08 - [MESSAGE][PASSED] - Object: 'Object Repository/1. Constant/xpath' is clicked on

2022-06-09 20:36:08 - [TEST_STEP][PASSED] - click(findTestObject("1. Constant/02_LHSMenu_Projects")): Object: 'Object Repository/1. Constant/02_LHSMenu_Projects' is clicked on

2022-06-09 20:36:11 - [MESSAGE][PASSED] - Object: 'Object Repository/1. Constant/02_LHSMenu_Projects' is clicked on

2022-06-09 20:36:11 - [TEST_STEP][PASSED] - I.SearchProjectNo_xpath(Project_No, "//*[@id="keynum_project"]", "//*[@id="form_filters"]/div[4]/button"): Delayed 5 second(s)

2022-06-09 20:36:12 - [MESSAGE][PASSED] - Delayed 1 second(s)

2022-06-09 20:36:13 - [MESSAGE][PASSED] - Text 'MI000876' is set on object 'Object Repository/1. Constant/xpath'

2022-06-09 20:36:16 - [MESSAGE][PASSED] - Delayed 3 second(s)

2022-06-09 20:36:16 - [MESSAGE][PASSED] - Scroll to object 'Object Repository/1. Constant/xpath' successfully

2022-06-09 20:36:20 - [MESSAGE][PASSED] - Object: 'Object Repository/1. Constant/xpath' is clicked on

2022-06-09 20:36:25 - [MESSAGE][PASSED] - Delayed 5 second(s)

2022-06-09 20:36:25 - [TEST_STEP][PASSED] - takeScreenshot(): Taking screenshot successfully

2022-06-09 20:36:26 - [MESSAGE][PASSED] - Taking screenshot successfully
[[ATTACHMENT|D:\\Projet Test Auto\\Mediabox Test Automation\\Reports\\20220609_181011\\03. Parallel Testing (Testing)\\TS -PT PART 3\\14.04 Dreyers Support Action (Ongoing _ Completed ref) - PART 4\\20220609_181106\\1654799785756.png]]

2022-06-09 20:36:26 - [TEST_STEP][PASSED] - I.SearchRefNo_xpath("P20_Auto", "//*[@id="fiche_filter_keywords11"]", "//*[@id="form_filters"]/div[3]/button"): Delayed 5 second(s)

2022-06-09 20:36:27 - [MESSAGE][PASSED] - Delayed 1 second(s)

2022-06-09 20:36:27 - [MESSAGE][PASSED] - Text 'P20_Auto' is set on object 'Object Repository/1. Constant/xpath'

2022-06-09 20:36:30 - [MESSAGE][PASSED] - Delayed 3 second(s)

2022-06-09 20:36:30 - [MESSAGE][PASSED] - Scroll to object 'Object Repository/1. Constant/xpath' successfully

2022-06-09 20:36:33 - [MESSAGE][PASSED] - Object: 'Object Repository/1. Constant/xpath' is clicked on

2022-06-09 20:36:38 - [MESSAGE][PASSED] - Delayed 5 second(s)

2022-06-09 20:36:38 - [TEST_STEP][PASSED] - takeScreenshot(): Taking screenshot successfully

2022-06-09 20:36:38 - [MESSAGE][PASSED] - Taking screenshot successfully
[[ATTACHMENT|D:\\Projet Test Auto\\Mediabox Test Automation\\Reports\\20220609_181011\\03. Parallel Testing (Testing)\\TS -PT PART 3\\14.04 Dreyers Support Action (Ongoing _ Completed ref) - PART 4\\20220609_181106\\1654799798468.png]]

2022-06-09 20:36:38 - [TEST_STEP][PASSED] - color3 = getCSSValue(findTestObject("1. Constant/xpath", ["xpath":"//*[@id="source_" + refID20 + ""]/td[13]/a"]), "color", OPTIONAL): Get CSS 'color' value on 'Object Repository/1. Constant/xpath' successfully: 'rgba(255, 255, 255, 1)'.

2022-06-09 20:36:39 - [MESSAGE][PASSED] - Get CSS 'color' value on 'Object Repository/1. Constant/xpath' successfully: 'rgba(255, 255, 255, 1)'.

2022-06-09 20:36:39 - [TEST_STEP][PASSED] - while (color3 == "rgba(255, 255, 255, 1)"): Get CSS 'color' value on 'Object Repository/1. Constant/xpath' successfully: 'rgba(54, 153, 255, 1)'.

2022-06-09 20:36:39 - [TEST_STEP][PASSED] - click(findTestObject("1. Constant/xpath", ["xpath":"//*[@id="source_" + refID20 + ""]/td[13]/a"])): Object: 'Object Repository/1. Constant/xpath' is clicked on

2022-06-09 20:36:40 - [MESSAGE][PASSED] - Object: 'Object Repository/1. Constant/xpath' is clicked on

2022-06-09 20:36:40 - [TEST_STEP][PASSED] - selectOptionByValue(findTestObject("1. Constant/xpath", ["xpath":"//*[@id="id_approval_flow_tpl"]"]), "80", false): All options with value '80' are selected in object 'Object Repository/1. Constant/xpath' 

2022-06-09 20:36:40 - [MESSAGE][PASSED] - All options with value '80' are selected in object 'Object Repository/1. Constant/xpath' 

2022-06-09 20:36:40 - [TEST_STEP][PASSED] - I.UploadDoc_sendkey_Prod(findTestObject("1. Constant/xpath", ["xpath":"//*[@id="kt_body"]/input[2]"]), "D:\Upoad_File\Upload doc\testdata1.jpg", "testdata1"): Delayed 5 second(s)

2022-06-09 20:36:40 - [MESSAGE][PASSED] - Scroll to object 'Object Repository/1. Constant/xpath' successfully

2022-06-09 20:36:45 - [MESSAGE][PASSED] - Delayed 5 second(s)

2022-06-09 20:36:45 - [MESSAGE][PASSED] - File 'D:\Upoad_File\Upload doc\testdata1.jpg' sent to object: 'Object Repository/1. Constant/xpath'

2022-06-09 20:36:50 - [MESSAGE][PASSED] - Delayed 5 second(s)

2022-06-09 20:36:52 - [MESSAGE][PASSED] - Text 'testdata1' is present on page 

2022-06-09 20:36:57 - [MESSAGE][PASSED] - Delayed 5 second(s)

2022-06-09 20:37:02 - [MESSAGE][PASSED] - Delayed 5 second(s)

2022-06-09 20:37:02 - [TEST_STEP][PASSED] - takeScreenshot(): Taking screenshot successfully

2022-06-09 20:37:02 - [MESSAGE][PASSED] - Taking screenshot successfully
[[ATTACHMENT|D:\\Projet Test Auto\\Mediabox Test Automation\\Reports\\20220609_181011\\03. Parallel Testing (Testing)\\TS -PT PART 3\\14.04 Dreyers Support Action (Ongoing _ Completed ref) - PART 4\\20220609_181106\\1654799822223.png]]

2022-06-09 20:37:02 - [TEST_STEP][PASSED] - delay(8): Delayed 8 second(s)

2022-06-09 20:37:10 - [MESSAGE][PASSED] - Delayed 8 second(s)

2022-06-09 20:37:10 - [TEST_STEP][PASSED] - click(findTestObject("HL Full Lifecycle/12 ReferncePage_Button_Updatensenddoc")): Object: 'Object Repository/HL Full Lifecycle/12 ReferncePage_Button_Updatensenddoc' is clicked on

2022-06-09 20:37:15 - [MESSAGE][PASSED] - Object: 'Object Repository/HL Full Lifecycle/12 ReferncePage_Button_Updatensenddoc' is clicked on

2022-06-09 20:37:15 - [TEST_STEP][PASSED] - delay(4): Delayed 4 second(s)

2022-06-09 20:37:19 - [MESSAGE][PASSED] - Delayed 4 second(s)

2022-06-09 20:37:19 - [TEST_STEP][PASSED] - color3 = getCSSValue(findTestObject("1. Constant/xpath", ["xpath":"//*[@id="source_" + refID20 + ""]/td[13]/a"]), "color", OPTIONAL): Get CSS 'color' value on 'Object Repository/1. Constant/xpath' successfully: 'rgba(54, 153, 255, 1)'.

2022-06-09 20:37:19 - [MESSAGE][PASSED] - Get CSS 'color' value on 'Object Repository/1. Constant/xpath' successfully: 'rgba(54, 153, 255, 1)'.

2022-06-09 20:37:19 - [TEST_STEP][PASSED] - I.Logout(): Delayed 3 second(s)

2022-06-09 20:37:22 - [MESSAGE][PASSED] - Delayed 3 second(s)

2022-06-09 20:37:23 - [MESSAGE][PASSED] - Object: 'Object Repository/1. Constant/xpath' is clicked on

2022-06-09 20:37:26 - [MESSAGE][PASSED] - Delayed 3 second(s)

2022-06-09 20:37:27 - [MESSAGE][PASSED] - Object: 'Object Repository/1. Constant/xpath' is clicked on

2022-06-09 20:37:30 - [MESSAGE][PASSED] - Delayed 3 second(s)

2022-06-09 20:37:30 - [TEST_STEP][PASSED] - I.Login_password("blemco", password_blemco): Object: 'Object Repository/1. Constant/xpath' is clicked on

2022-06-09 20:37:31 - [MESSAGE][PASSED] - Text 'blemco' is set on object 'Object Repository/1. Constant/xpath'

2022-06-09 20:37:32 - [MESSAGE][PASSED] - Delayed 1 second(s)

2022-06-09 20:37:32 - [MESSAGE][PASSED] - Text 'diadeis1' is set on object 'Object Repository/1. Constant/xpath'

2022-06-09 20:37:33 - [MESSAGE][PASSED] - Delayed 1 second(s)

2022-06-09 20:37:37 - [MESSAGE][PASSED] - Object: 'Object Repository/1. Constant/xpath' is clicked on

2022-06-09 20:37:37 - [TEST_STEP][PASSED] - click(findTestObject("1. Constant/02_LHSMenu_Projects")): Object: 'Object Repository/1. Constant/02_LHSMenu_Projects' is clicked on

2022-06-09 20:37:40 - [MESSAGE][PASSED] - Object: 'Object Repository/1. Constant/02_LHSMenu_Projects' is clicked on

2022-06-09 20:37:40 - [TEST_STEP][PASSED] - I.SearchProjectNo_xpath(Project_No, "//*[@id="keynum_project"]", "//*[@id="form_filters"]/div[4]/button"): Delayed 5 second(s)

2022-06-09 20:37:41 - [MESSAGE][PASSED] - Delayed 1 second(s)

2022-06-09 20:37:41 - [MESSAGE][PASSED] - Text 'MI000876' is set on object 'Object Repository/1. Constant/xpath'

2022-06-09 20:37:44 - [MESSAGE][PASSED] - Delayed 3 second(s)

2022-06-09 20:37:45 - [MESSAGE][PASSED] - Scroll to object 'Object Repository/1. Constant/xpath' successfully

2022-06-09 20:37:48 - [MESSAGE][PASSED] - Object: 'Object Repository/1. Constant/xpath' is clicked on

2022-06-09 20:37:53 - [MESSAGE][PASSED] - Delayed 5 second(s)

2022-06-09 20:37:53 - [TEST_STEP][PASSED] - takeScreenshot(): Taking screenshot successfully

2022-06-09 20:37:54 - [MESSAGE][PASSED] - Taking screenshot successfully
[[ATTACHMENT|D:\\Projet Test Auto\\Mediabox Test Automation\\Reports\\20220609_181011\\03. Parallel Testing (Testing)\\TS -PT PART 3\\14.04 Dreyers Support Action (Ongoing _ Completed ref) - PART 4\\20220609_181106\\1654799873842.png]]

2022-06-09 20:37:54 - [TEST_STEP][PASSED] - I.SearchRefNo_xpath("P20_Auto", "//*[@id="fiche_filter_keywords11"]", "//*[@id="form_filters"]/div[3]/button"): Delayed 5 second(s)

2022-06-09 20:37:55 - [MESSAGE][PASSED] - Delayed 1 second(s)

2022-06-09 20:37:55 - [MESSAGE][PASSED] - Text 'P20_Auto' is set on object 'Object Repository/1. Constant/xpath'

2022-06-09 20:37:58 - [MESSAGE][PASSED] - Delayed 3 second(s)

2022-06-09 20:37:58 - [MESSAGE][PASSED] - Scroll to object 'Object Repository/1. Constant/xpath' successfully

2022-06-09 20:38:01 - [MESSAGE][PASSED] - Object: 'Object Repository/1. Constant/xpath' is clicked on

2022-06-09 20:38:06 - [MESSAGE][PASSED] - Delayed 5 second(s)

2022-06-09 20:38:06 - [TEST_STEP][PASSED] - I.AWF_approve_byaction(findTestObject("1. Constant/xpath", ["xpath":"//*[@id="source_" + refID20 + ""]/td[13]/a[2]"])): Object: 'Object Repository/HL Full Lifecycle/Function_Appbutton2' is clicked on

2022-06-09 20:38:11 - [MESSAGE][PASSED] - Delayed 5 second(s)

2022-06-09 20:38:13 - [MESSAGE][PASSED] - Object: 'Object Repository/1. Constant/xpath' is clicked on

2022-06-09 20:38:14 - [MESSAGE][PASSED] - Object: 'Object Repository/HL Full Lifecycle/Function_access Viewer2' is hovered

2022-06-09 20:38:17 - [MESSAGE][PASSED] - Delayed 3 second(s)

2022-06-09 20:38:18 - [MESSAGE][PASSED] - Object: 'Object Repository/HL Full Lifecycle/Function_access Viewer2' is clicked on

2022-06-09 20:38:23 - [MESSAGE][PASSED] - Delayed 5 second(s)

2022-06-09 20:38:23 - [MESSAGE][PASSED] - Object: 'Object Repository/HL Full Lifecycle/Function_AppButton' is clicked on

2022-06-09 20:38:28 - [MESSAGE][PASSED] - Delayed 5 second(s)

2022-06-09 20:38:31 - [MESSAGE][PASSED] - Object: 'Object Repository/HL Full Lifecycle/Function_Appbutton2' is clicked on

2022-06-09 20:38:31 - [TEST_STEP][PASSED] - Lifecycle_Status66 = getText(findTestObject("1. Constant/xpath", ["xpath":"//*[@id="source_" + refID20 + ""]/td[12]/span[1]"])): Text of object 'Object Repository/1. Constant/xpath' is: 'Complete'

2022-06-09 20:38:31 - [MESSAGE][PASSED] - Text of object 'Object Repository/1. Constant/xpath' is: 'Complete'

2022-06-09 20:38:31 - [TEST_STEP][PASSED] - verifyMatch(Lifecycle_Status66, "Complete", false): Actual text 'Complete' and expected text 'Complete' are matched 

2022-06-09 20:38:31 - [MESSAGE][PASSED] - Actual text 'Complete' and expected text 'Complete' are matched 

2022-06-09 20:38:31 - [TEST_STEP][PASSED] - closeBrowser(): Browser is closed

2022-06-09 20:38:33 - [MESSAGE][PASSED] - Browser is closed

2022-06-09 20:38:33 - [TEST_STEP][PASSED] - Start listener action : sampleAfterTestCase: null]]></system-out>
         <system-err><![CDATA[]]></system-err>
      </testcase>
      <testcase name="Test Cases/19. Dreyers Support Action (Ongoing ref_completed)/19.22 Dreyers SAS Add Phase group (Ongoing ref) S29 - P22" time="626.411" classname="Test Cases/19. Dreyers Support Action (Ongoing ref_completed)/19.22 Dreyers SAS Add Phase group (Ongoing ref) S29 - P22" status="PASSED">
         <system-out><![CDATA[2022-06-09 20:38:33 - [TEST_CASE][PASSED] - Test Cases/19. Dreyers Support Action (Ongoing ref_completed)/19.22 Dreyers SAS Add Phase group (Ongoing ref) S29 - P22: Test Cases/19. Dreyers Support Action (Ongoing ref_completed)/19.22 Dreyers SAS Add Phase group (Ongoing ref) S29 - P22

2022-06-09 20:38:34 - [TEST_STEP][PASSED] - data_Dreyers = findTestData("Data Files/Username_Password/Dreyer"): null

2022-06-09 20:38:34 - [TEST_STEP][PASSED] - password_suser = data_Dreyers.getValue(2, 1): null

2022-06-09 20:38:34 - [TEST_STEP][PASSED] - password_blemco = data_Dreyers.getValue(2, 2): null

2022-06-09 20:38:34 - [TEST_STEP][PASSED] - password_nturner = data_Dreyers.getValue(2, 6): null

2022-06-09 20:38:34 - [TEST_STEP][PASSED] - password_talexeeva = data_Dreyers.getValue(2, 7): null

2022-06-09 20:38:34 - [TEST_STEP][PASSED] - password_jryan = data_Dreyers.getValue(2, 12): null

2022-06-09 20:38:34 - [TEST_STEP][PASSED] - password_lmary = data_Dreyers.getValue(2, 13): null

2022-06-09 20:38:34 - [TEST_STEP][PASSED] - data_urlRELAUTO = findTestData("Data Files/URL/URL_relauto"): null

2022-06-09 20:38:34 - [TEST_STEP][PASSED] - Url_Dreyer = data_urlRELAUTO.getValue(2, 4): null

2022-06-09 20:38:34 - [TEST_STEP][PASSED] - Project_No = I.readnotepad("D:\Upoad_File\Projet_ Login\Dreyers\19.1\19.1_Dreyers_ProjectNo.txt"): null

2022-06-09 20:38:34 - [TEST_STEP][PASSED] - refID = I.readnotepad("D:\Upoad_File\Projet_ Login\Dreyers\19.1\19.1_Dreyers_refID.txt"): null

2022-06-09 20:38:34 - [TEST_STEP][PASSED] - openBrowser(Url_Dreyer): Browser is opened with url: 'http://mdb-release.diadeis.lan/MediaboxIndependence/?MBI_datasource=RELTESTAUTO_DREYERS'

2022-06-09 20:38:34 - [MESSAGE][INFO] - Starting 'Chrome (headless)' driver

2022-06-09 20:38:34 - [MESSAGE][INFO] - User set preference: ['args', '[--window-size=1920,1080, --headless]']

2022-06-09 20:38:34 - [MESSAGE][INFO] - Action delay is set to 0 milliseconds

2022-06-09 20:38:43 - [MESSAGE][PASSED] - Browser is opened with url: 'http://mdb-release.diadeis.lan/MediaboxIndependence/?MBI_datasource=RELTESTAUTO_DREYERS'

2022-06-09 20:38:43 - [TEST_STEP][PASSED] - maximizeWindow(): Current window maximized

2022-06-09 20:38:43 - [MESSAGE][PASSED] - Current window maximized

2022-06-09 20:38:43 - [TEST_STEP][PASSED] - I.Login_password("suser", password_suser): Object: 'Object Repository/1. Constant/xpath' is clicked on

2022-06-09 20:38:43 - [MESSAGE][PASSED] - Text 'suser' is set on object 'Object Repository/1. Constant/xpath'

2022-06-09 20:38:44 - [MESSAGE][PASSED] - Delayed 1 second(s)

2022-06-09 20:38:45 - [MESSAGE][PASSED] - Text 'diadeis' is set on object 'Object Repository/1. Constant/xpath'

2022-06-09 20:38:46 - [MESSAGE][PASSED] - Delayed 1 second(s)

2022-06-09 20:38:52 - [MESSAGE][PASSED] - Object: 'Object Repository/1. Constant/xpath' is clicked on

2022-06-09 20:38:52 - [TEST_STEP][PASSED] - click(findTestObject("1. Constant/02_LHSMenu_Projects")): Object: 'Object Repository/1. Constant/02_LHSMenu_Projects' is clicked on

2022-06-09 20:38:54 - [MESSAGE][PASSED] - Object: 'Object Repository/1. Constant/02_LHSMenu_Projects' is clicked on

2022-06-09 20:38:54 - [TEST_STEP][PASSED] - I.SearchProjectNo_xpath(Project_No, "//*[@id="keynum_project"]", "//*[@id="form_filters"]/div[4]/button"): Delayed 5 second(s)

2022-06-09 20:38:55 - [MESSAGE][PASSED] - Delayed 1 second(s)

2022-06-09 20:38:55 - [MESSAGE][PASSED] - Text 'MI000876' is set on object 'Object Repository/1. Constant/xpath'

2022-06-09 20:38:58 - [MESSAGE][PASSED] - Delayed 3 second(s)

2022-06-09 20:38:59 - [MESSAGE][PASSED] - Scroll to object 'Object Repository/1. Constant/xpath' successfully

2022-06-09 20:39:04 - [MESSAGE][PASSED] - Object: 'Object Repository/1. Constant/xpath' is clicked on

2022-06-09 20:39:09 - [MESSAGE][PASSED] - Delayed 5 second(s)

2022-06-09 20:39:09 - [TEST_STEP][PASSED] - takeScreenshot(): Taking screenshot successfully

2022-06-09 20:39:10 - [MESSAGE][PASSED] - Taking screenshot successfully
[[ATTACHMENT|D:\\Projet Test Auto\\Mediabox Test Automation\\Reports\\20220609_181011\\03. Parallel Testing (Testing)\\TS -PT PART 3\\14.04 Dreyers Support Action (Ongoing _ Completed ref) - PART 4\\20220609_181106\\1654799949902.png]]

2022-06-09 20:39:10 - [TEST_STEP][PASSED] - click(findTestObject("1. Constant/xpath", ["xpath":"//*[@id="create_ref_btn"]/button"])): Object: 'Object Repository/1. Constant/xpath' is clicked on

2022-06-09 20:39:12 - [MESSAGE][PASSED] - Object: 'Object Repository/1. Constant/xpath' is clicked on

2022-06-09 20:39:12 - [TEST_STEP][PASSED] - delay(1): Delayed 1 second(s)

2022-06-09 20:39:13 - [MESSAGE][PASSED] - Delayed 1 second(s)

2022-06-09 20:39:13 - [TEST_STEP][PASSED] - click(findTestObject("1. Constant/xpath", ["xpath":"//*[@id="create_ref_btn"]/div/a"])): Object: 'Object Repository/1. Constant/xpath' is clicked on

2022-06-09 20:39:14 - [MESSAGE][PASSED] - Object: 'Object Repository/1. Constant/xpath' is clicked on

2022-06-09 20:39:14 - [TEST_STEP][PASSED] - selectOptionByValue(findTestObject("1. Constant/xpath", ["xpath":"//*[@id="lfc_tpl"]"]), "36", false): All options with value '36' are selected in object 'Object Repository/1. Constant/xpath' 

2022-06-09 20:39:15 - [MESSAGE][PASSED] - All options with value '36' are selected in object 'Object Repository/1. Constant/xpath' 

2022-06-09 20:39:15 - [TEST_STEP][PASSED] - ref_name = "P22_Auto_SAS_S29_" + RandomStringUtils.randomAlphanumeric(5) + I.gettimedate(): null

2022-06-09 20:39:15 - [TEST_STEP][PASSED] - delay(1): Delayed 1 second(s)

2022-06-09 20:39:16 - [MESSAGE][PASSED] - Delayed 1 second(s)

2022-06-09 20:39:16 - [TEST_STEP][PASSED] - setText(findTestObject("1. Constant/xpath", ["xpath":"//*[@id="var_name"]"]), ref_name): Text 'P22_Auto_SAS_S29_5jdpmjuin092022_203915' is set on object 'Object Repository/1. Constant/xpath'

2022-06-09 20:39:17 - [MESSAGE][PASSED] - Text 'P22_Auto_SAS_S29_5jdpmjuin092022_203915' is set on object 'Object Repository/1. Constant/xpath'

2022-06-09 20:39:17 - [TEST_STEP][PASSED] - takeScreenshot(): Taking screenshot successfully

2022-06-09 20:39:17 - [MESSAGE][PASSED] - Taking screenshot successfully
[[ATTACHMENT|D:\\Projet Test Auto\\Mediabox Test Automation\\Reports\\20220609_181011\\03. Parallel Testing (Testing)\\TS -PT PART 3\\14.04 Dreyers Support Action (Ongoing _ Completed ref) - PART 4\\20220609_181106\\1654799957106.png]]

2022-06-09 20:39:17 - [TEST_STEP][PASSED] - click(findTestObject("1. Constant/xpath", ["xpath":"//*[@id="createRefBottom"]"])): Object: 'Object Repository/1. Constant/xpath' is clicked on

2022-06-09 20:39:19 - [MESSAGE][PASSED] - Object: 'Object Repository/1. Constant/xpath' is clicked on

2022-06-09 20:39:19 - [TEST_STEP][PASSED] - delay(1): Delayed 1 second(s)

2022-06-09 20:39:20 - [MESSAGE][PASSED] - Delayed 1 second(s)

2022-06-09 20:39:20 - [TEST_STEP][PASSED] - takeScreenshot(): Taking screenshot successfully

2022-06-09 20:39:22 - [MESSAGE][PASSED] - Taking screenshot successfully
[[ATTACHMENT|D:\\Projet Test Auto\\Mediabox Test Automation\\Reports\\20220609_181011\\03. Parallel Testing (Testing)\\TS -PT PART 3\\14.04 Dreyers Support Action (Ongoing _ Completed ref) - PART 4\\20220609_181106\\1654799961289.png]]

2022-06-09 20:39:22 - [TEST_STEP][PASSED] - refID22 = I.RefID(): Current window's url is: 'http://mdb-release.diadeis.lan/MediaboxIndependence/Base/ExecAction?IDSession=MBI%21RELTESTAUTO_DREYERS%211T8J2YAFFNSYPLCKJJWXBNB1MORP7GLNQKMCJ997&default_action=ModifierRef&id_project=MI000876&id_ref=5280&action_from=create_ref'

2022-06-09 20:39:27 - [MESSAGE][PASSED] - Delayed 5 second(s)

2022-06-09 20:39:27 - [MESSAGE][PASSED] - Current window's url is: 'http://mdb-release.diadeis.lan/MediaboxIndependence/Base/ExecAction?IDSession=MBI%21RELTESTAUTO_DREYERS%211T8J2YAFFNSYPLCKJJWXBNB1MORP7GLNQKMCJ997&default_action=ModifierRef&id_project=MI000876&id_ref=5280&action_from=create_ref'

2022-06-09 20:39:27 - [TEST_STEP][PASSED] - click(findTestObject("1. Constant/xpath", ["xpath":"//*[@id="type_save"]"])): Object: 'Object Repository/1. Constant/xpath' is clicked on

2022-06-09 20:39:31 - [MESSAGE][PASSED] - Object: 'Object Repository/1. Constant/xpath' is clicked on

2022-06-09 20:39:31 - [TEST_STEP][PASSED] - takeScreenshot(): Taking screenshot successfully

2022-06-09 20:39:32 - [MESSAGE][PASSED] - Taking screenshot successfully
[[ATTACHMENT|D:\\Projet Test Auto\\Mediabox Test Automation\\Reports\\20220609_181011\\03. Parallel Testing (Testing)\\TS -PT PART 3\\14.04 Dreyers Support Action (Ongoing _ Completed ref) - PART 4\\20220609_181106\\1654799971924.png]]

2022-06-09 20:39:32 - [TEST_STEP][PASSED] - delay(1): Delayed 1 second(s)

2022-06-09 20:39:33 - [MESSAGE][PASSED] - Delayed 1 second(s)

2022-06-09 20:39:33 - [TEST_STEP][PASSED] - I.SearchRefNo_xpath("P22_Auto", "//*[@id="fiche_filter_keywords11"]", "//*[@id="form_filters"]/div[3]/button"): Delayed 5 second(s)

2022-06-09 20:39:34 - [MESSAGE][PASSED] - Delayed 1 second(s)

2022-06-09 20:39:34 - [MESSAGE][PASSED] - Text 'P22_Auto' is set on object 'Object Repository/1. Constant/xpath'

2022-06-09 20:39:37 - [MESSAGE][PASSED] - Delayed 3 second(s)

2022-06-09 20:39:37 - [MESSAGE][PASSED] - Scroll to object 'Object Repository/1. Constant/xpath' successfully

2022-06-09 20:39:39 - [MESSAGE][PASSED] - Object: 'Object Repository/1. Constant/xpath' is clicked on

2022-06-09 20:39:44 - [MESSAGE][PASSED] - Delayed 5 second(s)

2022-06-09 20:39:44 - [TEST_STEP][PASSED] - click(findTestObject("1. Constant/xpath", ["xpath":"//*[@id="source_" + refID22 + ""]/td[14]/a[3]"])): Object: 'Object Repository/1. Constant/xpath' is clicked on

2022-06-09 20:39:46 - [MESSAGE][PASSED] - Object: 'Object Repository/1. Constant/xpath' is clicked on

2022-06-09 20:39:46 - [TEST_STEP][PASSED] - click(findTestObject("1. Constant/xpath", ["xpath":"//*[@id="ModifFiche"]/div[1]/div/button[2]"])): Object: 'Object Repository/1. Constant/xpath' is clicked on

2022-06-09 20:39:50 - [MESSAGE][PASSED] - Object: 'Object Repository/1. Constant/xpath' is clicked on

2022-06-09 20:39:50 - [TEST_STEP][PASSED] - takeScreenshot(): Taking screenshot successfully

2022-06-09 20:39:51 - [MESSAGE][PASSED] - Taking screenshot successfully
[[ATTACHMENT|D:\\Projet Test Auto\\Mediabox Test Automation\\Reports\\20220609_181011\\03. Parallel Testing (Testing)\\TS -PT PART 3\\14.04 Dreyers Support Action (Ongoing _ Completed ref) - PART 4\\20220609_181106\\1654799990731.png]]

2022-06-09 20:39:51 - [TEST_STEP][PASSED] - delay(1): Delayed 1 second(s)

2022-06-09 20:39:52 - [MESSAGE][PASSED] - Delayed 1 second(s)

2022-06-09 20:39:52 - [TEST_STEP][PASSED] - click(findTestObject("1. Constant/xpath", ["xpath":"//*[@id="source_" + refID22 + ""]/td[14]/a[3]"])): Object: 'Object Repository/1. Constant/xpath' is clicked on

2022-06-09 20:39:55 - [MESSAGE][PASSED] - Object: 'Object Repository/1. Constant/xpath' is clicked on

2022-06-09 20:39:55 - [TEST_STEP][PASSED] - click(findTestObject("1. Constant/xpath", ["xpath":"//*[@id="ModifFiche"]/div[1]/div/button[2]"])): Object: 'Object Repository/1. Constant/xpath' is clicked on

2022-06-09 20:39:58 - [MESSAGE][PASSED] - Object: 'Object Repository/1. Constant/xpath' is clicked on

2022-06-09 20:39:58 - [TEST_STEP][PASSED] - takeScreenshot(): Taking screenshot successfully

2022-06-09 20:39:59 - [MESSAGE][PASSED] - Taking screenshot successfully
[[ATTACHMENT|D:\\Projet Test Auto\\Mediabox Test Automation\\Reports\\20220609_181011\\03. Parallel Testing (Testing)\\TS -PT PART 3\\14.04 Dreyers Support Action (Ongoing _ Completed ref) - PART 4\\20220609_181106\\1654799998806.png]]

2022-06-09 20:39:59 - [TEST_STEP][PASSED] - delay(1): Delayed 1 second(s)

2022-06-09 20:40:00 - [MESSAGE][PASSED] - Delayed 1 second(s)

2022-06-09 20:40:00 - [TEST_STEP][PASSED] - color1 = getCSSValue(findTestObject("1. Constant/xpath", ["xpath":"//*[@id="source_" + refID22 + ""]/td[14]/a[2]"]), "color", OPTIONAL): Get CSS 'color' value on 'Object Repository/1. Constant/xpath' successfully: 'rgba(255, 255, 255, 1)'.

2022-06-09 20:40:00 - [MESSAGE][PASSED] - Get CSS 'color' value on 'Object Repository/1. Constant/xpath' successfully: 'rgba(255, 255, 255, 1)'.

2022-06-09 20:40:00 - [TEST_STEP][PASSED] - while (color1 == "rgba(255, 255, 255, 1)"): Get CSS 'color' value on 'Object Repository/1. Constant/xpath' successfully: 'rgba(54, 153, 255, 1)'.

2022-06-09 20:40:00 - [TEST_STEP][PASSED] - click(findTestObject("1. Constant/xpath", ["xpath":"//*[@id="source_" + refID22 + ""]/td[14]/a[2]"])): Object: 'Object Repository/1. Constant/xpath' is clicked on

2022-06-09 20:40:01 - [MESSAGE][PASSED] - Object: 'Object Repository/1. Constant/xpath' is clicked on

2022-06-09 20:40:01 - [TEST_STEP][PASSED] - I.UploadDoc_sendkey_Prod(findTestObject("1. Constant/xpath", ["xpath":"//*[@id="kt_body"]/input[2]"]), "D:\Upoad_File\Upload doc\testdata1.pdf", "testdata1"): Delayed 5 second(s)

2022-06-09 20:40:01 - [MESSAGE][PASSED] - Scroll to object 'Object Repository/1. Constant/xpath' successfully

2022-06-09 20:40:06 - [MESSAGE][PASSED] - Delayed 5 second(s)

2022-06-09 20:40:07 - [MESSAGE][PASSED] - File 'D:\Upoad_File\Upload doc\testdata1.pdf' sent to object: 'Object Repository/1. Constant/xpath'

2022-06-09 20:40:12 - [MESSAGE][PASSED] - Delayed 5 second(s)

2022-06-09 20:40:12 - [MESSAGE][PASSED] - Text 'testdata1' is present on page 

2022-06-09 20:40:17 - [MESSAGE][PASSED] - Delayed 5 second(s)

2022-06-09 20:40:22 - [MESSAGE][PASSED] - Delayed 5 second(s)

2022-06-09 20:40:22 - [TEST_STEP][PASSED] - takeScreenshot(): Taking screenshot successfully

2022-06-09 20:40:24 - [MESSAGE][PASSED] - Taking screenshot successfully
[[ATTACHMENT|D:\\Projet Test Auto\\Mediabox Test Automation\\Reports\\20220609_181011\\03. Parallel Testing (Testing)\\TS -PT PART 3\\14.04 Dreyers Support Action (Ongoing _ Completed ref) - PART 4\\20220609_181106\\1654800023366.png]]

2022-06-09 20:40:24 - [TEST_STEP][PASSED] - delay(8): Delayed 8 second(s)

2022-06-09 20:40:32 - [MESSAGE][PASSED] - Delayed 8 second(s)

2022-06-09 20:40:32 - [TEST_STEP][PASSED] - click(findTestObject("HL Full Lifecycle/12 ReferncePage_Button_Updatensenddoc")): Object: 'Object Repository/HL Full Lifecycle/12 ReferncePage_Button_Updatensenddoc' is clicked on

2022-06-09 20:40:37 - [MESSAGE][PASSED] - Object: 'Object Repository/HL Full Lifecycle/12 ReferncePage_Button_Updatensenddoc' is clicked on

2022-06-09 20:40:37 - [TEST_STEP][PASSED] - delay(4): Delayed 4 second(s)

2022-06-09 20:40:41 - [MESSAGE][PASSED] - Delayed 4 second(s)

2022-06-09 20:40:41 - [TEST_STEP][PASSED] - color1 = getCSSValue(findTestObject("1. Constant/xpath", ["xpath":"//*[@id="source_" + refID22 + ""]/td[14]/a[2]"]), "color", OPTIONAL): Get CSS 'color' value on 'Object Repository/1. Constant/xpath' successfully: 'rgba(54, 153, 255, 1)'.

2022-06-09 20:40:42 - [MESSAGE][PASSED] - Get CSS 'color' value on 'Object Repository/1. Constant/xpath' successfully: 'rgba(54, 153, 255, 1)'.

2022-06-09 20:40:42 - [TEST_STEP][PASSED] - takeScreenshot(): Taking screenshot successfully

2022-06-09 20:40:42 - [MESSAGE][PASSED] - Taking screenshot successfully
[[ATTACHMENT|D:\\Projet Test Auto\\Mediabox Test Automation\\Reports\\20220609_181011\\03. Parallel Testing (Testing)\\TS -PT PART 3\\14.04 Dreyers Support Action (Ongoing _ Completed ref) - PART 4\\20220609_181106\\1654800042294.png]]

2022-06-09 20:40:42 - [TEST_STEP][PASSED] - click(findTestObject("1. Constant/xpath", ["xpath":"//*[@id="source_" + refID22 + ""]/td[6]/a"])): Object: 'Object Repository/1. Constant/xpath' is clicked on

2022-06-09 20:40:47 - [MESSAGE][PASSED] - Object: 'Object Repository/1. Constant/xpath' is clicked on

2022-06-09 20:40:47 - [TEST_STEP][PASSED] - takeScreenshot(): Taking screenshot successfully

2022-06-09 20:40:47 - [MESSAGE][PASSED] - Taking screenshot successfully
[[ATTACHMENT|D:\\Projet Test Auto\\Mediabox Test Automation\\Reports\\20220609_181011\\03. Parallel Testing (Testing)\\TS -PT PART 3\\14.04 Dreyers Support Action (Ongoing _ Completed ref) - PART 4\\20220609_181106\\1654800047096.png]]

2022-06-09 20:40:47 - [TEST_STEP][PASSED] - delay(1): Delayed 1 second(s)

2022-06-09 20:40:48 - [MESSAGE][PASSED] - Delayed 1 second(s)

2022-06-09 20:40:48 - [TEST_STEP][PASSED] - I.Approveforothers("/html/body/div[1]/div[2]/div[8]/div[3]/div/div[3]/div[2]/div/div[3]/div/div[2]/div[1]/div/div[2]/div/div[2]/div[2]/div/div/div[1]/img", "/html/body/div[1]/div[2]/div[8]/div[3]/div/div[3]/div[2]/div/div[3]/div/div[2]/div[1]/div/div[2]/div/div[2]/div[2]/div/div/div[6]/a[2]/span"): Object: 'Object Repository/1. Constant/xpath' is clicked on

2022-06-09 20:40:50 - [MESSAGE][PASSED] - Object: 'Object Repository/1. Constant/xpath' is clicked on

2022-06-09 20:40:51 - [MESSAGE][PASSED] - Delayed 1 second(s)

2022-06-09 20:40:51 - [MESSAGE][PASSED] - Object: 'Object Repository/1. Constant/xpath' is clicked on

2022-06-09 20:40:52 - [MESSAGE][PASSED] - Delayed 1 second(s)

2022-06-09 20:40:53 - [MESSAGE][PASSED] - Object: 'Object Repository/1. Constant/xpath' is hovered

2022-06-09 20:40:53 - [MESSAGE][PASSED] - Object: 'Object Repository/1. Constant/xpath' is clicked on

2022-06-09 20:40:54 - [MESSAGE][PASSED] - Delayed 1 second(s)

2022-06-09 20:41:00 - [MESSAGE][PASSED] - Object: 'Object Repository/1. Constant/xpath' is clicked on

2022-06-09 20:41:00 - [TEST_STEP][PASSED] - delay(1): Delayed 1 second(s)

2022-06-09 20:41:01 - [MESSAGE][PASSED] - Delayed 1 second(s)

2022-06-09 20:41:01 - [TEST_STEP][PASSED] - click(findTestObject("1. Constant/xpath", ["xpath":"//*[@id="kt_subheader"]/div/nav/ol/li[2]/a"])): Object: 'Object Repository/1. Constant/xpath' is clicked on

2022-06-09 20:41:04 - [MESSAGE][PASSED] - Object: 'Object Repository/1. Constant/xpath' is clicked on

2022-06-09 20:41:04 - [TEST_STEP][PASSED] - delay(1): Delayed 1 second(s)

2022-06-09 20:41:05 - [MESSAGE][PASSED] - Delayed 1 second(s)

2022-06-09 20:41:05 - [TEST_STEP][PASSED] - I.submitquesiton_ref(findTestObject("1. Constant/xpath", ["xpath":"//*[@id="source_" + refID22 + ""]/td[14]/div[1]/button"]), findTestObject("1. Constant/xpath", ["xpath":"//*[@id="source_" + refID22 + ""]/td[14]/div[1]/div/a[1]"])): Object: 'Object Repository/1. Constant/xpath' is clicked on

2022-06-09 20:41:07 - [MESSAGE][PASSED] - Object: 'Object Repository/1. Constant/xpath' is clicked on

2022-06-09 20:41:10 - [MESSAGE][PASSED] - Delayed 3 second(s)

2022-06-09 20:41:11 - [MESSAGE][PASSED] - Object: 'Object Repository/1. Constant/xpath' is clicked on

2022-06-09 20:41:11 - [TEST_STEP][PASSED] - click(findTestObject("1. Constant/xpath", ["xpath":"//*[@id="ModifFiche"]/div[1]/div/button[2]"])): Object: 'Object Repository/1. Constant/xpath' is clicked on

2022-06-09 20:41:15 - [MESSAGE][PASSED] - Object: 'Object Repository/1. Constant/xpath' is clicked on

2022-06-09 20:41:15 - [TEST_STEP][PASSED] - takeScreenshot(): Taking screenshot successfully

2022-06-09 20:41:15 - [MESSAGE][PASSED] - Taking screenshot successfully
[[ATTACHMENT|D:\\Projet Test Auto\\Mediabox Test Automation\\Reports\\20220609_181011\\03. Parallel Testing (Testing)\\TS -PT PART 3\\14.04 Dreyers Support Action (Ongoing _ Completed ref) - PART 4\\20220609_181106\\1654800075676.png]]

2022-06-09 20:41:15 - [TEST_STEP][PASSED] - I.submitquesiton_ref(findTestObject("1. Constant/xpath", ["xpath":"//*[@id="source_" + refID22 + ""]/td[14]/div[1]/button"]), findTestObject("1. Constant/xpath", ["xpath":"//*[@id="source_" + refID22 + ""]/td[14]/div[1]/div/a[1]"])): Object: 'Object Repository/1. Constant/xpath' is clicked on

2022-06-09 20:41:16 - [MESSAGE][PASSED] - Object: 'Object Repository/1. Constant/xpath' is clicked on

2022-06-09 20:41:19 - [MESSAGE][PASSED] - Delayed 3 second(s)

2022-06-09 20:41:20 - [MESSAGE][PASSED] - Object: 'Object Repository/1. Constant/xpath' is clicked on

2022-06-09 20:41:20 - [TEST_STEP][PASSED] - click(findTestObject("1. Constant/xpath", ["xpath":"//*[@id="ModifFiche"]/div[1]/div/button[2]"])): Object: 'Object Repository/1. Constant/xpath' is clicked on

2022-06-09 20:41:25 - [MESSAGE][PASSED] - Object: 'Object Repository/1. Constant/xpath' is clicked on

2022-06-09 20:41:25 - [TEST_STEP][PASSED] - takeScreenshot(): Taking screenshot successfully

2022-06-09 20:41:25 - [MESSAGE][PASSED] - Taking screenshot successfully
[[ATTACHMENT|D:\\Projet Test Auto\\Mediabox Test Automation\\Reports\\20220609_181011\\03. Parallel Testing (Testing)\\TS -PT PART 3\\14.04 Dreyers Support Action (Ongoing _ Completed ref) - PART 4\\20220609_181106\\1654800085115.png]]

2022-06-09 20:41:25 - [TEST_STEP][PASSED] - click(findTestObject("1. Constant/xpath", ["xpath":"//*[@id="source_" + refID22 + ""]/td[14]/a[3]"])): Object: 'Object Repository/1. Constant/xpath' is clicked on

2022-06-09 20:41:26 - [MESSAGE][PASSED] - Object: 'Object Repository/1. Constant/xpath' is clicked on

2022-06-09 20:41:26 - [TEST_STEP][PASSED] - click(findTestObject("1. Constant/xpath", ["xpath":"//*[@id="ModifFiche"]/div[1]/div/button[2]"])): Object: 'Object Repository/1. Constant/xpath' is clicked on

2022-06-09 20:41:31 - [MESSAGE][PASSED] - Object: 'Object Repository/1. Constant/xpath' is clicked on

2022-06-09 20:41:31 - [TEST_STEP][PASSED] - takeScreenshot(): Taking screenshot successfully

2022-06-09 20:41:32 - [MESSAGE][PASSED] - Taking screenshot successfully
[[ATTACHMENT|D:\\Projet Test Auto\\Mediabox Test Automation\\Reports\\20220609_181011\\03. Parallel Testing (Testing)\\TS -PT PART 3\\14.04 Dreyers Support Action (Ongoing _ Completed ref) - PART 4\\20220609_181106\\1654800091714.png]]

2022-06-09 20:41:32 - [TEST_STEP][PASSED] - click(findTestObject("1. Constant/xpath", ["xpath":"//*[@id="source_" + refID22 + ""]/td[14]/a[3]"])): Object: 'Object Repository/1. Constant/xpath' is clicked on

2022-06-09 20:41:33 - [MESSAGE][PASSED] - Object: 'Object Repository/1. Constant/xpath' is clicked on

2022-06-09 20:41:33 - [TEST_STEP][PASSED] - click(findTestObject("1. Constant/xpath", ["xpath":"//*[@id="ModifFiche"]/div[1]/div/button[2]"])): Object: 'Object Repository/1. Constant/xpath' is clicked on

2022-06-09 20:41:38 - [MESSAGE][PASSED] - Object: 'Object Repository/1. Constant/xpath' is clicked on

2022-06-09 20:41:38 - [TEST_STEP][PASSED] - click(findTestObject("1. Constant/xpath", ["xpath":"//*[@id="source_" + refID22 + ""]/td[6]/a"])): Object: 'Object Repository/1. Constant/xpath' is clicked on

2022-06-09 20:41:40 - [MESSAGE][PASSED] - Object: 'Object Repository/1. Constant/xpath' is clicked on

2022-06-09 20:41:40 - [TEST_STEP][PASSED] - delay(1): Delayed 1 second(s)

2022-06-09 20:41:41 - [MESSAGE][PASSED] - Delayed 1 second(s)

2022-06-09 20:41:41 - [TEST_STEP][PASSED] - click(findTestObject("1. Constant/xpath", ["xpath":"//*[@id="kt_content"]/div[3]/div/ul/li[3]/a"])): Object: 'Object Repository/1. Constant/xpath' is clicked on

2022-06-09 20:41:43 - [MESSAGE][PASSED] - Object: 'Object Repository/1. Constant/xpath' is clicked on

2022-06-09 20:41:43 - [TEST_STEP][PASSED] - takeScreenshot(): Taking screenshot successfully

2022-06-09 20:41:44 - [MESSAGE][PASSED] - Taking screenshot successfully
[[ATTACHMENT|D:\\Projet Test Auto\\Mediabox Test Automation\\Reports\\20220609_181011\\03. Parallel Testing (Testing)\\TS -PT PART 3\\14.04 Dreyers Support Action (Ongoing _ Completed ref) - PART 4\\20220609_181106\\1654800104060.png]]

2022-06-09 20:41:44 - [TEST_STEP][PASSED] - delay(1): Delayed 1 second(s)

2022-06-09 20:41:45 - [MESSAGE][PASSED] - Delayed 1 second(s)

2022-06-09 20:41:45 - [TEST_STEP][PASSED] - takeScreenshot(): Taking screenshot successfully

2022-06-09 20:41:45 - [MESSAGE][PASSED] - Taking screenshot successfully
[[ATTACHMENT|D:\\Projet Test Auto\\Mediabox Test Automation\\Reports\\20220609_181011\\03. Parallel Testing (Testing)\\TS -PT PART 3\\14.04 Dreyers Support Action (Ongoing _ Completed ref) - PART 4\\20220609_181106\\1654800105564.png]]

2022-06-09 20:41:45 - [TEST_STEP][PASSED] - click(findTestObject("1. Constant/xpath", ["xpath":"/html/body/div[1]/div[2]/div[8]/div[3]/div/div[3]/div[3]/div/div/div[3]/div/div[5]/div/div[1]/div[2]/div/button"])): Object: 'Object Repository/1. Constant/xpath' is clicked on

2022-06-09 20:41:46 - [MESSAGE][PASSED] - Object: 'Object Repository/1. Constant/xpath' is clicked on

2022-06-09 20:41:46 - [TEST_STEP][PASSED] - takeScreenshot(): Taking screenshot successfully

2022-06-09 20:41:46 - [MESSAGE][PASSED] - Taking screenshot successfully
[[ATTACHMENT|D:\\Projet Test Auto\\Mediabox Test Automation\\Reports\\20220609_181011\\03. Parallel Testing (Testing)\\TS -PT PART 3\\14.04 Dreyers Support Action (Ongoing _ Completed ref) - PART 4\\20220609_181106\\1654800106026.png]]

2022-06-09 20:41:46 - [TEST_STEP][PASSED] - delay(1): Delayed 1 second(s)

2022-06-09 20:41:47 - [MESSAGE][PASSED] - Delayed 1 second(s)

2022-06-09 20:41:47 - [TEST_STEP][PASSED] - x = 3: null

2022-06-09 20:41:47 - [TEST_STEP][PASSED] - i = 1: null

2022-06-09 20:41:47 - [TEST_STEP][PASSED] - while (i <= x): null

2022-06-09 20:41:47 - [TEST_STEP][PASSED] - Expected_SAS_Selected = "SAS S29: Add Step C / Skip P3.1": null

2022-06-09 20:41:47 - [TEST_STEP][PASSED] - xpath_SAS = "/html/body/div[1]/div[2]/div[8]/div[3]/div/div[3]/div[3]/div/div/div[3]/div/div[5]/div/div[1]/div[2]/div/div/a[" + i + "]": null

2022-06-09 20:41:47 - [TEST_STEP][PASSED] - Actual_SAS = getText(findTestObject("1. Constant/xpath", ["xpath":xpath_SAS])): Text of object 'Object Repository/1. Constant/xpath' is: 'SAS S29: Add Step C / Skip P3.1'

2022-06-09 20:41:47 - [MESSAGE][PASSED] - Text of object 'Object Repository/1. Constant/xpath' is: 'SAS S29: Add Step C / Skip P3.1'

2022-06-09 20:41:47 - [TEST_STEP][PASSED] - I.print(i): null

2022-06-09 20:41:47 - [TEST_STEP][PASSED] - if (Actual_SAS.contains(Expected_SAS_Selected)): null

2022-06-09 20:41:47 - [TEST_STEP][PASSED] - click(findTestObject("1. Constant/xpath", ["xpath":xpath_SAS])): Object: 'Object Repository/1. Constant/xpath' is clicked on

2022-06-09 20:41:47 - [MESSAGE][PASSED] - Object: 'Object Repository/1. Constant/xpath' is clicked on

2022-06-09 20:41:47 - [TEST_STEP][PASSED] - break: null

2022-06-09 20:41:47 - [TEST_STEP][PASSED] - takeScreenshot(): Taking screenshot successfully

2022-06-09 20:41:48 - [MESSAGE][PASSED] - Taking screenshot successfully
[[ATTACHMENT|D:\\Projet Test Auto\\Mediabox Test Automation\\Reports\\20220609_181011\\03. Parallel Testing (Testing)\\TS -PT PART 3\\14.04 Dreyers Support Action (Ongoing _ Completed ref) - PART 4\\20220609_181106\\1654800107992.png]]

2022-06-09 20:41:48 - [TEST_STEP][PASSED] - click(findTestObject("1. Constant/xpath", ["xpath":"//*[@id="confirmSupportActionShortcut"]"])): Object: 'Object Repository/1. Constant/xpath' is clicked on

2022-06-09 20:41:50 - [MESSAGE][PASSED] - Object: 'Object Repository/1. Constant/xpath' is clicked on

2022-06-09 20:41:50 - [TEST_STEP][PASSED] - takeScreenshot(): Taking screenshot successfully

2022-06-09 20:41:51 - [MESSAGE][PASSED] - Taking screenshot successfully
[[ATTACHMENT|D:\\Projet Test Auto\\Mediabox Test Automation\\Reports\\20220609_181011\\03. Parallel Testing (Testing)\\TS -PT PART 3\\14.04 Dreyers Support Action (Ongoing _ Completed ref) - PART 4\\20220609_181106\\1654800110883.png]]

2022-06-09 20:41:51 - [TEST_STEP][PASSED] - click(findTestObject("1. Constant/xpath", ["xpath":"//*[@id="kt_content"]/div[3]/div/ul/li[3]/a"])): Object: 'Object Repository/1. Constant/xpath' is clicked on

2022-06-09 20:41:52 - [MESSAGE][PASSED] - Object: 'Object Repository/1. Constant/xpath' is clicked on

2022-06-09 20:41:52 - [TEST_STEP][PASSED] - takeScreenshot(): Taking screenshot successfully

2022-06-09 20:41:53 - [MESSAGE][PASSED] - Taking screenshot successfully
[[ATTACHMENT|D:\\Projet Test Auto\\Mediabox Test Automation\\Reports\\20220609_181011\\03. Parallel Testing (Testing)\\TS -PT PART 3\\14.04 Dreyers Support Action (Ongoing _ Completed ref) - PART 4\\20220609_181106\\1654800113011.png]]

2022-06-09 20:41:53 - [TEST_STEP][PASSED] - StepC_1 = getAttribute(findTestObject("1. Constant/xpath", ["xpath":"/html/body/div[1]/div[2]/div[8]/div[3]/div/div[3]/div[3]/div/ul/li[3]/a"]), "class"): Attribute 'class' of object 'Object Repository/1. Constant/xpath' is: 'nav-link timeline-badge badge-xl  bg-pending active'

2022-06-09 20:41:53 - [MESSAGE][PASSED] - Attribute 'class' of object 'Object Repository/1. Constant/xpath' is: 'nav-link timeline-badge badge-xl  bg-pending active'

2022-06-09 20:41:53 - [TEST_STEP][PASSED] - verifyMatch(StepC_1, "nav-link timeline-badge badge-xl  bg-pending active", false): Actual text 'nav-link timeline-badge badge-xl  bg-pending active' and expected text 'nav-link timeline-badge badge-xl  bg-pending active' are matched 

2022-06-09 20:41:53 - [MESSAGE][PASSED] - Actual text 'nav-link timeline-badge badge-xl  bg-pending active' and expected text 'nav-link timeline-badge badge-xl  bg-pending active' are matched 

2022-06-09 20:41:53 - [TEST_STEP][PASSED] - StepC_11 = I.Get_Stepname("/html/body/div[1]/div[2]/div[8]/div[3]/div/div[3]/div[3]/div/ul/li[3]/a"): Attribute 'href' of object 'Object Repository/1. Constant/xpath' is: 'http://mdb-release.diadeis.lan/MediaboxIndependence/Base/ExecAction?action=VoirRef&IDSession=MBI!RELTESTAUTO_DREYERS!1T8J2YAFFNSYPLCKJJWXBNB1MORP7GLNQKMCJ997&num=OW1UW5WGJV&id_ref=5280#tab_lifecycle_SASStepC_12206'

2022-06-09 20:41:58 - [MESSAGE][PASSED] - Delayed 5 second(s)

2022-06-09 20:41:58 - [MESSAGE][PASSED] - Attribute 'href' of object 'Object Repository/1. Constant/xpath' is: 'http://mdb-release.diadeis.lan/MediaboxIndependence/Base/ExecAction?action=VoirRef&IDSession=MBI!RELTESTAUTO_DREYERS!1T8J2YAFFNSYPLCKJJWXBNB1MORP7GLNQKMCJ997&num=OW1UW5WGJV&id_ref=5280#tab_lifecycle_SASStepC_12206'

2022-06-09 20:41:58 - [TEST_STEP][PASSED] - verifyMatch(StepC_11, "SASStepC", false): Actual text 'SASStepC' and expected text 'SASStepC' are matched 

2022-06-09 20:41:58 - [MESSAGE][PASSED] - Actual text 'SASStepC' and expected text 'SASStepC' are matched 

2022-06-09 20:41:58 - [TEST_STEP][PASSED] - StepCP5_0 = getText(findTestObject("1. Constant/xpath", ["xpath":"/html/body/div[1]/div[2]/div[8]/div[3]/div/div[3]/div[3]/div/div/div[3]/div/div[6]/div/div[1]/div[1]/h3"])): Text of object 'Object Repository/1. Constant/xpath' is: 'Phase 3.1 [Question]'

2022-06-09 20:41:58 - [MESSAGE][PASSED] - Text of object 'Object Repository/1. Constant/xpath' is: 'Phase 3.1 [Question]'

2022-06-09 20:41:58 - [TEST_STEP][PASSED] - verifyMatch(StepCP5_0, "Phase 3.1 [Question]", false): Actual text 'Phase 3.1 [Question]' and expected text 'Phase 3.1 [Question]' are matched 

2022-06-09 20:41:58 - [MESSAGE][PASSED] - Actual text 'Phase 3.1 [Question]' and expected text 'Phase 3.1 [Question]' are matched 

2022-06-09 20:41:58 - [TEST_STEP][PASSED] - Started_StepCP5_1 = getText(findTestObject("1. Constant/xpath", ["xpath":"/html/body/div[1]/div[2]/div[8]/div[3]/div/div[3]/div[3]/div/div/div[3]/div/div[6]/div/div[2]/div[1]"])): Text of object 'Object Repository/1. Constant/xpath' is: 'Started 06/09/22 02:41 PM'

2022-06-09 20:41:58 - [MESSAGE][PASSED] - Text of object 'Object Repository/1. Constant/xpath' is: 'Started 06/09/22 02:41 PM'

2022-06-09 20:41:58 - [TEST_STEP][PASSED] - if (Started_StepCP5_1.contains("Started")): Actual object '1' and expected object '1' are equal

2022-06-09 20:41:58 - [TEST_STEP][PASSED] - verifyEqual(1, 1): Actual object '1' and expected object '1' are equal

2022-06-09 20:41:58 - [MESSAGE][PASSED] - Actual object '1' and expected object '1' are equal

2022-06-09 20:41:58 - [TEST_STEP][PASSED] - verifyElementNotPresent(findTestObject("1. Constant/xpath", ["xpath":"/html/body/div[1]/div[2]/div[8]/div[3]/div/div[3]/div[3]/div/div/div[3]/div/div[11]/div/div[1]"]), 10): Web element with id: 'Object Repository/1. Constant/xpath' located by 'By.xpath: /html/body/div[1]/div[2]/div[8]/div[3]/div/div[3]/div[3]/div/div/div[3]/div/div[11]/div/div[1]' is not present after '10' second(s)

2022-06-09 20:41:58 - [MESSAGE][PASSED] - Web element with id: 'Object Repository/1. Constant/xpath' located by 'By.xpath: /html/body/div[1]/div[2]/div[8]/div[3]/div/div[3]/div[3]/div/div/div[3]/div/div[11]/div/div[1]' is not present after '10' second(s)

2022-06-09 20:41:58 - [TEST_STEP][PASSED] - verifyElementNotPresent(findTestObject("1. Constant/xpath", ["xpath":"/html/body/div[1]/div[2]/div[8]/div[3]/div/div[3]/div[3]/div/ul/li[4]/a"]), 10): Web element with id: 'Object Repository/1. Constant/xpath' located by 'By.xpath: /html/body/div[1]/div[2]/div[8]/div[3]/div/div[3]/div[3]/div/ul/li[4]/a' is not present after '10' second(s)

2022-06-09 20:41:59 - [MESSAGE][PASSED] - Web element with id: 'Object Repository/1. Constant/xpath' located by 'By.xpath: /html/body/div[1]/div[2]/div[8]/div[3]/div/div[3]/div[3]/div/ul/li[4]/a' is not present after '10' second(s)

2022-06-09 20:41:59 - [TEST_STEP][PASSED] - click(findTestObject("1. Constant/xpath", ["xpath":"/html/body/div[1]/div[2]/div[8]/div[2]/div/nav/ol/li[2]/a"])): Object: 'Object Repository/1. Constant/xpath' is clicked on

2022-06-09 20:42:01 - [MESSAGE][PASSED] - Object: 'Object Repository/1. Constant/xpath' is clicked on

2022-06-09 20:42:01 - [TEST_STEP][PASSED] - Lifecycle_Status1 = getText(findTestObject("1. Constant/xpath", ["xpath":"//*[@id="source_" + refID22 + ""]/td[11]/span[1]"])): Text of object 'Object Repository/1. Constant/xpath' is: 'Phase 3.1 [Question]'

2022-06-09 20:42:01 - [MESSAGE][PASSED] - Text of object 'Object Repository/1. Constant/xpath' is: 'Phase 3.1 [Question]'

2022-06-09 20:42:01 - [TEST_STEP][PASSED] - verifyMatch(Lifecycle_Status1, "Phase 3.1 [Question]", false): Actual text 'Phase 3.1 [Question]' and expected text 'Phase 3.1 [Question]' are matched 

2022-06-09 20:42:01 - [MESSAGE][PASSED] - Actual text 'Phase 3.1 [Question]' and expected text 'Phase 3.1 [Question]' are matched 

2022-06-09 20:42:01 - [TEST_STEP][PASSED] - I.Logout(): Delayed 3 second(s)

2022-06-09 20:42:04 - [MESSAGE][PASSED] - Delayed 3 second(s)

2022-06-09 20:42:04 - [MESSAGE][PASSED] - Object: 'Object Repository/1. Constant/xpath' is clicked on

2022-06-09 20:42:07 - [MESSAGE][PASSED] - Delayed 3 second(s)

2022-06-09 20:42:09 - [MESSAGE][PASSED] - Object: 'Object Repository/1. Constant/xpath' is clicked on

2022-06-09 20:42:12 - [MESSAGE][PASSED] - Delayed 3 second(s)

2022-06-09 20:42:12 - [TEST_STEP][PASSED] - I.Login_password("talexeeva", password_talexeeva): Object: 'Object Repository/1. Constant/xpath' is clicked on

2022-06-09 20:42:12 - [MESSAGE][PASSED] - Text 'talexeeva' is set on object 'Object Repository/1. Constant/xpath'

2022-06-09 20:42:13 - [MESSAGE][PASSED] - Delayed 1 second(s)

2022-06-09 20:42:14 - [MESSAGE][PASSED] - Text 'diadeis2' is set on object 'Object Repository/1. Constant/xpath'

2022-06-09 20:42:15 - [MESSAGE][PASSED] - Delayed 1 second(s)

2022-06-09 20:42:19 - [MESSAGE][PASSED] - Object: 'Object Repository/1. Constant/xpath' is clicked on

2022-06-09 20:42:19 - [TEST_STEP][PASSED] - click(findTestObject("1. Constant/02_LHSMenu_Projects")): Object: 'Object Repository/1. Constant/02_LHSMenu_Projects' is clicked on

2022-06-09 20:42:21 - [MESSAGE][PASSED] - Object: 'Object Repository/1. Constant/02_LHSMenu_Projects' is clicked on

2022-06-09 20:42:21 - [TEST_STEP][PASSED] - I.SearchProjectNo_xpath(Project_No, "//*[@id="keynum_project"]", "//*[@id="form_filters"]/div[4]/button"): Delayed 5 second(s)

2022-06-09 20:42:22 - [MESSAGE][PASSED] - Delayed 1 second(s)

2022-06-09 20:42:23 - [MESSAGE][PASSED] - Text 'MI000876' is set on object 'Object Repository/1. Constant/xpath'

2022-06-09 20:42:26 - [MESSAGE][PASSED] - Delayed 3 second(s)

2022-06-09 20:42:26 - [MESSAGE][PASSED] - Scroll to object 'Object Repository/1. Constant/xpath' successfully

2022-06-09 20:42:29 - [MESSAGE][PASSED] - Object: 'Object Repository/1. Constant/xpath' is clicked on

2022-06-09 20:42:34 - [MESSAGE][PASSED] - Delayed 5 second(s)

2022-06-09 20:42:34 - [TEST_STEP][PASSED] - I.SearchRefNo_xpath("P22_Auto", "//*[@id="fiche_filter_keywords11"]", "//*[@id="form_filters"]/div[3]/button"): Delayed 5 second(s)

2022-06-09 20:42:35 - [MESSAGE][PASSED] - Delayed 1 second(s)

2022-06-09 20:42:37 - [MESSAGE][PASSED] - Text 'P22_Auto' is set on object 'Object Repository/1. Constant/xpath'

2022-06-09 20:42:40 - [MESSAGE][PASSED] - Delayed 3 second(s)

2022-06-09 20:42:40 - [MESSAGE][PASSED] - Scroll to object 'Object Repository/1. Constant/xpath' successfully

2022-06-09 20:42:42 - [MESSAGE][PASSED] - Object: 'Object Repository/1. Constant/xpath' is clicked on

2022-06-09 20:42:47 - [MESSAGE][PASSED] - Delayed 5 second(s)

2022-06-09 20:42:47 - [TEST_STEP][PASSED] - takeScreenshot(): Taking screenshot successfully

2022-06-09 20:42:48 - [MESSAGE][PASSED] - Taking screenshot successfully
[[ATTACHMENT|D:\\Projet Test Auto\\Mediabox Test Automation\\Reports\\20220609_181011\\03. Parallel Testing (Testing)\\TS -PT PART 3\\14.04 Dreyers Support Action (Ongoing _ Completed ref) - PART 4\\20220609_181106\\1654800168044.png]]

2022-06-09 20:42:48 - [TEST_STEP][PASSED] - I.submitquesiton_ref(findTestObject("1. Constant/xpath", ["xpath":"//*[@id="source_" + refID22 + ""]/td[13]/div[1]/button"]), findTestObject("1. Constant/xpath", ["xpath":"//*[@id="source_" + refID22 + ""]/td[13]/div[1]/div/a[1]"])): Object: 'Object Repository/1. Constant/xpath' is clicked on

2022-06-09 20:42:48 - [MESSAGE][PASSED] - Object: 'Object Repository/1. Constant/xpath' is clicked on

2022-06-09 20:42:51 - [MESSAGE][PASSED] - Delayed 3 second(s)

2022-06-09 20:42:53 - [MESSAGE][PASSED] - Object: 'Object Repository/1. Constant/xpath' is clicked on

2022-06-09 20:42:53 - [TEST_STEP][PASSED] - click(findTestObject("1. Constant/xpath", ["xpath":"//*[@id="ModifFiche"]/div[1]/div/button[2]"])): Object: 'Object Repository/1. Constant/xpath' is clicked on

2022-06-09 20:42:56 - [MESSAGE][PASSED] - Object: 'Object Repository/1. Constant/xpath' is clicked on

2022-06-09 20:42:56 - [TEST_STEP][PASSED] - takeScreenshot(): Taking screenshot successfully

2022-06-09 20:42:56 - [MESSAGE][PASSED] - Taking screenshot successfully
[[ATTACHMENT|D:\\Projet Test Auto\\Mediabox Test Automation\\Reports\\20220609_181011\\03. Parallel Testing (Testing)\\TS -PT PART 3\\14.04 Dreyers Support Action (Ongoing _ Completed ref) - PART 4\\20220609_181106\\1654800176377.png]]

2022-06-09 20:42:56 - [TEST_STEP][PASSED] - Lifecycle_Status2 = getText(findTestObject("1. Constant/xpath", ["xpath":"//*[@id="source_" + refID22 + ""]/td[12]/span[1]"])): Text of object 'Object Repository/1. Constant/xpath' is: 'Phase 3.2 [Question]'

2022-06-09 20:42:57 - [MESSAGE][PASSED] - Text of object 'Object Repository/1. Constant/xpath' is: 'Phase 3.2 [Question]'

2022-06-09 20:42:57 - [TEST_STEP][PASSED] - verifyMatch(Lifecycle_Status2, "Phase 3.2 [Question]", false): Actual text 'Phase 3.2 [Question]' and expected text 'Phase 3.2 [Question]' are matched 

2022-06-09 20:42:57 - [MESSAGE][PASSED] - Actual text 'Phase 3.2 [Question]' and expected text 'Phase 3.2 [Question]' are matched 

2022-06-09 20:42:57 - [TEST_STEP][PASSED] - I.Logout(): Delayed 3 second(s)

2022-06-09 20:43:00 - [MESSAGE][PASSED] - Delayed 3 second(s)

2022-06-09 20:43:00 - [MESSAGE][PASSED] - Object: 'Object Repository/1. Constant/xpath' is clicked on

2022-06-09 20:43:03 - [MESSAGE][PASSED] - Delayed 3 second(s)

2022-06-09 20:43:05 - [MESSAGE][PASSED] - Object: 'Object Repository/1. Constant/xpath' is clicked on

2022-06-09 20:43:08 - [MESSAGE][PASSED] - Delayed 3 second(s)

2022-06-09 20:43:08 - [TEST_STEP][PASSED] - I.Login_password("nturner", password_nturner): Object: 'Object Repository/1. Constant/xpath' is clicked on

2022-06-09 20:43:10 - [MESSAGE][PASSED] - Text 'nturner' is set on object 'Object Repository/1. Constant/xpath'

2022-06-09 20:43:11 - [MESSAGE][PASSED] - Delayed 1 second(s)

2022-06-09 20:43:12 - [MESSAGE][PASSED] - Text 'diadeis1' is set on object 'Object Repository/1. Constant/xpath'

2022-06-09 20:43:13 - [MESSAGE][PASSED] - Delayed 1 second(s)

2022-06-09 20:43:16 - [MESSAGE][PASSED] - Object: 'Object Repository/1. Constant/xpath' is clicked on

2022-06-09 20:43:16 - [TEST_STEP][PASSED] - click(findTestObject("1. Constant/02_LHSMenu_Projects")): Object: 'Object Repository/1. Constant/02_LHSMenu_Projects' is clicked on

2022-06-09 20:43:18 - [MESSAGE][PASSED] - Object: 'Object Repository/1. Constant/02_LHSMenu_Projects' is clicked on

2022-06-09 20:43:18 - [TEST_STEP][PASSED] - I.SearchProjectNo_xpath(Project_No, "//*[@id="keynum_project"]", "//*[@id="form_filters"]/div[4]/button"): Delayed 5 second(s)

2022-06-09 20:43:19 - [MESSAGE][PASSED] - Delayed 1 second(s)

2022-06-09 20:43:19 - [MESSAGE][PASSED] - Text 'MI000876' is set on object 'Object Repository/1. Constant/xpath'

2022-06-09 20:43:22 - [MESSAGE][PASSED] - Delayed 3 second(s)

2022-06-09 20:43:23 - [MESSAGE][PASSED] - Scroll to object 'Object Repository/1. Constant/xpath' successfully

2022-06-09 20:43:26 - [MESSAGE][PASSED] - Object: 'Object Repository/1. Constant/xpath' is clicked on

2022-06-09 20:43:31 - [MESSAGE][PASSED] - Delayed 5 second(s)

2022-06-09 20:43:31 - [TEST_STEP][PASSED] - I.SearchRefNo_xpath("P22_Auto", "//*[@id="fiche_filter_keywords11"]", "//*[@id="form_filters"]/div[3]/button"): Delayed 5 second(s)

2022-06-09 20:43:32 - [MESSAGE][PASSED] - Delayed 1 second(s)

2022-06-09 20:43:32 - [MESSAGE][PASSED] - Text 'P22_Auto' is set on object 'Object Repository/1. Constant/xpath'

2022-06-09 20:43:35 - [MESSAGE][PASSED] - Delayed 3 second(s)

2022-06-09 20:43:35 - [MESSAGE][PASSED] - Scroll to object 'Object Repository/1. Constant/xpath' successfully

2022-06-09 20:43:37 - [MESSAGE][PASSED] - Object: 'Object Repository/1. Constant/xpath' is clicked on

2022-06-09 20:43:42 - [MESSAGE][PASSED] - Delayed 5 second(s)

2022-06-09 20:43:42 - [TEST_STEP][PASSED] - takeScreenshot(): Taking screenshot successfully

2022-06-09 20:43:43 - [MESSAGE][PASSED] - Taking screenshot successfully
[[ATTACHMENT|D:\\Projet Test Auto\\Mediabox Test Automation\\Reports\\20220609_181011\\03. Parallel Testing (Testing)\\TS -PT PART 3\\14.04 Dreyers Support Action (Ongoing _ Completed ref) - PART 4\\20220609_181106\\1654800223038.png]]

2022-06-09 20:43:43 - [TEST_STEP][PASSED] - I.submitquesiton_ref(findTestObject("1. Constant/xpath", ["xpath":"//*[@id="source_" + refID22 + ""]/td[13]/div/button"]), findTestObject("1. Constant/xpath", ["xpath":"//*[@id="source_" + refID22 + ""]/td[13]/div/div/a[1]"])): Object: 'Object Repository/1. Constant/xpath' is clicked on

2022-06-09 20:43:44 - [MESSAGE][PASSED] - Object: 'Object Repository/1. Constant/xpath' is clicked on

2022-06-09 20:43:47 - [MESSAGE][PASSED] - Delayed 3 second(s)

2022-06-09 20:43:50 - [MESSAGE][PASSED] - Object: 'Object Repository/1. Constant/xpath' is clicked on

2022-06-09 20:43:50 - [TEST_STEP][PASSED] - click(findTestObject("1. Constant/xpath", ["xpath":"//*[@id="ModifFiche"]/div[1]/div/button[2]"])): Object: 'Object Repository/1. Constant/xpath' is clicked on

2022-06-09 20:43:53 - [MESSAGE][PASSED] - Object: 'Object Repository/1. Constant/xpath' is clicked on

2022-06-09 20:43:53 - [TEST_STEP][PASSED] - Lifecycle_Status3 = getText(findTestObject("1. Constant/xpath", ["xpath":"//*[@id="source_" + refID22 + ""]/td[12]/span[1]"])): Text of object 'Object Repository/1. Constant/xpath' is: 'Phase 3.3 [Standard]'

2022-06-09 20:43:54 - [MESSAGE][PASSED] - Text of object 'Object Repository/1. Constant/xpath' is: 'Phase 3.3 [Standard]'

2022-06-09 20:43:54 - [TEST_STEP][PASSED] - verifyMatch(Lifecycle_Status3, "Phase 3.3 [Standard]", false): Actual text 'Phase 3.3 [Standard]' and expected text 'Phase 3.3 [Standard]' are matched 

2022-06-09 20:43:54 - [MESSAGE][PASSED] - Actual text 'Phase 3.3 [Standard]' and expected text 'Phase 3.3 [Standard]' are matched 

2022-06-09 20:43:54 - [TEST_STEP][PASSED] - takeScreenshot(): Taking screenshot successfully

2022-06-09 20:43:55 - [MESSAGE][PASSED] - Taking screenshot successfully
[[ATTACHMENT|D:\\Projet Test Auto\\Mediabox Test Automation\\Reports\\20220609_181011\\03. Parallel Testing (Testing)\\TS -PT PART 3\\14.04 Dreyers Support Action (Ongoing _ Completed ref) - PART 4\\20220609_181106\\1654800234607.png]]

2022-06-09 20:43:55 - [TEST_STEP][PASSED] - I.Logout(): Delayed 3 second(s)

2022-06-09 20:43:58 - [MESSAGE][PASSED] - Delayed 3 second(s)

2022-06-09 20:43:59 - [MESSAGE][PASSED] - Object: 'Object Repository/1. Constant/xpath' is clicked on

2022-06-09 20:44:02 - [MESSAGE][PASSED] - Delayed 3 second(s)

2022-06-09 20:44:06 - [MESSAGE][PASSED] - Object: 'Object Repository/1. Constant/xpath' is clicked on

2022-06-09 20:44:09 - [MESSAGE][PASSED] - Delayed 3 second(s)

2022-06-09 20:44:09 - [TEST_STEP][PASSED] - I.Login_password("jryan", password_jryan): Object: 'Object Repository/1. Constant/xpath' is clicked on

2022-06-09 20:44:10 - [MESSAGE][PASSED] - Text 'jryan' is set on object 'Object Repository/1. Constant/xpath'

2022-06-09 20:44:11 - [MESSAGE][PASSED] - Delayed 1 second(s)

2022-06-09 20:44:11 - [MESSAGE][PASSED] - Text 'diadeis' is set on object 'Object Repository/1. Constant/xpath'

2022-06-09 20:44:12 - [MESSAGE][PASSED] - Delayed 1 second(s)

2022-06-09 20:44:17 - [MESSAGE][PASSED] - Object: 'Object Repository/1. Constant/xpath' is clicked on

2022-06-09 20:44:17 - [TEST_STEP][PASSED] - click(findTestObject("1. Constant/02_LHSMenu_Projects")): Object: 'Object Repository/1. Constant/02_LHSMenu_Projects' is clicked on

2022-06-09 20:44:19 - [MESSAGE][PASSED] - Object: 'Object Repository/1. Constant/02_LHSMenu_Projects' is clicked on

2022-06-09 20:44:19 - [TEST_STEP][PASSED] - I.SearchProjectNo_xpath(Project_No, "//*[@id="keynum_project"]", "//*[@id="form_filters"]/div[4]/button"): Delayed 5 second(s)

2022-06-09 20:44:20 - [MESSAGE][PASSED] - Delayed 1 second(s)

2022-06-09 20:44:20 - [MESSAGE][PASSED] - Text 'MI000876' is set on object 'Object Repository/1. Constant/xpath'

2022-06-09 20:44:23 - [MESSAGE][PASSED] - Delayed 3 second(s)

2022-06-09 20:44:23 - [MESSAGE][PASSED] - Scroll to object 'Object Repository/1. Constant/xpath' successfully

2022-06-09 20:44:27 - [MESSAGE][PASSED] - Object: 'Object Repository/1. Constant/xpath' is clicked on

2022-06-09 20:44:32 - [MESSAGE][PASSED] - Delayed 5 second(s)

2022-06-09 20:44:32 - [TEST_STEP][PASSED] - I.SearchRefNo_xpath("P22_Auto", "//*[@id="fiche_filter_keywords11"]", "//*[@id="form_filters"]/div[3]/button"): Delayed 5 second(s)

2022-06-09 20:44:33 - [MESSAGE][PASSED] - Delayed 1 second(s)

2022-06-09 20:44:34 - [MESSAGE][PASSED] - Text 'P22_Auto' is set on object 'Object Repository/1. Constant/xpath'

2022-06-09 20:44:37 - [MESSAGE][PASSED] - Delayed 3 second(s)

2022-06-09 20:44:37 - [MESSAGE][PASSED] - Scroll to object 'Object Repository/1. Constant/xpath' successfully

2022-06-09 20:44:39 - [MESSAGE][PASSED] - Object: 'Object Repository/1. Constant/xpath' is clicked on

2022-06-09 20:44:44 - [MESSAGE][PASSED] - Delayed 5 second(s)

2022-06-09 20:44:44 - [TEST_STEP][PASSED] - takeScreenshot(): Taking screenshot successfully

2022-06-09 20:44:45 - [MESSAGE][PASSED] - Taking screenshot successfully
[[ATTACHMENT|D:\\Projet Test Auto\\Mediabox Test Automation\\Reports\\20220609_181011\\03. Parallel Testing (Testing)\\TS -PT PART 3\\14.04 Dreyers Support Action (Ongoing _ Completed ref) - PART 4\\20220609_181106\\1654800285075.png]]

2022-06-09 20:44:45 - [TEST_STEP][PASSED] - click(findTestObject("1. Constant/xpath", ["xpath":"//*[@id="source_" + refID22 + ""]/td[14]/a[2]"])): Object: 'Object Repository/1. Constant/xpath' is clicked on

2022-06-09 20:44:47 - [MESSAGE][PASSED] - Object: 'Object Repository/1. Constant/xpath' is clicked on

2022-06-09 20:44:47 - [TEST_STEP][PASSED] - click(findTestObject("1. Constant/xpath", ["xpath":"//*[@id="ModifFiche"]/div[1]/div/button[2]"])): Object: 'Object Repository/1. Constant/xpath' is clicked on

2022-06-09 20:44:51 - [MESSAGE][PASSED] - Object: 'Object Repository/1. Constant/xpath' is clicked on

2022-06-09 20:44:51 - [TEST_STEP][PASSED] - Lifecycle_Status4 = getText(findTestObject("1. Constant/xpath", ["xpath":"//*[@id="source_" + refID22 + ""]/td[12]/span[1]"])): Text of object 'Object Repository/1. Constant/xpath' is: 'Phase 3.4 [Standard]'

2022-06-09 20:44:51 - [MESSAGE][PASSED] - Text of object 'Object Repository/1. Constant/xpath' is: 'Phase 3.4 [Standard]'

2022-06-09 20:44:51 - [TEST_STEP][PASSED] - verifyMatch(Lifecycle_Status4, "Phase 3.4 [Standard]", false): Actual text 'Phase 3.4 [Standard]' and expected text 'Phase 3.4 [Standard]' are matched 

2022-06-09 20:44:51 - [MESSAGE][PASSED] - Actual text 'Phase 3.4 [Standard]' and expected text 'Phase 3.4 [Standard]' are matched 

2022-06-09 20:44:51 - [TEST_STEP][PASSED] - takeScreenshot(): Taking screenshot successfully

2022-06-09 20:44:52 - [MESSAGE][PASSED] - Taking screenshot successfully
[[ATTACHMENT|D:\\Projet Test Auto\\Mediabox Test Automation\\Reports\\20220609_181011\\03. Parallel Testing (Testing)\\TS -PT PART 3\\14.04 Dreyers Support Action (Ongoing _ Completed ref) - PART 4\\20220609_181106\\1654800291951.png]]

2022-06-09 20:44:52 - [TEST_STEP][PASSED] - I.Logout(): Delayed 3 second(s)

2022-06-09 20:44:55 - [MESSAGE][PASSED] - Delayed 3 second(s)

2022-06-09 20:44:57 - [MESSAGE][PASSED] - Object: 'Object Repository/1. Constant/xpath' is clicked on

2022-06-09 20:45:00 - [MESSAGE][PASSED] - Delayed 3 second(s)

2022-06-09 20:45:02 - [MESSAGE][PASSED] - Object: 'Object Repository/1. Constant/xpath' is clicked on

2022-06-09 20:45:05 - [MESSAGE][PASSED] - Delayed 3 second(s)

2022-06-09 20:45:05 - [TEST_STEP][PASSED] - I.Login_password("nturner", password_nturner): Object: 'Object Repository/1. Constant/xpath' is clicked on

2022-06-09 20:45:06 - [MESSAGE][PASSED] - Text 'nturner' is set on object 'Object Repository/1. Constant/xpath'

2022-06-09 20:45:07 - [MESSAGE][PASSED] - Delayed 1 second(s)

2022-06-09 20:45:07 - [MESSAGE][PASSED] - Text 'diadeis1' is set on object 'Object Repository/1. Constant/xpath'

2022-06-09 20:45:08 - [MESSAGE][PASSED] - Delayed 1 second(s)

2022-06-09 20:45:11 - [MESSAGE][PASSED] - Object: 'Object Repository/1. Constant/xpath' is clicked on

2022-06-09 20:45:11 - [TEST_STEP][PASSED] - click(findTestObject("1. Constant/02_LHSMenu_Projects")): Object: 'Object Repository/1. Constant/02_LHSMenu_Projects' is clicked on

2022-06-09 20:45:14 - [MESSAGE][PASSED] - Object: 'Object Repository/1. Constant/02_LHSMenu_Projects' is clicked on

2022-06-09 20:45:14 - [TEST_STEP][PASSED] - I.SearchProjectNo_xpath(Project_No, "//*[@id="keynum_project"]", "//*[@id="form_filters"]/div[4]/button"): Delayed 5 second(s)

2022-06-09 20:45:15 - [MESSAGE][PASSED] - Delayed 1 second(s)

2022-06-09 20:45:16 - [MESSAGE][PASSED] - Text 'MI000876' is set on object 'Object Repository/1. Constant/xpath'

2022-06-09 20:45:19 - [MESSAGE][PASSED] - Delayed 3 second(s)

2022-06-09 20:45:19 - [MESSAGE][PASSED] - Scroll to object 'Object Repository/1. Constant/xpath' successfully

2022-06-09 20:45:23 - [MESSAGE][PASSED] - Object: 'Object Repository/1. Constant/xpath' is clicked on

2022-06-09 20:45:28 - [MESSAGE][PASSED] - Delayed 5 second(s)

2022-06-09 20:45:28 - [TEST_STEP][PASSED] - I.SearchRefNo_xpath("P22_Auto", "//*[@id="fiche_filter_keywords11"]", "//*[@id="form_filters"]/div[3]/button"): Delayed 5 second(s)

2022-06-09 20:45:29 - [MESSAGE][PASSED] - Delayed 1 second(s)

2022-06-09 20:45:30 - [MESSAGE][PASSED] - Text 'P22_Auto' is set on object 'Object Repository/1. Constant/xpath'

2022-06-09 20:45:33 - [MESSAGE][PASSED] - Delayed 3 second(s)

2022-06-09 20:45:34 - [MESSAGE][PASSED] - Scroll to object 'Object Repository/1. Constant/xpath' successfully

2022-06-09 20:45:38 - [MESSAGE][PASSED] - Object: 'Object Repository/1. Constant/xpath' is clicked on

2022-06-09 20:45:43 - [MESSAGE][PASSED] - Delayed 5 second(s)

2022-06-09 20:45:43 - [TEST_STEP][PASSED] - takeScreenshot(): Taking screenshot successfully

2022-06-09 20:45:43 - [MESSAGE][PASSED] - Taking screenshot successfully
[[ATTACHMENT|D:\\Projet Test Auto\\Mediabox Test Automation\\Reports\\20220609_181011\\03. Parallel Testing (Testing)\\TS -PT PART 3\\14.04 Dreyers Support Action (Ongoing _ Completed ref) - PART 4\\20220609_181106\\1654800343140.png]]

2022-06-09 20:45:43 - [TEST_STEP][PASSED] - click(findTestObject("1. Constant/xpath", ["xpath":"//*[@id="source_" + refID22 + ""]/td[13]/a[2]"])): Object: 'Object Repository/1. Constant/xpath' is clicked on

2022-06-09 20:45:44 - [MESSAGE][PASSED] - Object: 'Object Repository/1. Constant/xpath' is clicked on

2022-06-09 20:45:44 - [TEST_STEP][PASSED] - click(findTestObject("1. Constant/xpath", ["xpath":"//*[@id="ModifFiche"]/div[1]/div/button[2]"])): Object: 'Object Repository/1. Constant/xpath' is clicked on

2022-06-09 20:45:47 - [MESSAGE][PASSED] - Object: 'Object Repository/1. Constant/xpath' is clicked on

2022-06-09 20:45:47 - [TEST_STEP][PASSED] - Lifecycle_Status5 = getText(findTestObject("1. Constant/xpath", ["xpath":"//*[@id="source_" + refID22 + ""]/td[12]/span[1]"])): Text of object 'Object Repository/1. Constant/xpath' is: 'Phase 3.5[Prod]'

2022-06-09 20:45:47 - [MESSAGE][PASSED] - Text of object 'Object Repository/1. Constant/xpath' is: 'Phase 3.5[Prod]'

2022-06-09 20:45:47 - [TEST_STEP][PASSED] - verifyMatch(Lifecycle_Status5, "Phase 3.5[Prod]", false): Actual text 'Phase 3.5[Prod]' and expected text 'Phase 3.5[Prod]' are matched 

2022-06-09 20:45:47 - [MESSAGE][PASSED] - Actual text 'Phase 3.5[Prod]' and expected text 'Phase 3.5[Prod]' are matched 

2022-06-09 20:45:47 - [TEST_STEP][PASSED] - takeScreenshot(): Taking screenshot successfully

2022-06-09 20:45:47 - [MESSAGE][PASSED] - Taking screenshot successfully
[[ATTACHMENT|D:\\Projet Test Auto\\Mediabox Test Automation\\Reports\\20220609_181011\\03. Parallel Testing (Testing)\\TS -PT PART 3\\14.04 Dreyers Support Action (Ongoing _ Completed ref) - PART 4\\20220609_181106\\1654800347648.png]]

2022-06-09 20:45:47 - [TEST_STEP][PASSED] - I.Logout(): Delayed 3 second(s)

2022-06-09 20:45:50 - [MESSAGE][PASSED] - Delayed 3 second(s)

2022-06-09 20:45:51 - [MESSAGE][PASSED] - Object: 'Object Repository/1. Constant/xpath' is clicked on

2022-06-09 20:45:54 - [MESSAGE][PASSED] - Delayed 3 second(s)

2022-06-09 20:45:55 - [MESSAGE][PASSED] - Object: 'Object Repository/1. Constant/xpath' is clicked on

2022-06-09 20:45:58 - [MESSAGE][PASSED] - Delayed 3 second(s)

2022-06-09 20:45:58 - [TEST_STEP][PASSED] - I.Login_password("lmary", password_lmary): Object: 'Object Repository/1. Constant/xpath' is clicked on

2022-06-09 20:45:58 - [MESSAGE][PASSED] - Text 'lmary' is set on object 'Object Repository/1. Constant/xpath'

2022-06-09 20:45:59 - [MESSAGE][PASSED] - Delayed 1 second(s)

2022-06-09 20:46:00 - [MESSAGE][PASSED] - Text 'diadeis' is set on object 'Object Repository/1. Constant/xpath'

2022-06-09 20:46:01 - [MESSAGE][PASSED] - Delayed 1 second(s)

2022-06-09 20:46:06 - [MESSAGE][PASSED] - Object: 'Object Repository/1. Constant/xpath' is clicked on

2022-06-09 20:46:06 - [TEST_STEP][PASSED] - click(findTestObject("1. Constant/02_LHSMenu_Projects")): Object: 'Object Repository/1. Constant/02_LHSMenu_Projects' is clicked on

2022-06-09 20:46:08 - [MESSAGE][PASSED] - Object: 'Object Repository/1. Constant/02_LHSMenu_Projects' is clicked on

2022-06-09 20:46:08 - [TEST_STEP][PASSED] - I.SearchProjectNo_xpath(Project_No, "//*[@id="keynum_project"]", "//*[@id="form_filters"]/div[4]/button"): Delayed 5 second(s)

2022-06-09 20:46:09 - [MESSAGE][PASSED] - Delayed 1 second(s)

2022-06-09 20:46:09 - [MESSAGE][PASSED] - Text 'MI000876' is set on object 'Object Repository/1. Constant/xpath'

2022-06-09 20:46:12 - [MESSAGE][PASSED] - Delayed 3 second(s)

2022-06-09 20:46:13 - [MESSAGE][PASSED] - Scroll to object 'Object Repository/1. Constant/xpath' successfully

2022-06-09 20:46:16 - [MESSAGE][PASSED] - Object: 'Object Repository/1. Constant/xpath' is clicked on

2022-06-09 20:46:21 - [MESSAGE][PASSED] - Delayed 5 second(s)

2022-06-09 20:46:21 - [TEST_STEP][PASSED] - I.SearchRefNo_xpath("P22_Auto", "//*[@id="fiche_filter_keywords11"]", "//*[@id="form_filters"]/div[3]/button"): Delayed 5 second(s)

2022-06-09 20:46:22 - [MESSAGE][PASSED] - Delayed 1 second(s)

2022-06-09 20:46:22 - [MESSAGE][PASSED] - Text 'P22_Auto' is set on object 'Object Repository/1. Constant/xpath'

2022-06-09 20:46:25 - [MESSAGE][PASSED] - Delayed 3 second(s)

2022-06-09 20:46:26 - [MESSAGE][PASSED] - Scroll to object 'Object Repository/1. Constant/xpath' successfully

2022-06-09 20:46:28 - [MESSAGE][PASSED] - Object: 'Object Repository/1. Constant/xpath' is clicked on

2022-06-09 20:46:33 - [MESSAGE][PASSED] - Delayed 5 second(s)

2022-06-09 20:46:33 - [TEST_STEP][PASSED] - takeScreenshot(): Taking screenshot successfully

2022-06-09 20:46:33 - [MESSAGE][PASSED] - Taking screenshot successfully
[[ATTACHMENT|D:\\Projet Test Auto\\Mediabox Test Automation\\Reports\\20220609_181011\\03. Parallel Testing (Testing)\\TS -PT PART 3\\14.04 Dreyers Support Action (Ongoing _ Completed ref) - PART 4\\20220609_181106\\1654800393166.png]]

2022-06-09 20:46:33 - [TEST_STEP][PASSED] - color3 = getCSSValue(findTestObject("1. Constant/xpath", ["xpath":"//*[@id="source_" + refID22 + ""]/td[13]/a"]), "color", OPTIONAL): Get CSS 'color' value on 'Object Repository/1. Constant/xpath' successfully: 'rgba(255, 255, 255, 1)'.

2022-06-09 20:46:34 - [MESSAGE][PASSED] - Get CSS 'color' value on 'Object Repository/1. Constant/xpath' successfully: 'rgba(255, 255, 255, 1)'.

2022-06-09 20:46:34 - [TEST_STEP][PASSED] - while (color3 == "rgba(255, 255, 255, 1)"): Get CSS 'color' value on 'Object Repository/1. Constant/xpath' successfully: 'rgba(54, 153, 255, 1)'.

2022-06-09 20:46:34 - [TEST_STEP][PASSED] - click(findTestObject("1. Constant/xpath", ["xpath":"//*[@id="source_" + refID22 + ""]/td[13]/a"])): Object: 'Object Repository/1. Constant/xpath' is clicked on

2022-06-09 20:46:36 - [MESSAGE][PASSED] - Object: 'Object Repository/1. Constant/xpath' is clicked on

2022-06-09 20:46:36 - [TEST_STEP][PASSED] - selectOptionByValue(findTestObject("1. Constant/xpath", ["xpath":"//*[@id="id_approval_flow_tpl"]"]), "80", false): All options with value '80' are selected in object 'Object Repository/1. Constant/xpath' 

2022-06-09 20:46:36 - [MESSAGE][PASSED] - All options with value '80' are selected in object 'Object Repository/1. Constant/xpath' 

2022-06-09 20:46:36 - [TEST_STEP][PASSED] - I.UploadDoc_sendkey_Prod(findTestObject("1. Constant/xpath", ["xpath":"//*[@id="kt_body"]/input[2]"]), "D:\Upoad_File\Upload doc\testdata1.jpg", "testdata1"): Delayed 5 second(s)

2022-06-09 20:46:36 - [MESSAGE][PASSED] - Scroll to object 'Object Repository/1. Constant/xpath' successfully

2022-06-09 20:46:41 - [MESSAGE][PASSED] - Delayed 5 second(s)

2022-06-09 20:46:42 - [MESSAGE][PASSED] - File 'D:\Upoad_File\Upload doc\testdata1.jpg' sent to object: 'Object Repository/1. Constant/xpath'

2022-06-09 20:46:47 - [MESSAGE][PASSED] - Delayed 5 second(s)

2022-06-09 20:46:47 - [MESSAGE][PASSED] - Text 'testdata1' is present on page 

2022-06-09 20:46:52 - [MESSAGE][PASSED] - Delayed 5 second(s)

2022-06-09 20:46:57 - [MESSAGE][PASSED] - Delayed 5 second(s)

2022-06-09 20:46:57 - [TEST_STEP][PASSED] - takeScreenshot(): Taking screenshot successfully

2022-06-09 20:46:58 - [MESSAGE][PASSED] - Taking screenshot successfully
[[ATTACHMENT|D:\\Projet Test Auto\\Mediabox Test Automation\\Reports\\20220609_181011\\03. Parallel Testing (Testing)\\TS -PT PART 3\\14.04 Dreyers Support Action (Ongoing _ Completed ref) - PART 4\\20220609_181106\\1654800417569.png]]

2022-06-09 20:46:58 - [TEST_STEP][PASSED] - delay(8): Delayed 8 second(s)

2022-06-09 20:47:06 - [MESSAGE][PASSED] - Delayed 8 second(s)

2022-06-09 20:47:06 - [TEST_STEP][PASSED] - click(findTestObject("HL Full Lifecycle/12 ReferncePage_Button_Updatensenddoc")): Object: 'Object Repository/HL Full Lifecycle/12 ReferncePage_Button_Updatensenddoc' is clicked on

2022-06-09 20:47:10 - [MESSAGE][PASSED] - Object: 'Object Repository/HL Full Lifecycle/12 ReferncePage_Button_Updatensenddoc' is clicked on

2022-06-09 20:47:10 - [TEST_STEP][PASSED] - delay(4): Delayed 4 second(s)

2022-06-09 20:47:14 - [MESSAGE][PASSED] - Delayed 4 second(s)

2022-06-09 20:47:14 - [TEST_STEP][PASSED] - color3 = getCSSValue(findTestObject("1. Constant/xpath", ["xpath":"//*[@id="source_" + refID22 + ""]/td[13]/a"]), "color", OPTIONAL): Get CSS 'color' value on 'Object Repository/1. Constant/xpath' successfully: 'rgba(54, 153, 255, 1)'.

2022-06-09 20:47:16 - [MESSAGE][PASSED] - Get CSS 'color' value on 'Object Repository/1. Constant/xpath' successfully: 'rgba(54, 153, 255, 1)'.

2022-06-09 20:47:16 - [TEST_STEP][PASSED] - I.Logout(): Delayed 3 second(s)

2022-06-09 20:47:19 - [MESSAGE][PASSED] - Delayed 3 second(s)

2022-06-09 20:47:19 - [MESSAGE][PASSED] - Object: 'Object Repository/1. Constant/xpath' is clicked on

2022-06-09 20:47:22 - [MESSAGE][PASSED] - Delayed 3 second(s)

2022-06-09 20:47:24 - [MESSAGE][PASSED] - Object: 'Object Repository/1. Constant/xpath' is clicked on

2022-06-09 20:47:27 - [MESSAGE][PASSED] - Delayed 3 second(s)

2022-06-09 20:47:27 - [TEST_STEP][PASSED] - I.Login_password("blemco", password_blemco): Object: 'Object Repository/1. Constant/xpath' is clicked on

2022-06-09 20:47:27 - [MESSAGE][PASSED] - Text 'blemco' is set on object 'Object Repository/1. Constant/xpath'

2022-06-09 20:47:28 - [MESSAGE][PASSED] - Delayed 1 second(s)

2022-06-09 20:47:28 - [MESSAGE][PASSED] - Text 'diadeis1' is set on object 'Object Repository/1. Constant/xpath'

2022-06-09 20:47:29 - [MESSAGE][PASSED] - Delayed 1 second(s)

2022-06-09 20:47:34 - [MESSAGE][PASSED] - Object: 'Object Repository/1. Constant/xpath' is clicked on

2022-06-09 20:47:34 - [TEST_STEP][PASSED] - click(findTestObject("1. Constant/02_LHSMenu_Projects")): Object: 'Object Repository/1. Constant/02_LHSMenu_Projects' is clicked on

2022-06-09 20:47:37 - [MESSAGE][PASSED] - Object: 'Object Repository/1. Constant/02_LHSMenu_Projects' is clicked on

2022-06-09 20:47:37 - [TEST_STEP][PASSED] - I.SearchProjectNo_xpath(Project_No, "//*[@id="keynum_project"]", "//*[@id="form_filters"]/div[4]/button"): Delayed 5 second(s)

2022-06-09 20:47:38 - [MESSAGE][PASSED] - Delayed 1 second(s)

2022-06-09 20:47:39 - [MESSAGE][PASSED] - Text 'MI000876' is set on object 'Object Repository/1. Constant/xpath'

2022-06-09 20:47:42 - [MESSAGE][PASSED] - Delayed 3 second(s)

2022-06-09 20:47:42 - [MESSAGE][PASSED] - Scroll to object 'Object Repository/1. Constant/xpath' successfully

2022-06-09 20:47:46 - [MESSAGE][PASSED] - Object: 'Object Repository/1. Constant/xpath' is clicked on

2022-06-09 20:47:51 - [MESSAGE][PASSED] - Delayed 5 second(s)

2022-06-09 20:47:51 - [TEST_STEP][PASSED] - I.SearchRefNo_xpath("P22_Auto", "//*[@id="fiche_filter_keywords11"]", "//*[@id="form_filters"]/div[3]/button"): Delayed 5 second(s)

2022-06-09 20:47:52 - [MESSAGE][PASSED] - Delayed 1 second(s)

2022-06-09 20:47:53 - [MESSAGE][PASSED] - Text 'P22_Auto' is set on object 'Object Repository/1. Constant/xpath'

2022-06-09 20:47:56 - [MESSAGE][PASSED] - Delayed 3 second(s)

2022-06-09 20:47:56 - [MESSAGE][PASSED] - Scroll to object 'Object Repository/1. Constant/xpath' successfully

2022-06-09 20:47:59 - [MESSAGE][PASSED] - Object: 'Object Repository/1. Constant/xpath' is clicked on

2022-06-09 20:48:04 - [MESSAGE][PASSED] - Delayed 5 second(s)

2022-06-09 20:48:04 - [TEST_STEP][PASSED] - takeScreenshot(): Taking screenshot successfully

2022-06-09 20:48:05 - [MESSAGE][PASSED] - Taking screenshot successfully
[[ATTACHMENT|D:\\Projet Test Auto\\Mediabox Test Automation\\Reports\\20220609_181011\\03. Parallel Testing (Testing)\\TS -PT PART 3\\14.04 Dreyers Support Action (Ongoing _ Completed ref) - PART 4\\20220609_181106\\1654800484819.png]]

2022-06-09 20:48:05 - [TEST_STEP][PASSED] - I.AWF_approve_byaction(findTestObject("1. Constant/xpath", ["xpath":"//*[@id="source_" + refID22 + ""]/td[13]/a[2]"])): Object: 'Object Repository/HL Full Lifecycle/Function_Appbutton2' is clicked on

2022-06-09 20:48:10 - [MESSAGE][PASSED] - Delayed 5 second(s)

2022-06-09 20:48:14 - [MESSAGE][PASSED] - Object: 'Object Repository/1. Constant/xpath' is clicked on

2022-06-09 20:48:16 - [MESSAGE][PASSED] - Object: 'Object Repository/HL Full Lifecycle/Function_access Viewer2' is hovered

2022-06-09 20:48:19 - [MESSAGE][PASSED] - Delayed 3 second(s)

2022-06-09 20:48:19 - [MESSAGE][PASSED] - Object: 'Object Repository/HL Full Lifecycle/Function_access Viewer2' is clicked on

2022-06-09 20:48:24 - [MESSAGE][PASSED] - Delayed 5 second(s)

2022-06-09 20:48:25 - [MESSAGE][PASSED] - Object: 'Object Repository/HL Full Lifecycle/Function_AppButton' is clicked on

2022-06-09 20:48:30 - [MESSAGE][PASSED] - Delayed 5 second(s)

2022-06-09 20:48:40 - [MESSAGE][PASSED] - Object: 'Object Repository/HL Full Lifecycle/Function_Appbutton2' is clicked on

2022-06-09 20:48:40 - [TEST_STEP][PASSED] - delay(2): Delayed 2 second(s)

2022-06-09 20:48:42 - [MESSAGE][PASSED] - Delayed 2 second(s)

2022-06-09 20:48:42 - [TEST_STEP][PASSED] - Lifecycle_Status6 = getText(findTestObject("1. Constant/xpath", ["xpath":"//*[@id="source_" + refID22 + ""]/td[12]/span[1]"])): Text of object 'Object Repository/1. Constant/xpath' is: 'Complete'

2022-06-09 20:48:44 - [MESSAGE][PASSED] - Text of object 'Object Repository/1. Constant/xpath' is: 'Complete'

2022-06-09 20:48:44 - [TEST_STEP][PASSED] - verifyMatch(Lifecycle_Status6, "Complete", false): Actual text 'Complete' and expected text 'Complete' are matched 

2022-06-09 20:48:44 - [MESSAGE][PASSED] - Actual text 'Complete' and expected text 'Complete' are matched 

2022-06-09 20:48:44 - [TEST_STEP][PASSED] - takeScreenshot(): Taking screenshot successfully

2022-06-09 20:48:46 - [MESSAGE][PASSED] - Taking screenshot successfully
[[ATTACHMENT|D:\\Projet Test Auto\\Mediabox Test Automation\\Reports\\20220609_181011\\03. Parallel Testing (Testing)\\TS -PT PART 3\\14.04 Dreyers Support Action (Ongoing _ Completed ref) - PART 4\\20220609_181106\\1654800525215.png]]

2022-06-09 20:48:46 - [TEST_STEP][PASSED] - closeBrowser(): Browser is closed

2022-06-09 20:49:00 - [MESSAGE][PASSED] - Browser is closed

2022-06-09 20:49:00 - [TEST_STEP][PASSED] - Start listener action : sampleAfterTestCase: null]]></system-out>
         <system-err><![CDATA[]]></system-err>
      </testcase>
      <testcase name="Test Cases/19. Dreyers Support Action (Ongoing ref_completed)/19.23 Dreyers SAS Add Phase group (Ongoing ref) S30 - P23" time="369.995" classname="Test Cases/19. Dreyers Support Action (Ongoing ref_completed)/19.23 Dreyers SAS Add Phase group (Ongoing ref) S30 - P23" status="PASSED">
         <system-out><![CDATA[2022-06-09 20:49:00 - [TEST_CASE][PASSED] - Test Cases/19. Dreyers Support Action (Ongoing ref_completed)/19.23 Dreyers SAS Add Phase group (Ongoing ref) S30 - P23: Test Cases/19. Dreyers Support Action (Ongoing ref_completed)/19.23 Dreyers SAS Add Phase group (Ongoing ref) S30 - P23

2022-06-09 20:49:02 - [TEST_STEP][PASSED] - data_Dreyers = findTestData("Data Files/Username_Password/Dreyer"): null

2022-06-09 20:49:02 - [TEST_STEP][PASSED] - password_suser = data_Dreyers.getValue(2, 1): null

2022-06-09 20:49:03 - [TEST_STEP][PASSED] - password_blemco = data_Dreyers.getValue(2, 2): null

2022-06-09 20:49:03 - [TEST_STEP][PASSED] - password_nturner = data_Dreyers.getValue(2, 6): null

2022-06-09 20:49:03 - [TEST_STEP][PASSED] - data_urlRELAUTO = findTestData("Data Files/URL/URL_relauto"): null

2022-06-09 20:49:03 - [TEST_STEP][PASSED] - Url_Dreyer = data_urlRELAUTO.getValue(2, 4): null

2022-06-09 20:49:03 - [TEST_STEP][PASSED] - Project_No = I.readnotepad("D:\Upoad_File\Projet_ Login\Dreyers\19.1\19.1_Dreyers_ProjectNo.txt"): null

2022-06-09 20:49:03 - [TEST_STEP][PASSED] - refID = I.readnotepad("D:\Upoad_File\Projet_ Login\Dreyers\19.1\19.1_Dreyers_refID.txt"): null

2022-06-09 20:49:03 - [TEST_STEP][PASSED] - openBrowser(Url_Dreyer): Browser is opened with url: 'http://mdb-release.diadeis.lan/MediaboxIndependence/?MBI_datasource=RELTESTAUTO_DREYERS'

2022-06-09 20:49:03 - [MESSAGE][INFO] - Starting 'Chrome (headless)' driver

2022-06-09 20:49:03 - [MESSAGE][INFO] - User set preference: ['args', '[--window-size=1920,1080, --headless]']

2022-06-09 20:49:03 - [MESSAGE][INFO] - Action delay is set to 0 milliseconds

2022-06-09 20:49:33 - [MESSAGE][PASSED] - Browser is opened with url: 'http://mdb-release.diadeis.lan/MediaboxIndependence/?MBI_datasource=RELTESTAUTO_DREYERS'

2022-06-09 20:49:33 - [TEST_STEP][PASSED] - maximizeWindow(): Current window maximized

2022-06-09 20:49:34 - [MESSAGE][PASSED] - Current window maximized

2022-06-09 20:49:34 - [TEST_STEP][PASSED] - I.Login_password("suser", password_suser): Object: 'Object Repository/1. Constant/xpath' is clicked on

2022-06-09 20:49:37 - [MESSAGE][PASSED] - Text 'suser' is set on object 'Object Repository/1. Constant/xpath'

2022-06-09 20:49:38 - [MESSAGE][PASSED] - Delayed 1 second(s)

2022-06-09 20:49:41 - [MESSAGE][PASSED] - Text 'diadeis' is set on object 'Object Repository/1. Constant/xpath'

2022-06-09 20:49:42 - [MESSAGE][PASSED] - Delayed 1 second(s)

2022-06-09 20:49:57 - [MESSAGE][PASSED] - Object: 'Object Repository/1. Constant/xpath' is clicked on

2022-06-09 20:49:57 - [TEST_STEP][PASSED] - click(findTestObject("1. Constant/02_LHSMenu_Projects")): Object: 'Object Repository/1. Constant/02_LHSMenu_Projects' is clicked on

2022-06-09 20:50:02 - [MESSAGE][PASSED] - Object: 'Object Repository/1. Constant/02_LHSMenu_Projects' is clicked on

2022-06-09 20:50:02 - [TEST_STEP][PASSED] - I.SearchProjectNo_xpath(Project_No, "//*[@id="keynum_project"]", "//*[@id="form_filters"]/div[4]/button"): Delayed 5 second(s)

2022-06-09 20:50:03 - [MESSAGE][PASSED] - Delayed 1 second(s)

2022-06-09 20:50:04 - [MESSAGE][PASSED] - Text 'MI000876' is set on object 'Object Repository/1. Constant/xpath'

2022-06-09 20:50:07 - [MESSAGE][PASSED] - Delayed 3 second(s)

2022-06-09 20:50:08 - [MESSAGE][PASSED] - Scroll to object 'Object Repository/1. Constant/xpath' successfully

2022-06-09 20:50:13 - [MESSAGE][PASSED] - Object: 'Object Repository/1. Constant/xpath' is clicked on

2022-06-09 20:50:18 - [MESSAGE][PASSED] - Delayed 5 second(s)

2022-06-09 20:50:18 - [TEST_STEP][PASSED] - takeScreenshot(): Taking screenshot successfully

2022-06-09 20:50:19 - [MESSAGE][PASSED] - Taking screenshot successfully
[[ATTACHMENT|D:\\Projet Test Auto\\Mediabox Test Automation\\Reports\\20220609_181011\\03. Parallel Testing (Testing)\\TS -PT PART 3\\14.04 Dreyers Support Action (Ongoing _ Completed ref) - PART 4\\20220609_181106\\1654800618492.png]]

2022-06-09 20:50:19 - [TEST_STEP][PASSED] - click(findTestObject("1. Constant/xpath", ["xpath":"//*[@id="create_ref_btn"]/button"])): Object: 'Object Repository/1. Constant/xpath' is clicked on

2022-06-09 20:50:19 - [MESSAGE][PASSED] - Object: 'Object Repository/1. Constant/xpath' is clicked on

2022-06-09 20:50:19 - [TEST_STEP][PASSED] - click(findTestObject("1. Constant/xpath", ["xpath":"//*[@id="create_ref_btn"]/div/a"])): Object: 'Object Repository/1. Constant/xpath' is clicked on

2022-06-09 20:50:21 - [MESSAGE][PASSED] - Object: 'Object Repository/1. Constant/xpath' is clicked on

2022-06-09 20:50:21 - [TEST_STEP][PASSED] - delay(1): Delayed 1 second(s)

2022-06-09 20:50:22 - [MESSAGE][PASSED] - Delayed 1 second(s)

2022-06-09 20:50:22 - [TEST_STEP][PASSED] - selectOptionByValue(findTestObject("1. Constant/xpath", ["xpath":"//*[@id="lfc_tpl"]"]), "36", false): All options with value '36' are selected in object 'Object Repository/1. Constant/xpath' 

2022-06-09 20:50:24 - [MESSAGE][PASSED] - All options with value '36' are selected in object 'Object Repository/1. Constant/xpath' 

2022-06-09 20:50:24 - [TEST_STEP][PASSED] - ref_name = "P23_Auto_SAS_S30_" + RandomStringUtils.randomAlphanumeric(5) + I.gettimedate(): null

2022-06-09 20:50:24 - [TEST_STEP][PASSED] - delay(1): Delayed 1 second(s)

2022-06-09 20:50:25 - [MESSAGE][PASSED] - Delayed 1 second(s)

2022-06-09 20:50:25 - [TEST_STEP][PASSED] - setText(findTestObject("1. Constant/xpath", ["xpath":"//*[@id="var_name"]"]), ref_name): Text 'P23_Auto_SAS_S30_t1Y9Ojuin092022_205024' is set on object 'Object Repository/1. Constant/xpath'

2022-06-09 20:50:25 - [MESSAGE][PASSED] - Text 'P23_Auto_SAS_S30_t1Y9Ojuin092022_205024' is set on object 'Object Repository/1. Constant/xpath'

2022-06-09 20:50:25 - [TEST_STEP][PASSED] - takeScreenshot(): Taking screenshot successfully

2022-06-09 20:50:25 - [MESSAGE][PASSED] - Taking screenshot successfully
[[ATTACHMENT|D:\\Projet Test Auto\\Mediabox Test Automation\\Reports\\20220609_181011\\03. Parallel Testing (Testing)\\TS -PT PART 3\\14.04 Dreyers Support Action (Ongoing _ Completed ref) - PART 4\\20220609_181106\\1654800625542.png]]

2022-06-09 20:50:25 - [TEST_STEP][PASSED] - click(findTestObject("1. Constant/xpath", ["xpath":"//*[@id="createRefBottom"]"])): Object: 'Object Repository/1. Constant/xpath' is clicked on

2022-06-09 20:50:29 - [MESSAGE][PASSED] - Object: 'Object Repository/1. Constant/xpath' is clicked on

2022-06-09 20:50:29 - [TEST_STEP][PASSED] - delay(1): Delayed 1 second(s)

2022-06-09 20:50:30 - [MESSAGE][PASSED] - Delayed 1 second(s)

2022-06-09 20:50:30 - [TEST_STEP][PASSED] - takeScreenshot(): Taking screenshot successfully

2022-06-09 20:50:30 - [MESSAGE][PASSED] - Taking screenshot successfully
[[ATTACHMENT|D:\\Projet Test Auto\\Mediabox Test Automation\\Reports\\20220609_181011\\03. Parallel Testing (Testing)\\TS -PT PART 3\\14.04 Dreyers Support Action (Ongoing _ Completed ref) - PART 4\\20220609_181106\\1654800630542.png]]

2022-06-09 20:50:30 - [TEST_STEP][PASSED] - refID23 = I.RefID(): Current window's url is: 'http://mdb-release.diadeis.lan/MediaboxIndependence/Base/ExecAction?IDSession=MBI%21RELTESTAUTO_DREYERS%21K1OFU4QZ46AQKWXZFNJXWPQF6JSV3VBEH0R4DPSD&default_action=ModifierRef&id_project=MI000876&id_ref=5282&action_from=create_ref'

2022-06-09 20:50:35 - [MESSAGE][PASSED] - Delayed 5 second(s)

2022-06-09 20:50:36 - [MESSAGE][PASSED] - Current window's url is: 'http://mdb-release.diadeis.lan/MediaboxIndependence/Base/ExecAction?IDSession=MBI%21RELTESTAUTO_DREYERS%21K1OFU4QZ46AQKWXZFNJXWPQF6JSV3VBEH0R4DPSD&default_action=ModifierRef&id_project=MI000876&id_ref=5282&action_from=create_ref'

2022-06-09 20:50:36 - [TEST_STEP][PASSED] - click(findTestObject("1. Constant/xpath", ["xpath":"//*[@id="type_save"]"])): Object: 'Object Repository/1. Constant/xpath' is clicked on

2022-06-09 20:50:42 - [MESSAGE][PASSED] - Object: 'Object Repository/1. Constant/xpath' is clicked on

2022-06-09 20:50:42 - [TEST_STEP][PASSED] - takeScreenshot(): Taking screenshot successfully

2022-06-09 20:50:45 - [MESSAGE][PASSED] - Taking screenshot successfully
[[ATTACHMENT|D:\\Projet Test Auto\\Mediabox Test Automation\\Reports\\20220609_181011\\03. Parallel Testing (Testing)\\TS -PT PART 3\\14.04 Dreyers Support Action (Ongoing _ Completed ref) - PART 4\\20220609_181106\\1654800644841.png]]

2022-06-09 20:50:45 - [TEST_STEP][PASSED] - delay(1): Delayed 1 second(s)

2022-06-09 20:50:46 - [MESSAGE][PASSED] - Delayed 1 second(s)

2022-06-09 20:50:46 - [TEST_STEP][PASSED] - I.SearchRefNo_xpath("P23_Auto", "//*[@id="fiche_filter_keywords11"]", "//*[@id="form_filters"]/div[3]/button"): Delayed 5 second(s)

2022-06-09 20:50:47 - [MESSAGE][PASSED] - Delayed 1 second(s)

2022-06-09 20:50:48 - [MESSAGE][PASSED] - Text 'P23_Auto' is set on object 'Object Repository/1. Constant/xpath'

2022-06-09 20:50:51 - [MESSAGE][PASSED] - Delayed 3 second(s)

2022-06-09 20:50:52 - [MESSAGE][PASSED] - Scroll to object 'Object Repository/1. Constant/xpath' successfully

2022-06-09 20:50:55 - [MESSAGE][PASSED] - Object: 'Object Repository/1. Constant/xpath' is clicked on

2022-06-09 20:51:00 - [MESSAGE][PASSED] - Delayed 5 second(s)

2022-06-09 20:51:00 - [TEST_STEP][PASSED] - click(findTestObject("1. Constant/xpath", ["xpath":"//*[@id="source_" + refID23 + ""]/td[14]/a[3]"])): Object: 'Object Repository/1. Constant/xpath' is clicked on

2022-06-09 20:51:02 - [MESSAGE][PASSED] - Object: 'Object Repository/1. Constant/xpath' is clicked on

2022-06-09 20:51:02 - [TEST_STEP][PASSED] - click(findTestObject("1. Constant/xpath", ["xpath":"//*[@id="ModifFiche"]/div[1]/div/button[2]"])): Object: 'Object Repository/1. Constant/xpath' is clicked on

2022-06-09 20:51:08 - [MESSAGE][PASSED] - Object: 'Object Repository/1. Constant/xpath' is clicked on

2022-06-09 20:51:08 - [TEST_STEP][PASSED] - takeScreenshot(): Taking screenshot successfully

2022-06-09 20:51:09 - [MESSAGE][PASSED] - Taking screenshot successfully
[[ATTACHMENT|D:\\Projet Test Auto\\Mediabox Test Automation\\Reports\\20220609_181011\\03. Parallel Testing (Testing)\\TS -PT PART 3\\14.04 Dreyers Support Action (Ongoing _ Completed ref) - PART 4\\20220609_181106\\1654800668708.png]]

2022-06-09 20:51:09 - [TEST_STEP][PASSED] - delay(1): Delayed 1 second(s)

2022-06-09 20:51:10 - [MESSAGE][PASSED] - Delayed 1 second(s)

2022-06-09 20:51:10 - [TEST_STEP][PASSED] - click(findTestObject("1. Constant/xpath", ["xpath":"//*[@id="source_" + refID23 + ""]/td[14]/a[3]"])): Object: 'Object Repository/1. Constant/xpath' is clicked on

2022-06-09 20:51:13 - [MESSAGE][PASSED] - Object: 'Object Repository/1. Constant/xpath' is clicked on

2022-06-09 20:51:13 - [TEST_STEP][PASSED] - click(findTestObject("1. Constant/xpath", ["xpath":"//*[@id="ModifFiche"]/div[1]/div/button[2]"])): Object: 'Object Repository/1. Constant/xpath' is clicked on

2022-06-09 20:51:20 - [MESSAGE][PASSED] - Object: 'Object Repository/1. Constant/xpath' is clicked on

2022-06-09 20:51:20 - [TEST_STEP][PASSED] - takeScreenshot(): Taking screenshot successfully

2022-06-09 20:51:20 - [MESSAGE][PASSED] - Taking screenshot successfully
[[ATTACHMENT|D:\\Projet Test Auto\\Mediabox Test Automation\\Reports\\20220609_181011\\03. Parallel Testing (Testing)\\TS -PT PART 3\\14.04 Dreyers Support Action (Ongoing _ Completed ref) - PART 4\\20220609_181106\\1654800680078.png]]

2022-06-09 20:51:20 - [TEST_STEP][PASSED] - delay(1): Delayed 1 second(s)

2022-06-09 20:51:21 - [MESSAGE][PASSED] - Delayed 1 second(s)

2022-06-09 20:51:21 - [TEST_STEP][PASSED] - color1 = getCSSValue(findTestObject("1. Constant/xpath", ["xpath":"//*[@id="source_" + refID23 + ""]/td[14]/a[2]"]), "color", OPTIONAL): Get CSS 'color' value on 'Object Repository/1. Constant/xpath' successfully: 'rgba(255, 255, 255, 1)'.

2022-06-09 20:51:21 - [MESSAGE][PASSED] - Get CSS 'color' value on 'Object Repository/1. Constant/xpath' successfully: 'rgba(255, 255, 255, 1)'.

2022-06-09 20:51:21 - [TEST_STEP][PASSED] - while (color1 == "rgba(255, 255, 255, 1)"): Get CSS 'color' value on 'Object Repository/1. Constant/xpath' successfully: 'rgba(54, 153, 255, 1)'.

2022-06-09 20:51:21 - [TEST_STEP][PASSED] - click(findTestObject("1. Constant/xpath", ["xpath":"//*[@id="source_" + refID23 + ""]/td[14]/a[2]"])): Object: 'Object Repository/1. Constant/xpath' is clicked on

2022-06-09 20:51:23 - [MESSAGE][PASSED] - Object: 'Object Repository/1. Constant/xpath' is clicked on

2022-06-09 20:51:23 - [TEST_STEP][PASSED] - I.UploadDoc_sendkey_Prod(findTestObject("1. Constant/xpath", ["xpath":"//*[@id="kt_body"]/input[2]"]), "D:\Upoad_File\Upload doc\testdata1.pdf", "testdata1"): Delayed 5 second(s)

2022-06-09 20:51:23 - [MESSAGE][PASSED] - Scroll to object 'Object Repository/1. Constant/xpath' successfully

2022-06-09 20:51:28 - [MESSAGE][PASSED] - Delayed 5 second(s)

2022-06-09 20:51:28 - [MESSAGE][PASSED] - File 'D:\Upoad_File\Upload doc\testdata1.pdf' sent to object: 'Object Repository/1. Constant/xpath'

2022-06-09 20:51:33 - [MESSAGE][PASSED] - Delayed 5 second(s)

2022-06-09 20:51:34 - [MESSAGE][PASSED] - Text 'testdata1' is present on page 

2022-06-09 20:51:39 - [MESSAGE][PASSED] - Delayed 5 second(s)

2022-06-09 20:51:44 - [MESSAGE][PASSED] - Delayed 5 second(s)

2022-06-09 20:51:44 - [TEST_STEP][PASSED] - takeScreenshot(): Taking screenshot successfully

2022-06-09 20:51:44 - [MESSAGE][PASSED] - Taking screenshot successfully
[[ATTACHMENT|D:\\Projet Test Auto\\Mediabox Test Automation\\Reports\\20220609_181011\\03. Parallel Testing (Testing)\\TS -PT PART 3\\14.04 Dreyers Support Action (Ongoing _ Completed ref) - PART 4\\20220609_181106\\1654800704168.png]]

2022-06-09 20:51:44 - [TEST_STEP][PASSED] - delay(8): Delayed 8 second(s)

2022-06-09 20:51:52 - [MESSAGE][PASSED] - Delayed 8 second(s)

2022-06-09 20:51:52 - [TEST_STEP][PASSED] - click(findTestObject("HL Full Lifecycle/12 ReferncePage_Button_Updatensenddoc")): Object: 'Object Repository/HL Full Lifecycle/12 ReferncePage_Button_Updatensenddoc' is clicked on

2022-06-09 20:51:57 - [MESSAGE][PASSED] - Object: 'Object Repository/HL Full Lifecycle/12 ReferncePage_Button_Updatensenddoc' is clicked on

2022-06-09 20:51:57 - [TEST_STEP][PASSED] - delay(4): Delayed 4 second(s)

2022-06-09 20:52:01 - [MESSAGE][PASSED] - Delayed 4 second(s)

2022-06-09 20:52:01 - [TEST_STEP][PASSED] - color1 = getCSSValue(findTestObject("1. Constant/xpath", ["xpath":"//*[@id="source_" + refID23 + ""]/td[14]/a[2]"]), "color", OPTIONAL): Get CSS 'color' value on 'Object Repository/1. Constant/xpath' successfully: 'rgba(54, 153, 255, 1)'.

2022-06-09 20:52:01 - [MESSAGE][PASSED] - Get CSS 'color' value on 'Object Repository/1. Constant/xpath' successfully: 'rgba(54, 153, 255, 1)'.

2022-06-09 20:52:01 - [TEST_STEP][PASSED] - takeScreenshot(): Taking screenshot successfully

2022-06-09 20:52:01 - [MESSAGE][PASSED] - Taking screenshot successfully
[[ATTACHMENT|D:\\Projet Test Auto\\Mediabox Test Automation\\Reports\\20220609_181011\\03. Parallel Testing (Testing)\\TS -PT PART 3\\14.04 Dreyers Support Action (Ongoing _ Completed ref) - PART 4\\20220609_181106\\1654800721392.png]]

2022-06-09 20:52:01 - [TEST_STEP][PASSED] - click(findTestObject("1. Constant/xpath", ["xpath":"//*[@id="source_" + refID23 + ""]/td[6]/a"])): Object: 'Object Repository/1. Constant/xpath' is clicked on

2022-06-09 20:52:05 - [MESSAGE][PASSED] - Object: 'Object Repository/1. Constant/xpath' is clicked on

2022-06-09 20:52:05 - [TEST_STEP][PASSED] - takeScreenshot(): Taking screenshot successfully

2022-06-09 20:52:06 - [MESSAGE][PASSED] - Taking screenshot successfully
[[ATTACHMENT|D:\\Projet Test Auto\\Mediabox Test Automation\\Reports\\20220609_181011\\03. Parallel Testing (Testing)\\TS -PT PART 3\\14.04 Dreyers Support Action (Ongoing _ Completed ref) - PART 4\\20220609_181106\\1654800725897.png]]

2022-06-09 20:52:06 - [TEST_STEP][PASSED] - delay(1): Delayed 1 second(s)

2022-06-09 20:52:07 - [MESSAGE][PASSED] - Delayed 1 second(s)

2022-06-09 20:52:07 - [TEST_STEP][PASSED] - I.Approveforothers("/html/body/div[1]/div[2]/div[8]/div[3]/div/div[3]/div[2]/div/div[3]/div/div[2]/div[1]/div/div[2]/div/div[2]/div[2]/div/div/div[1]/img", "/html/body/div[1]/div[2]/div[8]/div[3]/div/div[3]/div[2]/div/div[3]/div/div[2]/div[1]/div/div[2]/div/div[2]/div[2]/div/div/div[6]/a[2]/span"): Object: 'Object Repository/1. Constant/xpath' is clicked on

2022-06-09 20:52:08 - [MESSAGE][PASSED] - Object: 'Object Repository/1. Constant/xpath' is clicked on

2022-06-09 20:52:09 - [MESSAGE][PASSED] - Delayed 1 second(s)

2022-06-09 20:52:09 - [MESSAGE][PASSED] - Object: 'Object Repository/1. Constant/xpath' is clicked on

2022-06-09 20:52:10 - [MESSAGE][PASSED] - Delayed 1 second(s)

2022-06-09 20:52:12 - [MESSAGE][PASSED] - Object: 'Object Repository/1. Constant/xpath' is hovered

2022-06-09 20:52:13 - [MESSAGE][PASSED] - Object: 'Object Repository/1. Constant/xpath' is clicked on

2022-06-09 20:52:14 - [MESSAGE][PASSED] - Delayed 1 second(s)

2022-06-09 20:52:19 - [MESSAGE][PASSED] - Object: 'Object Repository/1. Constant/xpath' is clicked on

2022-06-09 20:52:19 - [TEST_STEP][PASSED] - delay(1): Delayed 1 second(s)

2022-06-09 20:52:20 - [MESSAGE][PASSED] - Delayed 1 second(s)

2022-06-09 20:52:20 - [TEST_STEP][PASSED] - click(findTestObject("1. Constant/xpath", ["xpath":"//*[@id="kt_subheader"]/div/nav/ol/li[2]/a"])): Object: 'Object Repository/1. Constant/xpath' is clicked on

2022-06-09 20:52:23 - [MESSAGE][PASSED] - Object: 'Object Repository/1. Constant/xpath' is clicked on

2022-06-09 20:52:23 - [TEST_STEP][PASSED] - delay(1): Delayed 1 second(s)

2022-06-09 20:52:24 - [MESSAGE][PASSED] - Delayed 1 second(s)

2022-06-09 20:52:24 - [TEST_STEP][PASSED] - I.submitquesiton_ref(findTestObject("1. Constant/xpath", ["xpath":"//*[@id="source_" + refID23 + ""]/td[14]/div[1]/button"]), findTestObject("1. Constant/xpath", ["xpath":"//*[@id="source_" + refID23 + ""]/td[14]/div[1]/div/a[1]"])): Object: 'Object Repository/1. Constant/xpath' is clicked on

2022-06-09 20:52:24 - [MESSAGE][PASSED] - Object: 'Object Repository/1. Constant/xpath' is clicked on

2022-06-09 20:52:27 - [MESSAGE][PASSED] - Delayed 3 second(s)

2022-06-09 20:52:28 - [MESSAGE][PASSED] - Object: 'Object Repository/1. Constant/xpath' is clicked on

2022-06-09 20:52:28 - [TEST_STEP][PASSED] - click(findTestObject("1. Constant/xpath", ["xpath":"//*[@id="ModifFiche"]/div[1]/div/button[2]"])): Object: 'Object Repository/1. Constant/xpath' is clicked on

2022-06-09 20:52:33 - [MESSAGE][PASSED] - Object: 'Object Repository/1. Constant/xpath' is clicked on

2022-06-09 20:52:33 - [TEST_STEP][PASSED] - takeScreenshot(): Taking screenshot successfully

2022-06-09 20:52:34 - [MESSAGE][PASSED] - Taking screenshot successfully
[[ATTACHMENT|D:\\Projet Test Auto\\Mediabox Test Automation\\Reports\\20220609_181011\\03. Parallel Testing (Testing)\\TS -PT PART 3\\14.04 Dreyers Support Action (Ongoing _ Completed ref) - PART 4\\20220609_181106\\1654800753867.png]]

2022-06-09 20:52:34 - [TEST_STEP][PASSED] - I.submitquesiton_ref(findTestObject("1. Constant/xpath", ["xpath":"//*[@id="source_" + refID23 + ""]/td[14]/div[1]/button"]), findTestObject("1. Constant/xpath", ["xpath":"//*[@id="source_" + refID23 + ""]/td[14]/div[1]/div/a[1]"])): Object: 'Object Repository/1. Constant/xpath' is clicked on

2022-06-09 20:52:34 - [MESSAGE][PASSED] - Object: 'Object Repository/1. Constant/xpath' is clicked on

2022-06-09 20:52:37 - [MESSAGE][PASSED] - Delayed 3 second(s)

2022-06-09 20:52:39 - [MESSAGE][PASSED] - Object: 'Object Repository/1. Constant/xpath' is clicked on

2022-06-09 20:52:39 - [TEST_STEP][PASSED] - click(findTestObject("1. Constant/xpath", ["xpath":"//*[@id="ModifFiche"]/div[1]/div/button[2]"])): Object: 'Object Repository/1. Constant/xpath' is clicked on

2022-06-09 20:52:43 - [MESSAGE][PASSED] - Object: 'Object Repository/1. Constant/xpath' is clicked on

2022-06-09 20:52:43 - [TEST_STEP][PASSED] - takeScreenshot(): Taking screenshot successfully

2022-06-09 20:52:43 - [MESSAGE][PASSED] - Taking screenshot successfully
[[ATTACHMENT|D:\\Projet Test Auto\\Mediabox Test Automation\\Reports\\20220609_181011\\03. Parallel Testing (Testing)\\TS -PT PART 3\\14.04 Dreyers Support Action (Ongoing _ Completed ref) - PART 4\\20220609_181106\\1654800763118.png]]

2022-06-09 20:52:43 - [TEST_STEP][PASSED] - click(findTestObject("1. Constant/xpath", ["xpath":"//*[@id="source_" + refID23 + ""]/td[14]/a[3]"])): Object: 'Object Repository/1. Constant/xpath' is clicked on

2022-06-09 20:52:45 - [MESSAGE][PASSED] - Object: 'Object Repository/1. Constant/xpath' is clicked on

2022-06-09 20:52:45 - [TEST_STEP][PASSED] - click(findTestObject("1. Constant/xpath", ["xpath":"//*[@id="ModifFiche"]/div[1]/div/button[2]"])): Object: 'Object Repository/1. Constant/xpath' is clicked on

2022-06-09 20:52:48 - [MESSAGE][PASSED] - Object: 'Object Repository/1. Constant/xpath' is clicked on

2022-06-09 20:52:48 - [TEST_STEP][PASSED] - takeScreenshot(): Taking screenshot successfully

2022-06-09 20:52:49 - [MESSAGE][PASSED] - Taking screenshot successfully
[[ATTACHMENT|D:\\Projet Test Auto\\Mediabox Test Automation\\Reports\\20220609_181011\\03. Parallel Testing (Testing)\\TS -PT PART 3\\14.04 Dreyers Support Action (Ongoing _ Completed ref) - PART 4\\20220609_181106\\1654800768841.png]]

2022-06-09 20:52:49 - [TEST_STEP][PASSED] - click(findTestObject("1. Constant/xpath", ["xpath":"//*[@id="source_" + refID23 + ""]/td[14]/a[3]"])): Object: 'Object Repository/1. Constant/xpath' is clicked on

2022-06-09 20:52:51 - [MESSAGE][PASSED] - Object: 'Object Repository/1. Constant/xpath' is clicked on

2022-06-09 20:52:51 - [TEST_STEP][PASSED] - click(findTestObject("1. Constant/xpath", ["xpath":"//*[@id="ModifFiche"]/div[1]/div/button[2]"])): Object: 'Object Repository/1. Constant/xpath' is clicked on

2022-06-09 20:52:54 - [MESSAGE][PASSED] - Object: 'Object Repository/1. Constant/xpath' is clicked on

2022-06-09 20:52:54 - [TEST_STEP][PASSED] - delay(3): Delayed 3 second(s)

2022-06-09 20:52:57 - [MESSAGE][PASSED] - Delayed 3 second(s)

2022-06-09 20:52:57 - [TEST_STEP][PASSED] - click(findTestObject("1. Constant/xpath", ["xpath":"//*[@id="source_" + refID23 + ""]/td[14]/div[1]/button"])): Object: 'Object Repository/1. Constant/xpath' is clicked on

2022-06-09 20:52:58 - [MESSAGE][PASSED] - Object: 'Object Repository/1. Constant/xpath' is clicked on

2022-06-09 20:52:58 - [TEST_STEP][PASSED] - delay(1): Delayed 1 second(s)

2022-06-09 20:52:59 - [MESSAGE][PASSED] - Delayed 1 second(s)

2022-06-09 20:52:59 - [TEST_STEP][PASSED] - x = 20: null

2022-06-09 20:52:59 - [TEST_STEP][PASSED] - i = 1: null

2022-06-09 20:52:59 - [TEST_STEP][PASSED] - while (i <= x): null

2022-06-09 20:52:59 - [TEST_STEP][PASSED] - Expected_SAS_Selected = "SAS S30: Add Phase Group SA/ Skip to Phase 1.1": null

2022-06-09 20:52:59 - [TEST_STEP][PASSED] - xpath_SAS = "//*[@id="source_" + refID23 + ""]/td[14]/div[1]/div/a[" + i + "]": null

2022-06-09 20:52:59 - [TEST_STEP][PASSED] - Actual_SAS = getText(findTestObject("1. Constant/xpath", ["xpath":xpath_SAS])): Text of object 'Object Repository/1. Constant/xpath' is: 'SAS S21 - Add Step Group C&A / Skip P3.4 [Complete]'

2022-06-09 20:52:59 - [MESSAGE][PASSED] - Text of object 'Object Repository/1. Constant/xpath' is: 'SAS S21 - Add Step Group C&A / Skip P3.4 [Complete]'

2022-06-09 20:52:59 - [TEST_STEP][PASSED] - I.print(i): null

2022-06-09 20:52:59 - [TEST_STEP][PASSED] - if (Actual_SAS.contains(Expected_SAS_Selected)): null

2022-06-09 20:52:59 - [TEST_STEP][PASSED] - i = i + 1: null

2022-06-09 20:52:59 - [TEST_STEP][PASSED] - Expected_SAS_Selected = "SAS S30: Add Phase Group SA/ Skip to Phase 1.1": null

2022-06-09 20:52:59 - [TEST_STEP][PASSED] - xpath_SAS = "//*[@id="source_" + refID23 + ""]/td[14]/div[1]/div/a[" + i + "]": null

2022-06-09 20:52:59 - [TEST_STEP][PASSED] - Actual_SAS = getText(findTestObject("1. Constant/xpath", ["xpath":xpath_SAS])): Text of object 'Object Repository/1. Constant/xpath' is: 'SAS: S6 - Add Steps C'

2022-06-09 20:52:59 - [MESSAGE][PASSED] - Text of object 'Object Repository/1. Constant/xpath' is: 'SAS: S6 - Add Steps C'

2022-06-09 20:52:59 - [TEST_STEP][PASSED] - I.print(i): null

2022-06-09 20:52:59 - [TEST_STEP][PASSED] - if (Actual_SAS.contains(Expected_SAS_Selected)): null

2022-06-09 20:52:59 - [TEST_STEP][PASSED] - i = i + 1: null

2022-06-09 20:52:59 - [TEST_STEP][PASSED] - Expected_SAS_Selected = "SAS S30: Add Phase Group SA/ Skip to Phase 1.1": null

2022-06-09 20:52:59 - [TEST_STEP][PASSED] - xpath_SAS = "//*[@id="source_" + refID23 + ""]/td[14]/div[1]/div/a[" + i + "]": null

2022-06-09 20:52:59 - [TEST_STEP][PASSED] - Actual_SAS = getText(findTestObject("1. Constant/xpath", ["xpath":xpath_SAS])): Text of object 'Object Repository/1. Constant/xpath' is: 'SAS: S14 - Add Step group (SAS Lifecycle - SAS Step C)'

2022-06-09 20:52:59 - [MESSAGE][PASSED] - Text of object 'Object Repository/1. Constant/xpath' is: 'SAS: S14 - Add Step group (SAS Lifecycle - SAS Step C)'

2022-06-09 20:52:59 - [TEST_STEP][PASSED] - I.print(i): null

2022-06-09 20:52:59 - [TEST_STEP][PASSED] - if (Actual_SAS.contains(Expected_SAS_Selected)): null

2022-06-09 20:52:59 - [TEST_STEP][PASSED] - i = i + 1: null

2022-06-09 20:52:59 - [TEST_STEP][PASSED] - Expected_SAS_Selected = "SAS S30: Add Phase Group SA/ Skip to Phase 1.1": null

2022-06-09 20:52:59 - [TEST_STEP][PASSED] - xpath_SAS = "//*[@id="source_" + refID23 + ""]/td[14]/div[1]/div/a[" + i + "]": null

2022-06-09 20:52:59 - [TEST_STEP][PASSED] - Actual_SAS = getText(findTestObject("1. Constant/xpath", ["xpath":xpath_SAS])): Text of object 'Object Repository/1. Constant/xpath' is: 'SAS: S15 - Add Step Group A & C'

2022-06-09 20:52:59 - [MESSAGE][PASSED] - Text of object 'Object Repository/1. Constant/xpath' is: 'SAS: S15 - Add Step Group A & C'

2022-06-09 20:52:59 - [TEST_STEP][PASSED] - I.print(i): null

2022-06-09 20:52:59 - [TEST_STEP][PASSED] - if (Actual_SAS.contains(Expected_SAS_Selected)): null

2022-06-09 20:52:59 - [TEST_STEP][PASSED] - i = i + 1: null

2022-06-09 20:52:59 - [TEST_STEP][PASSED] - Expected_SAS_Selected = "SAS S30: Add Phase Group SA/ Skip to Phase 1.1": null

2022-06-09 20:52:59 - [TEST_STEP][PASSED] - xpath_SAS = "//*[@id="source_" + refID23 + ""]/td[14]/div[1]/div/a[" + i + "]": null

2022-06-09 20:52:59 - [TEST_STEP][PASSED] - Actual_SAS = getText(findTestObject("1. Constant/xpath", ["xpath":xpath_SAS])): Text of object 'Object Repository/1. Constant/xpath' is: 'SAS S18: Add Step C / Skip Phase 3.5 [Complete]'

2022-06-09 20:52:59 - [MESSAGE][PASSED] - Text of object 'Object Repository/1. Constant/xpath' is: 'SAS S18: Add Step C / Skip Phase 3.5 [Complete]'

2022-06-09 20:52:59 - [TEST_STEP][PASSED] - I.print(i): null

2022-06-09 20:52:59 - [TEST_STEP][PASSED] - if (Actual_SAS.contains(Expected_SAS_Selected)): null

2022-06-09 20:52:59 - [TEST_STEP][PASSED] - i = i + 1: null

2022-06-09 20:52:59 - [TEST_STEP][PASSED] - Expected_SAS_Selected = "SAS S30: Add Phase Group SA/ Skip to Phase 1.1": null

2022-06-09 20:52:59 - [TEST_STEP][PASSED] - xpath_SAS = "//*[@id="source_" + refID23 + ""]/td[14]/div[1]/div/a[" + i + "]": null

2022-06-09 20:52:59 - [TEST_STEP][PASSED] - Actual_SAS = getText(findTestObject("1. Constant/xpath", ["xpath":xpath_SAS])): Text of object 'Object Repository/1. Constant/xpath' is: 'SAS S19: Add Step Group A/ Skip Phase 1.2 [Complete]'

2022-06-09 20:53:00 - [MESSAGE][PASSED] - Text of object 'Object Repository/1. Constant/xpath' is: 'SAS S19: Add Step Group A/ Skip Phase 1.2 [Complete]'

2022-06-09 20:53:00 - [TEST_STEP][PASSED] - I.print(i): null

2022-06-09 20:53:00 - [TEST_STEP][PASSED] - if (Actual_SAS.contains(Expected_SAS_Selected)): null

2022-06-09 20:53:00 - [TEST_STEP][PASSED] - i = i + 1: null

2022-06-09 20:53:00 - [TEST_STEP][PASSED] - Expected_SAS_Selected = "SAS S30: Add Phase Group SA/ Skip to Phase 1.1": null

2022-06-09 20:53:00 - [TEST_STEP][PASSED] - xpath_SAS = "//*[@id="source_" + refID23 + ""]/td[14]/div[1]/div/a[" + i + "]": null

2022-06-09 20:53:00 - [TEST_STEP][PASSED] - Actual_SAS = getText(findTestObject("1. Constant/xpath", ["xpath":xpath_SAS])): Text of object 'Object Repository/1. Constant/xpath' is: 'SAS S20: Add Step Group AC/ Skip Phase 1.2 [Complete]'

2022-06-09 20:53:00 - [MESSAGE][PASSED] - Text of object 'Object Repository/1. Constant/xpath' is: 'SAS S20: Add Step Group AC/ Skip Phase 1.2 [Complete]'

2022-06-09 20:53:00 - [TEST_STEP][PASSED] - I.print(i): null

2022-06-09 20:53:00 - [TEST_STEP][PASSED] - if (Actual_SAS.contains(Expected_SAS_Selected)): null

2022-06-09 20:53:00 - [TEST_STEP][PASSED] - i = i + 1: null

2022-06-09 20:53:00 - [TEST_STEP][PASSED] - Expected_SAS_Selected = "SAS S30: Add Phase Group SA/ Skip to Phase 1.1": null

2022-06-09 20:53:00 - [TEST_STEP][PASSED] - xpath_SAS = "//*[@id="source_" + refID23 + ""]/td[14]/div[1]/div/a[" + i + "]": null

2022-06-09 20:53:00 - [TEST_STEP][PASSED] - Actual_SAS = getText(findTestObject("1. Constant/xpath", ["xpath":xpath_SAS])): Text of object 'Object Repository/1. Constant/xpath' is: 'SAS S30: Add Phase Group SA/ Skip to Phase 1.1'

2022-06-09 20:53:00 - [MESSAGE][PASSED] - Text of object 'Object Repository/1. Constant/xpath' is: 'SAS S30: Add Phase Group SA/ Skip to Phase 1.1'

2022-06-09 20:53:00 - [TEST_STEP][PASSED] - I.print(i): null

2022-06-09 20:53:00 - [TEST_STEP][PASSED] - if (Actual_SAS.contains(Expected_SAS_Selected)): null

2022-06-09 20:53:00 - [TEST_STEP][PASSED] - click(findTestObject("1. Constant/xpath", ["xpath":xpath_SAS])): Object: 'Object Repository/1. Constant/xpath' is clicked on

2022-06-09 20:53:00 - [MESSAGE][PASSED] - Object: 'Object Repository/1. Constant/xpath' is clicked on

2022-06-09 20:53:00 - [TEST_STEP][PASSED] - break: null

2022-06-09 20:53:00 - [TEST_STEP][PASSED] - takeScreenshot(): Taking screenshot successfully

2022-06-09 20:53:00 - [MESSAGE][PASSED] - Taking screenshot successfully
[[ATTACHMENT|D:\\Projet Test Auto\\Mediabox Test Automation\\Reports\\20220609_181011\\03. Parallel Testing (Testing)\\TS -PT PART 3\\14.04 Dreyers Support Action (Ongoing _ Completed ref) - PART 4\\20220609_181106\\1654800780531.png]]

2022-06-09 20:53:00 - [TEST_STEP][PASSED] - delay(1): Delayed 1 second(s)

2022-06-09 20:53:01 - [MESSAGE][PASSED] - Delayed 1 second(s)

2022-06-09 20:53:01 - [TEST_STEP][PASSED] - takeScreenshot(): Taking screenshot successfully

2022-06-09 20:53:02 - [MESSAGE][PASSED] - Taking screenshot successfully
[[ATTACHMENT|D:\\Projet Test Auto\\Mediabox Test Automation\\Reports\\20220609_181011\\03. Parallel Testing (Testing)\\TS -PT PART 3\\14.04 Dreyers Support Action (Ongoing _ Completed ref) - PART 4\\20220609_181106\\1654800781873.png]]

2022-06-09 20:53:02 - [TEST_STEP][PASSED] - click(findTestObject("1. Constant/xpath", ["xpath":"//*[@id="confirmSupportActionShortcut"]"])): Object: 'Object Repository/1. Constant/xpath' is clicked on

2022-06-09 20:53:04 - [MESSAGE][PASSED] - Object: 'Object Repository/1. Constant/xpath' is clicked on

2022-06-09 20:53:04 - [TEST_STEP][PASSED] - takeScreenshot(): Taking screenshot successfully

2022-06-09 20:53:05 - [MESSAGE][PASSED] - Taking screenshot successfully
[[ATTACHMENT|D:\\Projet Test Auto\\Mediabox Test Automation\\Reports\\20220609_181011\\03. Parallel Testing (Testing)\\TS -PT PART 3\\14.04 Dreyers Support Action (Ongoing _ Completed ref) - PART 4\\20220609_181106\\1654800784711.png]]

2022-06-09 20:53:05 - [TEST_STEP][PASSED] - click(findTestObject("1. Constant/xpath", ["xpath":"//*[@id="kt_content"]/div[3]/div/ul/li[3]/a"])): Object: 'Object Repository/1. Constant/xpath' is clicked on

2022-06-09 20:53:06 - [MESSAGE][PASSED] - Object: 'Object Repository/1. Constant/xpath' is clicked on

2022-06-09 20:53:06 - [TEST_STEP][PASSED] - takeScreenshot(): Taking screenshot successfully

2022-06-09 20:53:07 - [MESSAGE][PASSED] - Taking screenshot successfully
[[ATTACHMENT|D:\\Projet Test Auto\\Mediabox Test Automation\\Reports\\20220609_181011\\03. Parallel Testing (Testing)\\TS -PT PART 3\\14.04 Dreyers Support Action (Ongoing _ Completed ref) - PART 4\\20220609_181106\\1654800786902.png]]

2022-06-09 20:53:07 - [TEST_STEP][PASSED] - StepA_1 = getAttribute(findTestObject("1. Constant/xpath", ["xpath":"/html/body/div[1]/div[2]/div[8]/div[3]/div/div[3]/div[3]/div/ul/li[4]/a"]), "class"): Attribute 'class' of object 'Object Repository/1. Constant/xpath' is: 'nav-link timeline-badge badge-xl  bg-pending active'

2022-06-09 20:53:08 - [MESSAGE][PASSED] - Attribute 'class' of object 'Object Repository/1. Constant/xpath' is: 'nav-link timeline-badge badge-xl  bg-pending active'

2022-06-09 20:53:08 - [TEST_STEP][PASSED] - verifyMatch(StepA_1, "nav-link timeline-badge badge-xl  bg-pending active", false): Actual text 'nav-link timeline-badge badge-xl  bg-pending active' and expected text 'nav-link timeline-badge badge-xl  bg-pending active' are matched 

2022-06-09 20:53:08 - [MESSAGE][PASSED] - Actual text 'nav-link timeline-badge badge-xl  bg-pending active' and expected text 'nav-link timeline-badge badge-xl  bg-pending active' are matched 

2022-06-09 20:53:08 - [TEST_STEP][PASSED] - StepA_11 = I.Get_Stepname("/html/body/div[1]/div[2]/div[8]/div[3]/div/div[3]/div[3]/div/ul/li[4]/a"): Attribute 'href' of object 'Object Repository/1. Constant/xpath' is: 'http://mdb-release.diadeis.lan/MediaboxIndependence/Base/ExecAction?action=VoirRef&IDSession=MBI!RELTESTAUTO_DREYERS!K1OFU4QZ46AQKWXZFNJXWPQF6JSV3VBEH0R4DPSD&num=BXLECNV5I1&id_ref=5282#tab_lifecycle_SASStepA_12215'

2022-06-09 20:53:13 - [MESSAGE][PASSED] - Delayed 5 second(s)

2022-06-09 20:53:13 - [MESSAGE][PASSED] - Attribute 'href' of object 'Object Repository/1. Constant/xpath' is: 'http://mdb-release.diadeis.lan/MediaboxIndependence/Base/ExecAction?action=VoirRef&IDSession=MBI!RELTESTAUTO_DREYERS!K1OFU4QZ46AQKWXZFNJXWPQF6JSV3VBEH0R4DPSD&num=BXLECNV5I1&id_ref=5282#tab_lifecycle_SASStepA_12215'

2022-06-09 20:53:13 - [TEST_STEP][PASSED] - verifyMatch(StepA_11, "SASStepA", false): Actual text 'SASStepA' and expected text 'SASStepA' are matched 

2022-06-09 20:53:13 - [MESSAGE][PASSED] - Actual text 'SASStepA' and expected text 'SASStepA' are matched 

2022-06-09 20:53:13 - [TEST_STEP][PASSED] - delay(2): Delayed 2 second(s)

2022-06-09 20:53:15 - [MESSAGE][PASSED] - Delayed 2 second(s)

2022-06-09 20:53:15 - [TEST_STEP][PASSED] - StepA_4 = getText(findTestObject("1. Constant/xpath", ["xpath":"/html/body/div[1]/div[2]/div[8]/div[3]/div/div[3]/div[3]/div/div/div[4]/div/div[1]/div/div[1]/div[1]/h3"])): Text of object 'Object Repository/1. Constant/xpath' is: 'Phase 1.1 [Standard]'

2022-06-09 20:53:16 - [MESSAGE][PASSED] - Text of object 'Object Repository/1. Constant/xpath' is: 'Phase 1.1 [Standard]'

2022-06-09 20:53:16 - [TEST_STEP][PASSED] - verifyMatch(StepA_4, "Phase 1.1 [Standard]", false): Actual text 'Phase 1.1 [Standard]' and expected text 'Phase 1.1 [Standard]' are matched 

2022-06-09 20:53:16 - [MESSAGE][PASSED] - Actual text 'Phase 1.1 [Standard]' and expected text 'Phase 1.1 [Standard]' are matched 

2022-06-09 20:53:16 - [TEST_STEP][PASSED] - Started_StepAP1_1 = getText(findTestObject("1. Constant/xpath", ["xpath":"/html/body/div[1]/div[2]/div[8]/div[3]/div/div[3]/div[3]/div/div/div[4]/div/div[1]/div/div[2]/div[1]"])): Text of object 'Object Repository/1. Constant/xpath' is: 'Started 06/09/22 02:53 PM'

2022-06-09 20:53:16 - [MESSAGE][PASSED] - Text of object 'Object Repository/1. Constant/xpath' is: 'Started 06/09/22 02:53 PM'

2022-06-09 20:53:16 - [TEST_STEP][PASSED] - if (Started_StepAP1_1.contains("Started")): Actual object '1' and expected object '1' are equal

2022-06-09 20:53:16 - [TEST_STEP][PASSED] - verifyEqual(1, 1): Actual object '1' and expected object '1' are equal

2022-06-09 20:53:16 - [MESSAGE][PASSED] - Actual object '1' and expected object '1' are equal

2022-06-09 20:53:16 - [TEST_STEP][PASSED] - verifyElementNotPresent(findTestObject("1. Constant/xpath", ["xpath":"/html/body/div[1]/div[2]/div[8]/div[3]/div/div[3]/div[3]/div/ul/li[5]/a"]), 10): Web element with id: 'Object Repository/1. Constant/xpath' located by 'By.xpath: /html/body/div[1]/div[2]/div[8]/div[3]/div/div[3]/div[3]/div/ul/li[5]/a' is not present after '10' second(s)

2022-06-09 20:53:16 - [MESSAGE][PASSED] - Web element with id: 'Object Repository/1. Constant/xpath' located by 'By.xpath: /html/body/div[1]/div[2]/div[8]/div[3]/div/div[3]/div[3]/div/ul/li[5]/a' is not present after '10' second(s)

2022-06-09 20:53:16 - [TEST_STEP][PASSED] - click(findTestObject("1. Constant/xpath", ["xpath":"/html/body/div[1]/div[2]/div[8]/div[2]/div/nav/ol/li[2]/a"])): Object: 'Object Repository/1. Constant/xpath' is clicked on

2022-06-09 20:53:18 - [MESSAGE][PASSED] - Object: 'Object Repository/1. Constant/xpath' is clicked on

2022-06-09 20:53:18 - [TEST_STEP][PASSED] - Lifecycle_Status1 = getText(findTestObject("1. Constant/xpath", ["xpath":"//*[@id="source_" + refID23 + ""]/td[11]/span[1]"])): Text of object 'Object Repository/1. Constant/xpath' is: 'Phase 1.1 [Standard]'

2022-06-09 20:53:19 - [MESSAGE][PASSED] - Text of object 'Object Repository/1. Constant/xpath' is: 'Phase 1.1 [Standard]'

2022-06-09 20:53:19 - [TEST_STEP][PASSED] - verifyMatch(Lifecycle_Status1, "Phase 1.1 [Standard]", false): Actual text 'Phase 1.1 [Standard]' and expected text 'Phase 1.1 [Standard]' are matched 

2022-06-09 20:53:19 - [MESSAGE][PASSED] - Actual text 'Phase 1.1 [Standard]' and expected text 'Phase 1.1 [Standard]' are matched 

2022-06-09 20:53:19 - [TEST_STEP][PASSED] - I.Logout(): Delayed 3 second(s)

2022-06-09 20:53:22 - [MESSAGE][PASSED] - Delayed 3 second(s)

2022-06-09 20:53:23 - [MESSAGE][PASSED] - Object: 'Object Repository/1. Constant/xpath' is clicked on

2022-06-09 20:53:26 - [MESSAGE][PASSED] - Delayed 3 second(s)

2022-06-09 20:53:28 - [MESSAGE][PASSED] - Object: 'Object Repository/1. Constant/xpath' is clicked on

2022-06-09 20:53:31 - [MESSAGE][PASSED] - Delayed 3 second(s)

2022-06-09 20:53:31 - [TEST_STEP][PASSED] - I.Login_password("blemco", password_blemco): Object: 'Object Repository/1. Constant/xpath' is clicked on

2022-06-09 20:53:32 - [MESSAGE][PASSED] - Text 'blemco' is set on object 'Object Repository/1. Constant/xpath'

2022-06-09 20:53:33 - [MESSAGE][PASSED] - Delayed 1 second(s)

2022-06-09 20:53:33 - [MESSAGE][PASSED] - Text 'diadeis1' is set on object 'Object Repository/1. Constant/xpath'

2022-06-09 20:53:34 - [MESSAGE][PASSED] - Delayed 1 second(s)

2022-06-09 20:53:39 - [MESSAGE][PASSED] - Object: 'Object Repository/1. Constant/xpath' is clicked on

2022-06-09 20:53:39 - [TEST_STEP][PASSED] - click(findTestObject("1. Constant/02_LHSMenu_Projects")): Object: 'Object Repository/1. Constant/02_LHSMenu_Projects' is clicked on

2022-06-09 20:53:42 - [MESSAGE][PASSED] - Object: 'Object Repository/1. Constant/02_LHSMenu_Projects' is clicked on

2022-06-09 20:53:42 - [TEST_STEP][PASSED] - I.SearchProjectNo_xpath(Project_No, "//*[@id="keynum_project"]", "//*[@id="form_filters"]/div[4]/button"): Delayed 5 second(s)

2022-06-09 20:53:43 - [MESSAGE][PASSED] - Delayed 1 second(s)

2022-06-09 20:53:44 - [MESSAGE][PASSED] - Text 'MI000876' is set on object 'Object Repository/1. Constant/xpath'

2022-06-09 20:53:47 - [MESSAGE][PASSED] - Delayed 3 second(s)

2022-06-09 20:53:47 - [MESSAGE][PASSED] - Scroll to object 'Object Repository/1. Constant/xpath' successfully

2022-06-09 20:53:51 - [MESSAGE][PASSED] - Object: 'Object Repository/1. Constant/xpath' is clicked on

2022-06-09 20:53:56 - [MESSAGE][PASSED] - Delayed 5 second(s)

2022-06-09 20:53:56 - [TEST_STEP][PASSED] - I.SearchRefNo_xpath("P23_Auto", "//*[@id="fiche_filter_keywords11"]", "//*[@id="form_filters"]/div[3]/button"): Delayed 5 second(s)

2022-06-09 20:53:57 - [MESSAGE][PASSED] - Delayed 1 second(s)

2022-06-09 20:53:58 - [MESSAGE][PASSED] - Text 'P23_Auto' is set on object 'Object Repository/1. Constant/xpath'

2022-06-09 20:54:01 - [MESSAGE][PASSED] - Delayed 3 second(s)

2022-06-09 20:54:02 - [MESSAGE][PASSED] - Scroll to object 'Object Repository/1. Constant/xpath' successfully

2022-06-09 20:54:04 - [MESSAGE][PASSED] - Object: 'Object Repository/1. Constant/xpath' is clicked on

2022-06-09 20:54:09 - [MESSAGE][PASSED] - Delayed 5 second(s)

2022-06-09 20:54:09 - [TEST_STEP][PASSED] - takeScreenshot(): Taking screenshot successfully

2022-06-09 20:54:09 - [MESSAGE][PASSED] - Taking screenshot successfully
[[ATTACHMENT|D:\\Projet Test Auto\\Mediabox Test Automation\\Reports\\20220609_181011\\03. Parallel Testing (Testing)\\TS -PT PART 3\\14.04 Dreyers Support Action (Ongoing _ Completed ref) - PART 4\\20220609_181106\\1654800849475.png]]

2022-06-09 20:54:09 - [TEST_STEP][PASSED] - click(findTestObject("1. Constant/xpath", ["xpath":"//*[@id="source_" + refID23 + ""]/td[13]/a[3]"])): Object: 'Object Repository/1. Constant/xpath' is clicked on

2022-06-09 20:54:11 - [MESSAGE][PASSED] - Object: 'Object Repository/1. Constant/xpath' is clicked on

2022-06-09 20:54:11 - [TEST_STEP][PASSED] - click(findTestObject("1. Constant/xpath", ["xpath":"//*[@id="ModifFiche"]/div[1]/div/button[2]"])): Object: 'Object Repository/1. Constant/xpath' is clicked on

2022-06-09 20:54:14 - [MESSAGE][PASSED] - Object: 'Object Repository/1. Constant/xpath' is clicked on

2022-06-09 20:54:14 - [TEST_STEP][PASSED] - Lifecycle_Status3 = getText(findTestObject("1. Constant/xpath", ["xpath":"//*[@id="source_" + refID23 + ""]/td[12]/span[1]"])): Text of object 'Object Repository/1. Constant/xpath' is: 'Phase 1.2 [Standard Phase]'

2022-06-09 20:54:14 - [MESSAGE][PASSED] - Text of object 'Object Repository/1. Constant/xpath' is: 'Phase 1.2 [Standard Phase]'

2022-06-09 20:54:14 - [TEST_STEP][PASSED] - verifyMatch(Lifecycle_Status3, "Phase 1.2 [Standard Phase]", false): Actual text 'Phase 1.2 [Standard Phase]' and expected text 'Phase 1.2 [Standard Phase]' are matched 

2022-06-09 20:54:14 - [MESSAGE][PASSED] - Actual text 'Phase 1.2 [Standard Phase]' and expected text 'Phase 1.2 [Standard Phase]' are matched 

2022-06-09 20:54:14 - [TEST_STEP][PASSED] - I.Logout(): Delayed 3 second(s)

2022-06-09 20:54:17 - [MESSAGE][PASSED] - Delayed 3 second(s)

2022-06-09 20:54:18 - [MESSAGE][PASSED] - Object: 'Object Repository/1. Constant/xpath' is clicked on

2022-06-09 20:54:21 - [MESSAGE][PASSED] - Delayed 3 second(s)

2022-06-09 20:54:22 - [MESSAGE][PASSED] - Object: 'Object Repository/1. Constant/xpath' is clicked on

2022-06-09 20:54:25 - [MESSAGE][PASSED] - Delayed 3 second(s)

2022-06-09 20:54:25 - [TEST_STEP][PASSED] - I.Login_password("nturner", password_nturner): Object: 'Object Repository/1. Constant/xpath' is clicked on

2022-06-09 20:54:25 - [MESSAGE][PASSED] - Text 'nturner' is set on object 'Object Repository/1. Constant/xpath'

2022-06-09 20:54:26 - [MESSAGE][PASSED] - Delayed 1 second(s)

2022-06-09 20:54:27 - [MESSAGE][PASSED] - Text 'diadeis1' is set on object 'Object Repository/1. Constant/xpath'

2022-06-09 20:54:28 - [MESSAGE][PASSED] - Delayed 1 second(s)

2022-06-09 20:54:33 - [MESSAGE][PASSED] - Object: 'Object Repository/1. Constant/xpath' is clicked on

2022-06-09 20:54:33 - [TEST_STEP][PASSED] - click(findTestObject("1. Constant/02_LHSMenu_Projects")): Object: 'Object Repository/1. Constant/02_LHSMenu_Projects' is clicked on

2022-06-09 20:54:35 - [MESSAGE][PASSED] - Object: 'Object Repository/1. Constant/02_LHSMenu_Projects' is clicked on

2022-06-09 20:54:35 - [TEST_STEP][PASSED] - I.SearchProjectNo_xpath(Project_No, "//*[@id="keynum_project"]", "//*[@id="form_filters"]/div[4]/button"): Delayed 5 second(s)

2022-06-09 20:54:36 - [MESSAGE][PASSED] - Delayed 1 second(s)

2022-06-09 20:54:39 - [MESSAGE][PASSED] - Text 'MI000876' is set on object 'Object Repository/1. Constant/xpath'

2022-06-09 20:54:42 - [MESSAGE][PASSED] - Delayed 3 second(s)

2022-06-09 20:54:42 - [MESSAGE][PASSED] - Scroll to object 'Object Repository/1. Constant/xpath' successfully

2022-06-09 20:54:45 - [MESSAGE][PASSED] - Object: 'Object Repository/1. Constant/xpath' is clicked on

2022-06-09 20:54:50 - [MESSAGE][PASSED] - Delayed 5 second(s)

2022-06-09 20:54:50 - [TEST_STEP][PASSED] - takeScreenshot(): Taking screenshot successfully

2022-06-09 20:54:51 - [MESSAGE][PASSED] - Taking screenshot successfully
[[ATTACHMENT|D:\\Projet Test Auto\\Mediabox Test Automation\\Reports\\20220609_181011\\03. Parallel Testing (Testing)\\TS -PT PART 3\\14.04 Dreyers Support Action (Ongoing _ Completed ref) - PART 4\\20220609_181106\\1654800891098.png]]

2022-06-09 20:54:51 - [TEST_STEP][PASSED] - I.SearchRefNo_xpath("P23_Auto", "//*[@id="fiche_filter_keywords11"]", "//*[@id="form_filters"]/div[3]/button"): Delayed 5 second(s)

2022-06-09 20:54:52 - [MESSAGE][PASSED] - Delayed 1 second(s)

2022-06-09 20:54:52 - [MESSAGE][PASSED] - Text 'P23_Auto' is set on object 'Object Repository/1. Constant/xpath'

2022-06-09 20:54:55 - [MESSAGE][PASSED] - Delayed 3 second(s)

2022-06-09 20:54:55 - [MESSAGE][PASSED] - Scroll to object 'Object Repository/1. Constant/xpath' successfully

2022-06-09 20:54:57 - [MESSAGE][PASSED] - Object: 'Object Repository/1. Constant/xpath' is clicked on

2022-06-09 20:55:02 - [MESSAGE][PASSED] - Delayed 5 second(s)

2022-06-09 20:55:02 - [TEST_STEP][PASSED] - delay(1): Delayed 1 second(s)

2022-06-09 20:55:03 - [MESSAGE][PASSED] - Delayed 1 second(s)

2022-06-09 20:55:03 - [TEST_STEP][PASSED] - takeScreenshot(): Taking screenshot successfully

2022-06-09 20:55:05 - [MESSAGE][PASSED] - Taking screenshot successfully
[[ATTACHMENT|D:\\Projet Test Auto\\Mediabox Test Automation\\Reports\\20220609_181011\\03. Parallel Testing (Testing)\\TS -PT PART 3\\14.04 Dreyers Support Action (Ongoing _ Completed ref) - PART 4\\20220609_181106\\1654800904687.png]]

2022-06-09 20:55:05 - [TEST_STEP][PASSED] - click(findTestObject("1. Constant/xpath", ["xpath":"//*[@id="source_" + refID23 + ""]/td[13]/a[2]"])): Object: 'Object Repository/1. Constant/xpath' is clicked on

2022-06-09 20:55:06 - [MESSAGE][PASSED] - Object: 'Object Repository/1. Constant/xpath' is clicked on

2022-06-09 20:55:06 - [TEST_STEP][PASSED] - click(findTestObject("1. Constant/xpath", ["xpath":"//*[@id="ModifFiche"]/div[1]/div/button[2]"])): Object: 'Object Repository/1. Constant/xpath' is clicked on

2022-06-09 20:55:09 - [MESSAGE][PASSED] - Object: 'Object Repository/1. Constant/xpath' is clicked on

2022-06-09 20:55:09 - [TEST_STEP][PASSED] - Lifecycle_Status11 = getText(findTestObject("1. Constant/xpath", ["xpath":"//*[@id="source_" + refID23 + ""]/td[12]/span[1]"])): Text of object 'Object Repository/1. Constant/xpath' is: 'Complete'

2022-06-09 20:55:09 - [MESSAGE][PASSED] - Text of object 'Object Repository/1. Constant/xpath' is: 'Complete'

2022-06-09 20:55:09 - [TEST_STEP][PASSED] - verifyMatch(Lifecycle_Status11, "Complete", false): Actual text 'Complete' and expected text 'Complete' are matched 

2022-06-09 20:55:09 - [MESSAGE][PASSED] - Actual text 'Complete' and expected text 'Complete' are matched 

2022-06-09 20:55:09 - [TEST_STEP][PASSED] - closeBrowser(): Browser is closed

2022-06-09 20:55:10 - [MESSAGE][PASSED] - Browser is closed

2022-06-09 20:55:10 - [TEST_STEP][PASSED] - Start listener action : sampleAfterTestCase: null]]></system-out>
         <system-err><![CDATA[]]></system-err>
      </testcase>
      <testcase name="Test Cases/19. Dreyers Support Action (Ongoing ref_completed)/19.24 Dreyers SAS Add Phase group (Ongoing ref) S31 - P24" time="312.667" classname="Test Cases/19. Dreyers Support Action (Ongoing ref_completed)/19.24 Dreyers SAS Add Phase group (Ongoing ref) S31 - P24" status="PASSED">
         <system-out><![CDATA[2022-06-09 20:55:10 - [TEST_CASE][PASSED] - Test Cases/19. Dreyers Support Action (Ongoing ref_completed)/19.24 Dreyers SAS Add Phase group (Ongoing ref) S31 - P24: Test Cases/19. Dreyers Support Action (Ongoing ref_completed)/19.24 Dreyers SAS Add Phase group (Ongoing ref) S31 - P24

2022-06-09 20:55:11 - [TEST_STEP][PASSED] - data_Dreyers = findTestData("Data Files/Username_Password/Dreyer"): null

2022-06-09 20:55:11 - [TEST_STEP][PASSED] - password_suser = data_Dreyers.getValue(2, 1): null

2022-06-09 20:55:11 - [TEST_STEP][PASSED] - password_blemco = data_Dreyers.getValue(2, 2): null

2022-06-09 20:55:11 - [TEST_STEP][PASSED] - password_nturner = data_Dreyers.getValue(2, 6): null

2022-06-09 20:55:11 - [TEST_STEP][PASSED] - data_urlRELAUTO = findTestData("Data Files/URL/URL_relauto"): null

2022-06-09 20:55:11 - [TEST_STEP][PASSED] - Url_Dreyer = data_urlRELAUTO.getValue(2, 4): null

2022-06-09 20:55:11 - [TEST_STEP][PASSED] - Project_No = I.readnotepad("D:\Upoad_File\Projet_ Login\Dreyers\19.1\19.1_Dreyers_ProjectNo.txt"): null

2022-06-09 20:55:11 - [TEST_STEP][PASSED] - refID = I.readnotepad("D:\Upoad_File\Projet_ Login\Dreyers\19.1\19.1_Dreyers_refID.txt"): null

2022-06-09 20:55:11 - [TEST_STEP][PASSED] - openBrowser(Url_Dreyer): Browser is opened with url: 'http://mdb-release.diadeis.lan/MediaboxIndependence/?MBI_datasource=RELTESTAUTO_DREYERS'

2022-06-09 20:55:11 - [MESSAGE][INFO] - Starting 'Chrome (headless)' driver

2022-06-09 20:55:11 - [MESSAGE][INFO] - User set preference: ['args', '[--window-size=1920,1080, --headless]']

2022-06-09 20:55:11 - [MESSAGE][INFO] - Action delay is set to 0 milliseconds

2022-06-09 20:55:18 - [MESSAGE][PASSED] - Browser is opened with url: 'http://mdb-release.diadeis.lan/MediaboxIndependence/?MBI_datasource=RELTESTAUTO_DREYERS'

2022-06-09 20:55:18 - [TEST_STEP][PASSED] - maximizeWindow(): Current window maximized

2022-06-09 20:55:18 - [MESSAGE][PASSED] - Current window maximized

2022-06-09 20:55:18 - [TEST_STEP][PASSED] - I.Login_password("suser", password_suser): Object: 'Object Repository/1. Constant/xpath' is clicked on

2022-06-09 20:55:19 - [MESSAGE][PASSED] - Text 'suser' is set on object 'Object Repository/1. Constant/xpath'

2022-06-09 20:55:20 - [MESSAGE][PASSED] - Delayed 1 second(s)

2022-06-09 20:55:20 - [MESSAGE][PASSED] - Text 'diadeis' is set on object 'Object Repository/1. Constant/xpath'

2022-06-09 20:55:21 - [MESSAGE][PASSED] - Delayed 1 second(s)

2022-06-09 20:55:29 - [MESSAGE][PASSED] - Object: 'Object Repository/1. Constant/xpath' is clicked on

2022-06-09 20:55:29 - [TEST_STEP][PASSED] - click(findTestObject("1. Constant/02_LHSMenu_Projects")): Object: 'Object Repository/1. Constant/02_LHSMenu_Projects' is clicked on

2022-06-09 20:55:32 - [MESSAGE][PASSED] - Object: 'Object Repository/1. Constant/02_LHSMenu_Projects' is clicked on

2022-06-09 20:55:32 - [TEST_STEP][PASSED] - I.SearchProjectNo_xpath(Project_No, "//*[@id="keynum_project"]", "//*[@id="form_filters"]/div[4]/button"): Delayed 5 second(s)

2022-06-09 20:55:33 - [MESSAGE][PASSED] - Delayed 1 second(s)

2022-06-09 20:55:34 - [MESSAGE][PASSED] - Text 'MI000876' is set on object 'Object Repository/1. Constant/xpath'

2022-06-09 20:55:37 - [MESSAGE][PASSED] - Delayed 3 second(s)

2022-06-09 20:55:37 - [MESSAGE][PASSED] - Scroll to object 'Object Repository/1. Constant/xpath' successfully

2022-06-09 20:55:41 - [MESSAGE][PASSED] - Object: 'Object Repository/1. Constant/xpath' is clicked on

2022-06-09 20:55:46 - [MESSAGE][PASSED] - Delayed 5 second(s)

2022-06-09 20:55:46 - [TEST_STEP][PASSED] - takeScreenshot(): Taking screenshot successfully

2022-06-09 20:55:46 - [MESSAGE][PASSED] - Taking screenshot successfully
[[ATTACHMENT|D:\\Projet Test Auto\\Mediabox Test Automation\\Reports\\20220609_181011\\03. Parallel Testing (Testing)\\TS -PT PART 3\\14.04 Dreyers Support Action (Ongoing _ Completed ref) - PART 4\\20220609_181106\\1654800946376.png]]

2022-06-09 20:55:46 - [TEST_STEP][PASSED] - click(findTestObject("1. Constant/xpath", ["xpath":"//*[@id="create_ref_btn"]/button"])): Object: 'Object Repository/1. Constant/xpath' is clicked on

2022-06-09 20:55:47 - [MESSAGE][PASSED] - Object: 'Object Repository/1. Constant/xpath' is clicked on

2022-06-09 20:55:47 - [TEST_STEP][PASSED] - click(findTestObject("1. Constant/xpath", ["xpath":"//*[@id="create_ref_btn"]/div/a"])): Object: 'Object Repository/1. Constant/xpath' is clicked on

2022-06-09 20:55:51 - [MESSAGE][PASSED] - Object: 'Object Repository/1. Constant/xpath' is clicked on

2022-06-09 20:55:51 - [TEST_STEP][PASSED] - delay(1): Delayed 1 second(s)

2022-06-09 20:55:52 - [MESSAGE][PASSED] - Delayed 1 second(s)

2022-06-09 20:55:52 - [TEST_STEP][PASSED] - selectOptionByValue(findTestObject("1. Constant/xpath", ["xpath":"//*[@id="lfc_tpl"]"]), "36", false): All options with value '36' are selected in object 'Object Repository/1. Constant/xpath' 

2022-06-09 20:55:53 - [MESSAGE][PASSED] - All options with value '36' are selected in object 'Object Repository/1. Constant/xpath' 

2022-06-09 20:55:53 - [TEST_STEP][PASSED] - ref_name = "P24_Auto_SAS_S31_" + RandomStringUtils.randomAlphanumeric(5) + I.gettimedate(): null

2022-06-09 20:55:53 - [TEST_STEP][PASSED] - delay(1): Delayed 1 second(s)

2022-06-09 20:55:54 - [MESSAGE][PASSED] - Delayed 1 second(s)

2022-06-09 20:55:54 - [TEST_STEP][PASSED] - setText(findTestObject("1. Constant/xpath", ["xpath":"//*[@id="var_name"]"]), ref_name): Text 'P24_Auto_SAS_S31_vvmL5juin092022_205553' is set on object 'Object Repository/1. Constant/xpath'

2022-06-09 20:55:54 - [MESSAGE][PASSED] - Text 'P24_Auto_SAS_S31_vvmL5juin092022_205553' is set on object 'Object Repository/1. Constant/xpath'

2022-06-09 20:55:54 - [TEST_STEP][PASSED] - takeScreenshot(): Taking screenshot successfully

2022-06-09 20:55:55 - [MESSAGE][PASSED] - Taking screenshot successfully
[[ATTACHMENT|D:\\Projet Test Auto\\Mediabox Test Automation\\Reports\\20220609_181011\\03. Parallel Testing (Testing)\\TS -PT PART 3\\14.04 Dreyers Support Action (Ongoing _ Completed ref) - PART 4\\20220609_181106\\1654800954790.png]]

2022-06-09 20:55:55 - [TEST_STEP][PASSED] - click(findTestObject("1. Constant/xpath", ["xpath":"//*[@id="createRefBottom"]"])): Object: 'Object Repository/1. Constant/xpath' is clicked on

2022-06-09 20:55:58 - [MESSAGE][PASSED] - Object: 'Object Repository/1. Constant/xpath' is clicked on

2022-06-09 20:55:58 - [TEST_STEP][PASSED] - delay(1): Delayed 1 second(s)

2022-06-09 20:55:59 - [MESSAGE][PASSED] - Delayed 1 second(s)

2022-06-09 20:55:59 - [TEST_STEP][PASSED] - takeScreenshot(): Taking screenshot successfully

2022-06-09 20:55:59 - [MESSAGE][PASSED] - Taking screenshot successfully
[[ATTACHMENT|D:\\Projet Test Auto\\Mediabox Test Automation\\Reports\\20220609_181011\\03. Parallel Testing (Testing)\\TS -PT PART 3\\14.04 Dreyers Support Action (Ongoing _ Completed ref) - PART 4\\20220609_181106\\1654800959277.png]]

2022-06-09 20:55:59 - [TEST_STEP][PASSED] - refID24 = I.RefID(): Current window's url is: 'http://mdb-release.diadeis.lan/MediaboxIndependence/Base/ExecAction?IDSession=MBI%21RELTESTAUTO_DREYERS%21WMJX7TWTL41F8P92JFQUQDHHSOWPUE51M8RE3MIQ&default_action=ModifierRef&id_project=MI000876&id_ref=5284&action_from=create_ref'

2022-06-09 20:56:04 - [MESSAGE][PASSED] - Delayed 5 second(s)

2022-06-09 20:56:04 - [MESSAGE][PASSED] - Current window's url is: 'http://mdb-release.diadeis.lan/MediaboxIndependence/Base/ExecAction?IDSession=MBI%21RELTESTAUTO_DREYERS%21WMJX7TWTL41F8P92JFQUQDHHSOWPUE51M8RE3MIQ&default_action=ModifierRef&id_project=MI000876&id_ref=5284&action_from=create_ref'

2022-06-09 20:56:04 - [TEST_STEP][PASSED] - click(findTestObject("1. Constant/xpath", ["xpath":"//*[@id="type_save"]"])): Object: 'Object Repository/1. Constant/xpath' is clicked on

2022-06-09 20:56:09 - [MESSAGE][PASSED] - Object: 'Object Repository/1. Constant/xpath' is clicked on

2022-06-09 20:56:09 - [TEST_STEP][PASSED] - takeScreenshot(): Taking screenshot successfully

2022-06-09 20:56:10 - [MESSAGE][PASSED] - Taking screenshot successfully
[[ATTACHMENT|D:\\Projet Test Auto\\Mediabox Test Automation\\Reports\\20220609_181011\\03. Parallel Testing (Testing)\\TS -PT PART 3\\14.04 Dreyers Support Action (Ongoing _ Completed ref) - PART 4\\20220609_181106\\1654800969414.png]]

2022-06-09 20:56:10 - [TEST_STEP][PASSED] - delay(1): Delayed 1 second(s)

2022-06-09 20:56:11 - [MESSAGE][PASSED] - Delayed 1 second(s)

2022-06-09 20:56:11 - [TEST_STEP][PASSED] - I.SearchRefNo_xpath("P24_Auto", "//*[@id="fiche_filter_keywords11"]", "//*[@id="form_filters"]/div[3]/button"): Delayed 5 second(s)

2022-06-09 20:56:12 - [MESSAGE][PASSED] - Delayed 1 second(s)

2022-06-09 20:56:13 - [MESSAGE][PASSED] - Text 'P24_Auto' is set on object 'Object Repository/1. Constant/xpath'

2022-06-09 20:56:16 - [MESSAGE][PASSED] - Delayed 3 second(s)

2022-06-09 20:56:16 - [MESSAGE][PASSED] - Scroll to object 'Object Repository/1. Constant/xpath' successfully

2022-06-09 20:56:20 - [MESSAGE][PASSED] - Object: 'Object Repository/1. Constant/xpath' is clicked on

2022-06-09 20:56:25 - [MESSAGE][PASSED] - Delayed 5 second(s)

2022-06-09 20:56:25 - [TEST_STEP][PASSED] - click(findTestObject("1. Constant/xpath", ["xpath":"//*[@id="source_" + refID24 + ""]/td[14]/a[3]"])): Object: 'Object Repository/1. Constant/xpath' is clicked on

2022-06-09 20:56:29 - [MESSAGE][PASSED] - Object: 'Object Repository/1. Constant/xpath' is clicked on

2022-06-09 20:56:29 - [TEST_STEP][PASSED] - click(findTestObject("1. Constant/xpath", ["xpath":"//*[@id="ModifFiche"]/div[1]/div/button[2]"])): Object: 'Object Repository/1. Constant/xpath' is clicked on

2022-06-09 20:56:33 - [MESSAGE][PASSED] - Object: 'Object Repository/1. Constant/xpath' is clicked on

2022-06-09 20:56:33 - [TEST_STEP][PASSED] - takeScreenshot(): Taking screenshot successfully

2022-06-09 20:56:34 - [MESSAGE][PASSED] - Taking screenshot successfully
[[ATTACHMENT|D:\\Projet Test Auto\\Mediabox Test Automation\\Reports\\20220609_181011\\03. Parallel Testing (Testing)\\TS -PT PART 3\\14.04 Dreyers Support Action (Ongoing _ Completed ref) - PART 4\\20220609_181106\\1654800993845.png]]

2022-06-09 20:56:34 - [TEST_STEP][PASSED] - delay(1): Delayed 1 second(s)

2022-06-09 20:56:35 - [MESSAGE][PASSED] - Delayed 1 second(s)

2022-06-09 20:56:35 - [TEST_STEP][PASSED] - click(findTestObject("1. Constant/xpath", ["xpath":"//*[@id="source_" + refID24 + ""]/td[14]/a[3]"])): Object: 'Object Repository/1. Constant/xpath' is clicked on

2022-06-09 20:56:37 - [MESSAGE][PASSED] - Object: 'Object Repository/1. Constant/xpath' is clicked on

2022-06-09 20:56:37 - [TEST_STEP][PASSED] - click(findTestObject("1. Constant/xpath", ["xpath":"//*[@id="ModifFiche"]/div[1]/div/button[2]"])): Object: 'Object Repository/1. Constant/xpath' is clicked on

2022-06-09 20:56:42 - [MESSAGE][PASSED] - Object: 'Object Repository/1. Constant/xpath' is clicked on

2022-06-09 20:56:42 - [TEST_STEP][PASSED] - takeScreenshot(): Taking screenshot successfully

2022-06-09 20:56:43 - [MESSAGE][PASSED] - Taking screenshot successfully
[[ATTACHMENT|D:\\Projet Test Auto\\Mediabox Test Automation\\Reports\\20220609_181011\\03. Parallel Testing (Testing)\\TS -PT PART 3\\14.04 Dreyers Support Action (Ongoing _ Completed ref) - PART 4\\20220609_181106\\1654801002822.png]]

2022-06-09 20:56:43 - [TEST_STEP][PASSED] - delay(1): Delayed 1 second(s)

2022-06-09 20:56:44 - [MESSAGE][PASSED] - Delayed 1 second(s)

2022-06-09 20:56:44 - [TEST_STEP][PASSED] - color1 = getCSSValue(findTestObject("1. Constant/xpath", ["xpath":"//*[@id="source_" + refID24 + ""]/td[14]/a[2]"]), "color", OPTIONAL): Get CSS 'color' value on 'Object Repository/1. Constant/xpath' successfully: 'rgba(255, 255, 255, 1)'.

2022-06-09 20:56:44 - [MESSAGE][PASSED] - Get CSS 'color' value on 'Object Repository/1. Constant/xpath' successfully: 'rgba(255, 255, 255, 1)'.

2022-06-09 20:56:44 - [TEST_STEP][PASSED] - while (color1 == "rgba(255, 255, 255, 1)"): Get CSS 'color' value on 'Object Repository/1. Constant/xpath' successfully: 'rgba(54, 153, 255, 1)'.

2022-06-09 20:56:44 - [TEST_STEP][PASSED] - click(findTestObject("1. Constant/xpath", ["xpath":"//*[@id="source_" + refID24 + ""]/td[14]/a[2]"])): Object: 'Object Repository/1. Constant/xpath' is clicked on

2022-06-09 20:56:45 - [MESSAGE][PASSED] - Object: 'Object Repository/1. Constant/xpath' is clicked on

2022-06-09 20:56:45 - [TEST_STEP][PASSED] - I.UploadDoc_sendkey_Prod(findTestObject("1. Constant/xpath", ["xpath":"//*[@id="kt_body"]/input[2]"]), "D:\Upoad_File\Upload doc\testdata1.pdf", "testdata1"): Delayed 5 second(s)

2022-06-09 20:56:45 - [MESSAGE][PASSED] - Scroll to object 'Object Repository/1. Constant/xpath' successfully

2022-06-09 20:56:50 - [MESSAGE][PASSED] - Delayed 5 second(s)

2022-06-09 20:56:51 - [MESSAGE][PASSED] - File 'D:\Upoad_File\Upload doc\testdata1.pdf' sent to object: 'Object Repository/1. Constant/xpath'

2022-06-09 20:56:56 - [MESSAGE][PASSED] - Delayed 5 second(s)

2022-06-09 20:56:57 - [MESSAGE][PASSED] - Text 'testdata1' is present on page 

2022-06-09 20:57:02 - [MESSAGE][PASSED] - Delayed 5 second(s)

2022-06-09 20:57:07 - [MESSAGE][PASSED] - Delayed 5 second(s)

2022-06-09 20:57:07 - [TEST_STEP][PASSED] - takeScreenshot(): Taking screenshot successfully

2022-06-09 20:57:07 - [MESSAGE][PASSED] - Taking screenshot successfully
[[ATTACHMENT|D:\\Projet Test Auto\\Mediabox Test Automation\\Reports\\20220609_181011\\03. Parallel Testing (Testing)\\TS -PT PART 3\\14.04 Dreyers Support Action (Ongoing _ Completed ref) - PART 4\\20220609_181106\\1654801027468.png]]

2022-06-09 20:57:07 - [TEST_STEP][PASSED] - delay(10): Delayed 10 second(s)

2022-06-09 20:57:17 - [MESSAGE][PASSED] - Delayed 10 second(s)

2022-06-09 20:57:17 - [TEST_STEP][PASSED] - click(findTestObject("HL Full Lifecycle/12 ReferncePage_Button_Updatensenddoc")): Object: 'Object Repository/HL Full Lifecycle/12 ReferncePage_Button_Updatensenddoc' is clicked on

2022-06-09 20:57:22 - [MESSAGE][PASSED] - Object: 'Object Repository/HL Full Lifecycle/12 ReferncePage_Button_Updatensenddoc' is clicked on

2022-06-09 20:57:22 - [TEST_STEP][PASSED] - delay(5): Delayed 5 second(s)

2022-06-09 20:57:27 - [MESSAGE][PASSED] - Delayed 5 second(s)

2022-06-09 20:57:27 - [TEST_STEP][PASSED] - color1 = getCSSValue(findTestObject("1. Constant/xpath", ["xpath":"//*[@id="source_" + refID24 + ""]/td[14]/a[2]"]), "color", OPTIONAL): Get CSS 'color' value on 'Object Repository/1. Constant/xpath' successfully: 'rgba(54, 153, 255, 1)'.

2022-06-09 20:57:28 - [MESSAGE][PASSED] - Get CSS 'color' value on 'Object Repository/1. Constant/xpath' successfully: 'rgba(54, 153, 255, 1)'.

2022-06-09 20:57:28 - [TEST_STEP][PASSED] - takeScreenshot(): Taking screenshot successfully

2022-06-09 20:57:28 - [MESSAGE][PASSED] - Taking screenshot successfully
[[ATTACHMENT|D:\\Projet Test Auto\\Mediabox Test Automation\\Reports\\20220609_181011\\03. Parallel Testing (Testing)\\TS -PT PART 3\\14.04 Dreyers Support Action (Ongoing _ Completed ref) - PART 4\\20220609_181106\\1654801048422.png]]

2022-06-09 20:57:28 - [TEST_STEP][PASSED] - click(findTestObject("1. Constant/xpath", ["xpath":"//*[@id="source_" + refID24 + ""]/td[6]/a"])): Object: 'Object Repository/1. Constant/xpath' is clicked on

2022-06-09 20:57:33 - [MESSAGE][PASSED] - Object: 'Object Repository/1. Constant/xpath' is clicked on

2022-06-09 20:57:33 - [TEST_STEP][PASSED] - takeScreenshot(): Taking screenshot successfully

2022-06-09 20:57:33 - [MESSAGE][PASSED] - Taking screenshot successfully
[[ATTACHMENT|D:\\Projet Test Auto\\Mediabox Test Automation\\Reports\\20220609_181011\\03. Parallel Testing (Testing)\\TS -PT PART 3\\14.04 Dreyers Support Action (Ongoing _ Completed ref) - PART 4\\20220609_181106\\1654801053289.png]]

2022-06-09 20:57:33 - [TEST_STEP][PASSED] - delay(1): Delayed 1 second(s)

2022-06-09 20:57:34 - [MESSAGE][PASSED] - Delayed 1 second(s)

2022-06-09 20:57:34 - [TEST_STEP][PASSED] - I.Approveforothers("/html/body/div[1]/div[2]/div[8]/div[3]/div/div[3]/div[2]/div/div[3]/div/div[2]/div[1]/div/div[2]/div/div[2]/div[2]/div/div/div[1]/img", "/html/body/div[1]/div[2]/div[8]/div[3]/div/div[3]/div[2]/div/div[3]/div/div[2]/div[1]/div/div[2]/div/div[2]/div[2]/div/div/div[6]/a[2]/span"): Object: 'Object Repository/1. Constant/xpath' is clicked on

2022-06-09 20:57:36 - [MESSAGE][PASSED] - Object: 'Object Repository/1. Constant/xpath' is clicked on

2022-06-09 20:57:37 - [MESSAGE][PASSED] - Delayed 1 second(s)

2022-06-09 20:57:37 - [MESSAGE][PASSED] - Object: 'Object Repository/1. Constant/xpath' is clicked on

2022-06-09 20:57:38 - [MESSAGE][PASSED] - Delayed 1 second(s)

2022-06-09 20:57:39 - [MESSAGE][PASSED] - Object: 'Object Repository/1. Constant/xpath' is hovered

2022-06-09 20:57:39 - [MESSAGE][PASSED] - Object: 'Object Repository/1. Constant/xpath' is clicked on

2022-06-09 20:57:40 - [MESSAGE][PASSED] - Delayed 1 second(s)

2022-06-09 20:57:44 - [MESSAGE][PASSED] - Object: 'Object Repository/1. Constant/xpath' is clicked on

2022-06-09 20:57:44 - [TEST_STEP][PASSED] - delay(1): Delayed 1 second(s)

2022-06-09 20:57:45 - [MESSAGE][PASSED] - Delayed 1 second(s)

2022-06-09 20:57:45 - [TEST_STEP][PASSED] - click(findTestObject("1. Constant/xpath", ["xpath":"//*[@id="kt_subheader"]/div/nav/ol/li[2]/a"])): Object: 'Object Repository/1. Constant/xpath' is clicked on

2022-06-09 20:57:47 - [MESSAGE][PASSED] - Object: 'Object Repository/1. Constant/xpath' is clicked on

2022-06-09 20:57:47 - [TEST_STEP][PASSED] - delay(1): Delayed 1 second(s)

2022-06-09 20:57:48 - [MESSAGE][PASSED] - Delayed 1 second(s)

2022-06-09 20:57:48 - [TEST_STEP][PASSED] - I.submitquesiton_ref(findTestObject("1. Constant/xpath", ["xpath":"//*[@id="source_" + refID24 + ""]/td[14]/div[1]/button"]), findTestObject("1. Constant/xpath", ["xpath":"//*[@id="source_" + refID24 + ""]/td[14]/div[1]/div/a[1]"])): Object: 'Object Repository/1. Constant/xpath' is clicked on

2022-06-09 20:57:49 - [MESSAGE][PASSED] - Object: 'Object Repository/1. Constant/xpath' is clicked on

2022-06-09 20:57:52 - [MESSAGE][PASSED] - Delayed 3 second(s)

2022-06-09 20:57:53 - [MESSAGE][PASSED] - Object: 'Object Repository/1. Constant/xpath' is clicked on

2022-06-09 20:57:53 - [TEST_STEP][PASSED] - click(findTestObject("1. Constant/xpath", ["xpath":"//*[@id="ModifFiche"]/div[1]/div/button[2]"])): Object: 'Object Repository/1. Constant/xpath' is clicked on

2022-06-09 20:57:57 - [MESSAGE][PASSED] - Object: 'Object Repository/1. Constant/xpath' is clicked on

2022-06-09 20:57:57 - [TEST_STEP][PASSED] - takeScreenshot(): Taking screenshot successfully

2022-06-09 20:57:57 - [MESSAGE][PASSED] - Taking screenshot successfully
[[ATTACHMENT|D:\\Projet Test Auto\\Mediabox Test Automation\\Reports\\20220609_181011\\03. Parallel Testing (Testing)\\TS -PT PART 3\\14.04 Dreyers Support Action (Ongoing _ Completed ref) - PART 4\\20220609_181106\\1654801077391.png]]

2022-06-09 20:57:57 - [TEST_STEP][PASSED] - I.submitquesiton_ref(findTestObject("1. Constant/xpath", ["xpath":"//*[@id="source_" + refID24 + ""]/td[14]/div[1]/button"]), findTestObject("1. Constant/xpath", ["xpath":"//*[@id="source_" + refID24 + ""]/td[14]/div[1]/div/a[1]"])): Object: 'Object Repository/1. Constant/xpath' is clicked on

2022-06-09 20:57:59 - [MESSAGE][PASSED] - Object: 'Object Repository/1. Constant/xpath' is clicked on

2022-06-09 20:58:02 - [MESSAGE][PASSED] - Delayed 3 second(s)

2022-06-09 20:58:03 - [MESSAGE][PASSED] - Object: 'Object Repository/1. Constant/xpath' is clicked on

2022-06-09 20:58:03 - [TEST_STEP][PASSED] - click(findTestObject("1. Constant/xpath", ["xpath":"//*[@id="ModifFiche"]/div[1]/div/button[2]"])): Object: 'Object Repository/1. Constant/xpath' is clicked on

2022-06-09 20:58:07 - [MESSAGE][PASSED] - Object: 'Object Repository/1. Constant/xpath' is clicked on

2022-06-09 20:58:07 - [TEST_STEP][PASSED] - takeScreenshot(): Taking screenshot successfully

2022-06-09 20:58:07 - [MESSAGE][PASSED] - Taking screenshot successfully
[[ATTACHMENT|D:\\Projet Test Auto\\Mediabox Test Automation\\Reports\\20220609_181011\\03. Parallel Testing (Testing)\\TS -PT PART 3\\14.04 Dreyers Support Action (Ongoing _ Completed ref) - PART 4\\20220609_181106\\1654801087358.png]]

2022-06-09 20:58:07 - [TEST_STEP][PASSED] - click(findTestObject("1. Constant/xpath", ["xpath":"//*[@id="source_" + refID24 + ""]/td[14]/a[3]"])): Object: 'Object Repository/1. Constant/xpath' is clicked on

2022-06-09 20:58:09 - [MESSAGE][PASSED] - Object: 'Object Repository/1. Constant/xpath' is clicked on

2022-06-09 20:58:09 - [TEST_STEP][PASSED] - click(findTestObject("1. Constant/xpath", ["xpath":"//*[@id="ModifFiche"]/div[1]/div/button[2]"])): Object: 'Object Repository/1. Constant/xpath' is clicked on

2022-06-09 20:58:12 - [MESSAGE][PASSED] - Object: 'Object Repository/1. Constant/xpath' is clicked on

2022-06-09 20:58:12 - [TEST_STEP][PASSED] - takeScreenshot(): Taking screenshot successfully

2022-06-09 20:58:12 - [MESSAGE][PASSED] - Taking screenshot successfully
[[ATTACHMENT|D:\\Projet Test Auto\\Mediabox Test Automation\\Reports\\20220609_181011\\03. Parallel Testing (Testing)\\TS -PT PART 3\\14.04 Dreyers Support Action (Ongoing _ Completed ref) - PART 4\\20220609_181106\\1654801092437.png]]

2022-06-09 20:58:12 - [TEST_STEP][PASSED] - click(findTestObject("1. Constant/xpath", ["xpath":"//*[@id="source_" + refID24 + ""]/td[14]/div[1]/button"])): Object: 'Object Repository/1. Constant/xpath' is clicked on

2022-06-09 20:58:13 - [MESSAGE][PASSED] - Object: 'Object Repository/1. Constant/xpath' is clicked on

2022-06-09 20:58:13 - [TEST_STEP][PASSED] - delay(1): Delayed 1 second(s)

2022-06-09 20:58:14 - [MESSAGE][PASSED] - Delayed 1 second(s)

2022-06-09 20:58:14 - [TEST_STEP][PASSED] - x = 20: null

2022-06-09 20:58:14 - [TEST_STEP][PASSED] - i = 1: null

2022-06-09 20:58:14 - [TEST_STEP][PASSED] - while (i <= x): null

2022-06-09 20:58:14 - [TEST_STEP][PASSED] - Expected_SAS_Selected = "SAS S31: Skip Phase 3.5/Add Phase Group SA/ Skip to Phase 1.1": null

2022-06-09 20:58:14 - [TEST_STEP][PASSED] - xpath_SAS = "//*[@id="source_" + refID24 + ""]/td[14]/div[1]/div/a[" + i + "]": null

2022-06-09 20:58:14 - [TEST_STEP][PASSED] - Actual_SAS = getText(findTestObject("1. Constant/xpath", ["xpath":xpath_SAS])): Text of object 'Object Repository/1. Constant/xpath' is: 'SAS: S6 - Add Steps C'

2022-06-09 20:58:15 - [MESSAGE][PASSED] - Text of object 'Object Repository/1. Constant/xpath' is: 'SAS: S6 - Add Steps C'

2022-06-09 20:58:15 - [TEST_STEP][PASSED] - I.print(i): null

2022-06-09 20:58:15 - [TEST_STEP][PASSED] - if (Actual_SAS.contains(Expected_SAS_Selected)): null

2022-06-09 20:58:15 - [TEST_STEP][PASSED] - i = i + 1: null

2022-06-09 20:58:15 - [TEST_STEP][PASSED] - Expected_SAS_Selected = "SAS S31: Skip Phase 3.5/Add Phase Group SA/ Skip to Phase 1.1": null

2022-06-09 20:58:15 - [TEST_STEP][PASSED] - xpath_SAS = "//*[@id="source_" + refID24 + ""]/td[14]/div[1]/div/a[" + i + "]": null

2022-06-09 20:58:15 - [TEST_STEP][PASSED] - Actual_SAS = getText(findTestObject("1. Constant/xpath", ["xpath":xpath_SAS])): Text of object 'Object Repository/1. Constant/xpath' is: 'SAS S14 - Add Step group (SAS Lifecycle - SAS Step C)'

2022-06-09 20:58:15 - [MESSAGE][PASSED] - Text of object 'Object Repository/1. Constant/xpath' is: 'SAS S14 - Add Step group (SAS Lifecycle - SAS Step C)'

2022-06-09 20:58:15 - [TEST_STEP][PASSED] - I.print(i): null

2022-06-09 20:58:15 - [TEST_STEP][PASSED] - if (Actual_SAS.contains(Expected_SAS_Selected)): null

2022-06-09 20:58:15 - [TEST_STEP][PASSED] - i = i + 1: null

2022-06-09 20:58:15 - [TEST_STEP][PASSED] - Expected_SAS_Selected = "SAS S31: Skip Phase 3.5/Add Phase Group SA/ Skip to Phase 1.1": null

2022-06-09 20:58:15 - [TEST_STEP][PASSED] - xpath_SAS = "//*[@id="source_" + refID24 + ""]/td[14]/div[1]/div/a[" + i + "]": null

2022-06-09 20:58:15 - [TEST_STEP][PASSED] - Actual_SAS = getText(findTestObject("1. Constant/xpath", ["xpath":xpath_SAS])): Text of object 'Object Repository/1. Constant/xpath' is: 'SAS: S15 - Add Step Group A & C'

2022-06-09 20:58:15 - [MESSAGE][PASSED] - Text of object 'Object Repository/1. Constant/xpath' is: 'SAS: S15 - Add Step Group A & C'

2022-06-09 20:58:15 - [TEST_STEP][PASSED] - I.print(i): null

2022-06-09 20:58:15 - [TEST_STEP][PASSED] - if (Actual_SAS.contains(Expected_SAS_Selected)): null

2022-06-09 20:58:15 - [TEST_STEP][PASSED] - i = i + 1: null

2022-06-09 20:58:15 - [TEST_STEP][PASSED] - Expected_SAS_Selected = "SAS S31: Skip Phase 3.5/Add Phase Group SA/ Skip to Phase 1.1": null

2022-06-09 20:58:15 - [TEST_STEP][PASSED] - xpath_SAS = "//*[@id="source_" + refID24 + ""]/td[14]/div[1]/div/a[" + i + "]": null

2022-06-09 20:58:15 - [TEST_STEP][PASSED] - Actual_SAS = getText(findTestObject("1. Constant/xpath", ["xpath":xpath_SAS])): Text of object 'Object Repository/1. Constant/xpath' is: 'SAS S27: Add PG Step C/ Skip P3.1'

2022-06-09 20:58:15 - [MESSAGE][PASSED] - Text of object 'Object Repository/1. Constant/xpath' is: 'SAS S27: Add PG Step C/ Skip P3.1'

2022-06-09 20:58:15 - [TEST_STEP][PASSED] - I.print(i): null

2022-06-09 20:58:15 - [TEST_STEP][PASSED] - if (Actual_SAS.contains(Expected_SAS_Selected)): null

2022-06-09 20:58:15 - [TEST_STEP][PASSED] - i = i + 1: null

2022-06-09 20:58:15 - [TEST_STEP][PASSED] - Expected_SAS_Selected = "SAS S31: Skip Phase 3.5/Add Phase Group SA/ Skip to Phase 1.1": null

2022-06-09 20:58:15 - [TEST_STEP][PASSED] - xpath_SAS = "//*[@id="source_" + refID24 + ""]/td[14]/div[1]/div/a[" + i + "]": null

2022-06-09 20:58:15 - [TEST_STEP][PASSED] - Actual_SAS = getText(findTestObject("1. Constant/xpath", ["xpath":xpath_SAS])): Text of object 'Object Repository/1. Constant/xpath' is: 'SAS S28: Skip P3.4/Add PG Step C/ Skip P3.1'

2022-06-09 20:58:15 - [MESSAGE][PASSED] - Text of object 'Object Repository/1. Constant/xpath' is: 'SAS S28: Skip P3.4/Add PG Step C/ Skip P3.1'

2022-06-09 20:58:15 - [TEST_STEP][PASSED] - I.print(i): null

2022-06-09 20:58:15 - [TEST_STEP][PASSED] - if (Actual_SAS.contains(Expected_SAS_Selected)): null

2022-06-09 20:58:15 - [TEST_STEP][PASSED] - i = i + 1: null

2022-06-09 20:58:15 - [TEST_STEP][PASSED] - Expected_SAS_Selected = "SAS S31: Skip Phase 3.5/Add Phase Group SA/ Skip to Phase 1.1": null

2022-06-09 20:58:15 - [TEST_STEP][PASSED] - xpath_SAS = "//*[@id="source_" + refID24 + ""]/td[14]/div[1]/div/a[" + i + "]": null

2022-06-09 20:58:15 - [TEST_STEP][PASSED] - Actual_SAS = getText(findTestObject("1. Constant/xpath", ["xpath":xpath_SAS])): Text of object 'Object Repository/1. Constant/xpath' is: 'SAS S29: Add Step C / Skip P3.1'

2022-06-09 20:58:16 - [MESSAGE][PASSED] - Text of object 'Object Repository/1. Constant/xpath' is: 'SAS S29: Add Step C / Skip P3.1'

2022-06-09 20:58:16 - [TEST_STEP][PASSED] - I.print(i): null

2022-06-09 20:58:16 - [TEST_STEP][PASSED] - if (Actual_SAS.contains(Expected_SAS_Selected)): null

2022-06-09 20:58:16 - [TEST_STEP][PASSED] - i = i + 1: null

2022-06-09 20:58:16 - [TEST_STEP][PASSED] - Expected_SAS_Selected = "SAS S31: Skip Phase 3.5/Add Phase Group SA/ Skip to Phase 1.1": null

2022-06-09 20:58:16 - [TEST_STEP][PASSED] - xpath_SAS = "//*[@id="source_" + refID24 + ""]/td[14]/div[1]/div/a[" + i + "]": null

2022-06-09 20:58:16 - [TEST_STEP][PASSED] - Actual_SAS = getText(findTestObject("1. Constant/xpath", ["xpath":xpath_SAS])): Text of object 'Object Repository/1. Constant/xpath' is: 'SAS S31: Skip Phase 3.5/Add Phase Group SA/ Skip to Phase 1.1'

2022-06-09 20:58:16 - [MESSAGE][PASSED] - Text of object 'Object Repository/1. Constant/xpath' is: 'SAS S31: Skip Phase 3.5/Add Phase Group SA/ Skip to Phase 1.1'

2022-06-09 20:58:16 - [TEST_STEP][PASSED] - I.print(i): null

2022-06-09 20:58:16 - [TEST_STEP][PASSED] - if (Actual_SAS.contains(Expected_SAS_Selected)): null

2022-06-09 20:58:16 - [TEST_STEP][PASSED] - click(findTestObject("1. Constant/xpath", ["xpath":xpath_SAS])): Object: 'Object Repository/1. Constant/xpath' is clicked on

2022-06-09 20:58:16 - [MESSAGE][PASSED] - Object: 'Object Repository/1. Constant/xpath' is clicked on

2022-06-09 20:58:16 - [TEST_STEP][PASSED] - break: null

2022-06-09 20:58:16 - [TEST_STEP][PASSED] - takeScreenshot(): Taking screenshot successfully

2022-06-09 20:58:16 - [MESSAGE][PASSED] - Taking screenshot successfully
[[ATTACHMENT|D:\\Projet Test Auto\\Mediabox Test Automation\\Reports\\20220609_181011\\03. Parallel Testing (Testing)\\TS -PT PART 3\\14.04 Dreyers Support Action (Ongoing _ Completed ref) - PART 4\\20220609_181106\\1654801096354.png]]

2022-06-09 20:58:16 - [TEST_STEP][PASSED] - delay(1): Delayed 1 second(s)

2022-06-09 20:58:17 - [MESSAGE][PASSED] - Delayed 1 second(s)

2022-06-09 20:58:17 - [TEST_STEP][PASSED] - takeScreenshot(): Taking screenshot successfully

2022-06-09 20:58:19 - [MESSAGE][PASSED] - Taking screenshot successfully
[[ATTACHMENT|D:\\Projet Test Auto\\Mediabox Test Automation\\Reports\\20220609_181011\\03. Parallel Testing (Testing)\\TS -PT PART 3\\14.04 Dreyers Support Action (Ongoing _ Completed ref) - PART 4\\20220609_181106\\1654801098206.png]]

2022-06-09 20:58:19 - [TEST_STEP][PASSED] - click(findTestObject("1. Constant/xpath", ["xpath":"//*[@id="confirmSupportActionShortcut"]"])): Object: 'Object Repository/1. Constant/xpath' is clicked on

2022-06-09 20:58:23 - [MESSAGE][PASSED] - Object: 'Object Repository/1. Constant/xpath' is clicked on

2022-06-09 20:58:23 - [TEST_STEP][PASSED] - takeScreenshot(): Taking screenshot successfully

2022-06-09 20:58:23 - [MESSAGE][PASSED] - Taking screenshot successfully
[[ATTACHMENT|D:\\Projet Test Auto\\Mediabox Test Automation\\Reports\\20220609_181011\\03. Parallel Testing (Testing)\\TS -PT PART 3\\14.04 Dreyers Support Action (Ongoing _ Completed ref) - PART 4\\20220609_181106\\1654801103149.png]]

2022-06-09 20:58:23 - [TEST_STEP][PASSED] - click(findTestObject("1. Constant/xpath", ["xpath":"//*[@id="kt_content"]/div[3]/div/ul/li[3]/a"])): Object: 'Object Repository/1. Constant/xpath' is clicked on

2022-06-09 20:58:25 - [MESSAGE][PASSED] - Object: 'Object Repository/1. Constant/xpath' is clicked on

2022-06-09 20:58:25 - [TEST_STEP][PASSED] - takeScreenshot(): Taking screenshot successfully

2022-06-09 20:58:26 - [MESSAGE][PASSED] - Taking screenshot successfully
[[ATTACHMENT|D:\\Projet Test Auto\\Mediabox Test Automation\\Reports\\20220609_181011\\03. Parallel Testing (Testing)\\TS -PT PART 3\\14.04 Dreyers Support Action (Ongoing _ Completed ref) - PART 4\\20220609_181106\\1654801105923.png]]

2022-06-09 20:58:26 - [TEST_STEP][PASSED] - StepA_1 = getAttribute(findTestObject("1. Constant/xpath", ["xpath":"/html/body/div[1]/div[2]/div[8]/div[3]/div/div[3]/div[3]/div/ul/li[4]/a"]), "class"): Attribute 'class' of object 'Object Repository/1. Constant/xpath' is: 'nav-link timeline-badge badge-xl  bg-pending active'

2022-06-09 20:58:26 - [MESSAGE][PASSED] - Attribute 'class' of object 'Object Repository/1. Constant/xpath' is: 'nav-link timeline-badge badge-xl  bg-pending active'

2022-06-09 20:58:26 - [TEST_STEP][PASSED] - verifyMatch(StepA_1, "nav-link timeline-badge badge-xl  bg-pending active", false): Actual text 'nav-link timeline-badge badge-xl  bg-pending active' and expected text 'nav-link timeline-badge badge-xl  bg-pending active' are matched 

2022-06-09 20:58:26 - [MESSAGE][PASSED] - Actual text 'nav-link timeline-badge badge-xl  bg-pending active' and expected text 'nav-link timeline-badge badge-xl  bg-pending active' are matched 

2022-06-09 20:58:26 - [TEST_STEP][PASSED] - StepA_11 = I.Get_Stepname("/html/body/div[1]/div[2]/div[8]/div[3]/div/div[3]/div[3]/div/ul/li[4]/a"): Attribute 'href' of object 'Object Repository/1. Constant/xpath' is: 'http://mdb-release.diadeis.lan/MediaboxIndependence/Base/ExecAction?action=VoirRef&IDSession=MBI!RELTESTAUTO_DREYERS!WMJX7TWTL41F8P92JFQUQDHHSOWPUE51M8RE3MIQ&num=U4HMW7POHR&id_ref=5284#tab_lifecycle_SASStepA_12223'

2022-06-09 20:58:31 - [MESSAGE][PASSED] - Delayed 5 second(s)

2022-06-09 20:58:31 - [MESSAGE][PASSED] - Attribute 'href' of object 'Object Repository/1. Constant/xpath' is: 'http://mdb-release.diadeis.lan/MediaboxIndependence/Base/ExecAction?action=VoirRef&IDSession=MBI!RELTESTAUTO_DREYERS!WMJX7TWTL41F8P92JFQUQDHHSOWPUE51M8RE3MIQ&num=U4HMW7POHR&id_ref=5284#tab_lifecycle_SASStepA_12223'

2022-06-09 20:58:31 - [TEST_STEP][PASSED] - verifyMatch(StepA_11, "SASStepA", false): Actual text 'SASStepA' and expected text 'SASStepA' are matched 

2022-06-09 20:58:31 - [MESSAGE][PASSED] - Actual text 'SASStepA' and expected text 'SASStepA' are matched 

2022-06-09 20:58:31 - [TEST_STEP][PASSED] - StepA_4 = getText(findTestObject("1. Constant/xpath", ["xpath":"/html/body/div[1]/div[2]/div[8]/div[3]/div/div[3]/div[3]/div/div/div[4]/div/div[1]/div/div[1]/div[1]/h3"])): Text of object 'Object Repository/1. Constant/xpath' is: 'Phase 1.1 [Standard]'

2022-06-09 20:58:31 - [MESSAGE][PASSED] - Text of object 'Object Repository/1. Constant/xpath' is: 'Phase 1.1 [Standard]'

2022-06-09 20:58:31 - [TEST_STEP][PASSED] - verifyMatch(StepA_4, "Phase 1.1 [Standard]", false): Actual text 'Phase 1.1 [Standard]' and expected text 'Phase 1.1 [Standard]' are matched 

2022-06-09 20:58:31 - [MESSAGE][PASSED] - Actual text 'Phase 1.1 [Standard]' and expected text 'Phase 1.1 [Standard]' are matched 

2022-06-09 20:58:31 - [TEST_STEP][PASSED] - Started_StepAP1_1 = getText(findTestObject("1. Constant/xpath", ["xpath":"/html/body/div[1]/div[2]/div[8]/div[3]/div/div[3]/div[3]/div/div/div[4]/div/div[1]/div/div[2]/div[1]"])): Text of object 'Object Repository/1. Constant/xpath' is: 'Started 06/09/22 02:58 PM'

2022-06-09 20:58:31 - [MESSAGE][PASSED] - Text of object 'Object Repository/1. Constant/xpath' is: 'Started 06/09/22 02:58 PM'

2022-06-09 20:58:31 - [TEST_STEP][PASSED] - if (Started_StepAP1_1.contains("Started")): Actual object '1' and expected object '1' are equal

2022-06-09 20:58:31 - [TEST_STEP][PASSED] - verifyEqual(1, 1): Actual object '1' and expected object '1' are equal

2022-06-09 20:58:31 - [MESSAGE][PASSED] - Actual object '1' and expected object '1' are equal

2022-06-09 20:58:31 - [TEST_STEP][PASSED] - verifyElementNotPresent(findTestObject("1. Constant/xpath", ["xpath":"/html/body/div[1]/div[2]/div[8]/div[3]/div/div[3]/div[3]/div/ul/li[5]/a"]), 10): Web element with id: 'Object Repository/1. Constant/xpath' located by 'By.xpath: /html/body/div[1]/div[2]/div[8]/div[3]/div/div[3]/div[3]/div/ul/li[5]/a' is not present after '10' second(s)

2022-06-09 20:58:31 - [MESSAGE][PASSED] - Web element with id: 'Object Repository/1. Constant/xpath' located by 'By.xpath: /html/body/div[1]/div[2]/div[8]/div[3]/div/div[3]/div[3]/div/ul/li[5]/a' is not present after '10' second(s)

2022-06-09 20:58:31 - [TEST_STEP][PASSED] - click(findTestObject("1. Constant/xpath", ["xpath":"/html/body/div[1]/div[2]/div[8]/div[2]/div/nav/ol/li[2]/a"])): Object: 'Object Repository/1. Constant/xpath' is clicked on

2022-06-09 20:58:33 - [MESSAGE][PASSED] - Object: 'Object Repository/1. Constant/xpath' is clicked on

2022-06-09 20:58:33 - [TEST_STEP][PASSED] - Lifecycle_Status1 = getText(findTestObject("1. Constant/xpath", ["xpath":"//*[@id="source_" + refID24 + ""]/td[11]/span[1]"])): Text of object 'Object Repository/1. Constant/xpath' is: 'Phase 1.1 [Standard]'

2022-06-09 20:58:34 - [MESSAGE][PASSED] - Text of object 'Object Repository/1. Constant/xpath' is: 'Phase 1.1 [Standard]'

2022-06-09 20:58:34 - [TEST_STEP][PASSED] - verifyMatch(Lifecycle_Status1, "Phase 1.1 [Standard]", false): Actual text 'Phase 1.1 [Standard]' and expected text 'Phase 1.1 [Standard]' are matched 

2022-06-09 20:58:34 - [MESSAGE][PASSED] - Actual text 'Phase 1.1 [Standard]' and expected text 'Phase 1.1 [Standard]' are matched 

2022-06-09 20:58:34 - [TEST_STEP][PASSED] - I.Logout(): Delayed 3 second(s)

2022-06-09 20:58:37 - [MESSAGE][PASSED] - Delayed 3 second(s)

2022-06-09 20:58:37 - [MESSAGE][PASSED] - Object: 'Object Repository/1. Constant/xpath' is clicked on

2022-06-09 20:58:40 - [MESSAGE][PASSED] - Delayed 3 second(s)

2022-06-09 20:58:42 - [MESSAGE][PASSED] - Object: 'Object Repository/1. Constant/xpath' is clicked on

2022-06-09 20:58:45 - [MESSAGE][PASSED] - Delayed 3 second(s)

2022-06-09 20:58:45 - [TEST_STEP][PASSED] - I.Login_password("blemco", password_blemco): Object: 'Object Repository/1. Constant/xpath' is clicked on

2022-06-09 20:58:46 - [MESSAGE][PASSED] - Text 'blemco' is set on object 'Object Repository/1. Constant/xpath'

2022-06-09 20:58:47 - [MESSAGE][PASSED] - Delayed 1 second(s)

2022-06-09 20:58:47 - [MESSAGE][PASSED] - Text 'diadeis1' is set on object 'Object Repository/1. Constant/xpath'

2022-06-09 20:58:48 - [MESSAGE][PASSED] - Delayed 1 second(s)

2022-06-09 20:58:52 - [MESSAGE][PASSED] - Object: 'Object Repository/1. Constant/xpath' is clicked on

2022-06-09 20:58:52 - [TEST_STEP][PASSED] - takeScreenshot(): Taking screenshot successfully

2022-06-09 20:58:53 - [MESSAGE][PASSED] - Taking screenshot successfully
[[ATTACHMENT|D:\\Projet Test Auto\\Mediabox Test Automation\\Reports\\20220609_181011\\03. Parallel Testing (Testing)\\TS -PT PART 3\\14.04 Dreyers Support Action (Ongoing _ Completed ref) - PART 4\\20220609_181106\\1654801132845.png]]

2022-06-09 20:58:53 - [TEST_STEP][PASSED] - click(findTestObject("1. Constant/02_LHSMenu_Projects")): Object: 'Object Repository/1. Constant/02_LHSMenu_Projects' is clicked on

2022-06-09 20:58:55 - [MESSAGE][PASSED] - Object: 'Object Repository/1. Constant/02_LHSMenu_Projects' is clicked on

2022-06-09 20:58:55 - [TEST_STEP][PASSED] - I.SearchProjectNo_xpath(Project_No, "//*[@id="keynum_project"]", "//*[@id="form_filters"]/div[4]/button"): Delayed 5 second(s)

2022-06-09 20:58:56 - [MESSAGE][PASSED] - Delayed 1 second(s)

2022-06-09 20:58:57 - [MESSAGE][PASSED] - Text 'MI000876' is set on object 'Object Repository/1. Constant/xpath'

2022-06-09 20:59:00 - [MESSAGE][PASSED] - Delayed 3 second(s)

2022-06-09 20:59:00 - [MESSAGE][PASSED] - Scroll to object 'Object Repository/1. Constant/xpath' successfully

2022-06-09 20:59:04 - [MESSAGE][PASSED] - Object: 'Object Repository/1. Constant/xpath' is clicked on

2022-06-09 20:59:09 - [MESSAGE][PASSED] - Delayed 5 second(s)

2022-06-09 20:59:09 - [TEST_STEP][PASSED] - takeScreenshot(): Taking screenshot successfully

2022-06-09 20:59:09 - [MESSAGE][PASSED] - Taking screenshot successfully
[[ATTACHMENT|D:\\Projet Test Auto\\Mediabox Test Automation\\Reports\\20220609_181011\\03. Parallel Testing (Testing)\\TS -PT PART 3\\14.04 Dreyers Support Action (Ongoing _ Completed ref) - PART 4\\20220609_181106\\1654801149594.png]]

2022-06-09 20:59:09 - [TEST_STEP][PASSED] - I.SearchRefNo_xpath("P24_Auto", "//*[@id="fiche_filter_keywords11"]", "//*[@id="form_filters"]/div[3]/button"): Delayed 5 second(s)

2022-06-09 20:59:10 - [MESSAGE][PASSED] - Delayed 1 second(s)

2022-06-09 20:59:11 - [MESSAGE][PASSED] - Text 'P24_Auto' is set on object 'Object Repository/1. Constant/xpath'

2022-06-09 20:59:14 - [MESSAGE][PASSED] - Delayed 3 second(s)

2022-06-09 20:59:14 - [MESSAGE][PASSED] - Scroll to object 'Object Repository/1. Constant/xpath' successfully

2022-06-09 20:59:17 - [MESSAGE][PASSED] - Object: 'Object Repository/1. Constant/xpath' is clicked on

2022-06-09 20:59:22 - [MESSAGE][PASSED] - Delayed 5 second(s)

2022-06-09 20:59:22 - [TEST_STEP][PASSED] - takeScreenshot(): Taking screenshot successfully

2022-06-09 20:59:22 - [MESSAGE][PASSED] - Taking screenshot successfully
[[ATTACHMENT|D:\\Projet Test Auto\\Mediabox Test Automation\\Reports\\20220609_181011\\03. Parallel Testing (Testing)\\TS -PT PART 3\\14.04 Dreyers Support Action (Ongoing _ Completed ref) - PART 4\\20220609_181106\\1654801162097.png]]

2022-06-09 20:59:22 - [TEST_STEP][PASSED] - click(findTestObject("1. Constant/xpath", ["xpath":"//*[@id="source_" + refID24 + ""]/td[13]/a[3]"])): Object: 'Object Repository/1. Constant/xpath' is clicked on

2022-06-09 20:59:24 - [MESSAGE][PASSED] - Object: 'Object Repository/1. Constant/xpath' is clicked on

2022-06-09 20:59:24 - [TEST_STEP][PASSED] - click(findTestObject("1. Constant/xpath", ["xpath":"//*[@id="ModifFiche"]/div[1]/div/button[2]"])): Object: 'Object Repository/1. Constant/xpath' is clicked on

2022-06-09 20:59:29 - [MESSAGE][PASSED] - Object: 'Object Repository/1. Constant/xpath' is clicked on

2022-06-09 20:59:29 - [TEST_STEP][PASSED] - Lifecycle_Status3 = getText(findTestObject("1. Constant/xpath", ["xpath":"//*[@id="source_" + refID24 + ""]/td[12]/span[1]"])): Text of object 'Object Repository/1. Constant/xpath' is: 'Phase 1.2 [Standard Phase]'

2022-06-09 20:59:29 - [MESSAGE][PASSED] - Text of object 'Object Repository/1. Constant/xpath' is: 'Phase 1.2 [Standard Phase]'

2022-06-09 20:59:29 - [TEST_STEP][PASSED] - verifyMatch(Lifecycle_Status3, "Phase 1.2 [Standard Phase]", false): Actual text 'Phase 1.2 [Standard Phase]' and expected text 'Phase 1.2 [Standard Phase]' are matched 

2022-06-09 20:59:29 - [MESSAGE][PASSED] - Actual text 'Phase 1.2 [Standard Phase]' and expected text 'Phase 1.2 [Standard Phase]' are matched 

2022-06-09 20:59:29 - [TEST_STEP][PASSED] - I.Logout(): Delayed 3 second(s)

2022-06-09 20:59:32 - [MESSAGE][PASSED] - Delayed 3 second(s)

2022-06-09 20:59:32 - [MESSAGE][PASSED] - Object: 'Object Repository/1. Constant/xpath' is clicked on

2022-06-09 20:59:35 - [MESSAGE][PASSED] - Delayed 3 second(s)

2022-06-09 20:59:37 - [MESSAGE][PASSED] - Object: 'Object Repository/1. Constant/xpath' is clicked on

2022-06-09 20:59:40 - [MESSAGE][PASSED] - Delayed 3 second(s)

2022-06-09 20:59:40 - [TEST_STEP][PASSED] - I.Login_password("nturner", password_nturner): Object: 'Object Repository/1. Constant/xpath' is clicked on

2022-06-09 20:59:40 - [MESSAGE][PASSED] - Text 'nturner' is set on object 'Object Repository/1. Constant/xpath'

2022-06-09 20:59:41 - [MESSAGE][PASSED] - Delayed 1 second(s)

2022-06-09 20:59:42 - [MESSAGE][PASSED] - Text 'diadeis1' is set on object 'Object Repository/1. Constant/xpath'

2022-06-09 20:59:43 - [MESSAGE][PASSED] - Delayed 1 second(s)

2022-06-09 20:59:47 - [MESSAGE][PASSED] - Object: 'Object Repository/1. Constant/xpath' is clicked on

2022-06-09 20:59:47 - [TEST_STEP][PASSED] - click(findTestObject("1. Constant/02_LHSMenu_Projects")): Object: 'Object Repository/1. Constant/02_LHSMenu_Projects' is clicked on

2022-06-09 20:59:49 - [MESSAGE][PASSED] - Object: 'Object Repository/1. Constant/02_LHSMenu_Projects' is clicked on

2022-06-09 20:59:49 - [TEST_STEP][PASSED] - I.SearchProjectNo_xpath(Project_No, "//*[@id="keynum_project"]", "//*[@id="form_filters"]/div[4]/button"): Delayed 5 second(s)

2022-06-09 20:59:50 - [MESSAGE][PASSED] - Delayed 1 second(s)

2022-06-09 20:59:51 - [MESSAGE][PASSED] - Text 'MI000876' is set on object 'Object Repository/1. Constant/xpath'

2022-06-09 20:59:54 - [MESSAGE][PASSED] - Delayed 3 second(s)

2022-06-09 20:59:54 - [MESSAGE][PASSED] - Scroll to object 'Object Repository/1. Constant/xpath' successfully

2022-06-09 20:59:56 - [MESSAGE][PASSED] - Object: 'Object Repository/1. Constant/xpath' is clicked on

2022-06-09 21:00:01 - [MESSAGE][PASSED] - Delayed 5 second(s)

2022-06-09 21:00:01 - [TEST_STEP][PASSED] - takeScreenshot(): Taking screenshot successfully

2022-06-09 21:00:02 - [MESSAGE][PASSED] - Taking screenshot successfully
[[ATTACHMENT|D:\\Projet Test Auto\\Mediabox Test Automation\\Reports\\20220609_181011\\03. Parallel Testing (Testing)\\TS -PT PART 3\\14.04 Dreyers Support Action (Ongoing _ Completed ref) - PART 4\\20220609_181106\\1654801201930.png]]

2022-06-09 21:00:02 - [TEST_STEP][PASSED] - I.SearchRefNo_xpath("P24_Auto", "//*[@id="fiche_filter_keywords11"]", "//*[@id="form_filters"]/div[3]/button"): Delayed 5 second(s)

2022-06-09 21:00:03 - [MESSAGE][PASSED] - Delayed 1 second(s)

2022-06-09 21:00:03 - [MESSAGE][PASSED] - Text 'P24_Auto' is set on object 'Object Repository/1. Constant/xpath'

2022-06-09 21:00:06 - [MESSAGE][PASSED] - Delayed 3 second(s)

2022-06-09 21:00:07 - [MESSAGE][PASSED] - Scroll to object 'Object Repository/1. Constant/xpath' successfully

2022-06-09 21:00:09 - [MESSAGE][PASSED] - Object: 'Object Repository/1. Constant/xpath' is clicked on

2022-06-09 21:00:14 - [MESSAGE][PASSED] - Delayed 5 second(s)

2022-06-09 21:00:14 - [TEST_STEP][PASSED] - delay(1): Delayed 1 second(s)

2022-06-09 21:00:15 - [MESSAGE][PASSED] - Delayed 1 second(s)

2022-06-09 21:00:15 - [TEST_STEP][PASSED] - takeScreenshot(): Taking screenshot successfully

2022-06-09 21:00:15 - [MESSAGE][PASSED] - Taking screenshot successfully
[[ATTACHMENT|D:\\Projet Test Auto\\Mediabox Test Automation\\Reports\\20220609_181011\\03. Parallel Testing (Testing)\\TS -PT PART 3\\14.04 Dreyers Support Action (Ongoing _ Completed ref) - PART 4\\20220609_181106\\1654801215329.png]]

2022-06-09 21:00:15 - [TEST_STEP][PASSED] - click(findTestObject("1. Constant/xpath", ["xpath":"//*[@id="source_" + refID24 + ""]/td[13]/a[2]"])): Object: 'Object Repository/1. Constant/xpath' is clicked on

2022-06-09 21:00:16 - [MESSAGE][PASSED] - Object: 'Object Repository/1. Constant/xpath' is clicked on

2022-06-09 21:00:16 - [TEST_STEP][PASSED] - click(findTestObject("1. Constant/xpath", ["xpath":"//*[@id="ModifFiche"]/div[1]/div/button[2]"])): Object: 'Object Repository/1. Constant/xpath' is clicked on

2022-06-09 21:00:21 - [MESSAGE][PASSED] - Object: 'Object Repository/1. Constant/xpath' is clicked on

2022-06-09 21:00:21 - [TEST_STEP][PASSED] - Lifecycle_Status11 = getText(findTestObject("1. Constant/xpath", ["xpath":"//*[@id="source_" + refID24 + ""]/td[12]/span"])): Text of object 'Object Repository/1. Constant/xpath' is: 'Complete'

2022-06-09 21:00:22 - [MESSAGE][PASSED] - Text of object 'Object Repository/1. Constant/xpath' is: 'Complete'

2022-06-09 21:00:22 - [TEST_STEP][PASSED] - verifyMatch(Lifecycle_Status11, "Complete", false): Actual text 'Complete' and expected text 'Complete' are matched 

2022-06-09 21:00:22 - [MESSAGE][PASSED] - Actual text 'Complete' and expected text 'Complete' are matched 

2022-06-09 21:00:22 - [TEST_STEP][PASSED] - closeBrowser(): Browser is closed

2022-06-09 21:00:23 - [MESSAGE][PASSED] - Browser is closed

2022-06-09 21:00:23 - [TEST_STEP][PASSED] - Start listener action : sampleAfterTestCase: null]]></system-out>
         <system-err><![CDATA[]]></system-err>
      </testcase>
      <testcase name="Test Cases/19. Dreyers Support Action (Ongoing ref_completed)/19.19 Dreyers SAS Add Phase group (Ongoing ref) S25 - P19" time="170.562" classname="Test Cases/19. Dreyers Support Action (Ongoing ref_completed)/19.19 Dreyers SAS Add Phase group (Ongoing ref) S25 - P19" status="PASSED">
         <system-out><![CDATA[2022-06-09 21:00:23 - [TEST_CASE][PASSED] - Test Cases/19. Dreyers Support Action (Ongoing ref_completed)/19.19 Dreyers SAS Add Phase group (Ongoing ref) S25 - P19: Test Cases/19. Dreyers Support Action (Ongoing ref_completed)/19.19 Dreyers SAS Add Phase group (Ongoing ref) S25 - P19

2022-06-09 21:00:23 - [TEST_STEP][PASSED] - data_Dreyers = findTestData("Data Files/Username_Password/Dreyer"): null

2022-06-09 21:00:23 - [TEST_STEP][PASSED] - password_blemco = data_Dreyers.getValue(2, 2): null

2022-06-09 21:00:23 - [TEST_STEP][PASSED] - password_lmary = data_Dreyers.getValue(2, 13): null

2022-06-09 21:00:23 - [TEST_STEP][PASSED] - data_urlRELAUTO = findTestData("Data Files/URL/URL_relauto"): null

2022-06-09 21:00:23 - [TEST_STEP][PASSED] - Url_Dreyer = data_urlRELAUTO.getValue(2, 4): null

2022-06-09 21:00:23 - [TEST_STEP][PASSED] - Project_No = I.readnotepad("D:\Upoad_File\Projet_ Login\Dreyers\19.1\19.1_Dreyers_ProjectNo.txt"): null

2022-06-09 21:00:23 - [TEST_STEP][PASSED] - refID = I.readnotepad("D:\Upoad_File\Projet_ Login\Dreyers\19.1\19.1_Dreyers_refID.txt"): null

2022-06-09 21:00:23 - [TEST_STEP][PASSED] - openBrowser(Url_Dreyer): Browser is opened with url: 'http://mdb-release.diadeis.lan/MediaboxIndependence/?MBI_datasource=RELTESTAUTO_DREYERS'

2022-06-09 21:00:23 - [MESSAGE][INFO] - Starting 'Chrome (headless)' driver

2022-06-09 21:00:23 - [MESSAGE][INFO] - User set preference: ['args', '[--window-size=1920,1080, --headless]']

2022-06-09 21:00:23 - [MESSAGE][INFO] - Action delay is set to 0 milliseconds

2022-06-09 21:00:31 - [MESSAGE][PASSED] - Browser is opened with url: 'http://mdb-release.diadeis.lan/MediaboxIndependence/?MBI_datasource=RELTESTAUTO_DREYERS'

2022-06-09 21:00:31 - [TEST_STEP][PASSED] - maximizeWindow(): Current window maximized

2022-06-09 21:00:31 - [MESSAGE][PASSED] - Current window maximized

2022-06-09 21:00:31 - [TEST_STEP][PASSED] - I.Login_password("blemco", password_blemco): Object: 'Object Repository/1. Constant/xpath' is clicked on

2022-06-09 21:00:31 - [MESSAGE][PASSED] - Text 'blemco' is set on object 'Object Repository/1. Constant/xpath'

2022-06-09 21:00:32 - [MESSAGE][PASSED] - Delayed 1 second(s)

2022-06-09 21:00:33 - [MESSAGE][PASSED] - Text 'diadeis1' is set on object 'Object Repository/1. Constant/xpath'

2022-06-09 21:00:34 - [MESSAGE][PASSED] - Delayed 1 second(s)

2022-06-09 21:00:44 - [MESSAGE][PASSED] - Object: 'Object Repository/1. Constant/xpath' is clicked on

2022-06-09 21:00:44 - [TEST_STEP][PASSED] - click(findTestObject("1. Constant/02_LHSMenu_Projects")): Object: 'Object Repository/1. Constant/02_LHSMenu_Projects' is clicked on

2022-06-09 21:00:49 - [MESSAGE][PASSED] - Object: 'Object Repository/1. Constant/02_LHSMenu_Projects' is clicked on

2022-06-09 21:00:49 - [TEST_STEP][PASSED] - I.SearchProjectNo_xpath(Project_No, "//*[@id="keynum_project"]", "//*[@id="form_filters"]/div[4]/button"): Delayed 5 second(s)

2022-06-09 21:00:50 - [MESSAGE][PASSED] - Delayed 1 second(s)

2022-06-09 21:00:50 - [MESSAGE][PASSED] - Text 'MI000876' is set on object 'Object Repository/1. Constant/xpath'

2022-06-09 21:00:53 - [MESSAGE][PASSED] - Delayed 3 second(s)

2022-06-09 21:00:53 - [MESSAGE][PASSED] - Scroll to object 'Object Repository/1. Constant/xpath' successfully

2022-06-09 21:00:58 - [MESSAGE][PASSED] - Object: 'Object Repository/1. Constant/xpath' is clicked on

2022-06-09 21:01:03 - [MESSAGE][PASSED] - Delayed 5 second(s)

2022-06-09 21:01:03 - [TEST_STEP][PASSED] - takeScreenshot(): Taking screenshot successfully

2022-06-09 21:01:04 - [MESSAGE][PASSED] - Taking screenshot successfully
[[ATTACHMENT|D:\\Projet Test Auto\\Mediabox Test Automation\\Reports\\20220609_181011\\03. Parallel Testing (Testing)\\TS -PT PART 3\\14.04 Dreyers Support Action (Ongoing _ Completed ref) - PART 4\\20220609_181106\\1654801264079.png]]

2022-06-09 21:01:04 - [TEST_STEP][PASSED] - click(findTestObject("1. Constant/xpath", ["xpath":"//*[@id="create_ref_btn"]/button"])): Object: 'Object Repository/1. Constant/xpath' is clicked on

2022-06-09 21:01:06 - [MESSAGE][PASSED] - Object: 'Object Repository/1. Constant/xpath' is clicked on

2022-06-09 21:01:06 - [TEST_STEP][PASSED] - click(findTestObject("1. Constant/xpath", ["xpath":"//*[@id="create_ref_btn"]/div/a"])): Object: 'Object Repository/1. Constant/xpath' is clicked on

2022-06-09 21:01:11 - [MESSAGE][PASSED] - Object: 'Object Repository/1. Constant/xpath' is clicked on

2022-06-09 21:01:11 - [TEST_STEP][PASSED] - delay(1): Delayed 1 second(s)

2022-06-09 21:01:12 - [MESSAGE][PASSED] - Delayed 1 second(s)

2022-06-09 21:01:12 - [TEST_STEP][PASSED] - selectOptionByValue(findTestObject("1. Constant/xpath", ["xpath":"//*[@id="lfc_tpl"]"]), "37", false): All options with value '37' are selected in object 'Object Repository/1. Constant/xpath' 

2022-06-09 21:01:13 - [MESSAGE][PASSED] - All options with value '37' are selected in object 'Object Repository/1. Constant/xpath' 

2022-06-09 21:01:13 - [TEST_STEP][PASSED] - ref_name = "P19_Auto_SAS_S25_" + RandomStringUtils.randomAlphanumeric(5) + I.gettimedate(): null

2022-06-09 21:01:13 - [TEST_STEP][PASSED] - delay(1): Delayed 1 second(s)

2022-06-09 21:01:14 - [MESSAGE][PASSED] - Delayed 1 second(s)

2022-06-09 21:01:14 - [TEST_STEP][PASSED] - setText(findTestObject("1. Constant/xpath", ["xpath":"//*[@id="var_name"]"]), ref_name): Text 'P19_Auto_SAS_S25_FnTFmjuin092022_210113' is set on object 'Object Repository/1. Constant/xpath'

2022-06-09 21:01:14 - [MESSAGE][PASSED] - Text 'P19_Auto_SAS_S25_FnTFmjuin092022_210113' is set on object 'Object Repository/1. Constant/xpath'

2022-06-09 21:01:14 - [TEST_STEP][PASSED] - takeScreenshot(): Taking screenshot successfully

2022-06-09 21:01:14 - [MESSAGE][PASSED] - Taking screenshot successfully
[[ATTACHMENT|D:\\Projet Test Auto\\Mediabox Test Automation\\Reports\\20220609_181011\\03. Parallel Testing (Testing)\\TS -PT PART 3\\14.04 Dreyers Support Action (Ongoing _ Completed ref) - PART 4\\20220609_181106\\1654801274482.png]]

2022-06-09 21:01:14 - [TEST_STEP][PASSED] - click(findTestObject("1. Constant/xpath", ["xpath":"//*[@id="createRefBottom"]"])): Object: 'Object Repository/1. Constant/xpath' is clicked on

2022-06-09 21:01:17 - [MESSAGE][PASSED] - Object: 'Object Repository/1. Constant/xpath' is clicked on

2022-06-09 21:01:17 - [TEST_STEP][PASSED] - delay(1): Delayed 1 second(s)

2022-06-09 21:01:18 - [MESSAGE][PASSED] - Delayed 1 second(s)

2022-06-09 21:01:18 - [TEST_STEP][PASSED] - takeScreenshot(): Taking screenshot successfully

2022-06-09 21:01:18 - [MESSAGE][PASSED] - Taking screenshot successfully
[[ATTACHMENT|D:\\Projet Test Auto\\Mediabox Test Automation\\Reports\\20220609_181011\\03. Parallel Testing (Testing)\\TS -PT PART 3\\14.04 Dreyers Support Action (Ongoing _ Completed ref) - PART 4\\20220609_181106\\1654801278304.png]]

2022-06-09 21:01:18 - [TEST_STEP][PASSED] - refID19 = I.RefID(): Current window's url is: 'http://mdb-release.diadeis.lan/MediaboxIndependence/Base/ExecAction?IDSession=MBI%21RELTESTAUTO_DREYERS%21YJMLSJXSBPW4UVUAS4W7829AMIJS6UTZYFA1J25Z&default_action=ModifierRef&id_project=MI000876&id_ref=5286&action_from=create_ref'

2022-06-09 21:01:23 - [MESSAGE][PASSED] - Delayed 5 second(s)

2022-06-09 21:01:23 - [MESSAGE][PASSED] - Current window's url is: 'http://mdb-release.diadeis.lan/MediaboxIndependence/Base/ExecAction?IDSession=MBI%21RELTESTAUTO_DREYERS%21YJMLSJXSBPW4UVUAS4W7829AMIJS6UTZYFA1J25Z&default_action=ModifierRef&id_project=MI000876&id_ref=5286&action_from=create_ref'

2022-06-09 21:01:23 - [TEST_STEP][PASSED] - click(findTestObject("1. Constant/xpath", ["xpath":"//*[@id="type_save"]"])): Object: 'Object Repository/1. Constant/xpath' is clicked on

2022-06-09 21:01:29 - [MESSAGE][PASSED] - Object: 'Object Repository/1. Constant/xpath' is clicked on

2022-06-09 21:01:29 - [TEST_STEP][PASSED] - takeScreenshot(): Taking screenshot successfully

2022-06-09 21:01:29 - [MESSAGE][PASSED] - Taking screenshot successfully
[[ATTACHMENT|D:\\Projet Test Auto\\Mediabox Test Automation\\Reports\\20220609_181011\\03. Parallel Testing (Testing)\\TS -PT PART 3\\14.04 Dreyers Support Action (Ongoing _ Completed ref) - PART 4\\20220609_181106\\1654801289527.png]]

2022-06-09 21:01:29 - [TEST_STEP][PASSED] - delay(1): Delayed 1 second(s)

2022-06-09 21:01:30 - [MESSAGE][PASSED] - Delayed 1 second(s)

2022-06-09 21:01:30 - [TEST_STEP][PASSED] - I.SearchRefNo_xpath("P19_Auto", "//*[@id="fiche_filter_keywords11"]", "//*[@id="form_filters"]/div[3]/button"): Delayed 5 second(s)

2022-06-09 21:01:31 - [MESSAGE][PASSED] - Delayed 1 second(s)

2022-06-09 21:01:33 - [MESSAGE][PASSED] - Text 'P19_Auto' is set on object 'Object Repository/1. Constant/xpath'

2022-06-09 21:01:36 - [MESSAGE][PASSED] - Delayed 3 second(s)

2022-06-09 21:01:36 - [MESSAGE][PASSED] - Scroll to object 'Object Repository/1. Constant/xpath' successfully

2022-06-09 21:01:39 - [MESSAGE][PASSED] - Object: 'Object Repository/1. Constant/xpath' is clicked on

2022-06-09 21:01:44 - [MESSAGE][PASSED] - Delayed 5 second(s)

2022-06-09 21:01:44 - [TEST_STEP][PASSED] - click(findTestObject("1. Constant/xpath", ["xpath":"//*[@id="source_" + refID19 + ""]/td[6]/a"])): Object: 'Object Repository/1. Constant/xpath' is clicked on

2022-06-09 21:01:47 - [MESSAGE][PASSED] - Object: 'Object Repository/1. Constant/xpath' is clicked on

2022-06-09 21:01:47 - [TEST_STEP][PASSED] - delay(1): Delayed 1 second(s)

2022-06-09 21:01:48 - [MESSAGE][PASSED] - Delayed 1 second(s)

2022-06-09 21:01:48 - [TEST_STEP][PASSED] - click(findTestObject("1. Constant/xpath", ["xpath":"//*[@id="kt_content"]/div[3]/div/ul/li[3]/a"])): Object: 'Object Repository/1. Constant/xpath' is clicked on

2022-06-09 21:01:50 - [MESSAGE][PASSED] - Object: 'Object Repository/1. Constant/xpath' is clicked on

2022-06-09 21:01:50 - [TEST_STEP][PASSED] - takeScreenshot(): Taking screenshot successfully

2022-06-09 21:01:50 - [MESSAGE][PASSED] - Taking screenshot successfully
[[ATTACHMENT|D:\\Projet Test Auto\\Mediabox Test Automation\\Reports\\20220609_181011\\03. Parallel Testing (Testing)\\TS -PT PART 3\\14.04 Dreyers Support Action (Ongoing _ Completed ref) - PART 4\\20220609_181106\\1654801310392.png]]

2022-06-09 21:01:50 - [TEST_STEP][PASSED] - delay(1): Delayed 1 second(s)

2022-06-09 21:01:51 - [MESSAGE][PASSED] - Delayed 1 second(s)

2022-06-09 21:01:51 - [TEST_STEP][PASSED] - click(findTestObject("1. Constant/xpath", ["xpath":"/html/body/div[1]/div[2]/div[8]/div[3]/div/div[3]/div[3]/div/div/div[1]/div/div[1]/div/div[1]/div[2]/div/button"])): Object: 'Object Repository/1. Constant/xpath' is clicked on

2022-06-09 21:01:51 - [MESSAGE][PASSED] - Object: 'Object Repository/1. Constant/xpath' is clicked on

2022-06-09 21:01:51 - [TEST_STEP][PASSED] - delay(1): Delayed 1 second(s)

2022-06-09 21:01:52 - [MESSAGE][PASSED] - Delayed 1 second(s)

2022-06-09 21:01:52 - [TEST_STEP][PASSED] - x = 3: null

2022-06-09 21:01:52 - [TEST_STEP][PASSED] - i = 1: null

2022-06-09 21:01:52 - [TEST_STEP][PASSED] - while (i <= x): null

2022-06-09 21:01:52 - [TEST_STEP][PASSED] - Expected_SAS_Selected = "S25 : Add PG Step A/ Skip Phase 1.1": null

2022-06-09 21:01:52 - [TEST_STEP][PASSED] - xpath_SAS = "/html/body/div[1]/div[2]/div[8]/div[3]/div/div[3]/div[3]/div/div/div[1]/div/div[1]/div/div[1]/div[2]/div/div/a[" + i + "]": null

2022-06-09 21:01:52 - [TEST_STEP][PASSED] - Actual_SAS = getText(findTestObject("1. Constant/xpath", ["xpath":xpath_SAS])): Text of object 'Object Repository/1. Constant/xpath' is: 'SAS S12: Skip P1.2/ Add Step A/ Skip P1.1'

2022-06-09 21:01:53 - [MESSAGE][PASSED] - Text of object 'Object Repository/1. Constant/xpath' is: 'SAS S12: Skip P1.2/ Add Step A/ Skip P1.1'

2022-06-09 21:01:53 - [TEST_STEP][PASSED] - I.print(i): null

2022-06-09 21:01:53 - [TEST_STEP][PASSED] - if (Actual_SAS.contains(Expected_SAS_Selected)): null

2022-06-09 21:01:53 - [TEST_STEP][PASSED] - i = i + 1: null

2022-06-09 21:01:53 - [TEST_STEP][PASSED] - Expected_SAS_Selected = "S25 : Add PG Step A/ Skip Phase 1.1": null

2022-06-09 21:01:53 - [TEST_STEP][PASSED] - xpath_SAS = "/html/body/div[1]/div[2]/div[8]/div[3]/div/div[3]/div[3]/div/div/div[1]/div/div[1]/div/div[1]/div[2]/div/div/a[" + i + "]": null

2022-06-09 21:01:53 - [TEST_STEP][PASSED] - Actual_SAS = getText(findTestObject("1. Constant/xpath", ["xpath":xpath_SAS])): Text of object 'Object Repository/1. Constant/xpath' is: 'S25 : Add PG Step A/ Skip Phase 1.1'

2022-06-09 21:01:53 - [MESSAGE][PASSED] - Text of object 'Object Repository/1. Constant/xpath' is: 'S25 : Add PG Step A/ Skip Phase 1.1'

2022-06-09 21:01:53 - [TEST_STEP][PASSED] - I.print(i): null

2022-06-09 21:01:53 - [TEST_STEP][PASSED] - if (Actual_SAS.contains(Expected_SAS_Selected)): null

2022-06-09 21:01:53 - [TEST_STEP][PASSED] - click(findTestObject("1. Constant/xpath", ["xpath":xpath_SAS])): Object: 'Object Repository/1. Constant/xpath' is clicked on

2022-06-09 21:01:53 - [MESSAGE][PASSED] - Object: 'Object Repository/1. Constant/xpath' is clicked on

2022-06-09 21:01:53 - [TEST_STEP][PASSED] - break: null

2022-06-09 21:01:53 - [TEST_STEP][PASSED] - takeScreenshot(): Taking screenshot successfully

2022-06-09 21:01:53 - [MESSAGE][PASSED] - Taking screenshot successfully
[[ATTACHMENT|D:\\Projet Test Auto\\Mediabox Test Automation\\Reports\\20220609_181011\\03. Parallel Testing (Testing)\\TS -PT PART 3\\14.04 Dreyers Support Action (Ongoing _ Completed ref) - PART 4\\20220609_181106\\1654801313498.png]]

2022-06-09 21:01:53 - [TEST_STEP][PASSED] - delay(1): Delayed 1 second(s)

2022-06-09 21:01:54 - [MESSAGE][PASSED] - Delayed 1 second(s)

2022-06-09 21:01:54 - [TEST_STEP][PASSED] - click(findTestObject("1. Constant/xpath", ["xpath":"//*[@id="confirmSupportActionShortcut"]"])): Object: 'Object Repository/1. Constant/xpath' is clicked on

2022-06-09 21:01:58 - [MESSAGE][PASSED] - Object: 'Object Repository/1. Constant/xpath' is clicked on

2022-06-09 21:01:58 - [TEST_STEP][PASSED] - click(findTestObject("1. Constant/xpath", ["xpath":"//*[@id="kt_content"]/div[3]/div/ul/li[3]/a"])): Object: 'Object Repository/1. Constant/xpath' is clicked on

2022-06-09 21:02:01 - [MESSAGE][PASSED] - Object: 'Object Repository/1. Constant/xpath' is clicked on

2022-06-09 21:02:01 - [TEST_STEP][PASSED] - takeScreenshot(): Taking screenshot successfully

2022-06-09 21:02:01 - [MESSAGE][PASSED] - Taking screenshot successfully
[[ATTACHMENT|D:\\Projet Test Auto\\Mediabox Test Automation\\Reports\\20220609_181011\\03. Parallel Testing (Testing)\\TS -PT PART 3\\14.04 Dreyers Support Action (Ongoing _ Completed ref) - PART 4\\20220609_181106\\1654801321125.png]]

2022-06-09 21:02:01 - [TEST_STEP][PASSED] - StepA_1 = getAttribute(findTestObject("1. Constant/xpath", ["xpath":"/html/body/div[1]/div[2]/div[8]/div[3]/div/div[3]/div[3]/div/ul/li[1]/a"]), "class"): Attribute 'class' of object 'Object Repository/1. Constant/xpath' is: 'nav-link timeline-badge badge-xl  bg-pending active'

2022-06-09 21:02:01 - [MESSAGE][PASSED] - Attribute 'class' of object 'Object Repository/1. Constant/xpath' is: 'nav-link timeline-badge badge-xl  bg-pending active'

2022-06-09 21:02:01 - [TEST_STEP][PASSED] - verifyMatch(StepA_1, "nav-link timeline-badge badge-xl  bg-pending active", false): Actual text 'nav-link timeline-badge badge-xl  bg-pending active' and expected text 'nav-link timeline-badge badge-xl  bg-pending active' are matched 

2022-06-09 21:02:01 - [MESSAGE][PASSED] - Actual text 'nav-link timeline-badge badge-xl  bg-pending active' and expected text 'nav-link timeline-badge badge-xl  bg-pending active' are matched 

2022-06-09 21:02:01 - [TEST_STEP][PASSED] - StepA11 = I.Get_Stepname("/html/body/div[1]/div[2]/div[8]/div[3]/div/div[3]/div[3]/div/ul/li[1]/a"): Attribute 'href' of object 'Object Repository/1. Constant/xpath' is: 'http://mdb-release.diadeis.lan/MediaboxIndependence/Base/ExecAction?action=VoirRef&IDSession=MBI!RELTESTAUTO_DREYERS!YJMLSJXSBPW4UVUAS4W7829AMIJS6UTZYFA1J25Z&num=O8VB2TJUHN&id_ref=5286#tab_lifecycle_SASStepA_12224'

2022-06-09 21:02:06 - [MESSAGE][PASSED] - Delayed 5 second(s)

2022-06-09 21:02:06 - [MESSAGE][PASSED] - Attribute 'href' of object 'Object Repository/1. Constant/xpath' is: 'http://mdb-release.diadeis.lan/MediaboxIndependence/Base/ExecAction?action=VoirRef&IDSession=MBI!RELTESTAUTO_DREYERS!YJMLSJXSBPW4UVUAS4W7829AMIJS6UTZYFA1J25Z&num=O8VB2TJUHN&id_ref=5286#tab_lifecycle_SASStepA_12224'

2022-06-09 21:02:06 - [TEST_STEP][PASSED] - verifyMatch(StepA11, "SASStepA", false): Actual text 'SASStepA' and expected text 'SASStepA' are matched 

2022-06-09 21:02:06 - [MESSAGE][PASSED] - Actual text 'SASStepA' and expected text 'SASStepA' are matched 

2022-06-09 21:02:06 - [TEST_STEP][PASSED] - Name_StepAP1_2 = getText(findTestObject("1. Constant/xpath", ["xpath":"/html/body/div[1]/div[2]/div[8]/div[3]/div/div[3]/div[3]/div/div/div[1]/div/div[2]/div/div[1]/div[1]/h3"])): Text of object 'Object Repository/1. Constant/xpath' is: 'Phase 1.1 [Standard]'

2022-06-09 21:02:07 - [MESSAGE][PASSED] - Text of object 'Object Repository/1. Constant/xpath' is: 'Phase 1.1 [Standard]'

2022-06-09 21:02:07 - [TEST_STEP][PASSED] - verifyMatch(Name_StepAP1_2, "Phase 1.1 [Standard]", false): Actual text 'Phase 1.1 [Standard]' and expected text 'Phase 1.1 [Standard]' are matched 

2022-06-09 21:02:07 - [MESSAGE][PASSED] - Actual text 'Phase 1.1 [Standard]' and expected text 'Phase 1.1 [Standard]' are matched 

2022-06-09 21:02:07 - [TEST_STEP][PASSED] - ST_StepAP1_2 = getText(findTestObject("1. Constant/xpath", ["xpath":"/html/body/div[1]/div[2]/div[8]/div[3]/div/div[3]/div[3]/div/div/div[1]/div/div[3]/div/div[2]/div[1]"])): Text of object 'Object Repository/1. Constant/xpath' is: 'Started 06/09/22 12:01 PM'

2022-06-09 21:02:08 - [MESSAGE][PASSED] - Text of object 'Object Repository/1. Constant/xpath' is: 'Started 06/09/22 12:01 PM'

2022-06-09 21:02:08 - [TEST_STEP][PASSED] - if (ST_StepAP1_2.contains("Started")): Actual object '1' and expected object '1' are equal

2022-06-09 21:02:08 - [TEST_STEP][PASSED] - verifyEqual(1, 1): Actual object '1' and expected object '1' are equal

2022-06-09 21:02:08 - [MESSAGE][PASSED] - Actual object '1' and expected object '1' are equal

2022-06-09 21:02:08 - [TEST_STEP][PASSED] - added_StepAP1_2 = getText(findTestObject("1. Constant/xpath", ["xpath":"/html/body/div[1]/div[2]/div[8]/div[3]/div/div[3]/div[3]/div/div/div[1]/div/div[3]/div/div[2]/h6"])): Text of object 'Object Repository/1. Constant/xpath' is: 'Added manually 06/09/22 12:01 PM By Brian Lemco'

2022-06-09 21:02:08 - [MESSAGE][PASSED] - Text of object 'Object Repository/1. Constant/xpath' is: 'Added manually 06/09/22 12:01 PM By Brian Lemco'

2022-06-09 21:02:08 - [TEST_STEP][PASSED] - if (added_StepAP1_2.contains("Added manually")): Actual object '1' and expected object '1' are equal

2022-06-09 21:02:08 - [TEST_STEP][PASSED] - verifyEqual(1, 1): Actual object '1' and expected object '1' are equal

2022-06-09 21:02:08 - [MESSAGE][PASSED] - Actual object '1' and expected object '1' are equal

2022-06-09 21:02:08 - [TEST_STEP][PASSED] - Name_StepAP2_2 = getText(findTestObject("1. Constant/xpath", ["xpath":"/html/body/div[1]/div[2]/div[8]/div[3]/div/div[3]/div[3]/div/div/div[1]/div/div[3]/div/div[1]/div[1]/h3"])): Text of object 'Object Repository/1. Constant/xpath' is: 'Phase 1.2 [Standard Phase]'

2022-06-09 21:02:08 - [MESSAGE][PASSED] - Text of object 'Object Repository/1. Constant/xpath' is: 'Phase 1.2 [Standard Phase]'

2022-06-09 21:02:08 - [TEST_STEP][PASSED] - verifyMatch(Name_StepAP2_2, "Phase 1.2 [Standard Phase]", false): Actual text 'Phase 1.2 [Standard Phase]' and expected text 'Phase 1.2 [Standard Phase]' are matched 

2022-06-09 21:02:08 - [MESSAGE][PASSED] - Actual text 'Phase 1.2 [Standard Phase]' and expected text 'Phase 1.2 [Standard Phase]' are matched 

2022-06-09 21:02:08 - [TEST_STEP][PASSED] - Name_StepAP2_3 = getText(findTestObject("1. Constant/xpath", ["xpath":"/html/body/div[1]/div[2]/div[8]/div[3]/div/div[3]/div[3]/div/div/div[1]/div/div[4]/div/div[1]/div[1]/h3"])): Text of object 'Object Repository/1. Constant/xpath' is: 'Phase 1.2 [Standard Phase]'

2022-06-09 21:02:08 - [MESSAGE][PASSED] - Text of object 'Object Repository/1. Constant/xpath' is: 'Phase 1.2 [Standard Phase]'

2022-06-09 21:02:08 - [TEST_STEP][PASSED] - verifyMatch(Name_StepAP2_3, "Phase 1.2 [Standard Phase]", false): Actual text 'Phase 1.2 [Standard Phase]' and expected text 'Phase 1.2 [Standard Phase]' are matched 

2022-06-09 21:02:08 - [MESSAGE][PASSED] - Actual text 'Phase 1.2 [Standard Phase]' and expected text 'Phase 1.2 [Standard Phase]' are matched 

2022-06-09 21:02:08 - [TEST_STEP][PASSED] - StepB_3 = getAttribute(findTestObject("1. Constant/xpath", ["xpath":"/html/body/div[1]/div[2]/div[8]/div[3]/div/div[3]/div[3]/div/ul/li[2]/a"]), "class"): Attribute 'class' of object 'Object Repository/1. Constant/xpath' is: 'nav-link timeline-badge badge-xl  bg-waiting '

2022-06-09 21:02:08 - [MESSAGE][PASSED] - Attribute 'class' of object 'Object Repository/1. Constant/xpath' is: 'nav-link timeline-badge badge-xl  bg-waiting '

2022-06-09 21:02:08 - [TEST_STEP][PASSED] - verifyMatch(StepB_3, "nav-link timeline-badge badge-xl  bg-waiting ", false): Actual text 'nav-link timeline-badge badge-xl  bg-waiting ' and expected text 'nav-link timeline-badge badge-xl  bg-waiting ' are matched 

2022-06-09 21:02:08 - [MESSAGE][PASSED] - Actual text 'nav-link timeline-badge badge-xl  bg-waiting ' and expected text 'nav-link timeline-badge badge-xl  bg-waiting ' are matched 

2022-06-09 21:02:08 - [TEST_STEP][PASSED] - StepB_33 = I.Get_Stepname("/html/body/div[1]/div[2]/div[8]/div[3]/div/div[3]/div[3]/div/ul/li[2]/a"): Attribute 'href' of object 'Object Repository/1. Constant/xpath' is: 'http://mdb-release.diadeis.lan/MediaboxIndependence/Base/ExecAction?action=VoirRef&IDSession=MBI!RELTESTAUTO_DREYERS!YJMLSJXSBPW4UVUAS4W7829AMIJS6UTZYFA1J25Z&num=O8VB2TJUHN&id_ref=5286#tab_lifecycle_SASStepB_12225'

2022-06-09 21:02:13 - [MESSAGE][PASSED] - Delayed 5 second(s)

2022-06-09 21:02:13 - [MESSAGE][PASSED] - Attribute 'href' of object 'Object Repository/1. Constant/xpath' is: 'http://mdb-release.diadeis.lan/MediaboxIndependence/Base/ExecAction?action=VoirRef&IDSession=MBI!RELTESTAUTO_DREYERS!YJMLSJXSBPW4UVUAS4W7829AMIJS6UTZYFA1J25Z&num=O8VB2TJUHN&id_ref=5286#tab_lifecycle_SASStepB_12225'

2022-06-09 21:02:13 - [TEST_STEP][PASSED] - verifyMatch(StepB_33, "SASStepB", false): Actual text 'SASStepB' and expected text 'SASStepB' are matched 

2022-06-09 21:02:13 - [MESSAGE][PASSED] - Actual text 'SASStepB' and expected text 'SASStepB' are matched 

2022-06-09 21:02:13 - [TEST_STEP][PASSED] - I.Logout(): Delayed 3 second(s)

2022-06-09 21:02:16 - [MESSAGE][PASSED] - Delayed 3 second(s)

2022-06-09 21:02:17 - [MESSAGE][PASSED] - Object: 'Object Repository/1. Constant/xpath' is clicked on

2022-06-09 21:02:20 - [MESSAGE][PASSED] - Delayed 3 second(s)

2022-06-09 21:02:22 - [MESSAGE][PASSED] - Object: 'Object Repository/1. Constant/xpath' is clicked on

2022-06-09 21:02:25 - [MESSAGE][PASSED] - Delayed 3 second(s)

2022-06-09 21:02:25 - [TEST_STEP][PASSED] - I.Login_password("lmary", password_lmary): Object: 'Object Repository/1. Constant/xpath' is clicked on

2022-06-09 21:02:25 - [MESSAGE][PASSED] - Text 'lmary' is set on object 'Object Repository/1. Constant/xpath'

2022-06-09 21:02:26 - [MESSAGE][PASSED] - Delayed 1 second(s)

2022-06-09 21:02:26 - [MESSAGE][PASSED] - Text 'diadeis' is set on object 'Object Repository/1. Constant/xpath'

2022-06-09 21:02:27 - [MESSAGE][PASSED] - Delayed 1 second(s)

2022-06-09 21:02:31 - [MESSAGE][PASSED] - Object: 'Object Repository/1. Constant/xpath' is clicked on

2022-06-09 21:02:31 - [TEST_STEP][PASSED] - click(findTestObject("1. Constant/02_LHSMenu_Projects")): Object: 'Object Repository/1. Constant/02_LHSMenu_Projects' is clicked on

2022-06-09 21:02:34 - [MESSAGE][PASSED] - Object: 'Object Repository/1. Constant/02_LHSMenu_Projects' is clicked on

2022-06-09 21:02:34 - [TEST_STEP][PASSED] - I.SearchProjectNo_xpath(Project_No, "//*[@id="keynum_project"]", "//*[@id="form_filters"]/div[4]/button"): Delayed 5 second(s)

2022-06-09 21:02:35 - [MESSAGE][PASSED] - Delayed 1 second(s)

2022-06-09 21:02:35 - [MESSAGE][PASSED] - Text 'MI000876' is set on object 'Object Repository/1. Constant/xpath'

2022-06-09 21:02:38 - [MESSAGE][PASSED] - Delayed 3 second(s)

2022-06-09 21:02:38 - [MESSAGE][PASSED] - Scroll to object 'Object Repository/1. Constant/xpath' successfully

2022-06-09 21:02:43 - [MESSAGE][PASSED] - Object: 'Object Repository/1. Constant/xpath' is clicked on

2022-06-09 21:02:48 - [MESSAGE][PASSED] - Delayed 5 second(s)

2022-06-09 21:02:48 - [TEST_STEP][PASSED] - I.SearchRefNo_xpath("P19_Auto", "//*[@id="fiche_filter_keywords11"]", "//*[@id="form_filters"]/div[3]/button"): Delayed 5 second(s)

2022-06-09 21:02:49 - [MESSAGE][PASSED] - Delayed 1 second(s)

2022-06-09 21:02:49 - [MESSAGE][PASSED] - Text 'P19_Auto' is set on object 'Object Repository/1. Constant/xpath'

2022-06-09 21:02:52 - [MESSAGE][PASSED] - Delayed 3 second(s)

2022-06-09 21:02:52 - [MESSAGE][PASSED] - Scroll to object 'Object Repository/1. Constant/xpath' successfully

2022-06-09 21:02:54 - [MESSAGE][PASSED] - Object: 'Object Repository/1. Constant/xpath' is clicked on

2022-06-09 21:02:59 - [MESSAGE][PASSED] - Delayed 5 second(s)

2022-06-09 21:02:59 - [TEST_STEP][PASSED] - takeScreenshot(): Taking screenshot successfully

2022-06-09 21:03:00 - [MESSAGE][PASSED] - Taking screenshot successfully
[[ATTACHMENT|D:\\Projet Test Auto\\Mediabox Test Automation\\Reports\\20220609_181011\\03. Parallel Testing (Testing)\\TS -PT PART 3\\14.04 Dreyers Support Action (Ongoing _ Completed ref) - PART 4\\20220609_181106\\1654801380277.png]]

2022-06-09 21:03:00 - [TEST_STEP][PASSED] - Lifecycle_Status33 = getText(findTestObject("1. Constant/xpath", ["xpath":"//*[@id="source_" + refID19 + ""]/td[12]/span[1]"])): Text of object 'Object Repository/1. Constant/xpath' is: 'Phase 1.2 [Standard Phase]'

2022-06-09 21:03:01 - [MESSAGE][PASSED] - Text of object 'Object Repository/1. Constant/xpath' is: 'Phase 1.2 [Standard Phase]'

2022-06-09 21:03:01 - [TEST_STEP][PASSED] - verifyMatch(Lifecycle_Status33, "Phase 1.2 [Standard Phase]", false): Actual text 'Phase 1.2 [Standard Phase]' and expected text 'Phase 1.2 [Standard Phase]' are matched 

2022-06-09 21:03:01 - [MESSAGE][PASSED] - Actual text 'Phase 1.2 [Standard Phase]' and expected text 'Phase 1.2 [Standard Phase]' are matched 

2022-06-09 21:03:01 - [TEST_STEP][PASSED] - click(findTestObject("1. Constant/xpath", ["xpath":"//*[@id="source_" + refID19 + ""]/td[13]/a[2]"])): Object: 'Object Repository/1. Constant/xpath' is clicked on

2022-06-09 21:03:03 - [MESSAGE][PASSED] - Object: 'Object Repository/1. Constant/xpath' is clicked on

2022-06-09 21:03:03 - [TEST_STEP][PASSED] - click(findTestObject("1. Constant/xpath", ["xpath":"//*[@id="ModifFiche"]/div[1]/div/button[2]"])): Object: 'Object Repository/1. Constant/xpath' is clicked on

2022-06-09 21:03:07 - [MESSAGE][PASSED] - Object: 'Object Repository/1. Constant/xpath' is clicked on

2022-06-09 21:03:07 - [TEST_STEP][PASSED] - Lifecycle_Status44 = getText(findTestObject("1. Constant/xpath", ["xpath":"//*[@id="source_" + refID19 + ""]/td[12]/span[1]"])): Text of object 'Object Repository/1. Constant/xpath' is: 'Phase 1.2 [Standard Phase]'

2022-06-09 21:03:07 - [MESSAGE][PASSED] - Text of object 'Object Repository/1. Constant/xpath' is: 'Phase 1.2 [Standard Phase]'

2022-06-09 21:03:07 - [TEST_STEP][PASSED] - verifyMatch(Lifecycle_Status44, "Phase 1.2 [Standard Phase]", false): Actual text 'Phase 1.2 [Standard Phase]' and expected text 'Phase 1.2 [Standard Phase]' are matched 

2022-06-09 21:03:07 - [MESSAGE][PASSED] - Actual text 'Phase 1.2 [Standard Phase]' and expected text 'Phase 1.2 [Standard Phase]' are matched 

2022-06-09 21:03:07 - [TEST_STEP][PASSED] - click(findTestObject("1. Constant/xpath", ["xpath":"//*[@id="source_" + refID19 + ""]/td[13]/a[2]"])): Object: 'Object Repository/1. Constant/xpath' is clicked on

2022-06-09 21:03:08 - [MESSAGE][PASSED] - Object: 'Object Repository/1. Constant/xpath' is clicked on

2022-06-09 21:03:08 - [TEST_STEP][PASSED] - click(findTestObject("1. Constant/xpath", ["xpath":"//*[@id="ModifFiche"]/div[1]/div/button[2]"])): Object: 'Object Repository/1. Constant/xpath' is clicked on

2022-06-09 21:03:11 - [MESSAGE][PASSED] - Object: 'Object Repository/1. Constant/xpath' is clicked on

2022-06-09 21:03:11 - [TEST_STEP][PASSED] - Lifecycle_Status4 = getText(findTestObject("1. Constant/xpath", ["xpath":"//*[@id="source_" + refID19 + ""]/td[12]/span[1]"])): Text of object 'Object Repository/1. Constant/xpath' is: 'Phase 2.1 [Production]'

2022-06-09 21:03:12 - [MESSAGE][PASSED] - Text of object 'Object Repository/1. Constant/xpath' is: 'Phase 2.1 [Production]'

2022-06-09 21:03:12 - [TEST_STEP][PASSED] - verifyMatch(Lifecycle_Status4, "Phase 2.1 [Production]", false): Actual text 'Phase 2.1 [Production]' and expected text 'Phase 2.1 [Production]' are matched 

2022-06-09 21:03:12 - [MESSAGE][PASSED] - Actual text 'Phase 2.1 [Production]' and expected text 'Phase 2.1 [Production]' are matched 

2022-06-09 21:03:12 - [TEST_STEP][PASSED] - closeBrowser(): Browser is closed

2022-06-09 21:03:13 - [MESSAGE][PASSED] - Browser is closed

2022-06-09 21:03:13 - [TEST_STEP][PASSED] - Start listener action : sampleAfterTestCase: null]]></system-out>
         <system-err><![CDATA[]]></system-err>
      </testcase>
      <system-out><![CDATA[2022-06-09 20:15:25 - [TEST_SUITE][PASSED] - 14.04 Dreyers Support Action (Ongoing _ Completed ref) - PART 4: Test Cases/19. Dreyers Support Action (Ongoing ref_completed)/19.19 Dreyers SAS Add Phase group (Ongoing ref) S25 - P19]]></system-out>
      <system-err><![CDATA[]]></system-err>
   </testsuite>
</testsuites>
